<?xml version="1.0" encoding="UTF-8"?>
<testsuite xmlns:xsi="http://www.w3.org/2001/XMLSchema-instance" xsi:noNamespaceSchemaLocation="https://maven.apache.org/surefire/maven-surefire-plugin/xsd/surefire-test-report-3.0.xsd" version="3.0" name="TestRunners.TestRunner" time="307.56" tests="5" errors="0" skipped="0" failures="0">
  <properties>
    <property name="gopherProxySet" value="false"/>
    <property name="awt.toolkit" value="sun.lwawt.macosx.LWCToolkit"/>
    <property name="java.specification.version" value="11"/>
    <property name="sun.cpu.isalist" value=""/>
    <property name="sun.jnu.encoding" value="UTF-8"/>
    <property name="java.class.path" value="/Users/swapnil/Desktop/anyWhereWorks/iOS/AppiumAW/target/test-classes:/Users/swapnil/Desktop/anyWhereWorks/iOS/AppiumAW/target/classes:/Users/swapnil/.m2/repository/org/slf4j/slf4j-simple/1.7.32/slf4j-simple-1.7.32.jar:/Users/swapnil/.m2/repository/org/slf4j/slf4j-api/1.7.32/slf4j-api-1.7.32.jar:/Users/swapnil/.m2/repository/org/apache/logging/log4j/log4j-core/2.20.0/log4j-core-2.20.0.jar:/Users/swapnil/.m2/repository/org/apache/logging/log4j/log4j-api/2.20.0/log4j-api-2.20.0.jar:/Users/swapnil/.m2/repository/io/appium/java-client/8.5.1/java-client-8.5.1.jar:/Users/swapnil/.m2/repository/org/seleniumhq/selenium/selenium-api/4.10.0/selenium-api-4.10.0.jar:/Users/swapnil/.m2/repository/org/seleniumhq/selenium/selenium-remote-driver/4.10.0/selenium-remote-driver-4.10.0.jar:/Users/swapnil/.m2/repository/com/google/auto/service/auto-service-annotations/1.0.1/auto-service-annotations-1.0.1.jar:/Users/swapnil/.m2/repository/com/google/auto/service/auto-service/1.0.1/auto-service-1.0.1.jar:/Users/swapnil/.m2/repository/com/google/auto/auto-common/1.2/auto-common-1.2.jar:/Users/swapnil/.m2/repository/com/google/guava/guava/31.1-jre/guava-31.1-jre.jar:/Users/swapnil/.m2/repository/com/google/guava/failureaccess/1.0.1/failureaccess-1.0.1.jar:/Users/swapnil/.m2/repository/com/google/guava/listenablefuture/9999.0-empty-to-avoid-conflict-with-guava/listenablefuture-9999.0-empty-to-avoid-conflict-with-guava.jar:/Users/swapnil/.m2/repository/com/google/code/findbugs/jsr305/3.0.2/jsr305-3.0.2.jar:/Users/swapnil/.m2/repository/org/checkerframework/checker-qual/3.12.0/checker-qual-3.12.0.jar:/Users/swapnil/.m2/repository/com/google/errorprone/error_prone_annotations/2.11.0/error_prone_annotations-2.11.0.jar:/Users/swapnil/.m2/repository/com/google/j2objc/j2objc-annotations/1.3/j2objc-annotations-1.3.jar:/Users/swapnil/.m2/repository/io/netty/netty-buffer/4.1.92.Final/netty-buffer-4.1.92.Final.jar:/Users/swapnil/.m2/repository/io/netty/netty-codec-http/4.1.92.Final/netty-codec-http-4.1.92.Final.jar:/Users/swapnil/.m2/repository/io/netty/netty-codec/4.1.92.Final/netty-codec-4.1.92.Final.jar:/Users/swapnil/.m2/repository/io/netty/netty-handler/4.1.92.Final/netty-handler-4.1.92.Final.jar:/Users/swapnil/.m2/repository/io/netty/netty-common/4.1.92.Final/netty-common-4.1.92.Final.jar:/Users/swapnil/.m2/repository/io/netty/netty-transport-classes-epoll/4.1.92.Final/netty-transport-classes-epoll-4.1.92.Final.jar:/Users/swapnil/.m2/repository/io/netty/netty-transport-classes-kqueue/4.1.92.Final/netty-transport-classes-kqueue-4.1.92.Final.jar:/Users/swapnil/.m2/repository/io/netty/netty-transport-native-epoll/4.1.92.Final/netty-transport-native-epoll-4.1.92.Final.jar:/Users/swapnil/.m2/repository/io/netty/netty-transport-native-kqueue/4.1.92.Final/netty-transport-native-kqueue-4.1.92.Final.jar:/Users/swapnil/.m2/repository/io/netty/netty-transport-native-unix-common/4.1.92.Final/netty-transport-native-unix-common-4.1.92.Final.jar:/Users/swapnil/.m2/repository/io/netty/netty-transport/4.1.92.Final/netty-transport-4.1.92.Final.jar:/Users/swapnil/.m2/repository/io/netty/netty-resolver/4.1.92.Final/netty-resolver-4.1.92.Final.jar:/Users/swapnil/.m2/repository/io/opentelemetry/opentelemetry-api/1.26.0/opentelemetry-api-1.26.0.jar:/Users/swapnil/.m2/repository/io/opentelemetry/opentelemetry-context/1.26.0/opentelemetry-context-1.26.0.jar:/Users/swapnil/.m2/repository/io/opentelemetry/opentelemetry-exporter-logging/1.26.0/opentelemetry-exporter-logging-1.26.0.jar:/Users/swapnil/.m2/repository/io/opentelemetry/opentelemetry-sdk-metrics/1.26.0/opentelemetry-sdk-metrics-1.26.0.jar:/Users/swapnil/.m2/repository/io/opentelemetry/opentelemetry-extension-incubator/1.26.0-alpha/opentelemetry-extension-incubator-1.26.0-alpha.jar:/Users/swapnil/.m2/repository/io/opentelemetry/opentelemetry-sdk-logs/1.26.0-alpha/opentelemetry-sdk-logs-1.26.0-alpha.jar:/Users/swapnil/.m2/repository/io/opentelemetry/opentelemetry-api-logs/1.26.0-alpha/opentelemetry-api-logs-1.26.0-alpha.jar:/Users/swapnil/.m2/repository/io/opentelemetry/opentelemetry-api-events/1.26.0-alpha/opentelemetry-api-events-1.26.0-alpha.jar:/Users/swapnil/.m2/repository/io/opentelemetry/opentelemetry-sdk-common/1.26.0/opentelemetry-sdk-common-1.26.0.jar:/Users/swapnil/.m2/repository/io/opentelemetry/opentelemetry-sdk-extension-autoconfigure-spi/1.26.0/opentelemetry-sdk-extension-autoconfigure-spi-1.26.0.jar:/Users/swapnil/.m2/repository/io/opentelemetry/opentelemetry-sdk-extension-autoconfigure/1.26.0-alpha/opentelemetry-sdk-extension-autoconfigure-1.26.0-alpha.jar:/Users/swapnil/.m2/repository/io/opentelemetry/opentelemetry-sdk-trace/1.26.0/opentelemetry-sdk-trace-1.26.0.jar:/Users/swapnil/.m2/repository/io/opentelemetry/opentelemetry-sdk/1.26.0/opentelemetry-sdk-1.26.0.jar:/Users/swapnil/.m2/repository/io/opentelemetry/opentelemetry-semconv/1.26.0-alpha/opentelemetry-semconv-1.26.0-alpha.jar:/Users/swapnil/.m2/repository/net/bytebuddy/byte-buddy/1.14.4/byte-buddy-1.14.4.jar:/Users/swapnil/.m2/repository/org/apache/commons/commons-exec/1.3/commons-exec-1.3.jar:/Users/swapnil/.m2/repository/org/asynchttpclient/async-http-client/2.12.3/async-http-client-2.12.3.jar:/Users/swapnil/.m2/repository/org/asynchttpclient/async-http-client-netty-utils/2.12.3/async-http-client-netty-utils-2.12.3.jar:/Users/swapnil/.m2/repository/io/netty/netty-codec-socks/4.1.60.Final/netty-codec-socks-4.1.60.Final.jar:/Users/swapnil/.m2/repository/io/netty/netty-handler-proxy/4.1.60.Final/netty-handler-proxy-4.1.60.Final.jar:/Users/swapnil/.m2/repository/io/netty/netty-transport-native-epoll/4.1.60.Final/netty-transport-native-epoll-4.1.60.Final-linux-x86_64.jar:/Users/swapnil/.m2/repository/io/netty/netty-transport-native-kqueue/4.1.60.Final/netty-transport-native-kqueue-4.1.60.Final-osx-x86_64.jar:/Users/swapnil/.m2/repository/com/typesafe/netty/netty-reactive-streams/2.0.4/netty-reactive-streams-2.0.4.jar:/Users/swapnil/.m2/repository/com/sun/activation/jakarta.activation/1.2.2/jakarta.activation-1.2.2.jar:/Users/swapnil/.m2/repository/org/seleniumhq/selenium/selenium-http/4.10.0/selenium-http-4.10.0.jar:/Users/swapnil/.m2/repository/dev/failsafe/failsafe/3.3.1/failsafe-3.3.1.jar:/Users/swapnil/.m2/repository/org/seleniumhq/selenium/selenium-json/4.10.0/selenium-json-4.10.0.jar:/Users/swapnil/.m2/repository/org/seleniumhq/selenium/selenium-manager/4.10.0/selenium-manager-4.10.0.jar:/Users/swapnil/.m2/repository/org/seleniumhq/selenium/selenium-support/4.10.0/selenium-support-4.10.0.jar:/Users/swapnil/.m2/repository/com/google/code/gson/gson/2.10.1/gson-2.10.1.jar:/Users/swapnil/.m2/repository/commons-validator/commons-validator/1.7/commons-validator-1.7.jar:/Users/swapnil/.m2/repository/commons-beanutils/commons-beanutils/1.9.4/commons-beanutils-1.9.4.jar:/Users/swapnil/.m2/repository/commons-digester/commons-digester/2.1/commons-digester-2.1.jar:/Users/swapnil/.m2/repository/commons-logging/commons-logging/1.2/commons-logging-1.2.jar:/Users/swapnil/.m2/repository/commons-collections/commons-collections/3.2.2/commons-collections-3.2.2.jar:/Users/swapnil/.m2/repository/commons-io/commons-io/2.12.0/commons-io-2.12.0.jar:/Users/swapnil/.m2/repository/tech/grasshopper/extentreports-cucumber7-adapter/1.13.0/extentreports-cucumber7-adapter-1.13.0.jar:/Users/swapnil/.m2/repository/tech/grasshopper/extent-pdf-report/2.11.0/extent-pdf-report-2.11.0.jar:/Users/swapnil/.m2/repository/tech/grasshopper/cucumber-pdf-report/2.13.0/cucumber-pdf-report-2.13.0.jar:/Users/swapnil/.m2/repository/org/apache/pdfbox/pdfbox/2.0.26/pdfbox-2.0.26.jar:/Users/swapnil/.m2/repository/org/apache/pdfbox/fontbox/2.0.26/fontbox-2.0.26.jar:/Users/swapnil/.m2/repository/org/knowm/xchart/xchart/3.8.0/xchart-3.8.0.jar:/Users/swapnil/.m2/repository/de/erichseifert/vectorgraphics2d/VectorGraphics2D/0.13/VectorGraphics2D-0.13.jar:/Users/swapnil/.m2/repository/de/rototor/pdfbox/graphics2d/0.30/graphics2d-0.30.jar:/Users/swapnil/.m2/repository/com/madgag/animated-gif-lib/1.4/animated-gif-lib-1.4.jar:/Users/swapnil/.m2/repository/tech/grasshopper/table-layout/1.5.1/table-layout-1.5.1.jar:/Users/swapnil/.m2/repository/tech/grasshopper/rest-assured-cucumber-pdf-report/1.4.1/rest-assured-cucumber-pdf-report-1.4.1.jar:/Users/swapnil/.m2/repository/org/jsoup/jsoup/1.15.3/jsoup-1.15.3.jar:/Users/swapnil/.m2/repository/com/aventstack/klov-reporter/5.0.9/klov-reporter-5.0.9.jar:/Users/swapnil/.m2/repository/org/mongodb/mongodb-driver/3.6.4/mongodb-driver-3.6.4.jar:/Users/swapnil/.m2/repository/org/mongodb/mongodb-driver-core/3.6.4/mongodb-driver-core-3.6.4.jar:/Users/swapnil/.m2/repository/org/mongodb/bson/3.6.4/bson-3.6.4.jar:/Users/swapnil/.m2/repository/org/apache/httpcomponents/httpclient/4.5.13/httpclient-4.5.13.jar:/Users/swapnil/.m2/repository/org/apache/httpcomponents/httpcore/4.4.13/httpcore-4.4.13.jar:/Users/swapnil/.m2/repository/org/apache/httpcomponents/httpmime/4.5.13/httpmime-4.5.13.jar:/Users/swapnil/.m2/repository/tech/grasshopper/htmlextentreporter/1.0.1/htmlextentreporter-1.0.1.jar:/Users/swapnil/.m2/repository/tech/grasshopper/extent-excel-report/1.3.0/extent-excel-report-1.3.0.jar:/Users/swapnil/.m2/repository/net/datafaker/datafaker/1.9.0/datafaker-1.9.0.jar:/Users/swapnil/.m2/repository/org/yaml/snakeyaml/2.0/snakeyaml-2.0.jar:/Users/swapnil/.m2/repository/com/github/mifmif/generex/1.0.2/generex-1.0.2.jar:/Users/swapnil/.m2/repository/dk/brics/automaton/automaton/1.11-8/automaton-1.11-8.jar:/Users/swapnil/.m2/repository/io/github/bonigarcia/webdrivermanager/5.4.0/webdrivermanager-5.4.0.jar:/Users/swapnil/.m2/repository/com/github/docker-java/docker-java/3.3.1/docker-java-3.3.1.jar:/Users/swapnil/.m2/repository/com/github/docker-java/docker-java-core/3.3.1/docker-java-core-3.3.1.jar:/Users/swapnil/.m2/repository/com/github/docker-java/docker-java-api/3.3.1/docker-java-api-3.3.1.jar:/Users/swapnil/.m2/repository/com/fasterxml/jackson/core/jackson-annotations/2.10.3/jackson-annotations-2.10.3.jar:/Users/swapnil/.m2/repository/com/fasterxml/jackson/core/jackson-databind/2.10.3/jackson-databind-2.10.3.jar:/Users/swapnil/.m2/repository/com/fasterxml/jackson/core/jackson-core/2.10.3/jackson-core-2.10.3.jar:/Users/swapnil/.m2/repository/org/bouncycastle/bcpkix-jdk15on/1.64/bcpkix-jdk15on-1.64.jar:/Users/swapnil/.m2/repository/org/bouncycastle/bcprov-jdk15on/1.64/bcprov-jdk15on-1.64.jar:/Users/swapnil/.m2/repository/org/slf4j/jcl-over-slf4j/1.7.30/jcl-over-slf4j-1.7.30.jar:/Users/swapnil/.m2/repository/com/github/docker-java/docker-java-transport-httpclient5/3.3.1/docker-java-transport-httpclient5-3.3.1.jar:/Users/swapnil/.m2/repository/com/github/docker-java/docker-java-transport/3.3.1/docker-java-transport-3.3.1.jar:/Users/swapnil/.m2/repository/net/java/dev/jna/jna/5.12.1/jna-5.12.1.jar:/Users/swapnil/.m2/repository/org/brotli/dec/0.1.2/dec-0.1.2.jar:/Users/swapnil/.m2/repository/org/apache/httpcomponents/client5/httpclient5/5.2.1/httpclient5-5.2.1.jar:/Users/swapnil/.m2/repository/org/apache/httpcomponents/core5/httpcore5/5.2/httpcore5-5.2.jar:/Users/swapnil/.m2/repository/org/apache/httpcomponents/core5/httpcore5-h2/5.2/httpcore5-h2-5.2.jar:/Users/swapnil/.m2/repository/com/aventstack/extentreports/5.0.9/extentreports-5.0.9.jar:/Users/swapnil/.m2/repository/io/reactivex/rxjava3/rxjava/3.0.4/rxjava-3.0.4.jar:/Users/swapnil/.m2/repository/org/reactivestreams/reactive-streams/1.0.3/reactive-streams-1.0.3.jar:/Users/swapnil/.m2/repository/org/freemarker/freemarker/2.3.30/freemarker-2.3.30.jar:/Users/swapnil/.m2/repository/org/projectlombok/lombok/1.18.12/lombok-1.18.12.jar:/Users/swapnil/.m2/repository/io/cucumber/cucumber-java/7.12.1/cucumber-java-7.12.1.jar:/Users/swapnil/.m2/repository/io/cucumber/cucumber-core/7.12.1/cucumber-core-7.12.1.jar:/Users/swapnil/.m2/repository/io/cucumber/cucumber-gherkin/7.12.1/cucumber-gherkin-7.12.1.jar:/Users/swapnil/.m2/repository/io/cucumber/cucumber-gherkin-messages/7.12.1/cucumber-gherkin-messages-7.12.1.jar:/Users/swapnil/.m2/repository/io/cucumber/gherkin/26.2.0/gherkin-26.2.0.jar:/Users/swapnil/.m2/repository/io/cucumber/messages/22.0.0/messages-22.0.0.jar:/Users/swapnil/.m2/repository/io/cucumber/tag-expressions/5.0.1/tag-expressions-5.0.1.jar:/Users/swapnil/.m2/repository/io/cucumber/cucumber-expressions/16.1.2/cucumber-expressions-16.1.2.jar:/Users/swapnil/.m2/repository/io/cucumber/datatable/7.12.1/datatable-7.12.1.jar:/Users/swapnil/.m2/repository/io/cucumber/cucumber-plugin/7.12.1/cucumber-plugin-7.12.1.jar:/Users/swapnil/.m2/repository/io/cucumber/docstring/7.12.1/docstring-7.12.1.jar:/Users/swapnil/.m2/repository/io/cucumber/html-formatter/20.3.1/html-formatter-20.3.1.jar:/Users/swapnil/.m2/repository/io/cucumber/junit-xml-formatter/0.2.0/junit-xml-formatter-0.2.0.jar:/Users/swapnil/.m2/repository/io/cucumber/ci-environment/9.2.0/ci-environment-9.2.0.jar:/Users/swapnil/.m2/repository/org/apiguardian/apiguardian-api/1.1.2/apiguardian-api-1.1.2.jar:/Users/swapnil/.m2/repository/org/apache/maven/plugins/maven-compiler-plugin/3.8.1/maven-compiler-plugin-3.8.1.jar:/Users/swapnil/.m2/repository/org/apache/maven/maven-plugin-api/3.0/maven-plugin-api-3.0.jar:/Users/swapnil/.m2/repository/org/apache/maven/maven-model/3.0/maven-model-3.0.jar:/Users/swapnil/.m2/repository/org/sonatype/sisu/sisu-inject-plexus/1.4.2/sisu-inject-plexus-1.4.2.jar:/Users/swapnil/.m2/repository/org/sonatype/sisu/sisu-inject-bean/1.4.2/sisu-inject-bean-1.4.2.jar:/Users/swapnil/.m2/repository/org/sonatype/sisu/sisu-guice/2.1.7/sisu-guice-2.1.7-noaop.jar:/Users/swapnil/.m2/repository/org/apache/maven/maven-artifact/3.0/maven-artifact-3.0.jar:/Users/swapnil/.m2/repository/org/codehaus/plexus/plexus-utils/2.0.4/plexus-utils-2.0.4.jar:/Users/swapnil/.m2/repository/org/apache/maven/maven-core/3.0/maven-core-3.0.jar:/Users/swapnil/.m2/repository/org/apache/maven/maven-settings/3.0/maven-settings-3.0.jar:/Users/swapnil/.m2/repository/org/apache/maven/maven-settings-builder/3.0/maven-settings-builder-3.0.jar:/Users/swapnil/.m2/repository/org/apache/maven/maven-repository-metadata/3.0/maven-repository-metadata-3.0.jar:/Users/swapnil/.m2/repository/org/apache/maven/maven-model-builder/3.0/maven-model-builder-3.0.jar:/Users/swapnil/.m2/repository/org/apache/maven/maven-aether-provider/3.0/maven-aether-provider-3.0.jar:/Users/swapnil/.m2/repository/org/sonatype/aether/aether-impl/1.7/aether-impl-1.7.jar:/Users/swapnil/.m2/repository/org/sonatype/aether/aether-spi/1.7/aether-spi-1.7.jar:/Users/swapnil/.m2/repository/org/sonatype/aether/aether-api/1.7/aether-api-1.7.jar:/Users/swapnil/.m2/repository/org/sonatype/aether/aether-util/1.7/aether-util-1.7.jar:/Users/swapnil/.m2/repository/org/codehaus/plexus/plexus-interpolation/1.14/plexus-interpolation-1.14.jar:/Users/swapnil/.m2/repository/org/codehaus/plexus/plexus-classworlds/2.2.3/plexus-classworlds-2.2.3.jar:/Users/swapnil/.m2/repository/org/codehaus/plexus/plexus-component-annotations/1.5.5/plexus-component-annotations-1.5.5.jar:/Users/swapnil/.m2/repository/org/sonatype/plexus/plexus-sec-dispatcher/1.3/plexus-sec-dispatcher-1.3.jar:/Users/swapnil/.m2/repository/org/sonatype/plexus/plexus-cipher/1.4/plexus-cipher-1.4.jar:/Users/swapnil/.m2/repository/org/apache/maven/shared/maven-shared-utils/3.2.1/maven-shared-utils-3.2.1.jar:/Users/swapnil/.m2/repository/org/apache/maven/shared/maven-shared-incremental/1.1/maven-shared-incremental-1.1.jar:/Users/swapnil/.m2/repository/org/codehaus/plexus/plexus-java/0.9.10/plexus-java-0.9.10.jar:/Users/swapnil/.m2/repository/org/ow2/asm/asm/6.2/asm-6.2.jar:/Users/swapnil/.m2/repository/com/thoughtworks/qdox/qdox/2.0-M8/qdox-2.0-M8.jar:/Users/swapnil/.m2/repository/org/codehaus/plexus/plexus-compiler-api/2.8.4/plexus-compiler-api-2.8.4.jar:/Users/swapnil/.m2/repository/org/codehaus/plexus/plexus-compiler-manager/2.8.4/plexus-compiler-manager-2.8.4.jar:/Users/swapnil/.m2/repository/org/codehaus/plexus/plexus-compiler-javac/2.8.4/plexus-compiler-javac-2.8.4.jar:/Users/swapnil/.m2/repository/org/testng/testng/7.8.0/testng-7.8.0.jar:/Users/swapnil/.m2/repository/com/beust/jcommander/1.82/jcommander-1.82.jar:/Users/swapnil/.m2/repository/org/webjars/jquery/3.6.1/jquery-3.6.1.jar:/Users/swapnil/.m2/repository/io/cucumber/cucumber-testng/7.12.1/cucumber-testng-7.12.1.jar:/Users/swapnil/.m2/repository/org/seleniumhq/selenium/selenium-java/4.10.0/selenium-java-4.10.0.jar:/Users/swapnil/.m2/repository/org/seleniumhq/selenium/selenium-chrome-driver/4.10.0/selenium-chrome-driver-4.10.0.jar:/Users/swapnil/.m2/repository/org/seleniumhq/selenium/selenium-chromium-driver/4.10.0/selenium-chromium-driver-4.10.0.jar:/Users/swapnil/.m2/repository/org/seleniumhq/selenium/selenium-devtools-v112/4.10.0/selenium-devtools-v112-4.10.0.jar:/Users/swapnil/.m2/repository/org/seleniumhq/selenium/selenium-devtools-v113/4.10.0/selenium-devtools-v113-4.10.0.jar:/Users/swapnil/.m2/repository/org/seleniumhq/selenium/selenium-devtools-v114/4.10.0/selenium-devtools-v114-4.10.0.jar:/Users/swapnil/.m2/repository/org/seleniumhq/selenium/selenium-devtools-v85/4.10.0/selenium-devtools-v85-4.10.0.jar:/Users/swapnil/.m2/repository/org/seleniumhq/selenium/selenium-edge-driver/4.10.0/selenium-edge-driver-4.10.0.jar:/Users/swapnil/.m2/repository/org/seleniumhq/selenium/selenium-firefox-driver/4.10.0/selenium-firefox-driver-4.10.0.jar:/Users/swapnil/.m2/repository/org/seleniumhq/selenium/selenium-ie-driver/4.10.0/selenium-ie-driver-4.10.0.jar:/Users/swapnil/.m2/repository/org/seleniumhq/selenium/selenium-safari-driver/4.10.0/selenium-safari-driver-4.10.0.jar:/Users/swapnil/.m2/repository/org/apache/poi/poi/5.2.3/poi-5.2.3.jar:/Users/swapnil/.m2/repository/commons-codec/commons-codec/1.15/commons-codec-1.15.jar:/Users/swapnil/.m2/repository/org/apache/commons/commons-collections4/4.4/commons-collections4-4.4.jar:/Users/swapnil/.m2/repository/org/apache/commons/commons-math3/3.6.1/commons-math3-3.6.1.jar:/Users/swapnil/.m2/repository/com/zaxxer/SparseBitSet/1.2/SparseBitSet-1.2.jar:/Users/swapnil/.m2/repository/org/apache/poi/poi-ooxml/5.2.3/poi-ooxml-5.2.3.jar:/Users/swapnil/.m2/repository/org/apache/poi/poi-ooxml-lite/5.2.3/poi-ooxml-lite-5.2.3.jar:/Users/swapnil/.m2/repository/org/apache/xmlbeans/xmlbeans/5.1.1/xmlbeans-5.1.1.jar:/Users/swapnil/.m2/repository/org/apache/commons/commons-compress/1.21/commons-compress-1.21.jar:/Users/swapnil/.m2/repository/com/github/virtuald/curvesapi/1.07/curvesapi-1.07.jar:/Users/swapnil/.m2/repository/org/apache/commons/commons-lang3/3.12.0/commons-lang3-3.12.0.jar:"/>
    <property name="java.vm.vendor" value="Oracle Corporation"/>
    <property name="sun.arch.data.model" value="64"/>
    <property name="java.vendor.url" value="https://openjdk.java.net/"/>
    <property name="user.timezone" value="Asia/Kolkata"/>
    <property name="java.vm.specification.version" value="11"/>
    <property name="os.name" value="Mac OS X"/>
    <property name="sun.java.launcher" value="SUN_STANDARD"/>
    <property name="user.country" value="GB"/>
    <property name="sun.boot.library.path" value="/Library/Java/JavaVirtualMachines/jdk-11.jdk/Contents/Home/lib"/>
    <property name="sun.java.command" value="/Users/swapnil/Desktop/anyWhereWorks/iOS/AppiumAW/target/surefire/surefirebooter-20230720131943228_3.jar /Users/swapnil/Desktop/anyWhereWorks/iOS/AppiumAW/target/surefire 2023-07-20T13-19-42_998-jvmRun1 surefire-20230720131943228_1tmp surefire_0-20230720131943228_2tmp"/>
    <property name="http.nonProxyHosts" value="local|*.local|169.254/16|*.169.254/16"/>
    <property name="jdk.debug" value="release"/>
    <property name="surefire.test.class.path" value="/Users/swapnil/Desktop/anyWhereWorks/iOS/AppiumAW/target/test-classes:/Users/swapnil/Desktop/anyWhereWorks/iOS/AppiumAW/target/classes:/Users/swapnil/.m2/repository/org/slf4j/slf4j-simple/1.7.32/slf4j-simple-1.7.32.jar:/Users/swapnil/.m2/repository/org/slf4j/slf4j-api/1.7.32/slf4j-api-1.7.32.jar:/Users/swapnil/.m2/repository/org/apache/logging/log4j/log4j-core/2.20.0/log4j-core-2.20.0.jar:/Users/swapnil/.m2/repository/org/apache/logging/log4j/log4j-api/2.20.0/log4j-api-2.20.0.jar:/Users/swapnil/.m2/repository/io/appium/java-client/8.5.1/java-client-8.5.1.jar:/Users/swapnil/.m2/repository/org/seleniumhq/selenium/selenium-api/4.10.0/selenium-api-4.10.0.jar:/Users/swapnil/.m2/repository/org/seleniumhq/selenium/selenium-remote-driver/4.10.0/selenium-remote-driver-4.10.0.jar:/Users/swapnil/.m2/repository/com/google/auto/service/auto-service-annotations/1.0.1/auto-service-annotations-1.0.1.jar:/Users/swapnil/.m2/repository/com/google/auto/service/auto-service/1.0.1/auto-service-1.0.1.jar:/Users/swapnil/.m2/repository/com/google/auto/auto-common/1.2/auto-common-1.2.jar:/Users/swapnil/.m2/repository/com/google/guava/guava/31.1-jre/guava-31.1-jre.jar:/Users/swapnil/.m2/repository/com/google/guava/failureaccess/1.0.1/failureaccess-1.0.1.jar:/Users/swapnil/.m2/repository/com/google/guava/listenablefuture/9999.0-empty-to-avoid-conflict-with-guava/listenablefuture-9999.0-empty-to-avoid-conflict-with-guava.jar:/Users/swapnil/.m2/repository/com/google/code/findbugs/jsr305/3.0.2/jsr305-3.0.2.jar:/Users/swapnil/.m2/repository/org/checkerframework/checker-qual/3.12.0/checker-qual-3.12.0.jar:/Users/swapnil/.m2/repository/com/google/errorprone/error_prone_annotations/2.11.0/error_prone_annotations-2.11.0.jar:/Users/swapnil/.m2/repository/com/google/j2objc/j2objc-annotations/1.3/j2objc-annotations-1.3.jar:/Users/swapnil/.m2/repository/io/netty/netty-buffer/4.1.92.Final/netty-buffer-4.1.92.Final.jar:/Users/swapnil/.m2/repository/io/netty/netty-codec-http/4.1.92.Final/netty-codec-http-4.1.92.Final.jar:/Users/swapnil/.m2/repository/io/netty/netty-codec/4.1.92.Final/netty-codec-4.1.92.Final.jar:/Users/swapnil/.m2/repository/io/netty/netty-handler/4.1.92.Final/netty-handler-4.1.92.Final.jar:/Users/swapnil/.m2/repository/io/netty/netty-common/4.1.92.Final/netty-common-4.1.92.Final.jar:/Users/swapnil/.m2/repository/io/netty/netty-transport-classes-epoll/4.1.92.Final/netty-transport-classes-epoll-4.1.92.Final.jar:/Users/swapnil/.m2/repository/io/netty/netty-transport-classes-kqueue/4.1.92.Final/netty-transport-classes-kqueue-4.1.92.Final.jar:/Users/swapnil/.m2/repository/io/netty/netty-transport-native-epoll/4.1.92.Final/netty-transport-native-epoll-4.1.92.Final.jar:/Users/swapnil/.m2/repository/io/netty/netty-transport-native-kqueue/4.1.92.Final/netty-transport-native-kqueue-4.1.92.Final.jar:/Users/swapnil/.m2/repository/io/netty/netty-transport-native-unix-common/4.1.92.Final/netty-transport-native-unix-common-4.1.92.Final.jar:/Users/swapnil/.m2/repository/io/netty/netty-transport/4.1.92.Final/netty-transport-4.1.92.Final.jar:/Users/swapnil/.m2/repository/io/netty/netty-resolver/4.1.92.Final/netty-resolver-4.1.92.Final.jar:/Users/swapnil/.m2/repository/io/opentelemetry/opentelemetry-api/1.26.0/opentelemetry-api-1.26.0.jar:/Users/swapnil/.m2/repository/io/opentelemetry/opentelemetry-context/1.26.0/opentelemetry-context-1.26.0.jar:/Users/swapnil/.m2/repository/io/opentelemetry/opentelemetry-exporter-logging/1.26.0/opentelemetry-exporter-logging-1.26.0.jar:/Users/swapnil/.m2/repository/io/opentelemetry/opentelemetry-sdk-metrics/1.26.0/opentelemetry-sdk-metrics-1.26.0.jar:/Users/swapnil/.m2/repository/io/opentelemetry/opentelemetry-extension-incubator/1.26.0-alpha/opentelemetry-extension-incubator-1.26.0-alpha.jar:/Users/swapnil/.m2/repository/io/opentelemetry/opentelemetry-sdk-logs/1.26.0-alpha/opentelemetry-sdk-logs-1.26.0-alpha.jar:/Users/swapnil/.m2/repository/io/opentelemetry/opentelemetry-api-logs/1.26.0-alpha/opentelemetry-api-logs-1.26.0-alpha.jar:/Users/swapnil/.m2/repository/io/opentelemetry/opentelemetry-api-events/1.26.0-alpha/opentelemetry-api-events-1.26.0-alpha.jar:/Users/swapnil/.m2/repository/io/opentelemetry/opentelemetry-sdk-common/1.26.0/opentelemetry-sdk-common-1.26.0.jar:/Users/swapnil/.m2/repository/io/opentelemetry/opentelemetry-sdk-extension-autoconfigure-spi/1.26.0/opentelemetry-sdk-extension-autoconfigure-spi-1.26.0.jar:/Users/swapnil/.m2/repository/io/opentelemetry/opentelemetry-sdk-extension-autoconfigure/1.26.0-alpha/opentelemetry-sdk-extension-autoconfigure-1.26.0-alpha.jar:/Users/swapnil/.m2/repository/io/opentelemetry/opentelemetry-sdk-trace/1.26.0/opentelemetry-sdk-trace-1.26.0.jar:/Users/swapnil/.m2/repository/io/opentelemetry/opentelemetry-sdk/1.26.0/opentelemetry-sdk-1.26.0.jar:/Users/swapnil/.m2/repository/io/opentelemetry/opentelemetry-semconv/1.26.0-alpha/opentelemetry-semconv-1.26.0-alpha.jar:/Users/swapnil/.m2/repository/net/bytebuddy/byte-buddy/1.14.4/byte-buddy-1.14.4.jar:/Users/swapnil/.m2/repository/org/apache/commons/commons-exec/1.3/commons-exec-1.3.jar:/Users/swapnil/.m2/repository/org/asynchttpclient/async-http-client/2.12.3/async-http-client-2.12.3.jar:/Users/swapnil/.m2/repository/org/asynchttpclient/async-http-client-netty-utils/2.12.3/async-http-client-netty-utils-2.12.3.jar:/Users/swapnil/.m2/repository/io/netty/netty-codec-socks/4.1.60.Final/netty-codec-socks-4.1.60.Final.jar:/Users/swapnil/.m2/repository/io/netty/netty-handler-proxy/4.1.60.Final/netty-handler-proxy-4.1.60.Final.jar:/Users/swapnil/.m2/repository/io/netty/netty-transport-native-epoll/4.1.60.Final/netty-transport-native-epoll-4.1.60.Final-linux-x86_64.jar:/Users/swapnil/.m2/repository/io/netty/netty-transport-native-kqueue/4.1.60.Final/netty-transport-native-kqueue-4.1.60.Final-osx-x86_64.jar:/Users/swapnil/.m2/repository/com/typesafe/netty/netty-reactive-streams/2.0.4/netty-reactive-streams-2.0.4.jar:/Users/swapnil/.m2/repository/com/sun/activation/jakarta.activation/1.2.2/jakarta.activation-1.2.2.jar:/Users/swapnil/.m2/repository/org/seleniumhq/selenium/selenium-http/4.10.0/selenium-http-4.10.0.jar:/Users/swapnil/.m2/repository/dev/failsafe/failsafe/3.3.1/failsafe-3.3.1.jar:/Users/swapnil/.m2/repository/org/seleniumhq/selenium/selenium-json/4.10.0/selenium-json-4.10.0.jar:/Users/swapnil/.m2/repository/org/seleniumhq/selenium/selenium-manager/4.10.0/selenium-manager-4.10.0.jar:/Users/swapnil/.m2/repository/org/seleniumhq/selenium/selenium-support/4.10.0/selenium-support-4.10.0.jar:/Users/swapnil/.m2/repository/com/google/code/gson/gson/2.10.1/gson-2.10.1.jar:/Users/swapnil/.m2/repository/commons-validator/commons-validator/1.7/commons-validator-1.7.jar:/Users/swapnil/.m2/repository/commons-beanutils/commons-beanutils/1.9.4/commons-beanutils-1.9.4.jar:/Users/swapnil/.m2/repository/commons-digester/commons-digester/2.1/commons-digester-2.1.jar:/Users/swapnil/.m2/repository/commons-logging/commons-logging/1.2/commons-logging-1.2.jar:/Users/swapnil/.m2/repository/commons-collections/commons-collections/3.2.2/commons-collections-3.2.2.jar:/Users/swapnil/.m2/repository/commons-io/commons-io/2.12.0/commons-io-2.12.0.jar:/Users/swapnil/.m2/repository/tech/grasshopper/extentreports-cucumber7-adapter/1.13.0/extentreports-cucumber7-adapter-1.13.0.jar:/Users/swapnil/.m2/repository/tech/grasshopper/extent-pdf-report/2.11.0/extent-pdf-report-2.11.0.jar:/Users/swapnil/.m2/repository/tech/grasshopper/cucumber-pdf-report/2.13.0/cucumber-pdf-report-2.13.0.jar:/Users/swapnil/.m2/repository/org/apache/pdfbox/pdfbox/2.0.26/pdfbox-2.0.26.jar:/Users/swapnil/.m2/repository/org/apache/pdfbox/fontbox/2.0.26/fontbox-2.0.26.jar:/Users/swapnil/.m2/repository/org/knowm/xchart/xchart/3.8.0/xchart-3.8.0.jar:/Users/swapnil/.m2/repository/de/erichseifert/vectorgraphics2d/VectorGraphics2D/0.13/VectorGraphics2D-0.13.jar:/Users/swapnil/.m2/repository/de/rototor/pdfbox/graphics2d/0.30/graphics2d-0.30.jar:/Users/swapnil/.m2/repository/com/madgag/animated-gif-lib/1.4/animated-gif-lib-1.4.jar:/Users/swapnil/.m2/repository/tech/grasshopper/table-layout/1.5.1/table-layout-1.5.1.jar:/Users/swapnil/.m2/repository/tech/grasshopper/rest-assured-cucumber-pdf-report/1.4.1/rest-assured-cucumber-pdf-report-1.4.1.jar:/Users/swapnil/.m2/repository/org/jsoup/jsoup/1.15.3/jsoup-1.15.3.jar:/Users/swapnil/.m2/repository/com/aventstack/klov-reporter/5.0.9/klov-reporter-5.0.9.jar:/Users/swapnil/.m2/repository/org/mongodb/mongodb-driver/3.6.4/mongodb-driver-3.6.4.jar:/Users/swapnil/.m2/repository/org/mongodb/mongodb-driver-core/3.6.4/mongodb-driver-core-3.6.4.jar:/Users/swapnil/.m2/repository/org/mongodb/bson/3.6.4/bson-3.6.4.jar:/Users/swapnil/.m2/repository/org/apache/httpcomponents/httpclient/4.5.13/httpclient-4.5.13.jar:/Users/swapnil/.m2/repository/org/apache/httpcomponents/httpcore/4.4.13/httpcore-4.4.13.jar:/Users/swapnil/.m2/repository/org/apache/httpcomponents/httpmime/4.5.13/httpmime-4.5.13.jar:/Users/swapnil/.m2/repository/tech/grasshopper/htmlextentreporter/1.0.1/htmlextentreporter-1.0.1.jar:/Users/swapnil/.m2/repository/tech/grasshopper/extent-excel-report/1.3.0/extent-excel-report-1.3.0.jar:/Users/swapnil/.m2/repository/net/datafaker/datafaker/1.9.0/datafaker-1.9.0.jar:/Users/swapnil/.m2/repository/org/yaml/snakeyaml/2.0/snakeyaml-2.0.jar:/Users/swapnil/.m2/repository/com/github/mifmif/generex/1.0.2/generex-1.0.2.jar:/Users/swapnil/.m2/repository/dk/brics/automaton/automaton/1.11-8/automaton-1.11-8.jar:/Users/swapnil/.m2/repository/io/github/bonigarcia/webdrivermanager/5.4.0/webdrivermanager-5.4.0.jar:/Users/swapnil/.m2/repository/com/github/docker-java/docker-java/3.3.1/docker-java-3.3.1.jar:/Users/swapnil/.m2/repository/com/github/docker-java/docker-java-core/3.3.1/docker-java-core-3.3.1.jar:/Users/swapnil/.m2/repository/com/github/docker-java/docker-java-api/3.3.1/docker-java-api-3.3.1.jar:/Users/swapnil/.m2/repository/com/fasterxml/jackson/core/jackson-annotations/2.10.3/jackson-annotations-2.10.3.jar:/Users/swapnil/.m2/repository/com/fasterxml/jackson/core/jackson-databind/2.10.3/jackson-databind-2.10.3.jar:/Users/swapnil/.m2/repository/com/fasterxml/jackson/core/jackson-core/2.10.3/jackson-core-2.10.3.jar:/Users/swapnil/.m2/repository/org/bouncycastle/bcpkix-jdk15on/1.64/bcpkix-jdk15on-1.64.jar:/Users/swapnil/.m2/repository/org/bouncycastle/bcprov-jdk15on/1.64/bcprov-jdk15on-1.64.jar:/Users/swapnil/.m2/repository/org/slf4j/jcl-over-slf4j/1.7.30/jcl-over-slf4j-1.7.30.jar:/Users/swapnil/.m2/repository/com/github/docker-java/docker-java-transport-httpclient5/3.3.1/docker-java-transport-httpclient5-3.3.1.jar:/Users/swapnil/.m2/repository/com/github/docker-java/docker-java-transport/3.3.1/docker-java-transport-3.3.1.jar:/Users/swapnil/.m2/repository/net/java/dev/jna/jna/5.12.1/jna-5.12.1.jar:/Users/swapnil/.m2/repository/org/brotli/dec/0.1.2/dec-0.1.2.jar:/Users/swapnil/.m2/repository/org/apache/httpcomponents/client5/httpclient5/5.2.1/httpclient5-5.2.1.jar:/Users/swapnil/.m2/repository/org/apache/httpcomponents/core5/httpcore5/5.2/httpcore5-5.2.jar:/Users/swapnil/.m2/repository/org/apache/httpcomponents/core5/httpcore5-h2/5.2/httpcore5-h2-5.2.jar:/Users/swapnil/.m2/repository/com/aventstack/extentreports/5.0.9/extentreports-5.0.9.jar:/Users/swapnil/.m2/repository/io/reactivex/rxjava3/rxjava/3.0.4/rxjava-3.0.4.jar:/Users/swapnil/.m2/repository/org/reactivestreams/reactive-streams/1.0.3/reactive-streams-1.0.3.jar:/Users/swapnil/.m2/repository/org/freemarker/freemarker/2.3.30/freemarker-2.3.30.jar:/Users/swapnil/.m2/repository/org/projectlombok/lombok/1.18.12/lombok-1.18.12.jar:/Users/swapnil/.m2/repository/io/cucumber/cucumber-java/7.12.1/cucumber-java-7.12.1.jar:/Users/swapnil/.m2/repository/io/cucumber/cucumber-core/7.12.1/cucumber-core-7.12.1.jar:/Users/swapnil/.m2/repository/io/cucumber/cucumber-gherkin/7.12.1/cucumber-gherkin-7.12.1.jar:/Users/swapnil/.m2/repository/io/cucumber/cucumber-gherkin-messages/7.12.1/cucumber-gherkin-messages-7.12.1.jar:/Users/swapnil/.m2/repository/io/cucumber/gherkin/26.2.0/gherkin-26.2.0.jar:/Users/swapnil/.m2/repository/io/cucumber/messages/22.0.0/messages-22.0.0.jar:/Users/swapnil/.m2/repository/io/cucumber/tag-expressions/5.0.1/tag-expressions-5.0.1.jar:/Users/swapnil/.m2/repository/io/cucumber/cucumber-expressions/16.1.2/cucumber-expressions-16.1.2.jar:/Users/swapnil/.m2/repository/io/cucumber/datatable/7.12.1/datatable-7.12.1.jar:/Users/swapnil/.m2/repository/io/cucumber/cucumber-plugin/7.12.1/cucumber-plugin-7.12.1.jar:/Users/swapnil/.m2/repository/io/cucumber/docstring/7.12.1/docstring-7.12.1.jar:/Users/swapnil/.m2/repository/io/cucumber/html-formatter/20.3.1/html-formatter-20.3.1.jar:/Users/swapnil/.m2/repository/io/cucumber/junit-xml-formatter/0.2.0/junit-xml-formatter-0.2.0.jar:/Users/swapnil/.m2/repository/io/cucumber/ci-environment/9.2.0/ci-environment-9.2.0.jar:/Users/swapnil/.m2/repository/org/apiguardian/apiguardian-api/1.1.2/apiguardian-api-1.1.2.jar:/Users/swapnil/.m2/repository/org/apache/maven/plugins/maven-compiler-plugin/3.8.1/maven-compiler-plugin-3.8.1.jar:/Users/swapnil/.m2/repository/org/apache/maven/maven-plugin-api/3.0/maven-plugin-api-3.0.jar:/Users/swapnil/.m2/repository/org/apache/maven/maven-model/3.0/maven-model-3.0.jar:/Users/swapnil/.m2/repository/org/sonatype/sisu/sisu-inject-plexus/1.4.2/sisu-inject-plexus-1.4.2.jar:/Users/swapnil/.m2/repository/org/sonatype/sisu/sisu-inject-bean/1.4.2/sisu-inject-bean-1.4.2.jar:/Users/swapnil/.m2/repository/org/sonatype/sisu/sisu-guice/2.1.7/sisu-guice-2.1.7-noaop.jar:/Users/swapnil/.m2/repository/org/apache/maven/maven-artifact/3.0/maven-artifact-3.0.jar:/Users/swapnil/.m2/repository/org/codehaus/plexus/plexus-utils/2.0.4/plexus-utils-2.0.4.jar:/Users/swapnil/.m2/repository/org/apache/maven/maven-core/3.0/maven-core-3.0.jar:/Users/swapnil/.m2/repository/org/apache/maven/maven-settings/3.0/maven-settings-3.0.jar:/Users/swapnil/.m2/repository/org/apache/maven/maven-settings-builder/3.0/maven-settings-builder-3.0.jar:/Users/swapnil/.m2/repository/org/apache/maven/maven-repository-metadata/3.0/maven-repository-metadata-3.0.jar:/Users/swapnil/.m2/repository/org/apache/maven/maven-model-builder/3.0/maven-model-builder-3.0.jar:/Users/swapnil/.m2/repository/org/apache/maven/maven-aether-provider/3.0/maven-aether-provider-3.0.jar:/Users/swapnil/.m2/repository/org/sonatype/aether/aether-impl/1.7/aether-impl-1.7.jar:/Users/swapnil/.m2/repository/org/sonatype/aether/aether-spi/1.7/aether-spi-1.7.jar:/Users/swapnil/.m2/repository/org/sonatype/aether/aether-api/1.7/aether-api-1.7.jar:/Users/swapnil/.m2/repository/org/sonatype/aether/aether-util/1.7/aether-util-1.7.jar:/Users/swapnil/.m2/repository/org/codehaus/plexus/plexus-interpolation/1.14/plexus-interpolation-1.14.jar:/Users/swapnil/.m2/repository/org/codehaus/plexus/plexus-classworlds/2.2.3/plexus-classworlds-2.2.3.jar:/Users/swapnil/.m2/repository/org/codehaus/plexus/plexus-component-annotations/1.5.5/plexus-component-annotations-1.5.5.jar:/Users/swapnil/.m2/repository/org/sonatype/plexus/plexus-sec-dispatcher/1.3/plexus-sec-dispatcher-1.3.jar:/Users/swapnil/.m2/repository/org/sonatype/plexus/plexus-cipher/1.4/plexus-cipher-1.4.jar:/Users/swapnil/.m2/repository/org/apache/maven/shared/maven-shared-utils/3.2.1/maven-shared-utils-3.2.1.jar:/Users/swapnil/.m2/repository/org/apache/maven/shared/maven-shared-incremental/1.1/maven-shared-incremental-1.1.jar:/Users/swapnil/.m2/repository/org/codehaus/plexus/plexus-java/0.9.10/plexus-java-0.9.10.jar:/Users/swapnil/.m2/repository/org/ow2/asm/asm/6.2/asm-6.2.jar:/Users/swapnil/.m2/repository/com/thoughtworks/qdox/qdox/2.0-M8/qdox-2.0-M8.jar:/Users/swapnil/.m2/repository/org/codehaus/plexus/plexus-compiler-api/2.8.4/plexus-compiler-api-2.8.4.jar:/Users/swapnil/.m2/repository/org/codehaus/plexus/plexus-compiler-manager/2.8.4/plexus-compiler-manager-2.8.4.jar:/Users/swapnil/.m2/repository/org/codehaus/plexus/plexus-compiler-javac/2.8.4/plexus-compiler-javac-2.8.4.jar:/Users/swapnil/.m2/repository/org/testng/testng/7.8.0/testng-7.8.0.jar:/Users/swapnil/.m2/repository/com/beust/jcommander/1.82/jcommander-1.82.jar:/Users/swapnil/.m2/repository/org/webjars/jquery/3.6.1/jquery-3.6.1.jar:/Users/swapnil/.m2/repository/io/cucumber/cucumber-testng/7.12.1/cucumber-testng-7.12.1.jar:/Users/swapnil/.m2/repository/org/seleniumhq/selenium/selenium-java/4.10.0/selenium-java-4.10.0.jar:/Users/swapnil/.m2/repository/org/seleniumhq/selenium/selenium-chrome-driver/4.10.0/selenium-chrome-driver-4.10.0.jar:/Users/swapnil/.m2/repository/org/seleniumhq/selenium/selenium-chromium-driver/4.10.0/selenium-chromium-driver-4.10.0.jar:/Users/swapnil/.m2/repository/org/seleniumhq/selenium/selenium-devtools-v112/4.10.0/selenium-devtools-v112-4.10.0.jar:/Users/swapnil/.m2/repository/org/seleniumhq/selenium/selenium-devtools-v113/4.10.0/selenium-devtools-v113-4.10.0.jar:/Users/swapnil/.m2/repository/org/seleniumhq/selenium/selenium-devtools-v114/4.10.0/selenium-devtools-v114-4.10.0.jar:/Users/swapnil/.m2/repository/org/seleniumhq/selenium/selenium-devtools-v85/4.10.0/selenium-devtools-v85-4.10.0.jar:/Users/swapnil/.m2/repository/org/seleniumhq/selenium/selenium-edge-driver/4.10.0/selenium-edge-driver-4.10.0.jar:/Users/swapnil/.m2/repository/org/seleniumhq/selenium/selenium-firefox-driver/4.10.0/selenium-firefox-driver-4.10.0.jar:/Users/swapnil/.m2/repository/org/seleniumhq/selenium/selenium-ie-driver/4.10.0/selenium-ie-driver-4.10.0.jar:/Users/swapnil/.m2/repository/org/seleniumhq/selenium/selenium-safari-driver/4.10.0/selenium-safari-driver-4.10.0.jar:/Users/swapnil/.m2/repository/org/apache/poi/poi/5.2.3/poi-5.2.3.jar:/Users/swapnil/.m2/repository/commons-codec/commons-codec/1.15/commons-codec-1.15.jar:/Users/swapnil/.m2/repository/org/apache/commons/commons-collections4/4.4/commons-collections4-4.4.jar:/Users/swapnil/.m2/repository/org/apache/commons/commons-math3/3.6.1/commons-math3-3.6.1.jar:/Users/swapnil/.m2/repository/com/zaxxer/SparseBitSet/1.2/SparseBitSet-1.2.jar:/Users/swapnil/.m2/repository/org/apache/poi/poi-ooxml/5.2.3/poi-ooxml-5.2.3.jar:/Users/swapnil/.m2/repository/org/apache/poi/poi-ooxml-lite/5.2.3/poi-ooxml-lite-5.2.3.jar:/Users/swapnil/.m2/repository/org/apache/xmlbeans/xmlbeans/5.1.1/xmlbeans-5.1.1.jar:/Users/swapnil/.m2/repository/org/apache/commons/commons-compress/1.21/commons-compress-1.21.jar:/Users/swapnil/.m2/repository/com/github/virtuald/curvesapi/1.07/curvesapi-1.07.jar:/Users/swapnil/.m2/repository/org/apache/commons/commons-lang3/3.12.0/commons-lang3-3.12.0.jar:"/>
    <property name="sun.cpu.endian" value="little"/>
    <property name="user.home" value="/Users/swapnil"/>
    <property name="user.language" value="en"/>
    <property name="java.specification.vendor" value="Oracle Corporation"/>
    <property name="java.version.date" value="2023-01-17"/>
    <property name="java.home" value="/Library/Java/JavaVirtualMachines/jdk-11.jdk/Contents/Home"/>
    <property name="file.separator" value="/"/>
    <property name="basedir" value="/Users/swapnil/Desktop/anyWhereWorks/iOS/AppiumAW"/>
    <property name="java.vm.compressedOopsMode" value="Zero based"/>
    <property name="line.separator" value="&#10;"/>
    <property name="java.specification.name" value="Java Platform API Specification"/>
    <property name="java.vm.specification.vendor" value="Oracle Corporation"/>
    <property name="java.awt.graphicsenv" value="sun.awt.CGraphicsEnvironment"/>
    <property name="surefire.real.class.path" value="/Users/swapnil/Desktop/anyWhereWorks/iOS/AppiumAW/target/surefire/surefirebooter-20230720131943228_3.jar"/>
    <property name="sun.management.compiler" value="HotSpot 64-Bit Tiered Compilers"/>
    <property name="ftp.nonProxyHosts" value="local|*.local|169.254/16|*.169.254/16"/>
    <property name="java.runtime.version" value="11.0.18+9-LTS-195"/>
    <property name="user.name" value="swapnil"/>
    <property name="path.separator" value=":"/>
    <property name="os.version" value="13.4.1"/>
    <property name="java.runtime.name" value="Java(TM) SE Runtime Environment"/>
    <property name="file.encoding" value="UTF-8"/>
    <property name="java.vm.name" value="Java HotSpot(TM) 64-Bit Server VM"/>
    <property name="java.vendor.version" value="18.9"/>
    <property name="localRepository" value="/Users/swapnil/.m2/repository"/>
    <property name="java.vendor.url.bug" value="https://bugreport.java.com/bugreport/"/>
    <property name="java.io.tmpdir" value="/var/folders/vt/hj91jbks1rqf5976z9cq_0940000gp/T/"/>
    <property name="java.version" value="11.0.18"/>
    <property name="user.dir" value="/Users/swapnil/Desktop/anyWhereWorks/iOS/AppiumAW"/>
    <property name="os.arch" value="x86_64"/>
    <property name="java.vm.specification.name" value="Java Virtual Machine Specification"/>
    <property name="java.awt.printerjob" value="sun.lwawt.macosx.CPrinterJob"/>
    <property name="sun.os.patch.level" value="unknown"/>
    <property name="java.library.path" value="/Users/swapnil/Library/Java/Extensions:/Library/Java/Extensions:/Network/Library/Java/Extensions:/System/Library/Java/Extensions:/usr/lib/java:."/>
    <property name="java.vendor" value="Oracle Corporation"/>
    <property name="java.vm.info" value="mixed mode"/>
    <property name="java.vm.version" value="11.0.18+9-LTS-195"/>
    <property name="sun.io.unicode.encoding" value="UnicodeBig"/>
    <property name="java.class.version" value="55.0"/>
    <property name="socksNonProxyHosts" value="local|*.local|169.254/16|*.169.254/16"/>
  </properties>
  <testcase name="runScenario[&quot;validate login functionality&quot;, &quot;verify user able to login and logout in application&quot;](1)" classname="TestRunners.TestRunner" time="79.814">
    <system-out><![CDATA[&amp#27;[35m[Appium]&amp#27;[39m Welcome to Appium v2.0.0-rc.5
&amp#27;[35m[Appium]&amp#27;[39m Attempting to load driver xcuitest...
[debug] &amp#27;[35m[Appium]&amp#27;[39m Requiring driver at /Users/swapnil/node_modules/appium-xcuitest-driver
&amp#27;[35m[Appium]&amp#27;[39m Attempting to load driver uiautomator2...
[debug] &amp#27;[35m[Appium]&amp#27;[39m Requiring driver at /Users/swapnil/node_modules/appium-uiautomator2-driver
&amp#27;[35m[Appium]&amp#27;[39m Appium REST http interface listener started on http://0.0.0.0:4723
&amp#27;[35m[Appium]&amp#27;[39m You can provide the following URLS in your client code to connect to this server:
&amp#27;[35m[Appium]&amp#27;[39m 	http://127.0.0.1:4723/ (only accessible from the same host)
&amp#27;[35m[Appium]&amp#27;[39m 	http://192.168.1.5:4723/
&amp#27;[35m[Appium]&amp#27;[39m Available drivers:
&amp#27;[35m[Appium]&amp#27;[39m   - xcuitest@4.32.11 (automationName 'XCUITest')
&amp#27;[35m[Appium]&amp#27;[39m   - uiautomator2@2.29.2 (automationName 'UiAutomator2')
&amp#27;[35m[Appium]&amp#27;[39m Available plugins:
&amp#27;[35m[Appium]&amp#27;[39m   - images@2.1.2
&amp#27;[35m[Appium]&amp#27;[39m No plugins activated. Use the --use-plugins flag with names of plugins to activate
&amp#27;[38;5;0m[HTTP]&amp#27;[0m &amp#27;[37m-->&amp#27;[39m &amp#27;[37mGET&amp#27;[39m &amp#27;[37m/status&amp#27;[39m
&amp#27;[38;5;0m[HTTP]&amp#27;[0m &amp#27;[90m{}&amp#27;[39m
[debug] &amp#27;[38;5;16m[AppiumDriver@3599]&amp#27;[0m Calling AppiumDriver.getStatus() with args: []
[debug] &amp#27;[38;5;16m[AppiumDriver@3599]&amp#27;[0m Responding to client with driver.getStatus() result: {"build":{"version":"2.0.0-rc.5"}}
&amp#27;[38;5;0m[HTTP]&amp#27;[0m &amp#27;[37m<-- GET /status &amp#27;[39m&amp#27;[32m200&amp#27;[39m &amp#27;[90m55 ms - 44&amp#27;[39m
&amp#27;[38;5;0m[HTTP]&amp#27;[0m &amp#27;[90m&amp#27;[39m
[debug] &amp#27;[38;5;0m[HTTP]&amp#27;[0m Request idempotency key: acd36a90-e4ee-411c-b739-5a99204415f3
&amp#27;[38;5;0m[HTTP]&amp#27;[0m &amp#27;[37m-->&amp#27;[39m &amp#27;[37mPOST&amp#27;[39m &amp#27;[37m/session&amp#27;[39m
&amp#27;[38;5;0m[HTTP]&amp#27;[0m &amp#27;[90m{"capabilities":{"firstMatch":[{}],"alwaysMatch":{"appium:app":"/Users/swapnil/Desktop/anyWhereWorks/iOS/AppiumAW/apps/iOSApp.zip","appium:automationName":"XCUITest","appium:deviceName":"iPhone 14","platformName":"IOS"}}}&amp#27;[39m
[debug] &amp#27;[38;5;16m[AppiumDriver@3599]&amp#27;[0m Calling AppiumDriver.createSession() with args: [null,null,{"firstMatch":[{}],"alwaysMatch":{"appium:app":"/Users/swapnil/Desktop/anyWhereWorks/iOS/AppiumAW/apps/iOSApp.zip","appium:automationName":"XCUITest","appium:deviceName":"iPhone 14","platformName":"IOS"}}]
[debug] &amp#27;[38;5;16m[AppiumDriver@3599]&amp#27;[0m Event 'newSessionRequested' logged at 1689839401129 (13:20:01 GMT+0530 (India Standard Time))
&amp#27;[35m[Appium]&amp#27;[39m Attempting to find matching driver for automationName 'XCUITest' and platformName 'IOS'
&amp#27;[35m[Appium]&amp#27;[39m The 'xcuitest' driver was installed and matched caps.
&amp#27;[35m[Appium]&amp#27;[39m Will require it at /Users/swapnil/node_modules/appium-xcuitest-driver
[debug] &amp#27;[35m[Appium]&amp#27;[39m Requiring driver at /Users/swapnil/node_modules/appium-xcuitest-driver
&amp#27;[38;5;16m[AppiumDriver@3599]&amp#27;[0m Appium v2.0.0-rc.5 creating new XCUITestDriver (v4.32.11) session
&amp#27;[38;5;16m[AppiumDriver@3599]&amp#27;[0m Checking BaseDriver versions for Appium and XCUITestDriver
&amp#27;[38;5;16m[AppiumDriver@3599]&amp#27;[0m Appium's BaseDriver version is 9.3.15
&amp#27;[38;5;16m[AppiumDriver@3599]&amp#27;[0m XCUITestDriver's BaseDriver version is 9.3.15
[debug] &amp#27;[38;5;32m[XCUITestDriver@55eb]&amp#27;[0m Creating session with W3C capabilities: {
[debug] &amp#27;[38;5;32m[XCUITestDriver@55eb]&amp#27;[0m   "alwaysMatch": {
[debug] &amp#27;[38;5;32m[XCUITestDriver@55eb]&amp#27;[0m     "platformName": "IOS",
[debug] &amp#27;[38;5;32m[XCUITestDriver@55eb]&amp#27;[0m     "appium:app": "/Users/swapnil/Desktop/anyWhereWorks/iOS/AppiumAW/apps/iOSApp.zip",
[debug] &amp#27;[38;5;32m[XCUITestDriver@55eb]&amp#27;[0m     "appium:automationName": "XCUITest",
[debug] &amp#27;[38;5;32m[XCUITestDriver@55eb]&amp#27;[0m     "appium:deviceName": "iPhone 14"
[debug] &amp#27;[38;5;32m[XCUITestDriver@55eb]&amp#27;[0m   },
[debug] &amp#27;[38;5;32m[XCUITestDriver@55eb]&amp#27;[0m   "firstMatch": [
[debug] &amp#27;[38;5;32m[XCUITestDriver@55eb]&amp#27;[0m     {}
[debug] &amp#27;[38;5;32m[XCUITestDriver@55eb]&amp#27;[0m   ]
[debug] &amp#27;[38;5;32m[XCUITestDriver@55eb]&amp#27;[0m }
&amp#27;[38;5;32m[XCUITestDriver@55eb]&amp#27;[0m 'platformVersion' capability ('undefined') is not a valid version number. Consider fixing it or be ready to experience an inconsistent driver behavior.
&amp#27;[38;5;32m[XCUITestDriver@55eb (24b485ec)]&amp#27;[0m Session created with session id: 24b485ec-92a7-408e-ba56-78682df800a3
[debug] &amp#27;[38;5;48m[XCUITest]&amp#27;[0m Current user: 'swapnil'
&amp#27;[38;5;32m[XCUITestDriver@55eb (24b485ec)]&amp#27;[0m iOS SDK Version set to '16.4'
&amp#27;[38;5;32m[XCUITestDriver@55eb (24b485ec)]&amp#27;[0m No platformVersion specified. Using the latest version Xcode supports: '16.4'. This may cause problems if a simulator does not exist for this platform version.
[debug] &amp#27;[38;5;48m[XCUITest]&amp#27;[0m Looking for an existing Simulator with platformName: iOS, platformVersion: 16.4, deviceName: iPhone 14
&amp#27;[38;5;64m[iOSSim]&amp#27;[0m Constructing iOS simulator for Xcode version 14.3.1 with udid '3566F5C1-A152-409F-BEA1-147905D384D0'
&amp#27;[38;5;32m[XCUITestDriver@55eb (24b485ec)]&amp#27;[0m Determining device to run tests on: udid: '3566F5C1-A152-409F-BEA1-147905D384D0', real device: false
[debug] &amp#27;[38;5;32m[XCUITestDriver@55eb (24b485ec)]&amp#27;[0m Event 'xcodeDetailsRetrieved' logged at 1689839401808 (13:20:01 GMT+0530 (India Standard Time))
&amp#27;[38;5;80m[BaseDriver]&amp#27;[0m Using local app '/Users/swapnil/Desktop/anyWhereWorks/iOS/AppiumAW/apps/iOSApp.zip'
[debug] &amp#27;[38;5;96m[Support]&amp#27;[0m Found 'unzip' at '/usr/bin/unzip'
[debug] &amp#27;[38;5;32m[XCUITestDriver@55eb (24b485ec)]&amp#27;[0m Found 1 bundle in 'iOSApp.zip': MyRNDemoApp.app
&amp#27;[38;5;32m[XCUITestDriver@55eb (24b485ec)]&amp#27;[0m 'MyRNDemoApp.app' is the resulting application bundle selected from '/Users/swapnil/Desktop/anyWhereWorks/iOS/AppiumAW/apps/iOSApp.zip'
[debug] &amp#27;[38;5;32m[XCUITestDriver@55eb (24b485ec)]&amp#27;[0m Event 'appConfigured' logged at 1689839402360 (13:20:02 GMT+0530 (India Standard Time))
[debug] &amp#27;[38;5;48m[XCUITest]&amp#27;[0m Checking whether app '/var/folders/vt/hj91jbks1rqf5976z9cq_0940000gp/T/2023620-73836-140xef0.9lvv/MyRNDemoApp.app' is actually present on file system
[debug] &amp#27;[38;5;48m[XCUITest]&amp#27;[0m App is present
[debug] &amp#27;[38;5;48m[XCUITest]&amp#27;[0m Getting bundle ID from app '/var/folders/vt/hj91jbks1rqf5976z9cq_0940000gp/T/2023620-73836-140xef0.9lvv/MyRNDemoApp.app': 'com.saucelabs.mydemoapp.rn'
[debug] &amp#27;[38;5;32m[XCUITestDriver@55eb (24b485ec)]&amp#27;[0m Event 'resetStarted' logged at 1689839402365 (13:20:02 GMT+0530 (India Standard Time))
[debug] &amp#27;[38;5;112m[simctl]&amp#27;[0m Error running 'terminate': An error was encountered processing the command (domain=NSPOSIXErrorDomain, code=3):
Simulator device returned an error for the requested operation.
found nothing to terminate
Underlying error (domain=NSPOSIXErrorDomain, code=3):
	The operation couldn���t be completed. found nothing to terminate
	found nothing to terminate
&amp#27;[38;5;48m[XCUITest]&amp#27;[0m Reset: failed to terminate Simulator application with id "com.saucelabs.mydemoapp.rn"
&amp#27;[38;5;48m[XCUITest]&amp#27;[0m Not scrubbing third party app in anticipation of uninstall
[debug] &amp#27;[38;5;32m[XCUITestDriver@55eb (24b485ec)]&amp#27;[0m Event 'resetComplete' logged at 1689839402704 (13:20:02 GMT+0530 (India Standard Time))
&amp#27;[38;5;32m[XCUITestDriver@55eb (24b485ec)]&amp#27;[0m Using WDA path: '/Users/swapnil/node_modules/appium-webdriveragent'
&amp#27;[38;5;32m[XCUITestDriver@55eb (24b485ec)]&amp#27;[0m Using WDA agent: '/Users/swapnil/node_modules/appium-webdriveragent/WebDriverAgent.xcodeproj'
[debug] &amp#27;[38;5;128m[IOSSimulatorLog]&amp#27;[0m Starting log capture for iOS Simulator with udid '3566F5C1-A152-409F-BEA1-147905D384D0' using simctl
[debug] &amp#27;[38;5;32m[XCUITestDriver@55eb (24b485ec)]&amp#27;[0m Event 'logCaptureStarted' logged at 1689839403653 (13:20:03 GMT+0530 (India Standard Time))
&amp#27;[38;5;32m[XCUITestDriver@55eb (24b485ec)]&amp#27;[0m Setting up simulator
[debug] &amp#27;[38;5;64m[iOSSim]&amp#27;[0m Setting preferences of 3566F5C1-A152-409F-BEA1-147905D384D0 Simulator to {"ConnectHardwareKeyboard":false}
[debug] &amp#27;[38;5;64m[iOSSim]&amp#27;[0m Setting common Simulator preferences to {"RotateWindowWhenSignaledByGuest":true,"StartLastDeviceOnLaunch":false,"DetachOnWindowClose":false,"AttachBootedOnStart":true,"ConnectHardwareKeyboard":false,"PasteboardAutomaticSync":false}
[debug] &amp#27;[38;5;64m[iOSSim]&amp#27;[0m Updated 3566F5C1-A152-409F-BEA1-147905D384D0 Simulator preferences at '/Users/swapnil/Library/Preferences/com.apple.iphonesimulator.plist' with {"RotateWindowWhenSignaledByGuest":true,"StartLastDeviceOnLaunch":false,"DetachOnWindowClose":false,"AttachBootedOnStart":true,"ConnectHardwareKeyboard":false,"PasteboardAutomaticSync":false,"DevicePreferences":{"3566F5C1-A152-409F-BEA1-147905D384D0":{"ConnectHardwareKeyboard":false,"SimulatorExternalDisplay":2114,"SimulatorWindowRotationAngle":0,"SimulatorWindowOrientation":"Portrait","SimulatorWindowGeometry":{"F51E2B2B-8CAE-4885-8ED9-BAD0C17B3F48":{"WindowCenter":"{2400, 334}","WindowScale":1.0855855855855856},"76F2FB61-4985-4258-8DFE-4C1F551ADE68":{"WindowCenter":"{1216.5, 424}","WindowScale":0.8473451327433629}},"ChromeTint":""}}}
[debug] &amp#27;[38;5;32m[XCUITestDriver@55eb (24b485ec)]&amp#27;[0m Parsed BUILD_DIR configuration value: '/Users/swapnil/Library/Developer/Xcode/DerivedData/WebDriverAgent-epxcjkbdbesuzxbaffxveezfbujk/Build/Products'
[debug] &amp#27;[38;5;32m[XCUITestDriver@55eb (24b485ec)]&amp#27;[0m Got derived data root: '/Users/swapnil/Library/Developer/Xcode/DerivedData/WebDriverAgent-epxcjkbdbesuzxbaffxveezfbujk'
[debug] &amp#27;[38;5;64m[iOSSim]&amp#27;[0m Got Simulator UI client PID: 69541
&amp#27;[38;5;64m[iOSSim]&amp#27;[0m Both Simulator with UDID '3566F5C1-A152-409F-BEA1-147905D384D0' and the UI client are currently running
[debug] &amp#27;[38;5;32m[XCUITestDriver@55eb (24b485ec)]&amp#27;[0m Event 'simStarted' logged at 1689839410773 (13:20:10 GMT+0530 (India Standard Time))
[debug] &amp#27;[38;5;48m[XCUITest]&amp#27;[0m Verifying application platform
[debug] &amp#27;[38;5;48m[XCUITest]&amp#27;[0m CFBundleSupportedPlatforms: ["iPhoneSimulator"]
&amp#27;[38;5;32m[XCUITestDriver@55eb (24b485ec)]&amp#27;[0m App 'com.saucelabs.mydemoapp.rn' is already installed
[debug] &amp#27;[38;5;48m[XCUITest]&amp#27;[0m Reset requested. Removing app with id 'com.saucelabs.mydemoapp.rn' from the device
[debug] &amp#27;[38;5;48m[XCUITest]&amp#27;[0m Installing '/var/folders/vt/hj91jbks1rqf5976z9cq_0940000gp/T/2023620-73836-140xef0.9lvv/MyRNDemoApp.app' on Simulator with UUID '3566F5C1-A152-409F-BEA1-147905D384D0'...
[debug] &amp#27;[38;5;48m[XCUITest]&amp#27;[0m The app has been installed successfully.
[debug] &amp#27;[38;5;32m[XCUITestDriver@55eb (24b485ec)]&amp#27;[0m Event 'appInstalled' logged at 1689839417044 (13:20:17 GMT+0530 (India Standard Time))
[debug] &amp#27;[38;5;32m[XCUITestDriver@55eb (24b485ec)]&amp#27;[0m No obsolete cached processes from previous WDA sessions listening on port 8100 have been found
&amp#27;[38;5;144m[DevCon Factory]&amp#27;[0m Requesting connection for device 3566F5C1-A152-409F-BEA1-147905D384D0 on local port 8100
[debug] &amp#27;[38;5;144m[DevCon Factory]&amp#27;[0m Cached connections count: 0
&amp#27;[38;5;144m[DevCon Factory]&amp#27;[0m Successfully requested the connection for 3566F5C1-A152-409F-BEA1-147905D384D0:8100
[debug] &amp#27;[38;5;32m[XCUITestDriver@55eb (24b485ec)]&amp#27;[0m Starting WebDriverAgent initialization with the synchronization key 'XCUITestDriver'
[debug] &amp#27;[38;5;160m[WD Proxy]&amp#27;[0m Matched '/status' to command name 'getStatus'
[debug] &amp#27;[38;5;160m[WD Proxy]&amp#27;[0m Proxying [GET /status] to [GET http://127.0.0.1:8100/status] with no body
[debug] &amp#27;[38;5;160m[WD Proxy]&amp#27;[0m Got response with status 200: {"value":{"message":"WebDriverAgent is ready to accept commands","state":"success","os":{"testmanagerdVersion":28,"name":"iOS","sdkVersion":"16.4","version":"16.4"},"ios":{"simulatorVersion":"16.4","ip":"192.168.1.5"},"ready":true,"build":{"upgradedAt":"1688545552338","time":"Jul 20 2023 13:14:12","productBundleIdentifier":"com.facebook.WebDriverAgentRunner"}},"sessionId":null}
[debug] &amp#27;[38;5;32m[XCUITestDriver@55eb (24b485ec)]&amp#27;[0m Upgrade timestamp of the currently bundled WDA: 1688545552338
[debug] &amp#27;[38;5;32m[XCUITestDriver@55eb (24b485ec)]&amp#27;[0m Upgrade timestamp of the WDA on the device: 1688545552338
&amp#27;[38;5;32m[XCUITestDriver@55eb (24b485ec)]&amp#27;[0m Will reuse previously cached WDA instance at 'http://127.0.0.1:8100/' with 'com.facebook.WebDriverAgentRunner'. Set the wdaLocalPort capability to a value different from 8100 if this is an undesired behavior.
[debug] &amp#27;[38;5;32m[XCUITestDriver@55eb (24b485ec)]&amp#27;[0m Trying to start WebDriverAgent 2 times with 10000ms interval
[debug] &amp#27;[38;5;32m[XCUITestDriver@55eb (24b485ec)]&amp#27;[0m These values can be customized by changing wdaStartupRetries/wdaStartupRetryInterval capabilities
[debug] &amp#27;[38;5;32m[XCUITestDriver@55eb (24b485ec)]&amp#27;[0m Event 'wdaStartAttempted' logged at 1689839418496 (13:20:18 GMT+0530 (India Standard Time))
&amp#27;[38;5;32m[XCUITestDriver@55eb (24b485ec)]&amp#27;[0m Using provided WebdriverAgent at 'http://127.0.0.1:8100/'
[debug] &amp#27;[38;5;160m[WD Proxy]&amp#27;[0m Matched '/status' to command name 'getStatus'
[debug] &amp#27;[38;5;160m[WD Proxy]&amp#27;[0m Proxying [GET /status] to [GET http://127.0.0.1:8100/status] with no body
[debug] &amp#27;[38;5;160m[WD Proxy]&amp#27;[0m Got response with status 200: {"value":{"message":"WebDriverAgent is ready to accept commands","state":"success","os":{"testmanagerdVersion":28,"name":"iOS","sdkVersion":"16.4","version":"16.4"},"ios":{"simulatorVersion":"16.4","ip":"192.168.1.5"},"ready":true,"build":{"upgradedAt":"1688545552338","time":"Jul 20 2023 13:14:12","productBundleIdentifier":"com.facebook.WebDriverAgentRunner"}},"sessionId":null}
[debug] &amp#27;[38;5;32m[XCUITestDriver@55eb (24b485ec)]&amp#27;[0m Event 'wdaSessionAttempted' logged at 1689839418526 (13:20:18 GMT+0530 (India Standard Time))
[debug] &amp#27;[38;5;32m[XCUITestDriver@55eb (24b485ec)]&amp#27;[0m Sending createSession command to WDA
[debug] &amp#27;[38;5;32m[XCUITestDriver@55eb (24b485ec)]&amp#27;[0m Matched '/session' to command name 'createSession'
[debug] &amp#27;[38;5;32m[XCUITestDriver@55eb (24b485ec)]&amp#27;[0m Proxying [POST /session] to [POST http://127.0.0.1:8100/session] with body: {"capabilities":{"firstMatch":[{"bundleId":"com.saucelabs.mydemoapp.rn","arguments":[],"environment":{},"eventloopIdleDelaySec":0,"shouldWaitForQuiescence":true,"shouldUseTestManagerForVisibilityDetection":false,"maxTypingFrequency":60,"shouldUseSingletonTestManager":true,"shouldTerminateApp":true,"forceAppLaunch":true,"useNativeCachingStrategy":true,"forceSimulatorSoftwareKeyboardPresence":true}],"alwaysMatch":{}}}
[debug] &amp#27;[38;5;32m[XCUITestDriver@55eb (24b485ec)]&amp#27;[0m Got response with status 200: {"value":{"sessionId":"56D70ACD-A8F3-4900-A498-C9E849921D48","capabilities":{"device":"iphone","browserName":"My Demo App","sdkVersion":"16.4","CFBundleIdentifier":"com.saucelabs.mydemoapp.rn"}},"sessionId":"56D70ACD-A8F3-4900-A498-C9E849921D48"}
&amp#27;[38;5;32m[XCUITestDriver@55eb (24b485ec)]&amp#27;[0m Determined the downstream protocol as 'W3C'
[debug] &amp#27;[38;5;32m[XCUITestDriver@55eb (24b485ec)]&amp#27;[0m Event 'wdaSessionStarted' logged at 1689839423025 (13:20:23 GMT+0530 (India Standard Time))
[debug] &amp#27;[38;5;32m[XCUITestDriver@55eb (24b485ec)]&amp#27;[0m Event 'wdaStarted' logged at 1689839423026 (13:20:23 GMT+0530 (India Standard Time))
[debug] &amp#27;[38;5;80m[BaseDriver]&amp#27;[0m The value of 'elementResponseAttributes' setting did not change. Skipping the update for it
[debug] &amp#27;[38;5;80m[BaseDriver]&amp#27;[0m The value of 'shouldUseCompactResponses' setting did not change. Skipping the update for it
&amp#27;[38;5;16m[AppiumDriver@3599]&amp#27;[0m New XCUITestDriver session created successfully, session 24b485ec-92a7-408e-ba56-78682df800a3 added to master session list
[debug] &amp#27;[38;5;16m[AppiumDriver@3599]&amp#27;[0m Event 'newSessionStarted' logged at 1689839423032 (13:20:23 GMT+0530 (India Standard Time))
[debug] &amp#27;[38;5;32m[XCUITestDriver@55eb (24b485ec)]&amp#27;[0m Cached the protocol value 'W3C' for the new session 24b485ec-92a7-408e-ba56-78682df800a3
[debug] &amp#27;[38;5;32m[XCUITestDriver@55eb (24b485ec)]&amp#27;[0m Responding to client with driver.createSession() result: {"capabilities":{"webStorageEnabled":false,"locationContextEnabled":false,"browserName":"","platform":"MAC","javascriptEnabled":true,"databaseEnabled":false,"takesScreenshot":true,"networkConnectionEnabled":false,"platformName":"IOS","app":"/Users/swapnil/Desktop/anyWhereWorks/iOS/AppiumAW/apps/iOSApp.zip","automationName":"XCUITest","deviceName":"iPhone 14","udid":"3566F5C1-A152-409F-BEA1-147905D384D0"}}
&amp#27;[38;5;0m[HTTP]&amp#27;[0m &amp#27;[37m<-- POST /session &amp#27;[39m&amp#27;[32m200&amp#27;[39m &amp#27;[90m21934 ms - 469&amp#27;[39m
&amp#27;[38;5;0m[HTTP]&amp#27;[0m &amp#27;[90m&amp#27;[39m
iOS app launched in Simulator
BeforeAll :-App launched

@Smoke @Login
Scenario: validate login functionality  # src/test/resources/Features/Login.feature:5
&amp#27;[38;5;0m[HTTP]&amp#27;[0m &amp#27;[37m-->&amp#27;[39m &amp#27;[37mPOST&amp#27;[39m &amp#27;[37m/session/24b485ec-92a7-408e-ba56-78682df800a3/element&amp#27;[39m
&amp#27;[38;5;0m[HTTP]&amp#27;[0m &amp#27;[90m{"using":"xpath","value":"//XCUIElementTypeButton[@name='tab bar option catalog']"}&amp#27;[39m
[debug] &amp#27;[38;5;32m[XCUITestDriver@55eb (24b485ec)]&amp#27;[0m Calling AppiumDriver.findElement() with args: ["xpath","//XCUIElementTypeButton[@name='tab bar option catalog']","24b485ec-92a7-408e-ba56-78682df800a3"]
[debug] &amp#27;[38;5;32m[XCUITestDriver@55eb (24b485ec)]&amp#27;[0m Executing command 'findElement'
[debug] &amp#27;[38;5;32m[XCUITestDriver@55eb (24b485ec)]&amp#27;[0m Valid locator strategies for this request: xpath, id, name, class name, -ios predicate string, -ios class chain, accessibility id, css selector
[debug] &amp#27;[38;5;32m[XCUITestDriver@55eb (24b485ec)]&amp#27;[0m Waiting up to 0 ms for condition
[debug] &amp#27;[38;5;32m[XCUITestDriver@55eb (24b485ec)]&amp#27;[0m Matched '/element' to command name 'findElement'
[debug] &amp#27;[38;5;32m[XCUITestDriver@55eb (24b485ec)]&amp#27;[0m Proxying [POST /element] to [POST http://127.0.0.1:8100/session/56D70ACD-A8F3-4900-A498-C9E849921D48/element] with body: {"using":"xpath","value":"//XCUIElementTypeButton[@name='tab bar option catalog']"}
[debug] &amp#27;[38;5;32m[XCUITestDriver@55eb (24b485ec)]&amp#27;[0m Got response with status 200: {"value":{"ELEMENT":"33000000-0000-0000-1421-010000000000","element-6066-11e4-a52e-4f735466cecf":"33000000-0000-0000-1421-010000000000"},"sessionId":"56D70ACD-A8F3-4900-A498-C9E849921D48"}
[debug] &amp#27;[38;5;32m[XCUITestDriver@55eb (24b485ec)]&amp#27;[0m Responding to client with driver.findElement() result: {"element-6066-11e4-a52e-4f735466cecf":"33000000-0000-0000-1421-010000000000","ELEMENT":"33000000-0000-0000-1421-010000000000"}
&amp#27;[38;5;0m[HTTP]&amp#27;[0m &amp#27;[37m<-- POST /session/24b485ec-92a7-408e-ba56-78682df800a3/element &amp#27;[39m&amp#27;[32m200&amp#27;[39m &amp#27;[90m5767 ms - 137&amp#27;[39m
&amp#27;[38;5;0m[HTTP]&amp#27;[0m &amp#27;[90m&amp#27;[39m
&amp#27;[38;5;0m[HTTP]&amp#27;[0m &amp#27;[37m-->&amp#27;[39m &amp#27;[37mGET&amp#27;[39m &amp#27;[37m/session/24b485ec-92a7-408e-ba56-78682df800a3/element/33000000-0000-0000-1421-010000000000/displayed&amp#27;[39m
&amp#27;[38;5;0m[HTTP]&amp#27;[0m &amp#27;[90m{}&amp#27;[39m
&amp#27;[38;5;32m[XCUITestDriver@55eb (24b485ec)]&amp#27;[0m Driver proxy active, passing request on via HTTP proxy
[debug] &amp#27;[38;5;32m[XCUITestDriver@55eb (24b485ec)]&amp#27;[0m Executing command 'proxyReqRes'
[debug] &amp#27;[38;5;32m[XCUITestDriver@55eb (24b485ec)]&amp#27;[0m Matched '/session/24b485ec-92a7-408e-ba56-78682df800a3/element/33000000-0000-0000-1421-010000000000/displayed' to command name 'elementDisplayed'
[debug] &amp#27;[38;5;32m[XCUITestDriver@55eb (24b485ec)]&amp#27;[0m Proxying [GET /session/24b485ec-92a7-408e-ba56-78682df800a3/element/33000000-0000-0000-1421-010000000000/displayed] to [GET http://127.0.0.1:8100/session/56D70ACD-A8F3-4900-A498-C9E849921D48/element/33000000-0000-0000-1421-010000000000/displayed] with no body
[debug] &amp#27;[38;5;32m[XCUITestDriver@55eb (24b485ec)]&amp#27;[0m Got response with status 200: {"value":true,"sessionId":"56D70ACD-A8F3-4900-A498-C9E849921D48"}
&amp#27;[38;5;32m[XCUITestDriver@55eb (24b485ec)]&amp#27;[0m Replacing sessionId 56D70ACD-A8F3-4900-A498-C9E849921D48 with 24b485ec-92a7-408e-ba56-78682df800a3
&amp#27;[38;5;0m[HTTP]&amp#27;[0m &amp#27;[37m<-- GET /session/24b485ec-92a7-408e-ba56-78682df800a3/element/33000000-0000-0000-1421-010000000000/displayed &amp#27;[39m&amp#27;[32m200&amp#27;[39m &amp#27;[90m329 ms - 65&amp#27;[39m
&amp#27;[38;5;0m[HTTP]&amp#27;[0m &amp#27;[90m&amp#27;[39m
&amp#27;[38;5;0m[HTTP]&amp#27;[0m &amp#27;[37m-->&amp#27;[39m &amp#27;[37mPOST&amp#27;[39m &amp#27;[37m/session/24b485ec-92a7-408e-ba56-78682df800a3/element&amp#27;[39m
&amp#27;[38;5;0m[HTTP]&amp#27;[0m &amp#27;[90m{"using":"xpath","value":"//XCUIElementTypeButton[@name='tab bar option catalog']"}&amp#27;[39m
[debug] &amp#27;[38;5;32m[XCUITestDriver@55eb (24b485ec)]&amp#27;[0m Calling AppiumDriver.findElement() with args: ["xpath","//XCUIElementTypeButton[@name='tab bar option catalog']","24b485ec-92a7-408e-ba56-78682df800a3"]
[debug] &amp#27;[38;5;32m[XCUITestDriver@55eb (24b485ec)]&amp#27;[0m Executing command 'findElement'
[debug] &amp#27;[38;5;32m[XCUITestDriver@55eb (24b485ec)]&amp#27;[0m Valid locator strategies for this request: xpath, id, name, class name, -ios predicate string, -ios class chain, accessibility id, css selector
[debug] &amp#27;[38;5;32m[XCUITestDriver@55eb (24b485ec)]&amp#27;[0m Waiting up to 0 ms for condition
[debug] &amp#27;[38;5;32m[XCUITestDriver@55eb (24b485ec)]&amp#27;[0m Matched '/element' to command name 'findElement'
[debug] &amp#27;[38;5;32m[XCUITestDriver@55eb (24b485ec)]&amp#27;[0m Proxying [POST /element] to [POST http://127.0.0.1:8100/session/56D70ACD-A8F3-4900-A498-C9E849921D48/element] with body: {"using":"xpath","value":"//XCUIElementTypeButton[@name='tab bar option catalog']"}
[debug] &amp#27;[38;5;32m[XCUITestDriver@55eb (24b485ec)]&amp#27;[0m Got response with status 200: {"value":{"ELEMENT":"33000000-0000-0000-1421-010000000000","element-6066-11e4-a52e-4f735466cecf":"33000000-0000-0000-1421-010000000000"},"sessionId":"56D70ACD-A8F3-4900-A498-C9E849921D48"}
[debug] &amp#27;[38;5;32m[XCUITestDriver@55eb (24b485ec)]&amp#27;[0m Responding to client with driver.findElement() result: {"element-6066-11e4-a52e-4f735466cecf":"33000000-0000-0000-1421-010000000000","ELEMENT":"33000000-0000-0000-1421-010000000000"}
&amp#27;[38;5;0m[HTTP]&amp#27;[0m &amp#27;[37m<-- POST /session/24b485ec-92a7-408e-ba56-78682df800a3/element &amp#27;[39m&amp#27;[32m200&amp#27;[39m &amp#27;[90m5014 ms - 137&amp#27;[39m
&amp#27;[38;5;0m[HTTP]&amp#27;[0m &amp#27;[90m&amp#27;[39m
&amp#27;[38;5;0m[HTTP]&amp#27;[0m &amp#27;[37m-->&amp#27;[39m &amp#27;[37mGET&amp#27;[39m &amp#27;[37m/session/24b485ec-92a7-408e-ba56-78682df800a3/element/33000000-0000-0000-1421-010000000000/rect&amp#27;[39m
&amp#27;[38;5;0m[HTTP]&amp#27;[0m &amp#27;[90m{}&amp#27;[39m
&amp#27;[38;5;32m[XCUITestDriver@55eb (24b485ec)]&amp#27;[0m Driver proxy active, passing request on via HTTP proxy
[debug] &amp#27;[38;5;32m[XCUITestDriver@55eb (24b485ec)]&amp#27;[0m Executing command 'proxyReqRes'
[debug] &amp#27;[38;5;32m[XCUITestDriver@55eb (24b485ec)]&amp#27;[0m Matched '/session/24b485ec-92a7-408e-ba56-78682df800a3/element/33000000-0000-0000-1421-010000000000/rect' to command name 'getElementRect'
[debug] &amp#27;[38;5;32m[XCUITestDriver@55eb (24b485ec)]&amp#27;[0m Proxying [GET /session/24b485ec-92a7-408e-ba56-78682df800a3/element/33000000-0000-0000-1421-010000000000/rect] to [GET http://127.0.0.1:8100/session/56D70ACD-A8F3-4900-A498-C9E849921D48/element/33000000-0000-0000-1421-010000000000/rect] with no body
[debug] &amp#27;[38;5;32m[XCUITestDriver@55eb (24b485ec)]&amp#27;[0m Got response with status 200: {"value":{"y":765,"x":0,"width":130,"height":50},"sessionId":"56D70ACD-A8F3-4900-A498-C9E849921D48"}
&amp#27;[38;5;32m[XCUITestDriver@55eb (24b485ec)]&amp#27;[0m Replacing sessionId 56D70ACD-A8F3-4900-A498-C9E849921D48 with 24b485ec-92a7-408e-ba56-78682df800a3
&amp#27;[38;5;0m[HTTP]&amp#27;[0m &amp#27;[37m<-- GET /session/24b485ec-92a7-408e-ba56-78682df800a3/element/33000000-0000-0000-1421-010000000000/rect &amp#27;[39m&amp#27;[32m200&amp#27;[39m &amp#27;[90m318 ms - 100&amp#27;[39m
&amp#27;[38;5;0m[HTTP]&amp#27;[0m &amp#27;[90m&amp#27;[39m
&amp#27;[38;5;0m[HTTP]&amp#27;[0m &amp#27;[37m-->&amp#27;[39m &amp#27;[37mGET&amp#27;[39m &amp#27;[37m/session/24b485ec-92a7-408e-ba56-78682df800a3/element/33000000-0000-0000-1421-010000000000/rect&amp#27;[39m
&amp#27;[38;5;0m[HTTP]&amp#27;[0m &amp#27;[90m{}&amp#27;[39m
&amp#27;[38;5;32m[XCUITestDriver@55eb (24b485ec)]&amp#27;[0m Driver proxy active, passing request on via HTTP proxy
[debug] &amp#27;[38;5;32m[XCUITestDriver@55eb (24b485ec)]&amp#27;[0m Executing command 'proxyReqRes'
[debug] &amp#27;[38;5;32m[XCUITestDriver@55eb (24b485ec)]&amp#27;[0m Matched '/session/24b485ec-92a7-408e-ba56-78682df800a3/element/33000000-0000-0000-1421-010000000000/rect' to command name 'getElementRect'
[debug] &amp#27;[38;5;32m[XCUITestDriver@55eb (24b485ec)]&amp#27;[0m Proxying [GET /session/24b485ec-92a7-408e-ba56-78682df800a3/element/33000000-0000-0000-1421-010000000000/rect] to [GET http://127.0.0.1:8100/session/56D70ACD-A8F3-4900-A498-C9E849921D48/element/33000000-0000-0000-1421-010000000000/rect] with no body
[debug] &amp#27;[38;5;32m[XCUITestDriver@55eb (24b485ec)]&amp#27;[0m Got response with status 200: {"value":{"y":765,"x":0,"width":130,"height":50},"sessionId":"56D70ACD-A8F3-4900-A498-C9E849921D48"}
&amp#27;[38;5;32m[XCUITestDriver@55eb (24b485ec)]&amp#27;[0m Replacing sessionId 56D70ACD-A8F3-4900-A498-C9E849921D48 with 24b485ec-92a7-408e-ba56-78682df800a3
&amp#27;[38;5;0m[HTTP]&amp#27;[0m &amp#27;[37m<-- GET /session/24b485ec-92a7-408e-ba56-78682df800a3/element/33000000-0000-0000-1421-010000000000/rect &amp#27;[39m&amp#27;[32m200&amp#27;[39m &amp#27;[90m271 ms - 100&amp#27;[39m
&amp#27;[38;5;0m[HTTP]&amp#27;[0m &amp#27;[90m&amp#27;[39m
&amp#27;[38;5;0m[HTTP]&amp#27;[0m &amp#27;[37m-->&amp#27;[39m &amp#27;[37mPOST&amp#27;[39m &amp#27;[37m/session/24b485ec-92a7-408e-ba56-78682df800a3/actions&amp#27;[39m
&amp#27;[38;5;0m[HTTP]&amp#27;[0m &amp#27;[90m{"actions":[{"id":"finger1","type":"pointer","parameters":{"pointerType":"touch"},"actions":[{"duration":0,"type":"pause"},{"duration":0,"x":65,"y":790,"type":"pointerMove","origin":"viewport"},{"button":0,"type":"pointerDown"},{"duration":200,"type":"pause"},{"button":0,"type":"pointerUp"}]}]}&amp#27;[39m
[debug] &amp#27;[38;5;32m[XCUITestDriver@55eb (24b485ec)]&amp#27;[0m Calling AppiumDriver.performActions() with args: [[{"id":"finger1","type":"pointer","parameters":{"pointerType":"touch"},"actions":[{"duration":0,"type":"pause"},{"duration":0,"x":65,"y":790,"type":"pointerMove","origin":"viewport"},{"button":0,"type":"pointerDown"},{"duration":200,"type":"pause"},{"button":0,"type":"pointerUp"}]}],"24b485ec-92a7-408e-ba56-78682df800a3"]
[debug] &amp#27;[38;5;32m[XCUITestDriver@55eb (24b485ec)]&amp#27;[0m Executing command 'performActions'
[debug] &amp#27;[38;5;32m[XCUITestDriver@55eb (24b485ec)]&amp#27;[0m Received the following W3C actions: [
[debug] &amp#27;[38;5;32m[XCUITestDriver@55eb (24b485ec)]&amp#27;[0m   {
[debug] &amp#27;[38;5;32m[XCUITestDriver@55eb (24b485ec)]&amp#27;[0m     "id": "finger1",
[debug] &amp#27;[38;5;32m[XCUITestDriver@55eb (24b485ec)]&amp#27;[0m     "type": "pointer",
[debug] &amp#27;[38;5;32m[XCUITestDriver@55eb (24b485ec)]&amp#27;[0m     "parameters": {
[debug] &amp#27;[38;5;32m[XCUITestDriver@55eb (24b485ec)]&amp#27;[0m       "pointerType": "touch"
[debug] &amp#27;[38;5;32m[XCUITestDriver@55eb (24b485ec)]&amp#27;[0m     },
[debug] &amp#27;[38;5;32m[XCUITestDriver@55eb (24b485ec)]&amp#27;[0m     "actions": [
[debug] &amp#27;[38;5;32m[XCUITestDriver@55eb (24b485ec)]&amp#27;[0m       {
[debug] &amp#27;[38;5;32m[XCUITestDriver@55eb (24b485ec)]&amp#27;[0m         "duration": 0,
[debug] &amp#27;[38;5;32m[XCUITestDriver@55eb (24b485ec)]&amp#27;[0m         "type": "pause"
[debug] &amp#27;[38;5;32m[XCUITestDriver@55eb (24b485ec)]&amp#27;[0m       },
[debug] &amp#27;[38;5;32m[XCUITestDriver@55eb (24b485ec)]&amp#27;[0m       {
[debug] &amp#27;[38;5;32m[XCUITestDriver@55eb (24b485ec)]&amp#27;[0m         "duration": 0,
[debug] &amp#27;[38;5;32m[XCUITestDriver@55eb (24b485ec)]&amp#27;[0m         "x": 65,
[debug] &amp#27;[38;5;32m[XCUITestDriver@55eb (24b485ec)]&amp#27;[0m         "y": 790,
[debug] &amp#27;[38;5;32m[XCUITestDriver@55eb (24b485ec)]&amp#27;[0m         "type": "pointerMove",
[debug] &amp#27;[38;5;32m[XCUITestDriver@55eb (24b485ec)]&amp#27;[0m         "origin": "viewport"
[debug] &amp#27;[38;5;32m[XCUITestDriver@55eb (24b485ec)]&amp#27;[0m       },
[debug] &amp#27;[38;5;32m[XCUITestDriver@55eb (24b485ec)]&amp#27;[0m       {
[debug] &amp#27;[38;5;32m[XCUITestDriver@55eb (24b485ec)]&amp#27;[0m         "button": 0,
[debug] &amp#27;[38;5;32m[XCUITestDriver@55eb (24b485ec)]&amp#27;[0m         "type": "pointerDown"
[debug] &amp#27;[38;5;32m[XCUITestDriver@55eb (24b485ec)]&amp#27;[0m       },
[debug] &amp#27;[38;5;32m[XCUITestDriver@55eb (24b485ec)]&amp#27;[0m       {
[debug] &amp#27;[38;5;32m[XCUITestDriver@55eb (24b485ec)]&amp#27;[0m         "duration": 200,
[debug] &amp#27;[38;5;32m[XCUITestDriver@55eb (24b485ec)]&amp#27;[0m         "type": "pause"
[debug] &amp#27;[38;5;32m[XCUITestDriver@55eb (24b485ec)]&amp#27;[0m       },
[debug] &amp#27;[38;5;32m[XCUITestDriver@55eb (24b485ec)]&amp#27;[0m       {
[debug] &amp#27;[38;5;32m[XCUITestDriver@55eb (24b485ec)]&amp#27;[0m         "button": 0,
[debug] &amp#27;[38;5;32m[XCUITestDriver@55eb (24b485ec)]&amp#27;[0m         "type": "pointerUp"
[debug] &amp#27;[38;5;32m[XCUITestDriver@55eb (24b485ec)]&amp#27;[0m       }
[debug] &amp#27;[38;5;32m[XCUITestDriver@55eb (24b485ec)]&amp#27;[0m     ]
[debug] &amp#27;[38;5;32m[XCUITestDriver@55eb (24b485ec)]&amp#27;[0m   }
[debug] &amp#27;[38;5;32m[XCUITestDriver@55eb (24b485ec)]&amp#27;[0m ]
[debug] &amp#27;[38;5;32m[XCUITestDriver@55eb (24b485ec)]&amp#27;[0m Preprocessed actions: [
[debug] &amp#27;[38;5;32m[XCUITestDriver@55eb (24b485ec)]&amp#27;[0m   {
[debug] &amp#27;[38;5;32m[XCUITestDriver@55eb (24b485ec)]&amp#27;[0m     "id": "finger1",
[debug] &amp#27;[38;5;32m[XCUITestDriver@55eb (24b485ec)]&amp#27;[0m     "type": "pointer",
[debug] &amp#27;[38;5;32m[XCUITestDriver@55eb (24b485ec)]&amp#27;[0m     "parameters": {
[debug] &amp#27;[38;5;32m[XCUITestDriver@55eb (24b485ec)]&amp#27;[0m       "pointerType": "touch"
[debug] &amp#27;[38;5;32m[XCUITestDriver@55eb (24b485ec)]&amp#27;[0m     },
[debug] &amp#27;[38;5;32m[XCUITestDriver@55eb (24b485ec)]&amp#27;[0m     "actions": [
[debug] &amp#27;[38;5;32m[XCUITestDriver@55eb (24b485ec)]&amp#27;[0m       {
[debug] &amp#27;[38;5;32m[XCUITestDriver@55eb (24b485ec)]&amp#27;[0m         "duration": 0,
[debug] &amp#27;[38;5;32m[XCUITestDriver@55eb (24b485ec)]&amp#27;[0m         "x": 65,
[debug] &amp#27;[38;5;32m[XCUITestDriver@55eb (24b485ec)]&amp#27;[0m         "y": 790,
[debug] &amp#27;[38;5;32m[XCUITestDriver@55eb (24b485ec)]&amp#27;[0m         "type": "pointerMove",
[debug] &amp#27;[38;5;32m[XCUITestDriver@55eb (24b485ec)]&amp#27;[0m         "origin": "viewport"
[debug] &amp#27;[38;5;32m[XCUITestDriver@55eb (24b485ec)]&amp#27;[0m       },
[debug] &amp#27;[38;5;32m[XCUITestDriver@55eb (24b485ec)]&amp#27;[0m       {
[debug] &amp#27;[38;5;32m[XCUITestDriver@55eb (24b485ec)]&amp#27;[0m         "button": 0,
[debug] &amp#27;[38;5;32m[XCUITestDriver@55eb (24b485ec)]&amp#27;[0m         "type": "pointerDown"
[debug] &amp#27;[38;5;32m[XCUITestDriver@55eb (24b485ec)]&amp#27;[0m       },
[debug] &amp#27;[38;5;32m[XCUITestDriver@55eb (24b485ec)]&amp#27;[0m       {
[debug] &amp#27;[38;5;32m[XCUITestDriver@55eb (24b485ec)]&amp#27;[0m         "duration": 200,
[debug] &amp#27;[38;5;32m[XCUITestDriver@55eb (24b485ec)]&amp#27;[0m         "type": "pause"
[debug] &amp#27;[38;5;32m[XCUITestDriver@55eb (24b485ec)]&amp#27;[0m       },
[debug] &amp#27;[38;5;32m[XCUITestDriver@55eb (24b485ec)]&amp#27;[0m       {
[debug] &amp#27;[38;5;32m[XCUITestDriver@55eb (24b485ec)]&amp#27;[0m         "button": 0,
[debug] &amp#27;[38;5;32m[XCUITestDriver@55eb (24b485ec)]&amp#27;[0m         "type": "pointerUp"
[debug] &amp#27;[38;5;32m[XCUITestDriver@55eb (24b485ec)]&amp#27;[0m       }
[debug] &amp#27;[38;5;32m[XCUITestDriver@55eb (24b485ec)]&amp#27;[0m     ]
[debug] &amp#27;[38;5;32m[XCUITestDriver@55eb (24b485ec)]&amp#27;[0m   }
[debug] &amp#27;[38;5;32m[XCUITestDriver@55eb (24b485ec)]&amp#27;[0m ]
[debug] &amp#27;[38;5;32m[XCUITestDriver@55eb (24b485ec)]&amp#27;[0m Matched '/actions' to command name 'performActions'
[debug] &amp#27;[38;5;32m[XCUITestDriver@55eb (24b485ec)]&amp#27;[0m Proxying [POST /actions] to [POST http://127.0.0.1:8100/session/56D70ACD-A8F3-4900-A498-C9E849921D48/actions] with body: {"actions":[{"id":"finger1","type":"pointer","parameters":{"pointerType":"touch"},"actions":[{"duration":0,"x":65,"y":790,"type":"pointerMove","origin":"viewport"},{"button":0,"type":"pointerDown"},{"duration":200,"type":"pause"},{"button":0,"type":"pointerUp"}]}]}
[debug] &amp#27;[38;5;32m[XCUITestDriver@55eb (24b485ec)]&amp#27;[0m Got response with status 200: {"value":null,"sessionId":"56D70ACD-A8F3-4900-A498-C9E849921D48"}
[debug] &amp#27;[38;5;32m[XCUITestDriver@55eb (24b485ec)]&amp#27;[0m Responding to client with driver.performActions() result: null
&amp#27;[38;5;0m[HTTP]&amp#27;[0m &amp#27;[37m<-- POST /session/24b485ec-92a7-408e-ba56-78682df800a3/actions &amp#27;[39m&amp#27;[32m200&amp#27;[39m &amp#27;[90m1243 ms - 14&amp#27;[39m
&amp#27;[38;5;0m[HTTP]&amp#27;[0m &amp#27;[90m&amp#27;[39m
&amp#27;[38;5;0m[HTTP]&amp#27;[0m &amp#27;[37m-->&amp#27;[39m &amp#27;[37mPOST&amp#27;[39m &amp#27;[37m/session/24b485ec-92a7-408e-ba56-78682df800a3/element&amp#27;[39m
&amp#27;[38;5;0m[HTTP]&amp#27;[0m &amp#27;[90m{"using":"xpath","value":"//XCUIElementTypeStaticText[@name='Products']"}&amp#27;[39m
[debug] &amp#27;[38;5;32m[XCUITestDriver@55eb (24b485ec)]&amp#27;[0m Calling AppiumDriver.findElement() with args: ["xpath","//XCUIElementTypeStaticText[@name='Products']","24b485ec-92a7-408e-ba56-78682df800a3"]
[debug] &amp#27;[38;5;32m[XCUITestDriver@55eb (24b485ec)]&amp#27;[0m Executing command 'findElement'
[debug] &amp#27;[38;5;32m[XCUITestDriver@55eb (24b485ec)]&amp#27;[0m Valid locator strategies for this request: xpath, id, name, class name, -ios predicate string, -ios class chain, accessibility id, css selector
[debug] &amp#27;[38;5;32m[XCUITestDriver@55eb (24b485ec)]&amp#27;[0m Waiting up to 0 ms for condition
[debug] &amp#27;[38;5;32m[XCUITestDriver@55eb (24b485ec)]&amp#27;[0m Matched '/element' to command name 'findElement'
[debug] &amp#27;[38;5;32m[XCUITestDriver@55eb (24b485ec)]&amp#27;[0m Proxying [POST /element] to [POST http://127.0.0.1:8100/session/56D70ACD-A8F3-4900-A498-C9E849921D48/element] with body: {"using":"xpath","value":"//XCUIElementTypeStaticText[@name='Products']"}
[debug] &amp#27;[38;5;32m[XCUITestDriver@55eb (24b485ec)]&amp#27;[0m Got response with status 200: {"value":{"ELEMENT":"5B000000-0000-0000-1421-010000000000","element-6066-11e4-a52e-4f735466cecf":"5B000000-0000-0000-1421-010000000000"},"sessionId":"56D70ACD-A8F3-4900-A498-C9E849921D48"}
[debug] &amp#27;[38;5;32m[XCUITestDriver@55eb (24b485ec)]&amp#27;[0m Responding to client with driver.findElement() result: {"element-6066-11e4-a52e-4f735466cecf":"5B000000-0000-0000-1421-010000000000","ELEMENT":"5B000000-0000-0000-1421-010000000000"}
&amp#27;[38;5;0m[HTTP]&amp#27;[0m &amp#27;[37m<-- POST /session/24b485ec-92a7-408e-ba56-78682df800a3/element &amp#27;[39m&amp#27;[32m200&amp#27;[39m &amp#27;[90m4203 ms - 137&amp#27;[39m
&amp#27;[38;5;0m[HTTP]&amp#27;[0m &amp#27;[90m&amp#27;[39m
&amp#27;[38;5;0m[HTTP]&amp#27;[0m &amp#27;[37m-->&amp#27;[39m &amp#27;[37mGET&amp#27;[39m &amp#27;[37m/session/24b485ec-92a7-408e-ba56-78682df800a3/element/5B000000-0000-0000-1421-010000000000/displayed&amp#27;[39m
&amp#27;[38;5;0m[HTTP]&amp#27;[0m &amp#27;[90m{}&amp#27;[39m
&amp#27;[38;5;32m[XCUITestDriver@55eb (24b485ec)]&amp#27;[0m Driver proxy active, passing request on via HTTP proxy
[debug] &amp#27;[38;5;32m[XCUITestDriver@55eb (24b485ec)]&amp#27;[0m Executing command 'proxyReqRes'
[debug] &amp#27;[38;5;32m[XCUITestDriver@55eb (24b485ec)]&amp#27;[0m Matched '/session/24b485ec-92a7-408e-ba56-78682df800a3/element/5B000000-0000-0000-1421-010000000000/displayed' to command name 'elementDisplayed'
[debug] &amp#27;[38;5;32m[XCUITestDriver@55eb (24b485ec)]&amp#27;[0m Proxying [GET /session/24b485ec-92a7-408e-ba56-78682df800a3/element/5B000000-0000-0000-1421-010000000000/displayed] to [GET http://127.0.0.1:8100/session/56D70ACD-A8F3-4900-A498-C9E849921D48/element/5B000000-0000-0000-1421-010000000000/displayed] with no body
[debug] &amp#27;[38;5;32m[XCUITestDriver@55eb (24b485ec)]&amp#27;[0m Got response with status 200: {"value":true,"sessionId":"56D70ACD-A8F3-4900-A498-C9E849921D48"}
&amp#27;[38;5;32m[XCUITestDriver@55eb (24b485ec)]&amp#27;[0m Replacing sessionId 56D70ACD-A8F3-4900-A498-C9E849921D48 with 24b485ec-92a7-408e-ba56-78682df800a3
&amp#27;[38;5;0m[HTTP]&amp#27;[0m &amp#27;[37m<-- GET /session/24b485ec-92a7-408e-ba56-78682df800a3/element/5B000000-0000-0000-1421-010000000000/displayed &amp#27;[39m&amp#27;[32m200&amp#27;[39m &amp#27;[90m298 ms - 65&amp#27;[39m
&amp#27;[38;5;0m[HTTP]&amp#27;[0m &amp#27;[90m&amp#27;[39m
  Given User is on Cataloge page        # StepDefinations.NavigationSteps.user_is_on_cataloge_page()
&amp#27;[38;5;0m[HTTP]&amp#27;[0m &amp#27;[37m-->&amp#27;[39m &amp#27;[37mGET&amp#27;[39m &amp#27;[37m/session/24b485ec-92a7-408e-ba56-78682df800a3/screenshot&amp#27;[39m
&amp#27;[38;5;0m[HTTP]&amp#27;[0m &amp#27;[90m{}&amp#27;[39m
[debug] &amp#27;[38;5;32m[XCUITestDriver@55eb (24b485ec)]&amp#27;[0m Calling AppiumDriver.getScreenshot() with args: ["24b485ec-92a7-408e-ba56-78682df800a3"]
[debug] &amp#27;[38;5;32m[XCUITestDriver@55eb (24b485ec)]&amp#27;[0m Executing command 'getScreenshot'
[debug] &amp#27;[38;5;32m[XCUITestDriver@55eb (24b485ec)]&amp#27;[0m Taking screenshot with WDA
[debug] &amp#27;[38;5;32m[XCUITestDriver@55eb (24b485ec)]&amp#27;[0m Matched '/screenshot' to command name 'getScreenshot'
[debug] &amp#27;[38;5;32m[XCUITestDriver@55eb (24b485ec)]&amp#27;[0m Proxying [GET /screenshot] to [GET http://127.0.0.1:8100/session/56D70ACD-A8F3-4900-A498-C9E849921D48/screenshot] with no body
[debug] &amp#27;[38;5;32m[XCUITestDriver@55eb (24b485ec)]&amp#27;[0m Got response with status 200: {"value":"iVBORw0KGgoAAAANSUhEUgAABJIAAAnkCAYAAABWQUsDAAAAAXNSR0IArs4c6QAAADhlWElmTU0AKgAAAAgAAYdpAAQAAAABAAAAGgAAAAAAAqACAAQAAAABAAAEkqADAAQAAAABAAAJ5AAAAADoPni0AAAAHGlET1QAAAACAAAAAAAABPIAAAAoAAAE8gAABPIADaSoOJE+ZgAAQABJREFUeAHs3Qm8XGd533FT2tDSFpqmIZCwBEIJCWnaBBpIGpImEJKSkEBoQz5sIaFN2hISICl4B1uy5F2WLcmWJduyZVuWd8v7vq+ysbzv8i5Z3mRtd/Z5+/yfO+/4zNwz975n7syde8XvfD7Dla7OPefMd94ZfP73fZ53j8CGAAIIIIAAAggggAACCCCAAAIIIIBAgsAeCfuwCwIIIIAAAggggAACCCCAAAIIIIAAAoEgiUGAAAIIIIAAAggggAACCCCAAAIIIJAkQJCUxMROCCCAAAIIIIAAAggggAACCCCAAAIESYwBBBBAAAEEEEAAAQQQQAABBBBAAIEkAYKkJCZ2QgABBBBAAAEEEEAAAQQQQAABBBAgSGIMIIAAAggggAACCCCAAAIIIIAAAggkCRAkJTGxEwIIIIAAAggggAACCCCAAAIIIIAAQRJjAAEEEEAAAQQQQAABBBBAAAEEEEAgSYAgKYmJnRBAAAEEEEAAAQQQQAABBBBAAAEECJIYAwgggAACCCCAAAIIIIAAAggggAACSQIESUlM7IQAAggggAACCCCAAAIIIIAAAgggQJDEGEAAAQQQQAABBBBAAAEEEEAAAQQQSBIgSEpiYicEEEAAAQQQQAABBBBAAAEEEEAAAYIkxgACCCCAAAIIIIAAAggggAACCCCAQJIAQVISEzshgAACCCCAAAIIIIAAAggggAACCBAkMQYQQAABBBBAAAEEEEAAAQQQQAABBJIECJKSmNgJAQQQQAABBBBAAAEEEEAAAQQQQIAgiTGAAAIIIIAAAgg...
[debug] &amp#27;[38;5;32m[XCUITestDriver@55eb (24b485ec)]&amp#27;[0m Responding to client with driver.getScreenshot() result: "iVBORw0KGgoAAAANSUhEUgAABJIAAAnkCAYAAABWQUsDAAAAAXNSR0IArs4c6QAAADhlWElmTU0AKgAAAAgAAYdpAAQAAAABAAAAGgAAAAAAAqACAAQAAAABAAAEkqADAAQAAAABAAAJ5AAAAADoPni0AAAAHGlET1QAAAACAAAAAAAABPIAAAAoAAAE8gAABPIADaSoOJE+ZgAAQABJREFUeAHs3Qm8XGd533FT2tDSFpqmIZCwBEIJCWnaBBpIGpImEJKSkEBoQz5sIaFN2hISICl4B1uy5F2WLcmWJduyZVuWd8v7vq+ysbzv8i5Z3mRtd/Z5+/yfO+/4zNwz975n7syde8XvfD7Dla7OPefMd94ZfP73fZ53j8CGAAIIIIAAAggggAACCCCAAAIIIIBAgsAeCfuwCwIIIIAAAggggAACCCCAAAIIIIAAAoEgiUGAAAIIIIAAAggggAACCCCAAAIIIJAkQJCUxMROCCCAAAIIIIAAAggggAACCCCAAAIESYwBBBBAAAEEEEAAAQQQQAABBBBAAIEkAYKkJCZ2QgABBBBAAAEEEEAAAQQQQAABBBAgSGIMIIAAAggggAACCCCAAAIIIIAAAggkCRAkJTGxEwIIIIAAAggggAACCCCAAAIIIIAAQRJjAAEEEEAAAQQQQAABBBBAAAEEEEAgSYAgKYmJnRBAAAEEEEAAAQQQQAABBBBAAAEECJIYAwgggAACCCCAAAIIIIAAAggggAACSQIESUlM7IQAAggggAACCCCAAAIIIIAAAgggQJDEGEAAAQQQQAABBBBAAAEEEEAAAQQQSBIgSEpiYicEEEAAAQQQQAABBBBAAAEEEEAAAYIkxgACCCCAAAIIIIAAAggggAACCCCAQJIAQVISEzshgAACCCCAAAIIIIAAAggggAACCBAkMQYQQAABBBBAAAEEEEAAAQQQQAABBJIECJKSmNgJAQQQQAABBBBAAAEEEEAAAQQQQIAgiTGAAAIIIIAAAggggAACCCCA...
&amp#27;[38;5;0m[HTTP]&amp#27;[0m &amp#27;[37m<-- GET /session/24b485ec-92a7-408e-ba56-78682df800a3/screenshot &amp#27;[39m&amp#27;[32m200&amp#27;[39m &amp#27;[90m1321 ms - 2231128&amp#27;[39m
&amp#27;[38;5;0m[HTTP]&amp#27;[0m &amp#27;[90m&amp#27;[39m

    Embedding screenshot [image/png 1673336 bytes]

&amp#27;[38;5;0m[HTTP]&amp#27;[0m &amp#27;[37m-->&amp#27;[39m &amp#27;[37mPOST&amp#27;[39m &amp#27;[37m/session/24b485ec-92a7-408e-ba56-78682df800a3/element&amp#27;[39m
&amp#27;[38;5;0m[HTTP]&amp#27;[0m &amp#27;[90m{"using":"xpath","value":"//XCUIElementTypeButton[@name='tab bar option menu']"}&amp#27;[39m
[debug] &amp#27;[38;5;32m[XCUITestDriver@55eb (24b485ec)]&amp#27;[0m Calling AppiumDriver.findElement() with args: ["xpath","//XCUIElementTypeButton[@name='tab bar option menu']","24b485ec-92a7-408e-ba56-78682df800a3"]
[debug] &amp#27;[38;5;32m[XCUITestDriver@55eb (24b485ec)]&amp#27;[0m Executing command 'findElement'
[debug] &amp#27;[38;5;32m[XCUITestDriver@55eb (24b485ec)]&amp#27;[0m Valid locator strategies for this request: xpath, id, name, class name, -ios predicate string, -ios class chain, accessibility id, css selector
[debug] &amp#27;[38;5;32m[XCUITestDriver@55eb (24b485ec)]&amp#27;[0m Waiting up to 0 ms for condition
[debug] &amp#27;[38;5;32m[XCUITestDriver@55eb (24b485ec)]&amp#27;[0m Matched '/element' to command name 'findElement'
[debug] &amp#27;[38;5;32m[XCUITestDriver@55eb (24b485ec)]&amp#27;[0m Proxying [POST /element] to [POST http://127.0.0.1:8100/session/56D70ACD-A8F3-4900-A498-C9E849921D48/element] with body: {"using":"xpath","value":"//XCUIElementTypeButton[@name='tab bar option menu']"}
[debug] &amp#27;[38;5;32m[XCUITestDriver@55eb (24b485ec)]&amp#27;[0m Got response with status 200: {"value":{"ELEMENT":"35000000-0000-0000-1421-010000000000","element-6066-11e4-a52e-4f735466cecf":"35000000-0000-0000-1421-010000000000"},"sessionId":"56D70ACD-A8F3-4900-A498-C9E849921D48"}
[debug] &amp#27;[38;5;32m[XCUITestDriver@55eb (24b485ec)]&amp#27;[0m Responding to client with driver.findElement() result: {"element-6066-11e4-a52e-4f735466cecf":"35000000-0000-0000-1421-010000000000","ELEMENT":"35000000-0000-0000-1421-010000000000"}
&amp#27;[38;5;0m[HTTP]&amp#27;[0m &amp#27;[37m<-- POST /session/24b485ec-92a7-408e-ba56-78682df800a3/element &amp#27;[39m&amp#27;[32m200&amp#27;[39m &amp#27;[90m4613 ms - 137&amp#27;[39m
&amp#27;[38;5;0m[HTTP]&amp#27;[0m &amp#27;[90m&amp#27;[39m
&amp#27;[38;5;0m[HTTP]&amp#27;[0m &amp#27;[37m-->&amp#27;[39m &amp#27;[37mGET&amp#27;[39m &amp#27;[37m/session/24b485ec-92a7-408e-ba56-78682df800a3/element/35000000-0000-0000-1421-010000000000/displayed&amp#27;[39m
&amp#27;[38;5;0m[HTTP]&amp#27;[0m &amp#27;[90m{}&amp#27;[39m
&amp#27;[38;5;32m[XCUITestDriver@55eb (24b485ec)]&amp#27;[0m Driver proxy active, passing request on via HTTP proxy
[debug] &amp#27;[38;5;32m[XCUITestDriver@55eb (24b485ec)]&amp#27;[0m Executing command 'proxyReqRes'
[debug] &amp#27;[38;5;32m[XCUITestDriver@55eb (24b485ec)]&amp#27;[0m Matched '/session/24b485ec-92a7-408e-ba56-78682df800a3/element/35000000-0000-0000-1421-010000000000/displayed' to command name 'elementDisplayed'
[debug] &amp#27;[38;5;32m[XCUITestDriver@55eb (24b485ec)]&amp#27;[0m Proxying [GET /session/24b485ec-92a7-408e-ba56-78682df800a3/element/35000000-0000-0000-1421-010000000000/displayed] to [GET http://127.0.0.1:8100/session/56D70ACD-A8F3-4900-A498-C9E849921D48/element/35000000-0000-0000-1421-010000000000/displayed] with no body
[debug] &amp#27;[38;5;32m[XCUITestDriver@55eb (24b485ec)]&amp#27;[0m Got response with status 200: {"value":true,"sessionId":"56D70ACD-A8F3-4900-A498-C9E849921D48"}
&amp#27;[38;5;32m[XCUITestDriver@55eb (24b485ec)]&amp#27;[0m Replacing sessionId 56D70ACD-A8F3-4900-A498-C9E849921D48 with 24b485ec-92a7-408e-ba56-78682df800a3
&amp#27;[38;5;0m[HTTP]&amp#27;[0m &amp#27;[37m<-- GET /session/24b485ec-92a7-408e-ba56-78682df800a3/element/35000000-0000-0000-1421-010000000000/displayed &amp#27;[39m&amp#27;[32m200&amp#27;[39m &amp#27;[90m288 ms - 65&amp#27;[39m
&amp#27;[38;5;0m[HTTP]&amp#27;[0m &amp#27;[90m&amp#27;[39m
&amp#27;[38;5;0m[HTTP]&amp#27;[0m &amp#27;[37m-->&amp#27;[39m &amp#27;[37mPOST&amp#27;[39m &amp#27;[37m/session/24b485ec-92a7-408e-ba56-78682df800a3/element&amp#27;[39m
&amp#27;[38;5;0m[HTTP]&amp#27;[0m &amp#27;[90m{"using":"xpath","value":"//XCUIElementTypeButton[@name='tab bar option menu']"}&amp#27;[39m
[debug] &amp#27;[38;5;32m[XCUITestDriver@55eb (24b485ec)]&amp#27;[0m Calling AppiumDriver.findElement() with args: ["xpath","//XCUIElementTypeButton[@name='tab bar option menu']","24b485ec-92a7-408e-ba56-78682df800a3"]
[debug] &amp#27;[38;5;32m[XCUITestDriver@55eb (24b485ec)]&amp#27;[0m Executing command 'findElement'
[debug] &amp#27;[38;5;32m[XCUITestDriver@55eb (24b485ec)]&amp#27;[0m Valid locator strategies for this request: xpath, id, name, class name, -ios predicate string, -ios class chain, accessibility id, css selector
[debug] &amp#27;[38;5;32m[XCUITestDriver@55eb (24b485ec)]&amp#27;[0m Waiting up to 0 ms for condition
[debug] &amp#27;[38;5;32m[XCUITestDriver@55eb (24b485ec)]&amp#27;[0m Matched '/element' to command name 'findElement'
[debug] &amp#27;[38;5;32m[XCUITestDriver@55eb (24b485ec)]&amp#27;[0m Proxying [POST /element] to [POST http://127.0.0.1:8100/session/56D70ACD-A8F3-4900-A498-C9E849921D48/element] with body: {"using":"xpath","value":"//XCUIElementTypeButton[@name='tab bar option menu']"}
[debug] &amp#27;[38;5;32m[XCUITestDriver@55eb (24b485ec)]&amp#27;[0m Got response with status 200: {"value":{"ELEMENT":"35000000-0000-0000-1421-010000000000","element-6066-11e4-a52e-4f735466cecf":"35000000-0000-0000-1421-010000000000"},"sessionId":"56D70ACD-A8F3-4900-A498-C9E849921D48"}
[debug] &amp#27;[38;5;32m[XCUITestDriver@55eb (24b485ec)]&amp#27;[0m Responding to client with driver.findElement() result: {"element-6066-11e4-a52e-4f735466cecf":"35000000-0000-0000-1421-010000000000","ELEMENT":"35000000-0000-0000-1421-010000000000"}
&amp#27;[38;5;0m[HTTP]&amp#27;[0m &amp#27;[37m<-- POST /session/24b485ec-92a7-408e-ba56-78682df800a3/element &amp#27;[39m&amp#27;[32m200&amp#27;[39m &amp#27;[90m5660 ms - 137&amp#27;[39m
&amp#27;[38;5;0m[HTTP]&amp#27;[0m &amp#27;[90m&amp#27;[39m
&amp#27;[38;5;0m[HTTP]&amp#27;[0m &amp#27;[37m-->&amp#27;[39m &amp#27;[37mGET&amp#27;[39m &amp#27;[37m/session/24b485ec-92a7-408e-ba56-78682df800a3/element/35000000-0000-0000-1421-010000000000/rect&amp#27;[39m
&amp#27;[38;5;0m[HTTP]&amp#27;[0m &amp#27;[90m{}&amp#27;[39m
&amp#27;[38;5;32m[XCUITestDriver@55eb (24b485ec)]&amp#27;[0m Driver proxy active, passing request on via HTTP proxy
[debug] &amp#27;[38;5;32m[XCUITestDriver@55eb (24b485ec)]&amp#27;[0m Executing command 'proxyReqRes'
[debug] &amp#27;[38;5;32m[XCUITestDriver@55eb (24b485ec)]&amp#27;[0m Matched '/session/24b485ec-92a7-408e-ba56-78682df800a3/element/35000000-0000-0000-1421-010000000000/rect' to command name 'getElementRect'
[debug] &amp#27;[38;5;32m[XCUITestDriver@55eb (24b485ec)]&amp#27;[0m Proxying [GET /session/24b485ec-92a7-408e-ba56-78682df800a3/element/35000000-0000-0000-1421-010000000000/rect] to [GET http://127.0.0.1:8100/session/56D70ACD-A8F3-4900-A498-C9E849921D48/element/35000000-0000-0000-1421-010000000000/rect] with no body
[debug] &amp#27;[38;5;32m[XCUITestDriver@55eb (24b485ec)]&amp#27;[0m Got response with status 200: {"value":{"y":765,"x":260,"width":130,"height":50},"sessionId":"56D70ACD-A8F3-4900-A498-C9E849921D48"}
&amp#27;[38;5;32m[XCUITestDriver@55eb (24b485ec)]&amp#27;[0m Replacing sessionId 56D70ACD-A8F3-4900-A498-C9E849921D48 with 24b485ec-92a7-408e-ba56-78682df800a3
&amp#27;[38;5;0m[HTTP]&amp#27;[0m &amp#27;[37m<-- GET /session/24b485ec-92a7-408e-ba56-78682df800a3/element/35000000-0000-0000-1421-010000000000/rect &amp#27;[39m&amp#27;[32m200&amp#27;[39m &amp#27;[90m288 ms - 102&amp#27;[39m
&amp#27;[38;5;0m[HTTP]&amp#27;[0m &amp#27;[90m&amp#27;[39m
&amp#27;[38;5;0m[HTTP]&amp#27;[0m &amp#27;[37m-->&amp#27;[39m &amp#27;[37mGET&amp#27;[39m &amp#27;[37m/session/24b485ec-92a7-408e-ba56-78682df800a3/element/35000000-0000-0000-1421-010000000000/rect&amp#27;[39m
&amp#27;[38;5;0m[HTTP]&amp#27;[0m &amp#27;[90m{}&amp#27;[39m
&amp#27;[38;5;32m[XCUITestDriver@55eb (24b485ec)]&amp#27;[0m Driver proxy active, passing request on via HTTP proxy
[debug] &amp#27;[38;5;32m[XCUITestDriver@55eb (24b485ec)]&amp#27;[0m Executing command 'proxyReqRes'
[debug] &amp#27;[38;5;32m[XCUITestDriver@55eb (24b485ec)]&amp#27;[0m Matched '/session/24b485ec-92a7-408e-ba56-78682df800a3/element/35000000-0000-0000-1421-010000000000/rect' to command name 'getElementRect'
[debug] &amp#27;[38;5;32m[XCUITestDriver@55eb (24b485ec)]&amp#27;[0m Proxying [GET /session/24b485ec-92a7-408e-ba56-78682df800a3/element/35000000-0000-0000-1421-010000000000/rect] to [GET http://127.0.0.1:8100/session/56D70ACD-A8F3-4900-A498-C9E849921D48/element/35000000-0000-0000-1421-010000000000/rect] with no body
[debug] &amp#27;[38;5;32m[XCUITestDriver@55eb (24b485ec)]&amp#27;[0m Got response with status 200: {"value":{"y":765,"x":260,"width":130,"height":50},"sessionId":"56D70ACD-A8F3-4900-A498-C9E849921D48"}
&amp#27;[38;5;32m[XCUITestDriver@55eb (24b485ec)]&amp#27;[0m Replacing sessionId 56D70ACD-A8F3-4900-A498-C9E849921D48 with 24b485ec-92a7-408e-ba56-78682df800a3
&amp#27;[38;5;0m[HTTP]&amp#27;[0m &amp#27;[37m<-- GET /session/24b485ec-92a7-408e-ba56-78682df800a3/element/35000000-0000-0000-1421-010000000000/rect &amp#27;[39m&amp#27;[32m200&amp#27;[39m &amp#27;[90m192 ms - 102&amp#27;[39m
&amp#27;[38;5;0m[HTTP]&amp#27;[0m &amp#27;[90m&amp#27;[39m
&amp#27;[38;5;0m[HTTP]&amp#27;[0m &amp#27;[37m-->&amp#27;[39m &amp#27;[37mPOST&amp#27;[39m &amp#27;[37m/session/24b485ec-92a7-408e-ba56-78682df800a3/actions&amp#27;[39m
&amp#27;[38;5;0m[HTTP]&amp#27;[0m &amp#27;[90m{"actions":[{"id":"finger1","type":"pointer","parameters":{"pointerType":"touch"},"actions":[{"duration":0,"type":"pause"},{"duration":0,"x":325,"y":790,"type":"pointerMove","origin":"viewport"},{"button":0,"type":"pointerDown"},{"duration":200,"type":"pause"},{"button":0,"type":"pointerUp"}]}]}&amp#27;[39m
[debug] &amp#27;[38;5;32m[XCUITestDriver@55eb (24b485ec)]&amp#27;[0m Calling AppiumDriver.performActions() with args: [[{"id":"finger1","type":"pointer","parameters":{"pointerType":"touch"},"actions":[{"duration":0,"type":"pause"},{"duration":0,"x":325,"y":790,"type":"pointerMove","origin":"viewport"},{"button":0,"type":"pointerDown"},{"duration":200,"type":"pause"},{"button":0,"type":"pointerUp"}]}],"24b485ec-92a7-408e-ba56-78682df800a3"]
[debug] &amp#27;[38;5;32m[XCUITestDriver@55eb (24b485ec)]&amp#27;[0m Executing command 'performActions'
[debug] &amp#27;[38;5;32m[XCUITestDriver@55eb (24b485ec)]&amp#27;[0m Received the following W3C actions: [
[debug] &amp#27;[38;5;32m[XCUITestDriver@55eb (24b485ec)]&amp#27;[0m   {
[debug] &amp#27;[38;5;32m[XCUITestDriver@55eb (24b485ec)]&amp#27;[0m     "id": "finger1",
[debug] &amp#27;[38;5;32m[XCUITestDriver@55eb (24b485ec)]&amp#27;[0m     "type": "pointer",
[debug] &amp#27;[38;5;32m[XCUITestDriver@55eb (24b485ec)]&amp#27;[0m     "parameters": {
[debug] &amp#27;[38;5;32m[XCUITestDriver@55eb (24b485ec)]&amp#27;[0m       "pointerType": "touch"
[debug] &amp#27;[38;5;32m[XCUITestDriver@55eb (24b485ec)]&amp#27;[0m     },
[debug] &amp#27;[38;5;32m[XCUITestDriver@55eb (24b485ec)]&amp#27;[0m     "actions": [
[debug] &amp#27;[38;5;32m[XCUITestDriver@55eb (24b485ec)]&amp#27;[0m       {
[debug] &amp#27;[38;5;32m[XCUITestDriver@55eb (24b485ec)]&amp#27;[0m         "duration": 0,
[debug] &amp#27;[38;5;32m[XCUITestDriver@55eb (24b485ec)]&amp#27;[0m         "type": "pause"
[debug] &amp#27;[38;5;32m[XCUITestDriver@55eb (24b485ec)]&amp#27;[0m       },
[debug] &amp#27;[38;5;32m[XCUITestDriver@55eb (24b485ec)]&amp#27;[0m       {
[debug] &amp#27;[38;5;32m[XCUITestDriver@55eb (24b485ec)]&amp#27;[0m         "duration": 0,
[debug] &amp#27;[38;5;32m[XCUITestDriver@55eb (24b485ec)]&amp#27;[0m         "x": 325,
[debug] &amp#27;[38;5;32m[XCUITestDriver@55eb (24b485ec)]&amp#27;[0m         "y": 790,
[debug] &amp#27;[38;5;32m[XCUITestDriver@55eb (24b485ec)]&amp#27;[0m         "type": "pointerMove",
[debug] &amp#27;[38;5;32m[XCUITestDriver@55eb (24b485ec)]&amp#27;[0m         "origin": "viewport"
[debug] &amp#27;[38;5;32m[XCUITestDriver@55eb (24b485ec)]&amp#27;[0m       },
[debug] &amp#27;[38;5;32m[XCUITestDriver@55eb (24b485ec)]&amp#27;[0m       {
[debug] &amp#27;[38;5;32m[XCUITestDriver@55eb (24b485ec)]&amp#27;[0m         "button": 0,
[debug] &amp#27;[38;5;32m[XCUITestDriver@55eb (24b485ec)]&amp#27;[0m         "type": "pointerDown"
[debug] &amp#27;[38;5;32m[XCUITestDriver@55eb (24b485ec)]&amp#27;[0m       },
[debug] &amp#27;[38;5;32m[XCUITestDriver@55eb (24b485ec)]&amp#27;[0m       {
[debug] &amp#27;[38;5;32m[XCUITestDriver@55eb (24b485ec)]&amp#27;[0m         "duration": 200,
[debug] &amp#27;[38;5;32m[XCUITestDriver@55eb (24b485ec)]&amp#27;[0m         "type": "pause"
[debug] &amp#27;[38;5;32m[XCUITestDriver@55eb (24b485ec)]&amp#27;[0m       },
[debug] &amp#27;[38;5;32m[XCUITestDriver@55eb (24b485ec)]&amp#27;[0m       {
[debug] &amp#27;[38;5;32m[XCUITestDriver@55eb (24b485ec)]&amp#27;[0m         "button": 0,
[debug] &amp#27;[38;5;32m[XCUITestDriver@55eb (24b485ec)]&amp#27;[0m         "type": "pointerUp"
[debug] &amp#27;[38;5;32m[XCUITestDriver@55eb (24b485ec)]&amp#27;[0m       }
[debug] &amp#27;[38;5;32m[XCUITestDriver@55eb (24b485ec)]&amp#27;[0m     ]
[debug] &amp#27;[38;5;32m[XCUITestDriver@55eb (24b485ec)]&amp#27;[0m   }
[debug] &amp#27;[38;5;32m[XCUITestDriver@55eb (24b485ec)]&amp#27;[0m ]
[debug] &amp#27;[38;5;32m[XCUITestDriver@55eb (24b485ec)]&amp#27;[0m Preprocessed actions: [
[debug] &amp#27;[38;5;32m[XCUITestDriver@55eb (24b485ec)]&amp#27;[0m   {
[debug] &amp#27;[38;5;32m[XCUITestDriver@55eb (24b485ec)]&amp#27;[0m     "id": "finger1",
[debug] &amp#27;[38;5;32m[XCUITestDriver@55eb (24b485ec)]&amp#27;[0m     "type": "pointer",
[debug] &amp#27;[38;5;32m[XCUITestDriver@55eb (24b485ec)]&amp#27;[0m     "parameters": {
[debug] &amp#27;[38;5;32m[XCUITestDriver@55eb (24b485ec)]&amp#27;[0m       "pointerType": "touch"
[debug] &amp#27;[38;5;32m[XCUITestDriver@55eb (24b485ec)]&amp#27;[0m     },
[debug] &amp#27;[38;5;32m[XCUITestDriver@55eb (24b485ec)]&amp#27;[0m     "actions": [
[debug] &amp#27;[38;5;32m[XCUITestDriver@55eb (24b485ec)]&amp#27;[0m       {
[debug] &amp#27;[38;5;32m[XCUITestDriver@55eb (24b485ec)]&amp#27;[0m         "duration": 0,
[debug] &amp#27;[38;5;32m[XCUITestDriver@55eb (24b485ec)]&amp#27;[0m         "x": 325,
[debug] &amp#27;[38;5;32m[XCUITestDriver@55eb (24b485ec)]&amp#27;[0m         "y": 790,
[debug] &amp#27;[38;5;32m[XCUITestDriver@55eb (24b485ec)]&amp#27;[0m         "type": "pointerMove",
[debug] &amp#27;[38;5;32m[XCUITestDriver@55eb (24b485ec)]&amp#27;[0m         "origin": "viewport"
[debug] &amp#27;[38;5;32m[XCUITestDriver@55eb (24b485ec)]&amp#27;[0m       },
[debug] &amp#27;[38;5;32m[XCUITestDriver@55eb (24b485ec)]&amp#27;[0m       {
[debug] &amp#27;[38;5;32m[XCUITestDriver@55eb (24b485ec)]&amp#27;[0m         "button": 0,
[debug] &amp#27;[38;5;32m[XCUITestDriver@55eb (24b485ec)]&amp#27;[0m         "type": "pointerDown"
[debug] &amp#27;[38;5;32m[XCUITestDriver@55eb (24b485ec)]&amp#27;[0m       },
[debug] &amp#27;[38;5;32m[XCUITestDriver@55eb (24b485ec)]&amp#27;[0m       {
[debug] &amp#27;[38;5;32m[XCUITestDriver@55eb (24b485ec)]&amp#27;[0m         "duration": 200,
[debug] &amp#27;[38;5;32m[XCUITestDriver@55eb (24b485ec)]&amp#27;[0m         "type": "pause"
[debug] &amp#27;[38;5;32m[XCUITestDriver@55eb (24b485ec)]&amp#27;[0m       },
[debug] &amp#27;[38;5;32m[XCUITestDriver@55eb (24b485ec)]&amp#27;[0m       {
[debug] &amp#27;[38;5;32m[XCUITestDriver@55eb (24b485ec)]&amp#27;[0m         "button": 0,
[debug] &amp#27;[38;5;32m[XCUITestDriver@55eb (24b485ec)]&amp#27;[0m         "type": "pointerUp"
[debug] &amp#27;[38;5;32m[XCUITestDriver@55eb (24b485ec)]&amp#27;[0m       }
[debug] &amp#27;[38;5;32m[XCUITestDriver@55eb (24b485ec)]&amp#27;[0m     ]
[debug] &amp#27;[38;5;32m[XCUITestDriver@55eb (24b485ec)]&amp#27;[0m   }
[debug] &amp#27;[38;5;32m[XCUITestDriver@55eb (24b485ec)]&amp#27;[0m ]
[debug] &amp#27;[38;5;32m[XCUITestDriver@55eb (24b485ec)]&amp#27;[0m Matched '/actions' to command name 'performActions'
[debug] &amp#27;[38;5;32m[XCUITestDriver@55eb (24b485ec)]&amp#27;[0m Proxying [POST /actions] to [POST http://127.0.0.1:8100/session/56D70ACD-A8F3-4900-A498-C9E849921D48/actions] with body: {"actions":[{"id":"finger1","type":"pointer","parameters":{"pointerType":"touch"},"actions":[{"duration":0,"x":325,"y":790,"type":"pointerMove","origin":"viewport"},{"button":0,"type":"pointerDown"},{"duration":200,"type":"pause"},{"button":0,"type":"pointerUp"}]}]}
[debug] &amp#27;[38;5;32m[XCUITestDriver@55eb (24b485ec)]&amp#27;[0m Got response with status 200: {"value":null,"sessionId":"56D70ACD-A8F3-4900-A498-C9E849921D48"}
[debug] &amp#27;[38;5;32m[XCUITestDriver@55eb (24b485ec)]&amp#27;[0m Responding to client with driver.performActions() result: null
&amp#27;[38;5;0m[HTTP]&amp#27;[0m &amp#27;[37m<-- POST /session/24b485ec-92a7-408e-ba56-78682df800a3/actions &amp#27;[39m&amp#27;[32m200&amp#27;[39m &amp#27;[90m1082 ms - 14&amp#27;[39m
&amp#27;[38;5;0m[HTTP]&amp#27;[0m &amp#27;[90m&amp#27;[39m
  When user clicks on Menu button       # StepDefinations.LoginSteps.user_clicks_on_menu_button()
&amp#27;[38;5;0m[HTTP]&amp#27;[0m &amp#27;[37m-->&amp#27;[39m &amp#27;[37mGET&amp#27;[39m &amp#27;[37m/session/24b485ec-92a7-408e-ba56-78682df800a3/screenshot&amp#27;[39m
&amp#27;[38;5;0m[HTTP]&amp#27;[0m &amp#27;[90m{}&amp#27;[39m
[debug] &amp#27;[38;5;32m[XCUITestDriver@55eb (24b485ec)]&amp#27;[0m Calling AppiumDriver.getScreenshot() with args: ["24b485ec-92a7-408e-ba56-78682df800a3"]
[debug] &amp#27;[38;5;32m[XCUITestDriver@55eb (24b485ec)]&amp#27;[0m Executing command 'getScreenshot'
[debug] &amp#27;[38;5;32m[XCUITestDriver@55eb (24b485ec)]&amp#27;[0m Taking screenshot with WDA
[debug] &amp#27;[38;5;32m[XCUITestDriver@55eb (24b485ec)]&amp#27;[0m Matched '/screenshot' to command name 'getScreenshot'
[debug] &amp#27;[38;5;32m[XCUITestDriver@55eb (24b485ec)]&amp#27;[0m Proxying [GET /screenshot] to [GET http://127.0.0.1:8100/session/56D70ACD-A8F3-4900-A498-C9E849921D48/screenshot] with no body
[debug] &amp#27;[38;5;32m[XCUITestDriver@55eb (24b485ec)]&amp#27;[0m Got response with status 200: {"value":"iVBORw0KGgoAAAANSUhEUgAABJIAAAnkCAYAAABWQUsDAAAAAXNSR0IArs4c6QAAADhlWElmTU0AKgAAAAgAAYdpAAQAAAABAAAAGgAAAAAAAqACAAQAAAABAAAEkqADAAQAAAABAAAJ5AAAAADoPni0AAAAHGlET1QAAAACAAAAAAAABPIAAAAoAAAE8gAABPIAAUoW3a+H6wAAQABJREFUeAHs3Qu4beW8P/Cue3e/pxJJ96IoRVSUKIejiCKFdOX8HSGXOpyji7vQzeUcQheOdJFLD4eoJCqlolJKlEq7+1ax5/X9j9+c5jTW3GuNNdZae+2915if+TzLHHuNMccc72e8eZ71fd7fbyyRvAgQIECAAAECBAgQIECAAAECBAiUEFiixDEOIUCAAAECBAgQIECAAAECBAgQIJAESSYBAQIECBAgQIAAAQIECBAgQIBAKQFBUikmBxEgQIAAAQIECBAgQIAAAQIECAiSzAECBAgQIECAAAECBAgQIECAAIFSAoKkUkwOIkCAAAECBAgQIECAAAECBAgQECSZAwQIECBAgAABAgQIECBAgAABAqUEBEmlmBxEgAABAgQIECBAgAABAgQIECAgSDIHCBAgQIAAAQIECBAgQIAAAQIESgkIkkoxOYgAAQIECBAgQIAAAQIECBAgQECQZA4QIECAAAECBAgQIECAAAECBAiUEhAklWJyEAECBAgQIECAAAECBAgQIECAgCDJHCBAgAABAgQIECBAgAABAgQIECglIEgqxeQgAgQIECBAgAABAgQIECBAgAABQZI5QIAAAQIECBAgQIAAAQIECBAgUEpAkFSKyUEECBAgQIAAAQIECBAgQIAAAQKCJHOAAAECBAgQIECAAAECBAgQIECglIAgqRSTgwgQIECAAAECBAgQIECAAAECBARJ5gABAgQIECBAgAABAgQIECBAgEApAUFSKSYHESBAgAABAgQIECBAgAABAgQICJLMAQIECBAgQIAAAQIECBA...
[debug] &amp#27;[38;5;32m[XCUITestDriver@55eb (24b485ec)]&amp#27;[0m Responding to client with driver.getScreenshot() result: "iVBORw0KGgoAAAANSUhEUgAABJIAAAnkCAYAAABWQUsDAAAAAXNSR0IArs4c6QAAADhlWElmTU0AKgAAAAgAAYdpAAQAAAABAAAAGgAAAAAAAqACAAQAAAABAAAEkqADAAQAAAABAAAJ5AAAAADoPni0AAAAHGlET1QAAAACAAAAAAAABPIAAAAoAAAE8gAABPIAAUoW3a+H6wAAQABJREFUeAHs3Qu4beW8P/Cue3e/pxJJ96IoRVSUKIejiCKFdOX8HSGXOpyji7vQzeUcQheOdJFLD4eoJCqlolJKlEq7+1ax5/X9j9+c5jTW3GuNNdZae+2915if+TzLHHuNMccc72e8eZ71fd7fbyyRvAgQIECAAAECBAgQIECAAAECBAiUEFiixDEOIUCAAAECBAgQIECAAAECBAgQIJAESSYBAQIECBAgQIAAAQIECBAgQIBAKQFBUikmBxEgQIAAAQIECBAgQIAAAQIECAiSzAECBAgQIECAAAECBAgQIECAAIFSAoKkUkwOIkCAAAECBAgQIECAAAECBAgQECSZAwQIECBAgAABAgQIECBAgAABAqUEBEmlmBxEgAABAgQIECBAgAABAgQIECAgSDIHCBAgQIAAAQIECBAgQIAAAQIESgkIkkoxOYgAAQIECBAgQIAAAQIECBAgQECQZA4QIECAAAECBAgQIECAAAECBAiUEhAklWJyEAECBAgQIECAAAECBAgQIECAgCDJHCBAgAABAgQIECBAgAABAgQIECglIEgqxeQgAgQIECBAgAABAgQIECBAgAABQZI5QIAAAQIECBAgQIAAAQIECBAgUEpAkFSKyUEECBAgQIAAAQIECBAgQIAAAQKCJHOAAAECBAgQIECAAAECBAgQIECglIAgqRSTgwgQIECAAAECBAgQIECAAAECBARJ5gABAgQIECBAgAABAgQIECBAgEApAUFSKSYHESBAgAABAgQIECBAgAABAgQICJLMAQIECBAgQIAAAQIECBAgQIAAgVIC...
&amp#27;[38;5;0m[HTTP]&amp#27;[0m &amp#27;[37m<-- GET /session/24b485ec-92a7-408e-ba56-78682df800a3/screenshot &amp#27;[39m&amp#27;[32m200&amp#27;[39m &amp#27;[90m861 ms - 200756&amp#27;[39m
&amp#27;[38;5;0m[HTTP]&amp#27;[0m &amp#27;[90m&amp#27;[39m

    Embedding screenshot [image/png 150558 bytes]

soft assert Passed
&amp#27;[38;5;0m[HTTP]&amp#27;[0m &amp#27;[37m-->&amp#27;[39m &amp#27;[37mPOST&amp#27;[39m &amp#27;[37m/session/24b485ec-92a7-408e-ba56-78682df800a3/element&amp#27;[39m
&amp#27;[38;5;0m[HTTP]&amp#27;[0m &amp#27;[90m{"using":"xpath","value":"//XCUIElementTypeOther[@name=\"menu item log in\"]"}&amp#27;[39m
[debug] &amp#27;[38;5;32m[XCUITestDriver@55eb (24b485ec)]&amp#27;[0m Calling AppiumDriver.findElement() with args: ["xpath","//XCUIElementTypeOther[@name=\"menu item log in\"]","24b485ec-92a7-408e-ba56-78682df800a3"]
[debug] &amp#27;[38;5;32m[XCUITestDriver@55eb (24b485ec)]&amp#27;[0m Executing command 'findElement'
[debug] &amp#27;[38;5;32m[XCUITestDriver@55eb (24b485ec)]&amp#27;[0m Valid locator strategies for this request: xpath, id, name, class name, -ios predicate string, -ios class chain, accessibility id, css selector
[debug] &amp#27;[38;5;32m[XCUITestDriver@55eb (24b485ec)]&amp#27;[0m Waiting up to 0 ms for condition
[debug] &amp#27;[38;5;32m[XCUITestDriver@55eb (24b485ec)]&amp#27;[0m Matched '/element' to command name 'findElement'
[debug] &amp#27;[38;5;32m[XCUITestDriver@55eb (24b485ec)]&amp#27;[0m Proxying [POST /element] to [POST http://127.0.0.1:8100/session/56D70ACD-A8F3-4900-A498-C9E849921D48/element] with body: {"using":"xpath","value":"//XCUIElementTypeOther[@name=\"menu item log in\"]"}
[debug] &amp#27;[38;5;32m[XCUITestDriver@55eb (24b485ec)]&amp#27;[0m Got response with status 200: {"value":{"ELEMENT":"25000000-0000-0000-1421-010000000000","element-6066-11e4-a52e-4f735466cecf":"25000000-0000-0000-1421-010000000000"},"sessionId":"56D70ACD-A8F3-4900-A498-C9E849921D48"}
[debug] &amp#27;[38;5;32m[XCUITestDriver@55eb (24b485ec)]&amp#27;[0m Responding to client with driver.findElement() result: {"element-6066-11e4-a52e-4f735466cecf":"25000000-0000-0000-1421-010000000000","ELEMENT":"25000000-0000-0000-1421-010000000000"}
&amp#27;[38;5;0m[HTTP]&amp#27;[0m &amp#27;[37m<-- POST /session/24b485ec-92a7-408e-ba56-78682df800a3/element &amp#27;[39m&amp#27;[32m200&amp#27;[39m &amp#27;[90m823 ms - 137&amp#27;[39m
&amp#27;[38;5;0m[HTTP]&amp#27;[0m &amp#27;[90m&amp#27;[39m
&amp#27;[38;5;0m[HTTP]&amp#27;[0m &amp#27;[37m-->&amp#27;[39m &amp#27;[37mGET&amp#27;[39m &amp#27;[37m/session/24b485ec-92a7-408e-ba56-78682df800a3/element/25000000-0000-0000-1421-010000000000/displayed&amp#27;[39m
&amp#27;[38;5;0m[HTTP]&amp#27;[0m &amp#27;[90m{}&amp#27;[39m
&amp#27;[38;5;32m[XCUITestDriver@55eb (24b485ec)]&amp#27;[0m Driver proxy active, passing request on via HTTP proxy
[debug] &amp#27;[38;5;32m[XCUITestDriver@55eb (24b485ec)]&amp#27;[0m Executing command 'proxyReqRes'
[debug] &amp#27;[38;5;32m[XCUITestDriver@55eb (24b485ec)]&amp#27;[0m Matched '/session/24b485ec-92a7-408e-ba56-78682df800a3/element/25000000-0000-0000-1421-010000000000/displayed' to command name 'elementDisplayed'
[debug] &amp#27;[38;5;32m[XCUITestDriver@55eb (24b485ec)]&amp#27;[0m Proxying [GET /session/24b485ec-92a7-408e-ba56-78682df800a3/element/25000000-0000-0000-1421-010000000000/displayed] to [GET http://127.0.0.1:8100/session/56D70ACD-A8F3-4900-A498-C9E849921D48/element/25000000-0000-0000-1421-010000000000/displayed] with no body
[debug] &amp#27;[38;5;32m[XCUITestDriver@55eb (24b485ec)]&amp#27;[0m Got response with status 200: {"value":true,"sessionId":"56D70ACD-A8F3-4900-A498-C9E849921D48"}
&amp#27;[38;5;32m[XCUITestDriver@55eb (24b485ec)]&amp#27;[0m Replacing sessionId 56D70ACD-A8F3-4900-A498-C9E849921D48 with 24b485ec-92a7-408e-ba56-78682df800a3
&amp#27;[38;5;0m[HTTP]&amp#27;[0m &amp#27;[37m<-- GET /session/24b485ec-92a7-408e-ba56-78682df800a3/element/25000000-0000-0000-1421-010000000000/displayed &amp#27;[39m&amp#27;[32m200&amp#27;[39m &amp#27;[90m74 ms - 65&amp#27;[39m
&amp#27;[38;5;0m[HTTP]&amp#27;[0m &amp#27;[90m&amp#27;[39m
&amp#27;[38;5;0m[HTTP]&amp#27;[0m &amp#27;[37m-->&amp#27;[39m &amp#27;[37mPOST&amp#27;[39m &amp#27;[37m/session/24b485ec-92a7-408e-ba56-78682df800a3/element&amp#27;[39m
&amp#27;[38;5;0m[HTTP]&amp#27;[0m &amp#27;[90m{"using":"xpath","value":"//XCUIElementTypeOther[@name=\"menu item log in\"]"}&amp#27;[39m
[debug] &amp#27;[38;5;32m[XCUITestDriver@55eb (24b485ec)]&amp#27;[0m Calling AppiumDriver.findElement() with args: ["xpath","//XCUIElementTypeOther[@name=\"menu item log in\"]","24b485ec-92a7-408e-ba56-78682df800a3"]
[debug] &amp#27;[38;5;32m[XCUITestDriver@55eb (24b485ec)]&amp#27;[0m Executing command 'findElement'
[debug] &amp#27;[38;5;32m[XCUITestDriver@55eb (24b485ec)]&amp#27;[0m Valid locator strategies for this request: xpath, id, name, class name, -ios predicate string, -ios class chain, accessibility id, css selector
[debug] &amp#27;[38;5;32m[XCUITestDriver@55eb (24b485ec)]&amp#27;[0m Waiting up to 0 ms for condition
[debug] &amp#27;[38;5;32m[XCUITestDriver@55eb (24b485ec)]&amp#27;[0m Matched '/element' to command name 'findElement'
[debug] &amp#27;[38;5;32m[XCUITestDriver@55eb (24b485ec)]&amp#27;[0m Proxying [POST /element] to [POST http://127.0.0.1:8100/session/56D70ACD-A8F3-4900-A498-C9E849921D48/element] with body: {"using":"xpath","value":"//XCUIElementTypeOther[@name=\"menu item log in\"]"}
[debug] &amp#27;[38;5;32m[XCUITestDriver@55eb (24b485ec)]&amp#27;[0m Got response with status 200: {"value":{"ELEMENT":"25000000-0000-0000-1421-010000000000","element-6066-11e4-a52e-4f735466cecf":"25000000-0000-0000-1421-010000000000"},"sessionId":"56D70ACD-A8F3-4900-A498-C9E849921D48"}
[debug] &amp#27;[38;5;32m[XCUITestDriver@55eb (24b485ec)]&amp#27;[0m Responding to client with driver.findElement() result: {"element-6066-11e4-a52e-4f735466cecf":"25000000-0000-0000-1421-010000000000","ELEMENT":"25000000-0000-0000-1421-010000000000"}
&amp#27;[38;5;0m[HTTP]&amp#27;[0m &amp#27;[37m<-- POST /session/24b485ec-92a7-408e-ba56-78682df800a3/element &amp#27;[39m&amp#27;[32m200&amp#27;[39m &amp#27;[90m658 ms - 137&amp#27;[39m
&amp#27;[38;5;0m[HTTP]&amp#27;[0m &amp#27;[90m&amp#27;[39m
&amp#27;[38;5;0m[HTTP]&amp#27;[0m &amp#27;[37m-->&amp#27;[39m &amp#27;[37mGET&amp#27;[39m &amp#27;[37m/session/24b485ec-92a7-408e-ba56-78682df800a3/element/25000000-0000-0000-1421-010000000000/displayed&amp#27;[39m
&amp#27;[38;5;0m[HTTP]&amp#27;[0m &amp#27;[90m{}&amp#27;[39m
&amp#27;[38;5;32m[XCUITestDriver@55eb (24b485ec)]&amp#27;[0m Driver proxy active, passing request on via HTTP proxy
[debug] &amp#27;[38;5;32m[XCUITestDriver@55eb (24b485ec)]&amp#27;[0m Executing command 'proxyReqRes'
[debug] &amp#27;[38;5;32m[XCUITestDriver@55eb (24b485ec)]&amp#27;[0m Matched '/session/24b485ec-92a7-408e-ba56-78682df800a3/element/25000000-0000-0000-1421-010000000000/displayed' to command name 'elementDisplayed'
[debug] &amp#27;[38;5;32m[XCUITestDriver@55eb (24b485ec)]&amp#27;[0m Proxying [GET /session/24b485ec-92a7-408e-ba56-78682df800a3/element/25000000-0000-0000-1421-010000000000/displayed] to [GET http://127.0.0.1:8100/session/56D70ACD-A8F3-4900-A498-C9E849921D48/element/25000000-0000-0000-1421-010000000000/displayed] with no body
[debug] &amp#27;[38;5;32m[XCUITestDriver@55eb (24b485ec)]&amp#27;[0m Got response with status 200: {"value":true,"sessionId":"56D70ACD-A8F3-4900-A498-C9E849921D48"}
&amp#27;[38;5;32m[XCUITestDriver@55eb (24b485ec)]&amp#27;[0m Replacing sessionId 56D70ACD-A8F3-4900-A498-C9E849921D48 with 24b485ec-92a7-408e-ba56-78682df800a3
&amp#27;[38;5;0m[HTTP]&amp#27;[0m &amp#27;[37m<-- GET /session/24b485ec-92a7-408e-ba56-78682df800a3/element/25000000-0000-0000-1421-010000000000/displayed &amp#27;[39m&amp#27;[32m200&amp#27;[39m &amp#27;[90m79 ms - 65&amp#27;[39m
&amp#27;[38;5;0m[HTTP]&amp#27;[0m &amp#27;[90m&amp#27;[39m
&amp#27;[38;5;0m[HTTP]&amp#27;[0m &amp#27;[37m-->&amp#27;[39m &amp#27;[37mPOST&amp#27;[39m &amp#27;[37m/session/24b485ec-92a7-408e-ba56-78682df800a3/element&amp#27;[39m
&amp#27;[38;5;0m[HTTP]&amp#27;[0m &amp#27;[90m{"using":"xpath","value":"//XCUIElementTypeOther[@name=\"menu item log in\"]"}&amp#27;[39m
[debug] &amp#27;[38;5;32m[XCUITestDriver@55eb (24b485ec)]&amp#27;[0m Calling AppiumDriver.findElement() with args: ["xpath","//XCUIElementTypeOther[@name=\"menu item log in\"]","24b485ec-92a7-408e-ba56-78682df800a3"]
[debug] &amp#27;[38;5;32m[XCUITestDriver@55eb (24b485ec)]&amp#27;[0m Executing command 'findElement'
[debug] &amp#27;[38;5;32m[XCUITestDriver@55eb (24b485ec)]&amp#27;[0m Valid locator strategies for this request: xpath, id, name, class name, -ios predicate string, -ios class chain, accessibility id, css selector
[debug] &amp#27;[38;5;32m[XCUITestDriver@55eb (24b485ec)]&amp#27;[0m Waiting up to 0 ms for condition
[debug] &amp#27;[38;5;32m[XCUITestDriver@55eb (24b485ec)]&amp#27;[0m Matched '/element' to command name 'findElement'
[debug] &amp#27;[38;5;32m[XCUITestDriver@55eb (24b485ec)]&amp#27;[0m Proxying [POST /element] to [POST http://127.0.0.1:8100/session/56D70ACD-A8F3-4900-A498-C9E849921D48/element] with body: {"using":"xpath","value":"//XCUIElementTypeOther[@name=\"menu item log in\"]"}
[debug] &amp#27;[38;5;32m[XCUITestDriver@55eb (24b485ec)]&amp#27;[0m Got response with status 200: {"value":{"ELEMENT":"25000000-0000-0000-1421-010000000000","element-6066-11e4-a52e-4f735466cecf":"25000000-0000-0000-1421-010000000000"},"sessionId":"56D70ACD-A8F3-4900-A498-C9E849921D48"}
[debug] &amp#27;[38;5;32m[XCUITestDriver@55eb (24b485ec)]&amp#27;[0m Responding to client with driver.findElement() result: {"element-6066-11e4-a52e-4f735466cecf":"25000000-0000-0000-1421-010000000000","ELEMENT":"25000000-0000-0000-1421-010000000000"}
&amp#27;[38;5;0m[HTTP]&amp#27;[0m &amp#27;[37m<-- POST /session/24b485ec-92a7-408e-ba56-78682df800a3/element &amp#27;[39m&amp#27;[32m200&amp#27;[39m &amp#27;[90m727 ms - 137&amp#27;[39m
&amp#27;[38;5;0m[HTTP]&amp#27;[0m &amp#27;[90m&amp#27;[39m
&amp#27;[38;5;0m[HTTP]&amp#27;[0m &amp#27;[37m-->&amp#27;[39m &amp#27;[37mGET&amp#27;[39m &amp#27;[37m/session/24b485ec-92a7-408e-ba56-78682df800a3/element/25000000-0000-0000-1421-010000000000/rect&amp#27;[39m
&amp#27;[38;5;0m[HTTP]&amp#27;[0m &amp#27;[90m{}&amp#27;[39m
&amp#27;[38;5;32m[XCUITestDriver@55eb (24b485ec)]&amp#27;[0m Driver proxy active, passing request on via HTTP proxy
[debug] &amp#27;[38;5;32m[XCUITestDriver@55eb (24b485ec)]&amp#27;[0m Executing command 'proxyReqRes'
[debug] &amp#27;[38;5;32m[XCUITestDriver@55eb (24b485ec)]&amp#27;[0m Matched '/session/24b485ec-92a7-408e-ba56-78682df800a3/element/25000000-0000-0000-1421-010000000000/rect' to command name 'getElementRect'
[debug] &amp#27;[38;5;32m[XCUITestDriver@55eb (24b485ec)]&amp#27;[0m Proxying [GET /session/24b485ec-92a7-408e-ba56-78682df800a3/element/25000000-0000-0000-1421-010000000000/rect] to [GET http://127.0.0.1:8100/session/56D70ACD-A8F3-4900-A498-C9E849921D48/element/25000000-0000-0000-1421-010000000000/rect] with no body
[debug] &amp#27;[38;5;32m[XCUITestDriver@55eb (24b485ec)]&amp#27;[0m Got response with status 200: {"value":{"y":540,"x":16,"width":358,"height":59},"sessionId":"56D70ACD-A8F3-4900-A498-C9E849921D48"}
&amp#27;[38;5;32m[XCUITestDriver@55eb (24b485ec)]&amp#27;[0m Replacing sessionId 56D70ACD-A8F3-4900-A498-C9E849921D48 with 24b485ec-92a7-408e-ba56-78682df800a3
&amp#27;[38;5;0m[HTTP]&amp#27;[0m &amp#27;[37m<-- GET /session/24b485ec-92a7-408e-ba56-78682df800a3/element/25000000-0000-0000-1421-010000000000/rect &amp#27;[39m&amp#27;[32m200&amp#27;[39m &amp#27;[90m71 ms - 101&amp#27;[39m
&amp#27;[38;5;0m[HTTP]&amp#27;[0m &amp#27;[90m&amp#27;[39m
&amp#27;[38;5;0m[HTTP]&amp#27;[0m &amp#27;[37m-->&amp#27;[39m &amp#27;[37mGET&amp#27;[39m &amp#27;[37m/session/24b485ec-92a7-408e-ba56-78682df800a3/element/25000000-0000-0000-1421-010000000000/rect&amp#27;[39m
&amp#27;[38;5;0m[HTTP]&amp#27;[0m &amp#27;[90m{}&amp#27;[39m
&amp#27;[38;5;32m[XCUITestDriver@55eb (24b485ec)]&amp#27;[0m Driver proxy active, passing request on via HTTP proxy
[debug] &amp#27;[38;5;32m[XCUITestDriver@55eb (24b485ec)]&amp#27;[0m Executing command 'proxyReqRes'
[debug] &amp#27;[38;5;32m[XCUITestDriver@55eb (24b485ec)]&amp#27;[0m Matched '/session/24b485ec-92a7-408e-ba56-78682df800a3/element/25000000-0000-0000-1421-010000000000/rect' to command name 'getElementRect'
[debug] &amp#27;[38;5;32m[XCUITestDriver@55eb (24b485ec)]&amp#27;[0m Proxying [GET /session/24b485ec-92a7-408e-ba56-78682df800a3/element/25000000-0000-0000-1421-010000000000/rect] to [GET http://127.0.0.1:8100/session/56D70ACD-A8F3-4900-A498-C9E849921D48/element/25000000-0000-0000-1421-010000000000/rect] with no body
[debug] &amp#27;[38;5;32m[XCUITestDriver@55eb (24b485ec)]&amp#27;[0m Got response with status 200: {"value":{"y":540,"x":16,"width":358,"height":59},"sessionId":"56D70ACD-A8F3-4900-A498-C9E849921D48"}
&amp#27;[38;5;32m[XCUITestDriver@55eb (24b485ec)]&amp#27;[0m Replacing sessionId 56D70ACD-A8F3-4900-A498-C9E849921D48 with 24b485ec-92a7-408e-ba56-78682df800a3
&amp#27;[38;5;0m[HTTP]&amp#27;[0m &amp#27;[37m<-- GET /session/24b485ec-92a7-408e-ba56-78682df800a3/element/25000000-0000-0000-1421-010000000000/rect &amp#27;[39m&amp#27;[32m200&amp#27;[39m &amp#27;[90m74 ms - 101&amp#27;[39m
&amp#27;[38;5;0m[HTTP]&amp#27;[0m &amp#27;[90m&amp#27;[39m
&amp#27;[38;5;0m[HTTP]&amp#27;[0m &amp#27;[37m-->&amp#27;[39m &amp#27;[37mPOST&amp#27;[39m &amp#27;[37m/session/24b485ec-92a7-408e-ba56-78682df800a3/actions&amp#27;[39m
&amp#27;[38;5;0m[HTTP]&amp#27;[0m &amp#27;[90m{"actions":[{"id":"finger1","type":"pointer","parameters":{"pointerType":"touch"},"actions":[{"duration":0,"type":"pause"},{"duration":0,"x":195,"y":569,"type":"pointerMove","origin":"viewport"},{"button":0,"type":"pointerDown"},{"duration":200,"type":"pause"},{"button":0,"type":"pointerUp"}]}]}&amp#27;[39m
[debug] &amp#27;[38;5;32m[XCUITestDriver@55eb (24b485ec)]&amp#27;[0m Calling AppiumDriver.performActions() with args: [[{"id":"finger1","type":"pointer","parameters":{"pointerType":"touch"},"actions":[{"duration":0,"type":"pause"},{"duration":0,"x":195,"y":569,"type":"pointerMove","origin":"viewport"},{"button":0,"type":"pointerDown"},{"duration":200,"type":"pause"},{"button":0,"type":"pointerUp"}]}],"24b485ec-92a7-408e-ba56-78682df800a3"]
[debug] &amp#27;[38;5;32m[XCUITestDriver@55eb (24b485ec)]&amp#27;[0m Executing command 'performActions'
[debug] &amp#27;[38;5;32m[XCUITestDriver@55eb (24b485ec)]&amp#27;[0m Received the following W3C actions: [
[debug] &amp#27;[38;5;32m[XCUITestDriver@55eb (24b485ec)]&amp#27;[0m   {
[debug] &amp#27;[38;5;32m[XCUITestDriver@55eb (24b485ec)]&amp#27;[0m     "id": "finger1",
[debug] &amp#27;[38;5;32m[XCUITestDriver@55eb (24b485ec)]&amp#27;[0m     "type": "pointer",
[debug] &amp#27;[38;5;32m[XCUITestDriver@55eb (24b485ec)]&amp#27;[0m     "parameters": {
[debug] &amp#27;[38;5;32m[XCUITestDriver@55eb (24b485ec)]&amp#27;[0m       "pointerType": "touch"
[debug] &amp#27;[38;5;32m[XCUITestDriver@55eb (24b485ec)]&amp#27;[0m     },
[debug] &amp#27;[38;5;32m[XCUITestDriver@55eb (24b485ec)]&amp#27;[0m     "actions": [
[debug] &amp#27;[38;5;32m[XCUITestDriver@55eb (24b485ec)]&amp#27;[0m       {
[debug] &amp#27;[38;5;32m[XCUITestDriver@55eb (24b485ec)]&amp#27;[0m         "duration": 0,
[debug] &amp#27;[38;5;32m[XCUITestDriver@55eb (24b485ec)]&amp#27;[0m         "type": "pause"
[debug] &amp#27;[38;5;32m[XCUITestDriver@55eb (24b485ec)]&amp#27;[0m       },
[debug] &amp#27;[38;5;32m[XCUITestDriver@55eb (24b485ec)]&amp#27;[0m       {
[debug] &amp#27;[38;5;32m[XCUITestDriver@55eb (24b485ec)]&amp#27;[0m         "duration": 0,
[debug] &amp#27;[38;5;32m[XCUITestDriver@55eb (24b485ec)]&amp#27;[0m         "x": 195,
[debug] &amp#27;[38;5;32m[XCUITestDriver@55eb (24b485ec)]&amp#27;[0m         "y": 569,
[debug] &amp#27;[38;5;32m[XCUITestDriver@55eb (24b485ec)]&amp#27;[0m         "type": "pointerMove",
[debug] &amp#27;[38;5;32m[XCUITestDriver@55eb (24b485ec)]&amp#27;[0m         "origin": "viewport"
[debug] &amp#27;[38;5;32m[XCUITestDriver@55eb (24b485ec)]&amp#27;[0m       },
[debug] &amp#27;[38;5;32m[XCUITestDriver@55eb (24b485ec)]&amp#27;[0m       {
[debug] &amp#27;[38;5;32m[XCUITestDriver@55eb (24b485ec)]&amp#27;[0m         "button": 0,
[debug] &amp#27;[38;5;32m[XCUITestDriver@55eb (24b485ec)]&amp#27;[0m         "type": "pointerDown"
[debug] &amp#27;[38;5;32m[XCUITestDriver@55eb (24b485ec)]&amp#27;[0m       },
[debug] &amp#27;[38;5;32m[XCUITestDriver@55eb (24b485ec)]&amp#27;[0m       {
[debug] &amp#27;[38;5;32m[XCUITestDriver@55eb (24b485ec)]&amp#27;[0m         "duration": 200,
[debug] &amp#27;[38;5;32m[XCUITestDriver@55eb (24b485ec)]&amp#27;[0m         "type": "pause"
[debug] &amp#27;[38;5;32m[XCUITestDriver@55eb (24b485ec)]&amp#27;[0m       },
[debug] &amp#27;[38;5;32m[XCUITestDriver@55eb (24b485ec)]&amp#27;[0m       {
[debug] &amp#27;[38;5;32m[XCUITestDriver@55eb (24b485ec)]&amp#27;[0m         "button": 0,
[debug] &amp#27;[38;5;32m[XCUITestDriver@55eb (24b485ec)]&amp#27;[0m         "type": "pointerUp"
[debug] &amp#27;[38;5;32m[XCUITestDriver@55eb (24b485ec)]&amp#27;[0m       }
[debug] &amp#27;[38;5;32m[XCUITestDriver@55eb (24b485ec)]&amp#27;[0m     ]
[debug] &amp#27;[38;5;32m[XCUITestDriver@55eb (24b485ec)]&amp#27;[0m   }
[debug] &amp#27;[38;5;32m[XCUITestDriver@55eb (24b485ec)]&amp#27;[0m ]
[debug] &amp#27;[38;5;32m[XCUITestDriver@55eb (24b485ec)]&amp#27;[0m Preprocessed actions: [
[debug] &amp#27;[38;5;32m[XCUITestDriver@55eb (24b485ec)]&amp#27;[0m   {
[debug] &amp#27;[38;5;32m[XCUITestDriver@55eb (24b485ec)]&amp#27;[0m     "id": "finger1",
[debug] &amp#27;[38;5;32m[XCUITestDriver@55eb (24b485ec)]&amp#27;[0m     "type": "pointer",
[debug] &amp#27;[38;5;32m[XCUITestDriver@55eb (24b485ec)]&amp#27;[0m     "parameters": {
[debug] &amp#27;[38;5;32m[XCUITestDriver@55eb (24b485ec)]&amp#27;[0m       "pointerType": "touch"
[debug] &amp#27;[38;5;32m[XCUITestDriver@55eb (24b485ec)]&amp#27;[0m     },
[debug] &amp#27;[38;5;32m[XCUITestDriver@55eb (24b485ec)]&amp#27;[0m     "actions": [
[debug] &amp#27;[38;5;32m[XCUITestDriver@55eb (24b485ec)]&amp#27;[0m       {
[debug] &amp#27;[38;5;32m[XCUITestDriver@55eb (24b485ec)]&amp#27;[0m         "duration": 0,
[debug] &amp#27;[38;5;32m[XCUITestDriver@55eb (24b485ec)]&amp#27;[0m         "x": 195,
[debug] &amp#27;[38;5;32m[XCUITestDriver@55eb (24b485ec)]&amp#27;[0m         "y": 569,
[debug] &amp#27;[38;5;32m[XCUITestDriver@55eb (24b485ec)]&amp#27;[0m         "type": "pointerMove",
[debug] &amp#27;[38;5;32m[XCUITestDriver@55eb (24b485ec)]&amp#27;[0m         "origin": "viewport"
[debug] &amp#27;[38;5;32m[XCUITestDriver@55eb (24b485ec)]&amp#27;[0m       },
[debug] &amp#27;[38;5;32m[XCUITestDriver@55eb (24b485ec)]&amp#27;[0m       {
[debug] &amp#27;[38;5;32m[XCUITestDriver@55eb (24b485ec)]&amp#27;[0m         "button": 0,
[debug] &amp#27;[38;5;32m[XCUITestDriver@55eb (24b485ec)]&amp#27;[0m         "type": "pointerDown"
[debug] &amp#27;[38;5;32m[XCUITestDriver@55eb (24b485ec)]&amp#27;[0m       },
[debug] &amp#27;[38;5;32m[XCUITestDriver@55eb (24b485ec)]&amp#27;[0m       {
[debug] &amp#27;[38;5;32m[XCUITestDriver@55eb (24b485ec)]&amp#27;[0m         "duration": 200,
[debug] &amp#27;[38;5;32m[XCUITestDriver@55eb (24b485ec)]&amp#27;[0m         "type": "pause"
[debug] &amp#27;[38;5;32m[XCUITestDriver@55eb (24b485ec)]&amp#27;[0m       },
[debug] &amp#27;[38;5;32m[XCUITestDriver@55eb (24b485ec)]&amp#27;[0m       {
[debug] &amp#27;[38;5;32m[XCUITestDriver@55eb (24b485ec)]&amp#27;[0m         "button": 0,
[debug] &amp#27;[38;5;32m[XCUITestDriver@55eb (24b485ec)]&amp#27;[0m         "type": "pointerUp"
[debug] &amp#27;[38;5;32m[XCUITestDriver@55eb (24b485ec)]&amp#27;[0m       }
[debug] &amp#27;[38;5;32m[XCUITestDriver@55eb (24b485ec)]&amp#27;[0m     ]
[debug] &amp#27;[38;5;32m[XCUITestDriver@55eb (24b485ec)]&amp#27;[0m   }
[debug] &amp#27;[38;5;32m[XCUITestDriver@55eb (24b485ec)]&amp#27;[0m ]
[debug] &amp#27;[38;5;32m[XCUITestDriver@55eb (24b485ec)]&amp#27;[0m Matched '/actions' to command name 'performActions'
[debug] &amp#27;[38;5;32m[XCUITestDriver@55eb (24b485ec)]&amp#27;[0m Proxying [POST /actions] to [POST http://127.0.0.1:8100/session/56D70ACD-A8F3-4900-A498-C9E849921D48/actions] with body: {"actions":[{"id":"finger1","type":"pointer","parameters":{"pointerType":"touch"},"actions":[{"duration":0,"x":195,"y":569,"type":"pointerMove","origin":"viewport"},{"button":0,"type":"pointerDown"},{"duration":200,"type":"pause"},{"button":0,"type":"pointerUp"}]}]}
[debug] &amp#27;[38;5;32m[XCUITestDriver@55eb (24b485ec)]&amp#27;[0m Got response with status 200: {"value":null,"sessionId":"56D70ACD-A8F3-4900-A498-C9E849921D48"}
[debug] &amp#27;[38;5;32m[XCUITestDriver@55eb (24b485ec)]&amp#27;[0m Responding to client with driver.performActions() result: null
&amp#27;[38;5;0m[HTTP]&amp#27;[0m &amp#27;[37m<-- POST /session/24b485ec-92a7-408e-ba56-78682df800a3/actions &amp#27;[39m&amp#27;[32m200&amp#27;[39m &amp#27;[90m981 ms - 14&amp#27;[39m
  And user clicks on Log In button      # StepDefinations.LoginSteps.user_clicks_on_log_in_button()
&amp#27;[38;5;0m[HTTP]&amp#27;[0m &amp#27;[90m&amp#27;[39m
&amp#27;[38;5;0m[HTTP]&amp#27;[0m &amp#27;[37m-->&amp#27;[39m &amp#27;[37mGET&amp#27;[39m &amp#27;[37m/session/24b485ec-92a7-408e-ba56-78682df800a3/screenshot&amp#27;[39m
&amp#27;[38;5;0m[HTTP]&amp#27;[0m &amp#27;[90m{}&amp#27;[39m
[debug] &amp#27;[38;5;32m[XCUITestDriver@55eb (24b485ec)]&amp#27;[0m Calling AppiumDriver.getScreenshot() with args: ["24b485ec-92a7-408e-ba56-78682df800a3"]
[debug] &amp#27;[38;5;32m[XCUITestDriver@55eb (24b485ec)]&amp#27;[0m Executing command 'getScreenshot'
[debug] &amp#27;[38;5;32m[XCUITestDriver@55eb (24b485ec)]&amp#27;[0m Taking screenshot with WDA
[debug] &amp#27;[38;5;32m[XCUITestDriver@55eb (24b485ec)]&amp#27;[0m Matched '/screenshot' to command name 'getScreenshot'
[debug] &amp#27;[38;5;32m[XCUITestDriver@55eb (24b485ec)]&amp#27;[0m Proxying [GET /screenshot] to [GET http://127.0.0.1:8100/session/56D70ACD-A8F3-4900-A498-C9E849921D48/screenshot] with no body
[debug] &amp#27;[38;5;32m[XCUITestDriver@55eb (24b485ec)]&amp#27;[0m Got response with status 200: {"value":"iVBORw0KGgoAAAANSUhEUgAABJIAAAnkCAYAAABWQUsDAAAAAXNSR0IArs4c6QAAADhlWElmTU0AKgAAAAgAAYdpAAQAAAABAAAAGgAAAAAAAqACAAQAAAABAAAEkqADAAQAAAABAAAJ5AAAAADoPni0AAAAHGlET1QAAAACAAAAAAAABPIAAAAoAAAE8gAABPIAAYYsfOzGGwAAQABJREFUeAHs3Ql4bGtZJmxURJEWUWlFFBkEBRUQERHEH5oGEVRw6FYUAXFGxaGZBEQBBVGboWkccEBBsNWDtANOIIMDgqDQKogjk8oMBziwU5VUZf3v8yUrp6qSyl6V4ezs5F7XlSvDrqxa615f1Tnryfe+35U6GwECBAgQIECAAAECBAgQIECAAIEBAlca8BgPIUCAAAECBAgQIECAAAECBAgQINAJkgwCAgQIECBAgAABAgQIECBAgACBQQKCpEFMHkSAAAECBAgQIECAAAECBAgQICBIMgYIECBAgAABAgQIECBAgAABAgQGCQiSBjF5EAECBAgQIECAAAECBAgQIECAgCDJGCBAgAABAgQIECBAgAABAgQIEBgkIEgaxORBBAgQIECAAAECBAgQIECAAAECgiRjgAABAgQIECBAgAABAgQIECBAYJCAIGkQkwcRIECAAAECBAgQIECAAAECBAgIkowBAgQIECBAgAABAgQIECBAgACBQQKCpEFMHkSAAAECBAgQIECAAAECBAgQICBIMgYIECBAgAABAgQIECBAgAABAgQGCQiSBjF5EAECBAgQIECAAAECBAgQIECAgCDJGCBAgAABAgQIECBAgAABAgQIEBgkIEgaxORBBAgQIECAAAECBAgQIECAAAECgiRjgAABAgQIECBAgAABAgQIECBAYJCAIGkQkwcRIECAAAECBAgQIECAAAECBAgIkowBAgQIECBAgAABAgQIECBAgACBQQKCpEFMHkSAAAECBAgQIECAAAECBAgQICBIMgYIECBAgAA...
[debug] &amp#27;[38;5;32m[XCUITestDriver@55eb (24b485ec)]&amp#27;[0m Responding to client with driver.getScreenshot() result: "iVBORw0KGgoAAAANSUhEUgAABJIAAAnkCAYAAABWQUsDAAAAAXNSR0IArs4c6QAAADhlWElmTU0AKgAAAAgAAYdpAAQAAAABAAAAGgAAAAAAAqACAAQAAAABAAAEkqADAAQAAAABAAAJ5AAAAADoPni0AAAAHGlET1QAAAACAAAAAAAABPIAAAAoAAAE8gAABPIAAYYsfOzGGwAAQABJREFUeAHs3Ql4bGtZJmxURJEWUWlFFBkEBRUQERHEH5oGEVRw6FYUAXFGxaGZBEQBBVGboWkccEBBsNWDtANOIIMDgqDQKogjk8oMBziwU5VUZf3v8yUrp6qSyl6V4ezs5F7XlSvDrqxa615f1Tnryfe+35U6GwECBAgQIECAAAECBAgQIECAAIEBAlca8BgPIUCAAAECBAgQIECAAAECBAgQINAJkgwCAgQIECBAgAABAgQIECBAgACBQQKCpEFMHkSAAAECBAgQIECAAAECBAgQICBIMgYIECBAgAABAgQIECBAgAABAgQGCQiSBjF5EAECBAgQIECAAAECBAgQIECAgCDJGCBAgAABAgQIECBAgAABAgQIEBgkIEgaxORBBAgQIECAAAECBAgQIECAAAECgiRjgAABAgQIECBAgAABAgQIECBAYJCAIGkQkwcRIECAAAECBAgQIECAAAECBAgIkowBAgQIECBAgAABAgQIECBAgACBQQKCpEFMHkSAAAECBAgQIECAAAECBAgQICBIMgYIECBAgAABAgQIECBAgAABAgQGCQiSBjF5EAECBAgQIECAAAECBAgQIECAgCDJGCBAgAABAgQIECBAgAABAgQIEBgkIEgaxORBBAgQIECAAAECBAgQIECAAAECgiRjgAABAgQIECBAgAABAgQIECBAYJCAIGkQkwcRIECAAAECBAgQIECAAAECBAgIkowBAgQIECBAgAABAgQIECBAgACBQQKCpEFMHkSAAAECBAgQIECAAAECBAgQICBIMgYIECBAgAABAgQIECBA...
&amp#27;[38;5;0m[HTTP]&amp#27;[0m &amp#27;[37m<-- GET /session/24b485ec-92a7-408e-ba56-78682df800a3/screenshot &amp#27;[39m&amp#27;[32m200&amp#27;[39m &amp#27;[90m591 ms - 245364&amp#27;[39m

    Embedding screenshot [image/png 184014 bytes]

&amp#27;[38;5;0m[HTTP]&amp#27;[0m &amp#27;[90m&amp#27;[39m
&amp#27;[38;5;0m[HTTP]&amp#27;[0m &amp#27;[37m-->&amp#27;[39m &amp#27;[37mPOST&amp#27;[39m &amp#27;[37m/session/24b485ec-92a7-408e-ba56-78682df800a3/element&amp#27;[39m
&amp#27;[38;5;0m[HTTP]&amp#27;[0m &amp#27;[90m{"using":"xpath","value":"//XCUIElementTypeTextField[@name=\"Username input field\"]"}&amp#27;[39m
[debug] &amp#27;[38;5;32m[XCUITestDriver@55eb (24b485ec)]&amp#27;[0m Calling AppiumDriver.findElement() with args: ["xpath","//XCUIElementTypeTextField[@name=\"Username input field\"]","24b485ec-92a7-408e-ba56-78682df800a3"]
[debug] &amp#27;[38;5;32m[XCUITestDriver@55eb (24b485ec)]&amp#27;[0m Executing command 'findElement'
[debug] &amp#27;[38;5;32m[XCUITestDriver@55eb (24b485ec)]&amp#27;[0m Valid locator strategies for this request: xpath, id, name, class name, -ios predicate string, -ios class chain, accessibility id, css selector
[debug] &amp#27;[38;5;32m[XCUITestDriver@55eb (24b485ec)]&amp#27;[0m Waiting up to 0 ms for condition
[debug] &amp#27;[38;5;32m[XCUITestDriver@55eb (24b485ec)]&amp#27;[0m Matched '/element' to command name 'findElement'
[debug] &amp#27;[38;5;32m[XCUITestDriver@55eb (24b485ec)]&amp#27;[0m Proxying [POST /element] to [POST http://127.0.0.1:8100/session/56D70ACD-A8F3-4900-A498-C9E849921D48/element] with body: {"using":"xpath","value":"//XCUIElementTypeTextField[@name=\"Username input field\"]"}
[debug] &amp#27;[38;5;32m[XCUITestDriver@55eb (24b485ec)]&amp#27;[0m Got response with status 200: {"value":{"ELEMENT":"DA000000-0000-0000-1421-010000000000","element-6066-11e4-a52e-4f735466cecf":"DA000000-0000-0000-1421-010000000000"},"sessionId":"56D70ACD-A8F3-4900-A498-C9E849921D48"}
[debug] &amp#27;[38;5;32m[XCUITestDriver@55eb (24b485ec)]&amp#27;[0m Responding to client with driver.findElement() result: {"element-6066-11e4-a52e-4f735466cecf":"DA000000-0000-0000-1421-010000000000","ELEMENT":"DA000000-0000-0000-1421-010000000000"}
&amp#27;[38;5;0m[HTTP]&amp#27;[0m &amp#27;[37m<-- POST /session/24b485ec-92a7-408e-ba56-78682df800a3/element &amp#27;[39m&amp#27;[32m200&amp#27;[39m &amp#27;[90m1746 ms - 137&amp#27;[39m
&amp#27;[38;5;0m[HTTP]&amp#27;[0m &amp#27;[90m&amp#27;[39m
&amp#27;[38;5;0m[HTTP]&amp#27;[0m &amp#27;[37m-->&amp#27;[39m &amp#27;[37mPOST&amp#27;[39m &amp#27;[37m/session/24b485ec-92a7-408e-ba56-78682df800a3/element/DA000000-0000-0000-1421-010000000000/value&amp#27;[39m
&amp#27;[38;5;0m[HTTP]&amp#27;[0m &amp#27;[90m{"id":"DA000000-0000-0000-1421-010000000000","text":"bob@example.com","value":["b","o","b","@","e","x","a","m","p","l","e",".","c","o","m"]}&amp#27;[39m
[debug] &amp#27;[38;5;32m[XCUITestDriver@55eb (24b485ec)]&amp#27;[0m Calling AppiumDriver.setValue() with args: [["b","o","b","@","e","x","a","m","p","l","e",".","c","o","m"],"DA000000-0000-0000-1421-010000000000","24b485ec-92a7-408e-ba56-78682df800a3"]
[debug] &amp#27;[38;5;32m[XCUITestDriver@55eb (24b485ec)]&amp#27;[0m Executing command 'setValue'
[debug] &amp#27;[38;5;32m[XCUITestDriver@55eb (24b485ec)]&amp#27;[0m Matched '/element/DA000000-0000-0000-1421-010000000000/value' to command name 'setValue'
[debug] &amp#27;[38;5;32m[XCUITestDriver@55eb (24b485ec)]&amp#27;[0m Added 'text' property "bob@example.com" to 'setValue' request body
[debug] &amp#27;[38;5;32m[XCUITestDriver@55eb (24b485ec)]&amp#27;[0m Proxying [POST /element/DA000000-0000-0000-1421-010000000000/value] to [POST http://127.0.0.1:8100/session/56D70ACD-A8F3-4900-A498-C9E849921D48/element/DA000000-0000-0000-1421-010000000000/value] with body: {"value":["b","o","b","@","e","x","a","m","p","l","e",".","c","o","m"],"text":"bob@example.com"}
[debug] &amp#27;[38;5;32m[XCUITestDriver@55eb (24b485ec)]&amp#27;[0m Got response with status 200: {"value":null,"sessionId":"56D70ACD-A8F3-4900-A498-C9E849921D48"}
[debug] &amp#27;[38;5;32m[XCUITestDriver@55eb (24b485ec)]&amp#27;[0m Responding to client with driver.setValue() result: null
&amp#27;[38;5;0m[HTTP]&amp#27;[0m &amp#27;[37m<-- POST /session/24b485ec-92a7-408e-ba56-78682df800a3/element/DA000000-0000-0000-1421-010000000000/value &amp#27;[39m&amp#27;[32m200&amp#27;[39m &amp#27;[90m2479 ms - 14&amp#27;[39m
&amp#27;[38;5;0m[HTTP]&amp#27;[0m &amp#27;[90m&amp#27;[39m
&amp#27;[38;5;0m[HTTP]&amp#27;[0m &amp#27;[37m-->&amp#27;[39m &amp#27;[37mPOST&amp#27;[39m &amp#27;[37m/session/24b485ec-92a7-408e-ba56-78682df800a3/element&amp#27;[39m
&amp#27;[38;5;0m[HTTP]&amp#27;[0m &amp#27;[90m{"using":"xpath","value":"//XCUIElementTypeSecureTextField[@name=\"Password input field\"]"}&amp#27;[39m
[debug] &amp#27;[38;5;32m[XCUITestDriver@55eb (24b485ec)]&amp#27;[0m Calling AppiumDriver.findElement() with args: ["xpath","//XCUIElementTypeSecureTextField[@name=\"Password input field\"]","24b485ec-92a7-408e-ba56-78682df800a3"]
[debug] &amp#27;[38;5;32m[XCUITestDriver@55eb (24b485ec)]&amp#27;[0m Executing command 'findElement'
[debug] &amp#27;[38;5;32m[XCUITestDriver@55eb (24b485ec)]&amp#27;[0m Valid locator strategies for this request: xpath, id, name, class name, -ios predicate string, -ios class chain, accessibility id, css selector
[debug] &amp#27;[38;5;32m[XCUITestDriver@55eb (24b485ec)]&amp#27;[0m Waiting up to 0 ms for condition
[debug] &amp#27;[38;5;32m[XCUITestDriver@55eb (24b485ec)]&amp#27;[0m Matched '/element' to command name 'findElement'
[debug] &amp#27;[38;5;32m[XCUITestDriver@55eb (24b485ec)]&amp#27;[0m Proxying [POST /element] to [POST http://127.0.0.1:8100/session/56D70ACD-A8F3-4900-A498-C9E849921D48/element] with body: {"using":"xpath","value":"//XCUIElementTypeSecureTextField[@name=\"Password input field\"]"}
[debug] &amp#27;[38;5;32m[XCUITestDriver@55eb (24b485ec)]&amp#27;[0m Got response with status 200: {"value":{"ELEMENT":"DB000000-0000-0000-1421-010000000000","element-6066-11e4-a52e-4f735466cecf":"DB000000-0000-0000-1421-010000000000"},"sessionId":"56D70ACD-A8F3-4900-A498-C9E849921D48"}
[debug] &amp#27;[38;5;32m[XCUITestDriver@55eb (24b485ec)]&amp#27;[0m Responding to client with driver.findElement() result: {"element-6066-11e4-a52e-4f735466cecf":"DB000000-0000-0000-1421-010000000000","ELEMENT":"DB000000-0000-0000-1421-010000000000"}
&amp#27;[38;5;0m[HTTP]&amp#27;[0m &amp#27;[37m<-- POST /session/24b485ec-92a7-408e-ba56-78682df800a3/element &amp#27;[39m&amp#27;[32m200&amp#27;[39m &amp#27;[90m4010 ms - 137&amp#27;[39m
&amp#27;[38;5;0m[HTTP]&amp#27;[0m &amp#27;[90m&amp#27;[39m
&amp#27;[38;5;0m[HTTP]&amp#27;[0m &amp#27;[37m-->&amp#27;[39m &amp#27;[37mPOST&amp#27;[39m &amp#27;[37m/session/24b485ec-92a7-408e-ba56-78682df800a3/element/DB000000-0000-0000-1421-010000000000/value&amp#27;[39m
&amp#27;[38;5;0m[HTTP]&amp#27;[0m &amp#27;[90m{"id":"DB000000-0000-0000-1421-010000000000","text":"10203040","value":["1","0","2","0","3","0","4","0"]}&amp#27;[39m
[debug] &amp#27;[38;5;32m[XCUITestDriver@55eb (24b485ec)]&amp#27;[0m Calling AppiumDriver.setValue() with args: [["1","0","2","0","3","0","4","0"],"DB000000-0000-0000-1421-010000000000","24b485ec-92a7-408e-ba56-78682df800a3"]
[debug] &amp#27;[38;5;32m[XCUITestDriver@55eb (24b485ec)]&amp#27;[0m Executing command 'setValue'
[debug] &amp#27;[38;5;32m[XCUITestDriver@55eb (24b485ec)]&amp#27;[0m Matched '/element/DB000000-0000-0000-1421-010000000000/value' to command name 'setValue'
[debug] &amp#27;[38;5;32m[XCUITestDriver@55eb (24b485ec)]&amp#27;[0m Added 'text' property "10203040" to 'setValue' request body
[debug] &amp#27;[38;5;32m[XCUITestDriver@55eb (24b485ec)]&amp#27;[0m Proxying [POST /element/DB000000-0000-0000-1421-010000000000/value] to [POST http://127.0.0.1:8100/session/56D70ACD-A8F3-4900-A498-C9E849921D48/element/DB000000-0000-0000-1421-010000000000/value] with body: {"value":["1","0","2","0","3","0","4","0"],"text":"10203040"}
[debug] &amp#27;[38;5;32m[XCUITestDriver@55eb (24b485ec)]&amp#27;[0m Got response with status 200: {"value":null,"sessionId":"56D70ACD-A8F3-4900-A498-C9E849921D48"}
[debug] &amp#27;[38;5;32m[XCUITestDriver@55eb (24b485ec)]&amp#27;[0m Responding to client with driver.setValue() result: null
&amp#27;[38;5;0m[HTTP]&amp#27;[0m &amp#27;[37m<-- POST /session/24b485ec-92a7-408e-ba56-78682df800a3/element/DB000000-0000-0000-1421-010000000000/value &amp#27;[39m&amp#27;[32m200&amp#27;[39m &amp#27;[90m1583 ms - 14&amp#27;[39m
  And user enters username and password # StepDefinations.LoginSteps.user_enters_username_and_password()
&amp#27;[38;5;0m[HTTP]&amp#27;[0m &amp#27;[90m&amp#27;[39m
&amp#27;[38;5;0m[HTTP]&amp#27;[0m &amp#27;[37m-->&amp#27;[39m &amp#27;[37mGET&amp#27;[39m &amp#27;[37m/session/24b485ec-92a7-408e-ba56-78682df800a3/screenshot&amp#27;[39m
&amp#27;[38;5;0m[HTTP]&amp#27;[0m &amp#27;[90m{}&amp#27;[39m
[debug] &amp#27;[38;5;32m[XCUITestDriver@55eb (24b485ec)]&amp#27;[0m Calling AppiumDriver.getScreenshot() with args: ["24b485ec-92a7-408e-ba56-78682df800a3"]
[debug] &amp#27;[38;5;32m[XCUITestDriver@55eb (24b485ec)]&amp#27;[0m Executing command 'getScreenshot'
[debug] &amp#27;[38;5;32m[XCUITestDriver@55eb (24b485ec)]&amp#27;[0m Taking screenshot with WDA
[debug] &amp#27;[38;5;32m[XCUITestDriver@55eb (24b485ec)]&amp#27;[0m Matched '/screenshot' to command name 'getScreenshot'
[debug] &amp#27;[38;5;32m[XCUITestDriver@55eb (24b485ec)]&amp#27;[0m Proxying [GET /screenshot] to [GET http://127.0.0.1:8100/session/56D70ACD-A8F3-4900-A498-C9E849921D48/screenshot] with no body
[debug] &amp#27;[38;5;32m[XCUITestDriver@55eb (24b485ec)]&amp#27;[0m Got response with status 200: {"value":"iVBORw0KGgoAAAANSUhEUgAABJIAAAnkCAYAAABWQUsDAAAAAXNSR0IArs4c6QAAADhlWElmTU0AKgAAAAgAAYdpAAQAAAABAAAAGgAAAAAAAqACAAQAAAABAAAEkqADAAQAAAABAAAJ5AAAAADoPni0AAAAHGlET1QAAAACAAAAAAAABPIAAAAoAAAE8gAABPIAAXvX95FyfwAAQABJREFUeAHs3QmYLFldJ+xGELSRbhFFVHYcEFAcEdlEFEFhBERQkQdRNgeYYVcERFGBhgYVAREBQRhZRxRRWQRlUxgEAYHGAZ3Pbtlptm62vlW5VXzndyojOytvZlVkVdbtrNtvPE+SdbMiY3njZNLxq/M/55TGQoAAAQIECBAgQIAAAQIECBAgQKCDwCkd1rEKAQIECBAgQIAAAQIECBAgQIAAgUaQpBEQIECAAAECBAgQIECAAAECBAh0EhAkdWKyEgECBAgQIECAAAECBAgQIECAgCBJGyBAgAABAgQIECBAgAABAgQIEOgkIEjqxGQlAgQIECBAgAABAgQIECBAgAABQZI2QIAAAQIECBAgQIAAAQIECBAg0ElAkNSJyUoECBAgQIAAAQIECBAgQIAAAQKCJG2AAAECBAgQIECAAAECBAgQIECgk4AgqROTlQgQIECAAAECBAgQIECAAAECBARJ2gABAgQIECBAgAABAgQIECBAgEAnAUFSJyYrESBAgAABAgQIECBAgAABAgQICJK0AQIECBAgQIAAAQIECBAgQIAAgU4CgqROTFYiQIAAAQIECBAgQIAAAQIECBAQJGkDBAgQIECAAAECBAgQIECAAAECnQQESZ2YrESAAAECBAgQIECAAAECBAgQICBI0gYIECBAgAABAgQIECBAgAABAgQ6CQiSOjFZiQABAgQIECBAgAABAgQIECBAQJCkDRAgQIAAAQIECBAgQIAAAQIECHQSECR1YrISAQIECBAgQIAAAQIECBAgQICAIEkbIECAAAECBAg...
[debug] &amp#27;[38;5;32m[XCUITestDriver@55eb (24b485ec)]&amp#27;[0m Responding to client with driver.getScreenshot() result: "iVBORw0KGgoAAAANSUhEUgAABJIAAAnkCAYAAABWQUsDAAAAAXNSR0IArs4c6QAAADhlWElmTU0AKgAAAAgAAYdpAAQAAAABAAAAGgAAAAAAAqACAAQAAAABAAAEkqADAAQAAAABAAAJ5AAAAADoPni0AAAAHGlET1QAAAACAAAAAAAABPIAAAAoAAAE8gAABPIAAXvX95FyfwAAQABJREFUeAHs3QmYLFldJ+xGELSRbhFFVHYcEFAcEdlEFEFhBERQkQdRNgeYYVcERFGBhgYVAREBQRhZRxRRWQRlUxgEAYHGAZ3Pbtlptm62vlW5VXzndyojOytvZlVkVdbtrNtvPE+SdbMiY3njZNLxq/M/55TGQoAAAQIECBAgQIAAAQIECBAgQKCDwCkd1rEKAQIECBAgQIAAAQIECBAgQIAAgUaQpBEQIECAAAECBAgQIECAAAECBAh0EhAkdWKyEgECBAgQIECAAAECBAgQIECAgCBJGyBAgAABAgQIECBAgAABAgQIEOgkIEjqxGQlAgQIECBAgAABAgQIECBAgAABQZI2QIAAAQIECBAgQIAAAQIECBAg0ElAkNSJyUoECBAgQIAAAQIECBAgQIAAAQKCJG2AAAECBAgQIECAAAECBAgQIECgk4AgqROTlQgQIECAAAECBAgQIECAAAECBARJ2gABAgQIECBAgAABAgQIECBAgEAnAUFSJyYrESBAgAABAgQIECBAgAABAgQICJK0AQIECBAgQIAAAQIECBAgQIAAgU4CgqROTFYiQIAAAQIECBAgQIAAAQIECBAQJGkDBAgQIECAAAECBAgQIECAAAECnQQESZ2YrESAAAECBAgQIECAAAECBAgQICBI0gYIECBAgAABAgQIECBAgAABAgQ6CQiSOjFZiQABAgQIECBAgAABAgQIECBAQJCkDRAgQIAAAQIECBAgQIAAAQIECHQSECR1YrISAQIECBAgQIAAAQIECBAgQICAIEkbIECAAAECBAgQIECAAAEC...
&amp#27;[38;5;0m[HTTP]&amp#27;[0m &amp#27;[37m<-- GET /session/24b485ec-92a7-408e-ba56-78682df800a3/screenshot &amp#27;[39m&amp#27;[32m200&amp#27;[39m &amp#27;[90m318 ms - 231440&amp#27;[39m
&amp#27;[38;5;0m[HTTP]&amp#27;[0m &amp#27;[90m&amp#27;[39m

    Embedding screenshot [image/png 173570 bytes]

&amp#27;[38;5;0m[HTTP]&amp#27;[0m &amp#27;[37m-->&amp#27;[39m &amp#27;[37mPOST&amp#27;[39m &amp#27;[37m/session/24b485ec-92a7-408e-ba56-78682df800a3/element&amp#27;[39m
&amp#27;[38;5;0m[HTTP]&amp#27;[0m &amp#27;[90m{"using":"xpath","value":"//XCUIElementTypeStaticText[@name=\"Login\"]"}&amp#27;[39m
[debug] &amp#27;[38;5;32m[XCUITestDriver@55eb (24b485ec)]&amp#27;[0m Calling AppiumDriver.findElement() with args: ["xpath","//XCUIElementTypeStaticText[@name=\"Login\"]","24b485ec-92a7-408e-ba56-78682df800a3"]
[debug] &amp#27;[38;5;32m[XCUITestDriver@55eb (24b485ec)]&amp#27;[0m Executing command 'findElement'
[debug] &amp#27;[38;5;32m[XCUITestDriver@55eb (24b485ec)]&amp#27;[0m Valid locator strategies for this request: xpath, id, name, class name, -ios predicate string, -ios class chain, accessibility id, css selector
[debug] &amp#27;[38;5;32m[XCUITestDriver@55eb (24b485ec)]&amp#27;[0m Waiting up to 0 ms for condition
[debug] &amp#27;[38;5;32m[XCUITestDriver@55eb (24b485ec)]&amp#27;[0m Matched '/element' to command name 'findElement'
[debug] &amp#27;[38;5;32m[XCUITestDriver@55eb (24b485ec)]&amp#27;[0m Proxying [POST /element] to [POST http://127.0.0.1:8100/session/56D70ACD-A8F3-4900-A498-C9E849921D48/element] with body: {"using":"xpath","value":"//XCUIElementTypeStaticText[@name=\"Login\"]"}
[debug] &amp#27;[38;5;32m[XCUITestDriver@55eb (24b485ec)]&amp#27;[0m Got response with status 200: {"value":{"ELEMENT":"C9000000-0000-0000-1421-010000000000","element-6066-11e4-a52e-4f735466cecf":"C9000000-0000-0000-1421-010000000000"},"sessionId":"56D70ACD-A8F3-4900-A498-C9E849921D48"}
[debug] &amp#27;[38;5;32m[XCUITestDriver@55eb (24b485ec)]&amp#27;[0m Responding to client with driver.findElement() result: {"element-6066-11e4-a52e-4f735466cecf":"C9000000-0000-0000-1421-010000000000","ELEMENT":"C9000000-0000-0000-1421-010000000000"}
&amp#27;[38;5;0m[HTTP]&amp#27;[0m &amp#27;[37m<-- POST /session/24b485ec-92a7-408e-ba56-78682df800a3/element &amp#27;[39m&amp#27;[32m200&amp#27;[39m &amp#27;[90m2902 ms - 137&amp#27;[39m
&amp#27;[38;5;0m[HTTP]&amp#27;[0m &amp#27;[90m&amp#27;[39m
&amp#27;[38;5;0m[HTTP]&amp#27;[0m &amp#27;[37m-->&amp#27;[39m &amp#27;[37mGET&amp#27;[39m &amp#27;[37m/session/24b485ec-92a7-408e-ba56-78682df800a3/element/C9000000-0000-0000-1421-010000000000/displayed&amp#27;[39m
&amp#27;[38;5;0m[HTTP]&amp#27;[0m &amp#27;[90m{}&amp#27;[39m
&amp#27;[38;5;32m[XCUITestDriver@55eb (24b485ec)]&amp#27;[0m Driver proxy active, passing request on via HTTP proxy
[debug] &amp#27;[38;5;32m[XCUITestDriver@55eb (24b485ec)]&amp#27;[0m Executing command 'proxyReqRes'
[debug] &amp#27;[38;5;32m[XCUITestDriver@55eb (24b485ec)]&amp#27;[0m Matched '/session/24b485ec-92a7-408e-ba56-78682df800a3/element/C9000000-0000-0000-1421-010000000000/displayed' to command name 'elementDisplayed'
[debug] &amp#27;[38;5;32m[XCUITestDriver@55eb (24b485ec)]&amp#27;[0m Proxying [GET /session/24b485ec-92a7-408e-ba56-78682df800a3/element/C9000000-0000-0000-1421-010000000000/displayed] to [GET http://127.0.0.1:8100/session/56D70ACD-A8F3-4900-A498-C9E849921D48/element/C9000000-0000-0000-1421-010000000000/displayed] with no body
[debug] &amp#27;[38;5;32m[XCUITestDriver@55eb (24b485ec)]&amp#27;[0m Got response with status 200: {"value":true,"sessionId":"56D70ACD-A8F3-4900-A498-C9E849921D48"}
&amp#27;[38;5;32m[XCUITestDriver@55eb (24b485ec)]&amp#27;[0m Replacing sessionId 56D70ACD-A8F3-4900-A498-C9E849921D48 with 24b485ec-92a7-408e-ba56-78682df800a3
&amp#27;[38;5;0m[HTTP]&amp#27;[0m &amp#27;[37m<-- GET /session/24b485ec-92a7-408e-ba56-78682df800a3/element/C9000000-0000-0000-1421-010000000000/displayed &amp#27;[39m&amp#27;[32m200&amp#27;[39m &amp#27;[90m180 ms - 65&amp#27;[39m
&amp#27;[38;5;0m[HTTP]&amp#27;[0m &amp#27;[90m&amp#27;[39m
&amp#27;[38;5;0m[HTTP]&amp#27;[0m &amp#27;[37m-->&amp#27;[39m &amp#27;[37mPOST&amp#27;[39m &amp#27;[37m/session/24b485ec-92a7-408e-ba56-78682df800a3/element&amp#27;[39m
&amp#27;[38;5;0m[HTTP]&amp#27;[0m &amp#27;[90m{"using":"xpath","value":"//XCUIElementTypeStaticText[@name=\"Login\"]"}&amp#27;[39m
[debug] &amp#27;[38;5;32m[XCUITestDriver@55eb (24b485ec)]&amp#27;[0m Calling AppiumDriver.findElement() with args: ["xpath","//XCUIElementTypeStaticText[@name=\"Login\"]","24b485ec-92a7-408e-ba56-78682df800a3"]
[debug] &amp#27;[38;5;32m[XCUITestDriver@55eb (24b485ec)]&amp#27;[0m Executing command 'findElement'
[debug] &amp#27;[38;5;32m[XCUITestDriver@55eb (24b485ec)]&amp#27;[0m Valid locator strategies for this request: xpath, id, name, class name, -ios predicate string, -ios class chain, accessibility id, css selector
[debug] &amp#27;[38;5;32m[XCUITestDriver@55eb (24b485ec)]&amp#27;[0m Waiting up to 0 ms for condition
[debug] &amp#27;[38;5;32m[XCUITestDriver@55eb (24b485ec)]&amp#27;[0m Matched '/element' to command name 'findElement'
[debug] &amp#27;[38;5;32m[XCUITestDriver@55eb (24b485ec)]&amp#27;[0m Proxying [POST /element] to [POST http://127.0.0.1:8100/session/56D70ACD-A8F3-4900-A498-C9E849921D48/element] with body: {"using":"xpath","value":"//XCUIElementTypeStaticText[@name=\"Login\"]"}
[debug] &amp#27;[38;5;32m[XCUITestDriver@55eb (24b485ec)]&amp#27;[0m Got response with status 200: {"value":{"ELEMENT":"C9000000-0000-0000-1421-010000000000","element-6066-11e4-a52e-4f735466cecf":"C9000000-0000-0000-1421-010000000000"},"sessionId":"56D70ACD-A8F3-4900-A498-C9E849921D48"}
[debug] &amp#27;[38;5;32m[XCUITestDriver@55eb (24b485ec)]&amp#27;[0m Responding to client with driver.findElement() result: {"element-6066-11e4-a52e-4f735466cecf":"C9000000-0000-0000-1421-010000000000","ELEMENT":"C9000000-0000-0000-1421-010000000000"}
&amp#27;[38;5;0m[HTTP]&amp#27;[0m &amp#27;[37m<-- POST /session/24b485ec-92a7-408e-ba56-78682df800a3/element &amp#27;[39m&amp#27;[32m200&amp#27;[39m &amp#27;[90m2944 ms - 137&amp#27;[39m
&amp#27;[38;5;0m[HTTP]&amp#27;[0m &amp#27;[90m&amp#27;[39m
&amp#27;[38;5;0m[HTTP]&amp#27;[0m &amp#27;[37m-->&amp#27;[39m &amp#27;[37mGET&amp#27;[39m &amp#27;[37m/session/24b485ec-92a7-408e-ba56-78682df800a3/element/C9000000-0000-0000-1421-010000000000/rect&amp#27;[39m
&amp#27;[38;5;0m[HTTP]&amp#27;[0m &amp#27;[90m{}&amp#27;[39m
&amp#27;[38;5;32m[XCUITestDriver@55eb (24b485ec)]&amp#27;[0m Driver proxy active, passing request on via HTTP proxy
[debug] &amp#27;[38;5;32m[XCUITestDriver@55eb (24b485ec)]&amp#27;[0m Executing command 'proxyReqRes'
[debug] &amp#27;[38;5;32m[XCUITestDriver@55eb (24b485ec)]&amp#27;[0m Matched '/session/24b485ec-92a7-408e-ba56-78682df800a3/element/C9000000-0000-0000-1421-010000000000/rect' to command name 'getElementRect'
[debug] &amp#27;[38;5;32m[XCUITestDriver@55eb (24b485ec)]&amp#27;[0m Proxying [GET /session/24b485ec-92a7-408e-ba56-78682df800a3/element/C9000000-0000-0000-1421-010000000000/rect] to [GET http://127.0.0.1:8100/session/56D70ACD-A8F3-4900-A498-C9E849921D48/element/C9000000-0000-0000-1421-010000000000/rect] with no body
[debug] &amp#27;[38;5;32m[XCUITestDriver@55eb (24b485ec)]&amp#27;[0m Got response with status 200: {"value":{"y":119,"x":20,"width":64,"height":30},"sessionId":"56D70ACD-A8F3-4900-A498-C9E849921D48"}
&amp#27;[38;5;32m[XCUITestDriver@55eb (24b485ec)]&amp#27;[0m Replacing sessionId 56D70ACD-A8F3-4900-A498-C9E849921D48 with 24b485ec-92a7-408e-ba56-78682df800a3
&amp#27;[38;5;0m[HTTP]&amp#27;[0m &amp#27;[37m<-- GET /session/24b485ec-92a7-408e-ba56-78682df800a3/element/C9000000-0000-0000-1421-010000000000/rect &amp#27;[39m&amp#27;[32m200&amp#27;[39m &amp#27;[90m176 ms - 100&amp#27;[39m
&amp#27;[38;5;0m[HTTP]&amp#27;[0m &amp#27;[90m&amp#27;[39m
&amp#27;[38;5;0m[HTTP]&amp#27;[0m &amp#27;[37m-->&amp#27;[39m &amp#27;[37mGET&amp#27;[39m &amp#27;[37m/session/24b485ec-92a7-408e-ba56-78682df800a3/element/C9000000-0000-0000-1421-010000000000/rect&amp#27;[39m
&amp#27;[38;5;0m[HTTP]&amp#27;[0m &amp#27;[90m{}&amp#27;[39m
&amp#27;[38;5;32m[XCUITestDriver@55eb (24b485ec)]&amp#27;[0m Driver proxy active, passing request on via HTTP proxy
[debug] &amp#27;[38;5;32m[XCUITestDriver@55eb (24b485ec)]&amp#27;[0m Executing command 'proxyReqRes'
[debug] &amp#27;[38;5;32m[XCUITestDriver@55eb (24b485ec)]&amp#27;[0m Matched '/session/24b485ec-92a7-408e-ba56-78682df800a3/element/C9000000-0000-0000-1421-010000000000/rect' to command name 'getElementRect'
[debug] &amp#27;[38;5;32m[XCUITestDriver@55eb (24b485ec)]&amp#27;[0m Proxying [GET /session/24b485ec-92a7-408e-ba56-78682df800a3/element/C9000000-0000-0000-1421-010000000000/rect] to [GET http://127.0.0.1:8100/session/56D70ACD-A8F3-4900-A498-C9E849921D48/element/C9000000-0000-0000-1421-010000000000/rect] with no body
[debug] &amp#27;[38;5;32m[XCUITestDriver@55eb (24b485ec)]&amp#27;[0m Got response with status 200: {"value":{"y":119,"x":20,"width":64,"height":30},"sessionId":"56D70ACD-A8F3-4900-A498-C9E849921D48"}
&amp#27;[38;5;32m[XCUITestDriver@55eb (24b485ec)]&amp#27;[0m Replacing sessionId 56D70ACD-A8F3-4900-A498-C9E849921D48 with 24b485ec-92a7-408e-ba56-78682df800a3
&amp#27;[38;5;0m[HTTP]&amp#27;[0m &amp#27;[37m<-- GET /session/24b485ec-92a7-408e-ba56-78682df800a3/element/C9000000-0000-0000-1421-010000000000/rect &amp#27;[39m&amp#27;[32m200&amp#27;[39m &amp#27;[90m189 ms - 100&amp#27;[39m
&amp#27;[38;5;0m[HTTP]&amp#27;[0m &amp#27;[90m&amp#27;[39m
&amp#27;[38;5;0m[HTTP]&amp#27;[0m &amp#27;[37m-->&amp#27;[39m &amp#27;[37mPOST&amp#27;[39m &amp#27;[37m/session/24b485ec-92a7-408e-ba56-78682df800a3/actions&amp#27;[39m
&amp#27;[38;5;0m[HTTP]&amp#27;[0m &amp#27;[90m{"actions":[{"id":"finger1","type":"pointer","parameters":{"pointerType":"touch"},"actions":[{"duration":0,"type":"pause"},{"duration":0,"x":52,"y":134,"type":"pointerMove","origin":"viewport"},{"button":0,"type":"pointerDown"},{"duration":200,"type":"pause"},{"button":0,"type":"pointerUp"}]}]}&amp#27;[39m
[debug] &amp#27;[38;5;32m[XCUITestDriver@55eb (24b485ec)]&amp#27;[0m Calling AppiumDriver.performActions() with args: [[{"id":"finger1","type":"pointer","parameters":{"pointerType":"touch"},"actions":[{"duration":0,"type":"pause"},{"duration":0,"x":52,"y":134,"type":"pointerMove","origin":"viewport"},{"button":0,"type":"pointerDown"},{"duration":200,"type":"pause"},{"button":0,"type":"pointerUp"}]}],"24b485ec-92a7-408e-ba56-78682df800a3"]
[debug] &amp#27;[38;5;32m[XCUITestDriver@55eb (24b485ec)]&amp#27;[0m Executing command 'performActions'
[debug] &amp#27;[38;5;32m[XCUITestDriver@55eb (24b485ec)]&amp#27;[0m Received the following W3C actions: [
[debug] &amp#27;[38;5;32m[XCUITestDriver@55eb (24b485ec)]&amp#27;[0m   {
[debug] &amp#27;[38;5;32m[XCUITestDriver@55eb (24b485ec)]&amp#27;[0m     "id": "finger1",
[debug] &amp#27;[38;5;32m[XCUITestDriver@55eb (24b485ec)]&amp#27;[0m     "type": "pointer",
[debug] &amp#27;[38;5;32m[XCUITestDriver@55eb (24b485ec)]&amp#27;[0m     "parameters": {
[debug] &amp#27;[38;5;32m[XCUITestDriver@55eb (24b485ec)]&amp#27;[0m       "pointerType": "touch"
[debug] &amp#27;[38;5;32m[XCUITestDriver@55eb (24b485ec)]&amp#27;[0m     },
[debug] &amp#27;[38;5;32m[XCUITestDriver@55eb (24b485ec)]&amp#27;[0m     "actions": [
[debug] &amp#27;[38;5;32m[XCUITestDriver@55eb (24b485ec)]&amp#27;[0m       {
[debug] &amp#27;[38;5;32m[XCUITestDriver@55eb (24b485ec)]&amp#27;[0m         "duration": 0,
[debug] &amp#27;[38;5;32m[XCUITestDriver@55eb (24b485ec)]&amp#27;[0m         "type": "pause"
[debug] &amp#27;[38;5;32m[XCUITestDriver@55eb (24b485ec)]&amp#27;[0m       },
[debug] &amp#27;[38;5;32m[XCUITestDriver@55eb (24b485ec)]&amp#27;[0m       {
[debug] &amp#27;[38;5;32m[XCUITestDriver@55eb (24b485ec)]&amp#27;[0m         "duration": 0,
[debug] &amp#27;[38;5;32m[XCUITestDriver@55eb (24b485ec)]&amp#27;[0m         "x": 52,
[debug] &amp#27;[38;5;32m[XCUITestDriver@55eb (24b485ec)]&amp#27;[0m         "y": 134,
[debug] &amp#27;[38;5;32m[XCUITestDriver@55eb (24b485ec)]&amp#27;[0m         "type": "pointerMove",
[debug] &amp#27;[38;5;32m[XCUITestDriver@55eb (24b485ec)]&amp#27;[0m         "origin": "viewport"
[debug] &amp#27;[38;5;32m[XCUITestDriver@55eb (24b485ec)]&amp#27;[0m       },
[debug] &amp#27;[38;5;32m[XCUITestDriver@55eb (24b485ec)]&amp#27;[0m       {
[debug] &amp#27;[38;5;32m[XCUITestDriver@55eb (24b485ec)]&amp#27;[0m         "button": 0,
[debug] &amp#27;[38;5;32m[XCUITestDriver@55eb (24b485ec)]&amp#27;[0m         "type": "pointerDown"
[debug] &amp#27;[38;5;32m[XCUITestDriver@55eb (24b485ec)]&amp#27;[0m       },
[debug] &amp#27;[38;5;32m[XCUITestDriver@55eb (24b485ec)]&amp#27;[0m       {
[debug] &amp#27;[38;5;32m[XCUITestDriver@55eb (24b485ec)]&amp#27;[0m         "duration": 200,
[debug] &amp#27;[38;5;32m[XCUITestDriver@55eb (24b485ec)]&amp#27;[0m         "type": "pause"
[debug] &amp#27;[38;5;32m[XCUITestDriver@55eb (24b485ec)]&amp#27;[0m       },
[debug] &amp#27;[38;5;32m[XCUITestDriver@55eb (24b485ec)]&amp#27;[0m       {
[debug] &amp#27;[38;5;32m[XCUITestDriver@55eb (24b485ec)]&amp#27;[0m         "button": 0,
[debug] &amp#27;[38;5;32m[XCUITestDriver@55eb (24b485ec)]&amp#27;[0m         "type": "pointerUp"
[debug] &amp#27;[38;5;32m[XCUITestDriver@55eb (24b485ec)]&amp#27;[0m       }
[debug] &amp#27;[38;5;32m[XCUITestDriver@55eb (24b485ec)]&amp#27;[0m     ]
[debug] &amp#27;[38;5;32m[XCUITestDriver@55eb (24b485ec)]&amp#27;[0m   }
[debug] &amp#27;[38;5;32m[XCUITestDriver@55eb (24b485ec)]&amp#27;[0m ]
[debug] &amp#27;[38;5;32m[XCUITestDriver@55eb (24b485ec)]&amp#27;[0m Preprocessed actions: [
[debug] &amp#27;[38;5;32m[XCUITestDriver@55eb (24b485ec)]&amp#27;[0m   {
[debug] &amp#27;[38;5;32m[XCUITestDriver@55eb (24b485ec)]&amp#27;[0m     "id": "finger1",
[debug] &amp#27;[38;5;32m[XCUITestDriver@55eb (24b485ec)]&amp#27;[0m     "type": "pointer",
[debug] &amp#27;[38;5;32m[XCUITestDriver@55eb (24b485ec)]&amp#27;[0m     "parameters": {
[debug] &amp#27;[38;5;32m[XCUITestDriver@55eb (24b485ec)]&amp#27;[0m       "pointerType": "touch"
[debug] &amp#27;[38;5;32m[XCUITestDriver@55eb (24b485ec)]&amp#27;[0m     },
[debug] &amp#27;[38;5;32m[XCUITestDriver@55eb (24b485ec)]&amp#27;[0m     "actions": [
[debug] &amp#27;[38;5;32m[XCUITestDriver@55eb (24b485ec)]&amp#27;[0m       {
[debug] &amp#27;[38;5;32m[XCUITestDriver@55eb (24b485ec)]&amp#27;[0m         "duration": 0,
[debug] &amp#27;[38;5;32m[XCUITestDriver@55eb (24b485ec)]&amp#27;[0m         "x": 52,
[debug] &amp#27;[38;5;32m[XCUITestDriver@55eb (24b485ec)]&amp#27;[0m         "y": 134,
[debug] &amp#27;[38;5;32m[XCUITestDriver@55eb (24b485ec)]&amp#27;[0m         "type": "pointerMove",
[debug] &amp#27;[38;5;32m[XCUITestDriver@55eb (24b485ec)]&amp#27;[0m         "origin": "viewport"
[debug] &amp#27;[38;5;32m[XCUITestDriver@55eb (24b485ec)]&amp#27;[0m       },
[debug] &amp#27;[38;5;32m[XCUITestDriver@55eb (24b485ec)]&amp#27;[0m       {
[debug] &amp#27;[38;5;32m[XCUITestDriver@55eb (24b485ec)]&amp#27;[0m         "button": 0,
[debug] &amp#27;[38;5;32m[XCUITestDriver@55eb (24b485ec)]&amp#27;[0m         "type": "pointerDown"
[debug] &amp#27;[38;5;32m[XCUITestDriver@55eb (24b485ec)]&amp#27;[0m       },
[debug] &amp#27;[38;5;32m[XCUITestDriver@55eb (24b485ec)]&amp#27;[0m       {
[debug] &amp#27;[38;5;32m[XCUITestDriver@55eb (24b485ec)]&amp#27;[0m         "duration": 200,
[debug] &amp#27;[38;5;32m[XCUITestDriver@55eb (24b485ec)]&amp#27;[0m         "type": "pause"
[debug] &amp#27;[38;5;32m[XCUITestDriver@55eb (24b485ec)]&amp#27;[0m       },
[debug] &amp#27;[38;5;32m[XCUITestDriver@55eb (24b485ec)]&amp#27;[0m       {
[debug] &amp#27;[38;5;32m[XCUITestDriver@55eb (24b485ec)]&amp#27;[0m         "button": 0,
[debug] &amp#27;[38;5;32m[XCUITestDriver@55eb (24b485ec)]&amp#27;[0m         "type": "pointerUp"
[debug] &amp#27;[38;5;32m[XCUITestDriver@55eb (24b485ec)]&amp#27;[0m       }
[debug] &amp#27;[38;5;32m[XCUITestDriver@55eb (24b485ec)]&amp#27;[0m     ]
[debug] &amp#27;[38;5;32m[XCUITestDriver@55eb (24b485ec)]&amp#27;[0m   }
[debug] &amp#27;[38;5;32m[XCUITestDriver@55eb (24b485ec)]&amp#27;[0m ]
[debug] &amp#27;[38;5;32m[XCUITestDriver@55eb (24b485ec)]&amp#27;[0m Matched '/actions' to command name 'performActions'
[debug] &amp#27;[38;5;32m[XCUITestDriver@55eb (24b485ec)]&amp#27;[0m Proxying [POST /actions] to [POST http://127.0.0.1:8100/session/56D70ACD-A8F3-4900-A498-C9E849921D48/actions] with body: {"actions":[{"id":"finger1","type":"pointer","parameters":{"pointerType":"touch"},"actions":[{"duration":0,"x":52,"y":134,"type":"pointerMove","origin":"viewport"},{"button":0,"type":"pointerDown"},{"duration":200,"type":"pause"},{"button":0,"type":"pointerUp"}]}]}
[debug] &amp#27;[38;5;32m[XCUITestDriver@55eb (24b485ec)]&amp#27;[0m Got response with status 200: {"value":null,"sessionId":"56D70ACD-A8F3-4900-A498-C9E849921D48"}
[debug] &amp#27;[38;5;32m[XCUITestDriver@55eb (24b485ec)]&amp#27;[0m Responding to client with driver.performActions() result: null
&amp#27;[38;5;0m[HTTP]&amp#27;[0m &amp#27;[37m<-- POST /session/24b485ec-92a7-408e-ba56-78682df800a3/actions &amp#27;[39m&amp#27;[32m200&amp#27;[39m &amp#27;[90m1166 ms - 14&amp#27;[39m
&amp#27;[38;5;0m[HTTP]&amp#27;[0m &amp#27;[90m&amp#27;[39m
&amp#27;[38;5;0m[HTTP]&amp#27;[0m &amp#27;[37m-->&amp#27;[39m &amp#27;[37mPOST&amp#27;[39m &amp#27;[37m/session/24b485ec-92a7-408e-ba56-78682df800a3/element&amp#27;[39m
&amp#27;[38;5;0m[HTTP]&amp#27;[0m &amp#27;[90m{"using":"xpath","value":"//XCUIElementTypeOther[@name=\"Login button\"]"}&amp#27;[39m
[debug] &amp#27;[38;5;32m[XCUITestDriver@55eb (24b485ec)]&amp#27;[0m Calling AppiumDriver.findElement() with args: ["xpath","//XCUIElementTypeOther[@name=\"Login button\"]","24b485ec-92a7-408e-ba56-78682df800a3"]
[debug] &amp#27;[38;5;32m[XCUITestDriver@55eb (24b485ec)]&amp#27;[0m Executing command 'findElement'
[debug] &amp#27;[38;5;32m[XCUITestDriver@55eb (24b485ec)]&amp#27;[0m Valid locator strategies for this request: xpath, id, name, class name, -ios predicate string, -ios class chain, accessibility id, css selector
[debug] &amp#27;[38;5;32m[XCUITestDriver@55eb (24b485ec)]&amp#27;[0m Waiting up to 0 ms for condition
[debug] &amp#27;[38;5;32m[XCUITestDriver@55eb (24b485ec)]&amp#27;[0m Matched '/element' to command name 'findElement'
[debug] &amp#27;[38;5;32m[XCUITestDriver@55eb (24b485ec)]&amp#27;[0m Proxying [POST /element] to [POST http://127.0.0.1:8100/session/56D70ACD-A8F3-4900-A498-C9E849921D48/element] with body: {"using":"xpath","value":"//XCUIElementTypeOther[@name=\"Login button\"]"}
[debug] &amp#27;[38;5;32m[XCUITestDriver@55eb (24b485ec)]&amp#27;[0m Got response with status 200: {"value":{"ELEMENT":"D0000000-0000-0000-1421-010000000000","element-6066-11e4-a52e-4f735466cecf":"D0000000-0000-0000-1421-010000000000"},"sessionId":"56D70ACD-A8F3-4900-A498-C9E849921D48"}
[debug] &amp#27;[38;5;32m[XCUITestDriver@55eb (24b485ec)]&amp#27;[0m Responding to client with driver.findElement() result: {"element-6066-11e4-a52e-4f735466cecf":"D0000000-0000-0000-1421-010000000000","ELEMENT":"D0000000-0000-0000-1421-010000000000"}
&amp#27;[38;5;0m[HTTP]&amp#27;[0m &amp#27;[37m<-- POST /session/24b485ec-92a7-408e-ba56-78682df800a3/element &amp#27;[39m&amp#27;[32m200&amp#27;[39m &amp#27;[90m1882 ms - 137&amp#27;[39m
&amp#27;[38;5;0m[HTTP]&amp#27;[0m &amp#27;[90m&amp#27;[39m
&amp#27;[38;5;0m[HTTP]&amp#27;[0m &amp#27;[37m-->&amp#27;[39m &amp#27;[37mGET&amp#27;[39m &amp#27;[37m/session/24b485ec-92a7-408e-ba56-78682df800a3/element/D0000000-0000-0000-1421-010000000000/displayed&amp#27;[39m
&amp#27;[38;5;0m[HTTP]&amp#27;[0m &amp#27;[90m{}&amp#27;[39m
&amp#27;[38;5;32m[XCUITestDriver@55eb (24b485ec)]&amp#27;[0m Driver proxy active, passing request on via HTTP proxy
[debug] &amp#27;[38;5;32m[XCUITestDriver@55eb (24b485ec)]&amp#27;[0m Executing command 'proxyReqRes'
[debug] &amp#27;[38;5;32m[XCUITestDriver@55eb (24b485ec)]&amp#27;[0m Matched '/session/24b485ec-92a7-408e-ba56-78682df800a3/element/D0000000-0000-0000-1421-010000000000/displayed' to command name 'elementDisplayed'
[debug] &amp#27;[38;5;32m[XCUITestDriver@55eb (24b485ec)]&amp#27;[0m Proxying [GET /session/24b485ec-92a7-408e-ba56-78682df800a3/element/D0000000-0000-0000-1421-010000000000/displayed] to [GET http://127.0.0.1:8100/session/56D70ACD-A8F3-4900-A498-C9E849921D48/element/D0000000-0000-0000-1421-010000000000/displayed] with no body
[debug] &amp#27;[38;5;32m[XCUITestDriver@55eb (24b485ec)]&amp#27;[0m Got response with status 200: {"value":true,"sessionId":"56D70ACD-A8F3-4900-A498-C9E849921D48"}
&amp#27;[38;5;32m[XCUITestDriver@55eb (24b485ec)]&amp#27;[0m Replacing sessionId 56D70ACD-A8F3-4900-A498-C9E849921D48 with 24b485ec-92a7-408e-ba56-78682df800a3
&amp#27;[38;5;0m[HTTP]&amp#27;[0m &amp#27;[37m<-- GET /session/24b485ec-92a7-408e-ba56-78682df800a3/element/D0000000-0000-0000-1421-010000000000/displayed &amp#27;[39m&amp#27;[32m200&amp#27;[39m &amp#27;[90m126 ms - 65&amp#27;[39m
&amp#27;[38;5;0m[HTTP]&amp#27;[0m &amp#27;[90m&amp#27;[39m
&amp#27;[38;5;0m[HTTP]&amp#27;[0m &amp#27;[37m-->&amp#27;[39m &amp#27;[37mPOST&amp#27;[39m &amp#27;[37m/session/24b485ec-92a7-408e-ba56-78682df800a3/element&amp#27;[39m
&amp#27;[38;5;0m[HTTP]&amp#27;[0m &amp#27;[90m{"using":"xpath","value":"//XCUIElementTypeOther[@name=\"Login button\"]"}&amp#27;[39m
[debug] &amp#27;[38;5;32m[XCUITestDriver@55eb (24b485ec)]&amp#27;[0m Calling AppiumDriver.findElement() with args: ["xpath","//XCUIElementTypeOther[@name=\"Login button\"]","24b485ec-92a7-408e-ba56-78682df800a3"]
[debug] &amp#27;[38;5;32m[XCUITestDriver@55eb (24b485ec)]&amp#27;[0m Executing command 'findElement'
[debug] &amp#27;[38;5;32m[XCUITestDriver@55eb (24b485ec)]&amp#27;[0m Valid locator strategies for this request: xpath, id, name, class name, -ios predicate string, -ios class chain, accessibility id, css selector
[debug] &amp#27;[38;5;32m[XCUITestDriver@55eb (24b485ec)]&amp#27;[0m Waiting up to 0 ms for condition
[debug] &amp#27;[38;5;32m[XCUITestDriver@55eb (24b485ec)]&amp#27;[0m Matched '/element' to command name 'findElement'
[debug] &amp#27;[38;5;32m[XCUITestDriver@55eb (24b485ec)]&amp#27;[0m Proxying [POST /element] to [POST http://127.0.0.1:8100/session/56D70ACD-A8F3-4900-A498-C9E849921D48/element] with body: {"using":"xpath","value":"//XCUIElementTypeOther[@name=\"Login button\"]"}
[debug] &amp#27;[38;5;32m[XCUITestDriver@55eb (24b485ec)]&amp#27;[0m Got response with status 200: {"value":{"ELEMENT":"D0000000-0000-0000-1421-010000000000","element-6066-11e4-a52e-4f735466cecf":"D0000000-0000-0000-1421-010000000000"},"sessionId":"56D70ACD-A8F3-4900-A498-C9E849921D48"}
[debug] &amp#27;[38;5;32m[XCUITestDriver@55eb (24b485ec)]&amp#27;[0m Responding to client with driver.findElement() result: {"element-6066-11e4-a52e-4f735466cecf":"D0000000-0000-0000-1421-010000000000","ELEMENT":"D0000000-0000-0000-1421-010000000000"}
&amp#27;[38;5;0m[HTTP]&amp#27;[0m &amp#27;[37m<-- POST /session/24b485ec-92a7-408e-ba56-78682df800a3/element &amp#27;[39m&amp#27;[32m200&amp#27;[39m &amp#27;[90m1878 ms - 137&amp#27;[39m
&amp#27;[38;5;0m[HTTP]&amp#27;[0m &amp#27;[90m&amp#27;[39m
&amp#27;[38;5;0m[HTTP]&amp#27;[0m &amp#27;[37m-->&amp#27;[39m &amp#27;[37mGET&amp#27;[39m &amp#27;[37m/session/24b485ec-92a7-408e-ba56-78682df800a3/element/D0000000-0000-0000-1421-010000000000/displayed&amp#27;[39m
&amp#27;[38;5;0m[HTTP]&amp#27;[0m &amp#27;[90m{}&amp#27;[39m
&amp#27;[38;5;32m[XCUITestDriver@55eb (24b485ec)]&amp#27;[0m Driver proxy active, passing request on via HTTP proxy
[debug] &amp#27;[38;5;32m[XCUITestDriver@55eb (24b485ec)]&amp#27;[0m Executing command 'proxyReqRes'
[debug] &amp#27;[38;5;32m[XCUITestDriver@55eb (24b485ec)]&amp#27;[0m Matched '/session/24b485ec-92a7-408e-ba56-78682df800a3/element/D0000000-0000-0000-1421-010000000000/displayed' to command name 'elementDisplayed'
[debug] &amp#27;[38;5;32m[XCUITestDriver@55eb (24b485ec)]&amp#27;[0m Proxying [GET /session/24b485ec-92a7-408e-ba56-78682df800a3/element/D0000000-0000-0000-1421-010000000000/displayed] to [GET http://127.0.0.1:8100/session/56D70ACD-A8F3-4900-A498-C9E849921D48/element/D0000000-0000-0000-1421-010000000000/displayed] with no body
[debug] &amp#27;[38;5;32m[XCUITestDriver@55eb (24b485ec)]&amp#27;[0m Got response with status 200: {"value":true,"sessionId":"56D70ACD-A8F3-4900-A498-C9E849921D48"}
&amp#27;[38;5;32m[XCUITestDriver@55eb (24b485ec)]&amp#27;[0m Replacing sessionId 56D70ACD-A8F3-4900-A498-C9E849921D48 with 24b485ec-92a7-408e-ba56-78682df800a3
&amp#27;[38;5;0m[HTTP]&amp#27;[0m &amp#27;[37m<-- GET /session/24b485ec-92a7-408e-ba56-78682df800a3/element/D0000000-0000-0000-1421-010000000000/displayed &amp#27;[39m&amp#27;[32m200&amp#27;[39m &amp#27;[90m129 ms - 65&amp#27;[39m
&amp#27;[38;5;0m[HTTP]&amp#27;[0m &amp#27;[90m&amp#27;[39m
&amp#27;[38;5;0m[HTTP]&amp#27;[0m &amp#27;[37m-->&amp#27;[39m &amp#27;[37mPOST&amp#27;[39m &amp#27;[37m/session/24b485ec-92a7-408e-ba56-78682df800a3/element&amp#27;[39m
&amp#27;[38;5;0m[HTTP]&amp#27;[0m &amp#27;[90m{"using":"xpath","value":"//XCUIElementTypeOther[@name=\"Login button\"]"}&amp#27;[39m
[debug] &amp#27;[38;5;32m[XCUITestDriver@55eb (24b485ec)]&amp#27;[0m Calling AppiumDriver.findElement() with args: ["xpath","//XCUIElementTypeOther[@name=\"Login button\"]","24b485ec-92a7-408e-ba56-78682df800a3"]
[debug] &amp#27;[38;5;32m[XCUITestDriver@55eb (24b485ec)]&amp#27;[0m Executing command 'findElement'
[debug] &amp#27;[38;5;32m[XCUITestDriver@55eb (24b485ec)]&amp#27;[0m Valid locator strategies for this request: xpath, id, name, class name, -ios predicate string, -ios class chain, accessibility id, css selector
[debug] &amp#27;[38;5;32m[XCUITestDriver@55eb (24b485ec)]&amp#27;[0m Waiting up to 0 ms for condition
[debug] &amp#27;[38;5;32m[XCUITestDriver@55eb (24b485ec)]&amp#27;[0m Matched '/element' to command name 'findElement'
[debug] &amp#27;[38;5;32m[XCUITestDriver@55eb (24b485ec)]&amp#27;[0m Proxying [POST /element] to [POST http://127.0.0.1:8100/session/56D70ACD-A8F3-4900-A498-C9E849921D48/element] with body: {"using":"xpath","value":"//XCUIElementTypeOther[@name=\"Login button\"]"}
[debug] &amp#27;[38;5;32m[XCUITestDriver@55eb (24b485ec)]&amp#27;[0m Got response with status 200: {"value":{"ELEMENT":"D0000000-0000-0000-1421-010000000000","element-6066-11e4-a52e-4f735466cecf":"D0000000-0000-0000-1421-010000000000"},"sessionId":"56D70ACD-A8F3-4900-A498-C9E849921D48"}
[debug] &amp#27;[38;5;32m[XCUITestDriver@55eb (24b485ec)]&amp#27;[0m Responding to client with driver.findElement() result: {"element-6066-11e4-a52e-4f735466cecf":"D0000000-0000-0000-1421-010000000000","ELEMENT":"D0000000-0000-0000-1421-010000000000"}
&amp#27;[38;5;0m[HTTP]&amp#27;[0m &amp#27;[37m<-- POST /session/24b485ec-92a7-408e-ba56-78682df800a3/element &amp#27;[39m&amp#27;[32m200&amp#27;[39m &amp#27;[90m1811 ms - 137&amp#27;[39m
&amp#27;[38;5;0m[HTTP]&amp#27;[0m &amp#27;[90m&amp#27;[39m
&amp#27;[38;5;0m[HTTP]&amp#27;[0m &amp#27;[37m-->&amp#27;[39m &amp#27;[37mGET&amp#27;[39m &amp#27;[37m/session/24b485ec-92a7-408e-ba56-78682df800a3/element/D0000000-0000-0000-1421-010000000000/rect&amp#27;[39m
&amp#27;[38;5;0m[HTTP]&amp#27;[0m &amp#27;[90m{}&amp#27;[39m
&amp#27;[38;5;32m[XCUITestDriver@55eb (24b485ec)]&amp#27;[0m Driver proxy active, passing request on via HTTP proxy
[debug] &amp#27;[38;5;32m[XCUITestDriver@55eb (24b485ec)]&amp#27;[0m Executing command 'proxyReqRes'
[debug] &amp#27;[38;5;32m[XCUITestDriver@55eb (24b485ec)]&amp#27;[0m Matched '/session/24b485ec-92a7-408e-ba56-78682df800a3/element/D0000000-0000-0000-1421-010000000000/rect' to command name 'getElementRect'
[debug] &amp#27;[38;5;32m[XCUITestDriver@55eb (24b485ec)]&amp#27;[0m Proxying [GET /session/24b485ec-92a7-408e-ba56-78682df800a3/element/D0000000-0000-0000-1421-010000000000/rect] to [GET http://127.0.0.1:8100/session/56D70ACD-A8F3-4900-A498-C9E849921D48/element/D0000000-0000-0000-1421-010000000000/rect] with no body
[debug] &amp#27;[38;5;32m[XCUITestDriver@55eb (24b485ec)]&amp#27;[0m Got response with status 200: {"value":{"y":520,"x":20,"width":350,"height":47},"sessionId":"56D70ACD-A8F3-4900-A498-C9E849921D48"}
&amp#27;[38;5;32m[XCUITestDriver@55eb (24b485ec)]&amp#27;[0m Replacing sessionId 56D70ACD-A8F3-4900-A498-C9E849921D48 with 24b485ec-92a7-408e-ba56-78682df800a3
&amp#27;[38;5;0m[HTTP]&amp#27;[0m &amp#27;[37m<-- GET /session/24b485ec-92a7-408e-ba56-78682df800a3/element/D0000000-0000-0000-1421-010000000000/rect &amp#27;[39m&amp#27;[32m200&amp#27;[39m &amp#27;[90m116 ms - 101&amp#27;[39m
&amp#27;[38;5;0m[HTTP]&amp#27;[0m &amp#27;[90m&amp#27;[39m
&amp#27;[38;5;0m[HTTP]&amp#27;[0m &amp#27;[37m-->&amp#27;[39m &amp#27;[37mGET&amp#27;[39m &amp#27;[37m/session/24b485ec-92a7-408e-ba56-78682df800a3/element/D0000000-0000-0000-1421-010000000000/rect&amp#27;[39m
&amp#27;[38;5;0m[HTTP]&amp#27;[0m &amp#27;[90m{}&amp#27;[39m
&amp#27;[38;5;32m[XCUITestDriver@55eb (24b485ec)]&amp#27;[0m Driver proxy active, passing request on via HTTP proxy
[debug] &amp#27;[38;5;32m[XCUITestDriver@55eb (24b485ec)]&amp#27;[0m Executing command 'proxyReqRes'
[debug] &amp#27;[38;5;32m[XCUITestDriver@55eb (24b485ec)]&amp#27;[0m Matched '/session/24b485ec-92a7-408e-ba56-78682df800a3/element/D0000000-0000-0000-1421-010000000000/rect' to command name 'getElementRect'
[debug] &amp#27;[38;5;32m[XCUITestDriver@55eb (24b485ec)]&amp#27;[0m Proxying [GET /session/24b485ec-92a7-408e-ba56-78682df800a3/element/D0000000-0000-0000-1421-010000000000/rect] to [GET http://127.0.0.1:8100/session/56D70ACD-A8F3-4900-A498-C9E849921D48/element/D0000000-0000-0000-1421-010000000000/rect] with no body
[debug] &amp#27;[38;5;32m[XCUITestDriver@55eb (24b485ec)]&amp#27;[0m Got response with status 200: {"value":{"y":520,"x":20,"width":350,"height":47},"sessionId":"56D70ACD-A8F3-4900-A498-C9E849921D48"}
&amp#27;[38;5;32m[XCUITestDriver@55eb (24b485ec)]&amp#27;[0m Replacing sessionId 56D70ACD-A8F3-4900-A498-C9E849921D48 with 24b485ec-92a7-408e-ba56-78682df800a3
&amp#27;[38;5;0m[HTTP]&amp#27;[0m &amp#27;[37m<-- GET /session/24b485ec-92a7-408e-ba56-78682df800a3/element/D0000000-0000-0000-1421-010000000000/rect &amp#27;[39m&amp#27;[32m200&amp#27;[39m &amp#27;[90m129 ms - 101&amp#27;[39m
&amp#27;[38;5;0m[HTTP]&amp#27;[0m &amp#27;[90m&amp#27;[39m
&amp#27;[38;5;0m[HTTP]&amp#27;[0m &amp#27;[37m-->&amp#27;[39m &amp#27;[37mPOST&amp#27;[39m &amp#27;[37m/session/24b485ec-92a7-408e-ba56-78682df800a3/actions&amp#27;[39m
&amp#27;[38;5;0m[HTTP]&amp#27;[0m &amp#27;[90m{"actions":[{"id":"finger1","type":"pointer","parameters":{"pointerType":"touch"},"actions":[{"duration":0,"type":"pause"},{"duration":0,"x":195,"y":543,"type":"pointerMove","origin":"viewport"},{"button":0,"type":"pointerDown"},{"duration":200,"type":"pause"},{"button":0,"type":"pointerUp"}]}]}&amp#27;[39m
[debug] &amp#27;[38;5;32m[XCUITestDriver@55eb (24b485ec)]&amp#27;[0m Calling AppiumDriver.performActions() with args: [[{"id":"finger1","type":"pointer","parameters":{"pointerType":"touch"},"actions":[{"duration":0,"type":"pause"},{"duration":0,"x":195,"y":543,"type":"pointerMove","origin":"viewport"},{"button":0,"type":"pointerDown"},{"duration":200,"type":"pause"},{"button":0,"type":"pointerUp"}]}],"24b485ec-92a7-408e-ba56-78682df800a3"]
[debug] &amp#27;[38;5;32m[XCUITestDriver@55eb (24b485ec)]&amp#27;[0m Executing command 'performActions'
[debug] &amp#27;[38;5;32m[XCUITestDriver@55eb (24b485ec)]&amp#27;[0m Received the following W3C actions: [
[debug] &amp#27;[38;5;32m[XCUITestDriver@55eb (24b485ec)]&amp#27;[0m   {
[debug] &amp#27;[38;5;32m[XCUITestDriver@55eb (24b485ec)]&amp#27;[0m     "id": "finger1",
[debug] &amp#27;[38;5;32m[XCUITestDriver@55eb (24b485ec)]&amp#27;[0m     "type": "pointer",
[debug] &amp#27;[38;5;32m[XCUITestDriver@55eb (24b485ec)]&amp#27;[0m     "parameters": {
[debug] &amp#27;[38;5;32m[XCUITestDriver@55eb (24b485ec)]&amp#27;[0m       "pointerType": "touch"
[debug] &amp#27;[38;5;32m[XCUITestDriver@55eb (24b485ec)]&amp#27;[0m     },
[debug] &amp#27;[38;5;32m[XCUITestDriver@55eb (24b485ec)]&amp#27;[0m     "actions": [
[debug] &amp#27;[38;5;32m[XCUITestDriver@55eb (24b485ec)]&amp#27;[0m       {
[debug] &amp#27;[38;5;32m[XCUITestDriver@55eb (24b485ec)]&amp#27;[0m         "duration": 0,
[debug] &amp#27;[38;5;32m[XCUITestDriver@55eb (24b485ec)]&amp#27;[0m         "type": "pause"
[debug] &amp#27;[38;5;32m[XCUITestDriver@55eb (24b485ec)]&amp#27;[0m       },
[debug] &amp#27;[38;5;32m[XCUITestDriver@55eb (24b485ec)]&amp#27;[0m       {
[debug] &amp#27;[38;5;32m[XCUITestDriver@55eb (24b485ec)]&amp#27;[0m         "duration": 0,
[debug] &amp#27;[38;5;32m[XCUITestDriver@55eb (24b485ec)]&amp#27;[0m         "x": 195,
[debug] &amp#27;[38;5;32m[XCUITestDriver@55eb (24b485ec)]&amp#27;[0m         "y": 543,
[debug] &amp#27;[38;5;32m[XCUITestDriver@55eb (24b485ec)]&amp#27;[0m         "type": "pointerMove",
[debug] &amp#27;[38;5;32m[XCUITestDriver@55eb (24b485ec)]&amp#27;[0m         "origin": "viewport"
[debug] &amp#27;[38;5;32m[XCUITestDriver@55eb (24b485ec)]&amp#27;[0m       },
[debug] &amp#27;[38;5;32m[XCUITestDriver@55eb (24b485ec)]&amp#27;[0m       {
[debug] &amp#27;[38;5;32m[XCUITestDriver@55eb (24b485ec)]&amp#27;[0m         "button": 0,
[debug] &amp#27;[38;5;32m[XCUITestDriver@55eb (24b485ec)]&amp#27;[0m         "type": "pointerDown"
[debug] &amp#27;[38;5;32m[XCUITestDriver@55eb (24b485ec)]&amp#27;[0m       },
[debug] &amp#27;[38;5;32m[XCUITestDriver@55eb (24b485ec)]&amp#27;[0m       {
[debug] &amp#27;[38;5;32m[XCUITestDriver@55eb (24b485ec)]&amp#27;[0m         "duration": 200,
[debug] &amp#27;[38;5;32m[XCUITestDriver@55eb (24b485ec)]&amp#27;[0m         "type": "pause"
[debug] &amp#27;[38;5;32m[XCUITestDriver@55eb (24b485ec)]&amp#27;[0m       },
[debug] &amp#27;[38;5;32m[XCUITestDriver@55eb (24b485ec)]&amp#27;[0m       {
[debug] &amp#27;[38;5;32m[XCUITestDriver@55eb (24b485ec)]&amp#27;[0m         "button": 0,
[debug] &amp#27;[38;5;32m[XCUITestDriver@55eb (24b485ec)]&amp#27;[0m         "type": "pointerUp"
[debug] &amp#27;[38;5;32m[XCUITestDriver@55eb (24b485ec)]&amp#27;[0m       }
[debug] &amp#27;[38;5;32m[XCUITestDriver@55eb (24b485ec)]&amp#27;[0m     ]
[debug] &amp#27;[38;5;32m[XCUITestDriver@55eb (24b485ec)]&amp#27;[0m   }
[debug] &amp#27;[38;5;32m[XCUITestDriver@55eb (24b485ec)]&amp#27;[0m ]
[debug] &amp#27;[38;5;32m[XCUITestDriver@55eb (24b485ec)]&amp#27;[0m Preprocessed actions: [
[debug] &amp#27;[38;5;32m[XCUITestDriver@55eb (24b485ec)]&amp#27;[0m   {
[debug] &amp#27;[38;5;32m[XCUITestDriver@55eb (24b485ec)]&amp#27;[0m     "id": "finger1",
[debug] &amp#27;[38;5;32m[XCUITestDriver@55eb (24b485ec)]&amp#27;[0m     "type": "pointer",
[debug] &amp#27;[38;5;32m[XCUITestDriver@55eb (24b485ec)]&amp#27;[0m     "parameters": {
[debug] &amp#27;[38;5;32m[XCUITestDriver@55eb (24b485ec)]&amp#27;[0m       "pointerType": "touch"
[debug] &amp#27;[38;5;32m[XCUITestDriver@55eb (24b485ec)]&amp#27;[0m     },
[debug] &amp#27;[38;5;32m[XCUITestDriver@55eb (24b485ec)]&amp#27;[0m     "actions": [
[debug] &amp#27;[38;5;32m[XCUITestDriver@55eb (24b485ec)]&amp#27;[0m       {
[debug] &amp#27;[38;5;32m[XCUITestDriver@55eb (24b485ec)]&amp#27;[0m         "duration": 0,
[debug] &amp#27;[38;5;32m[XCUITestDriver@55eb (24b485ec)]&amp#27;[0m         "x": 195,
[debug] &amp#27;[38;5;32m[XCUITestDriver@55eb (24b485ec)]&amp#27;[0m         "y": 543,
[debug] &amp#27;[38;5;32m[XCUITestDriver@55eb (24b485ec)]&amp#27;[0m         "type": "pointerMove",
[debug] &amp#27;[38;5;32m[XCUITestDriver@55eb (24b485ec)]&amp#27;[0m         "origin": "viewport"
[debug] &amp#27;[38;5;32m[XCUITestDriver@55eb (24b485ec)]&amp#27;[0m       },
[debug] &amp#27;[38;5;32m[XCUITestDriver@55eb (24b485ec)]&amp#27;[0m       {
[debug] &amp#27;[38;5;32m[XCUITestDriver@55eb (24b485ec)]&amp#27;[0m         "button": 0,
[debug] &amp#27;[38;5;32m[XCUITestDriver@55eb (24b485ec)]&amp#27;[0m         "type": "pointerDown"
[debug] &amp#27;[38;5;32m[XCUITestDriver@55eb (24b485ec)]&amp#27;[0m       },
[debug] &amp#27;[38;5;32m[XCUITestDriver@55eb (24b485ec)]&amp#27;[0m       {
[debug] &amp#27;[38;5;32m[XCUITestDriver@55eb (24b485ec)]&amp#27;[0m         "duration": 200,
[debug] &amp#27;[38;5;32m[XCUITestDriver@55eb (24b485ec)]&amp#27;[0m         "type": "pause"
[debug] &amp#27;[38;5;32m[XCUITestDriver@55eb (24b485ec)]&amp#27;[0m       },
[debug] &amp#27;[38;5;32m[XCUITestDriver@55eb (24b485ec)]&amp#27;[0m       {
[debug] &amp#27;[38;5;32m[XCUITestDriver@55eb (24b485ec)]&amp#27;[0m         "button": 0,
[debug] &amp#27;[38;5;32m[XCUITestDriver@55eb (24b485ec)]&amp#27;[0m         "type": "pointerUp"
[debug] &amp#27;[38;5;32m[XCUITestDriver@55eb (24b485ec)]&amp#27;[0m       }
[debug] &amp#27;[38;5;32m[XCUITestDriver@55eb (24b485ec)]&amp#27;[0m     ]
[debug] &amp#27;[38;5;32m[XCUITestDriver@55eb (24b485ec)]&amp#27;[0m   }
[debug] &amp#27;[38;5;32m[XCUITestDriver@55eb (24b485ec)]&amp#27;[0m ]
[debug] &amp#27;[38;5;32m[XCUITestDriver@55eb (24b485ec)]&amp#27;[0m Matched '/actions' to command name 'performActions'
[debug] &amp#27;[38;5;32m[XCUITestDriver@55eb (24b485ec)]&amp#27;[0m Proxying [POST /actions] to [POST http://127.0.0.1:8100/session/56D70ACD-A8F3-4900-A498-C9E849921D48/actions] with body: {"actions":[{"id":"finger1","type":"pointer","parameters":{"pointerType":"touch"},"actions":[{"duration":0,"x":195,"y":543,"type":"pointerMove","origin":"viewport"},{"button":0,"type":"pointerDown"},{"duration":200,"type":"pause"},{"button":0,"type":"pointerUp"}]}]}
[debug] &amp#27;[38;5;32m[XCUITestDriver@55eb (24b485ec)]&amp#27;[0m Got response with status 200: {"value":null,"sessionId":"56D70ACD-A8F3-4900-A498-C9E849921D48"}
[debug] &amp#27;[38;5;32m[XCUITestDriver@55eb (24b485ec)]&amp#27;[0m Responding to client with driver.performActions() result: null
here
  And user clicks on Login button       # StepDefinations.LoginSteps.user_clicks_on_login_button()
&amp#27;[38;5;0m[HTTP]&amp#27;[0m &amp#27;[37m<-- POST /session/24b485ec-92a7-408e-ba56-78682df800a3/actions &amp#27;[39m&amp#27;[32m200&amp#27;[39m &amp#27;[90m1168 ms - 14&amp#27;[39m
&amp#27;[38;5;0m[HTTP]&amp#27;[0m &amp#27;[90m&amp#27;[39m
&amp#27;[38;5;0m[HTTP]&amp#27;[0m &amp#27;[37m-->&amp#27;[39m &amp#27;[37mGET&amp#27;[39m &amp#27;[37m/session/24b485ec-92a7-408e-ba56-78682df800a3/screenshot&amp#27;[39m
&amp#27;[38;5;0m[HTTP]&amp#27;[0m &amp#27;[90m{}&amp#27;[39m
[debug] &amp#27;[38;5;32m[XCUITestDriver@55eb (24b485ec)]&amp#27;[0m Calling AppiumDriver.getScreenshot() with args: ["24b485ec-92a7-408e-ba56-78682df800a3"]
[debug] &amp#27;[38;5;32m[XCUITestDriver@55eb (24b485ec)]&amp#27;[0m Executing command 'getScreenshot'
[debug] &amp#27;[38;5;32m[XCUITestDriver@55eb (24b485ec)]&amp#27;[0m Taking screenshot with WDA
[debug] &amp#27;[38;5;32m[XCUITestDriver@55eb (24b485ec)]&amp#27;[0m Matched '/screenshot' to command name 'getScreenshot'
[debug] &amp#27;[38;5;32m[XCUITestDriver@55eb (24b485ec)]&amp#27;[0m Proxying [GET /screenshot] to [GET http://127.0.0.1:8100/session/56D70ACD-A8F3-4900-A498-C9E849921D48/screenshot] with no body
[debug] &amp#27;[38;5;32m[XCUITestDriver@55eb (24b485ec)]&amp#27;[0m Got response with status 200: {"value":"iVBORw0KGgoAAAANSUhEUgAABJIAAAnkCAYAAABWQUsDAAAAAXNSR0IArs4c6QAAADhlWElmTU0AKgAAAAgAAYdpAAQAAAABAAAAGgAAAAAAAqACAAQAAAABAAAEkqADAAQAAAABAAAJ5AAAAADoPni0AAAAHGlET1QAAAACAAAAAAAABPIAAAAoAAAE8gAABPIAAXvX95FyfwAAQABJREFUeAHs3QmYLFldJ+xGELSRbhFFVHYcEFAcEdlEFEFhBERQkQdRNgeYYVcERFGBhgYVAREBQRhZRxRRWQRlUxgEAYHGAZ3Pbtlptm62vlW5VXzndyojOytvZlVkVdbtrNtvPE+SdbMiY3njZNLxq/M/55TGQoAAAQIECBAgQIAAAQIECBAgQKCDwCkd1rEKAQIECBAgQIAAAQIECBAgQIAAgUaQpBEQIECAAAECBAgQIECAAAECBAh0EhAkdWKyEgECBAgQIECAAAECBAgQIECAgCBJGyBAgAABAgQIECBAgAABAgQIEOgkIEjqxGQlAgQIECBAgAABAgQIECBAgAABQZI2QIAAAQIECBAgQIAAAQIECBAg0ElAkNSJyUoECBAgQIAAAQIECBAgQIAAAQKCJG2AAAECBAgQIECAAAECBAgQIECgk4AgqROTlQgQIECAAAECBAgQIECAAAECBARJ2gABAgQIECBAgAABAgQIECBAgEAnAUFSJyYrESBAgAABAgQIECBAgAABAgQICJK0AQIECBAgQIAAAQIECBAgQIAAgU4CgqROTFYiQIAAAQIECBAgQIAAAQIECBAQJGkDBAgQIECAAAECBAgQIECAAAECnQQESZ2YrESAAAECBAgQIECAAAECBAgQICBI0gYIECBAgAABAgQIECBAgAABAgQ6CQiSOjFZiQABAgQIECBAgAABAgQIECBAQJCkDRAgQIAAAQIECBAgQIAAAQIECHQSECR1YrISAQIECBAgQIAAAQIECBAgQICAIEkbIECAAAECBAg...
[debug] &amp#27;[38;5;32m[XCUITestDriver@55eb (24b485ec)]&amp#27;[0m Responding to client with driver.getScreenshot() result: "iVBORw0KGgoAAAANSUhEUgAABJIAAAnkCAYAAABWQUsDAAAAAXNSR0IArs4c6QAAADhlWElmTU0AKgAAAAgAAYdpAAQAAAABAAAAGgAAAAAAAqACAAQAAAABAAAEkqADAAQAAAABAAAJ5AAAAADoPni0AAAAHGlET1QAAAACAAAAAAAABPIAAAAoAAAE8gAABPIAAXvX95FyfwAAQABJREFUeAHs3QmYLFldJ+xGELSRbhFFVHYcEFAcEdlEFEFhBERQkQdRNgeYYVcERFGBhgYVAREBQRhZRxRRWQRlUxgEAYHGAZ3Pbtlptm62vlW5VXzndyojOytvZlVkVdbtrNtvPE+SdbMiY3njZNLxq/M/55TGQoAAAQIECBAgQIAAAQIECBAgQKCDwCkd1rEKAQIECBAgQIAAAQIECBAgQIAAgUaQpBEQIECAAAECBAgQIECAAAECBAh0EhAkdWKyEgECBAgQIECAAAECBAgQIECAgCBJGyBAgAABAgQIECBAgAABAgQIEOgkIEjqxGQlAgQIECBAgAABAgQIECBAgAABQZI2QIAAAQIECBAgQIAAAQIECBAg0ElAkNSJyUoECBAgQIAAAQIECBAgQIAAAQKCJG2AAAECBAgQIECAAAECBAgQIECgk4AgqROTlQgQIECAAAECBAgQIECAAAECBARJ2gABAgQIECBAgAABAgQIECBAgEAnAUFSJyYrESBAgAABAgQIECBAgAABAgQICJK0AQIECBAgQIAAAQIECBAgQIAAgU4CgqROTFYiQIAAAQIECBAgQIAAAQIECBAQJGkDBAgQIECAAAECBAgQIECAAAECnQQESZ2YrESAAAECBAgQIECAAAECBAgQICBI0gYIECBAgAABAgQIECBAgAABAgQ6CQiSOjFZiQABAgQIECBAgAABAgQIECBAQJCkDRAgQIAAAQIECBAgQIAAAQIECHQSECR1YrISAQIECBAgQIAAAQIECBAgQICAIEkbIECAAAECBAgQIECAAAEC...
&amp#27;[38;5;0m[HTTP]&amp#27;[0m &amp#27;[37m<-- GET /session/24b485ec-92a7-408e-ba56-78682df800a3/screenshot &amp#27;[39m&amp#27;[32m200&amp#27;[39m &amp#27;[90m419 ms - 232616&amp#27;[39m
&amp#27;[38;5;0m[HTTP]&amp#27;[0m &amp#27;[90m&amp#27;[39m

    Embedding screenshot [image/png 174452 bytes]

&amp#27;[38;5;0m[HTTP]&amp#27;[0m &amp#27;[37m-->&amp#27;[39m &amp#27;[37mPOST&amp#27;[39m &amp#27;[37m/session/24b485ec-92a7-408e-ba56-78682df800a3/element&amp#27;[39m
&amp#27;[38;5;0m[HTTP]&amp#27;[0m &amp#27;[90m{"using":"xpath","value":"//XCUIElementTypeButton[@name='tab bar option catalog']"}&amp#27;[39m
[debug] &amp#27;[38;5;32m[XCUITestDriver@55eb (24b485ec)]&amp#27;[0m Calling AppiumDriver.findElement() with args: ["xpath","//XCUIElementTypeButton[@name='tab bar option catalog']","24b485ec-92a7-408e-ba56-78682df800a3"]
[debug] &amp#27;[38;5;32m[XCUITestDriver@55eb (24b485ec)]&amp#27;[0m Executing command 'findElement'
[debug] &amp#27;[38;5;32m[XCUITestDriver@55eb (24b485ec)]&amp#27;[0m Valid locator strategies for this request: xpath, id, name, class name, -ios predicate string, -ios class chain, accessibility id, css selector
[debug] &amp#27;[38;5;32m[XCUITestDriver@55eb (24b485ec)]&amp#27;[0m Waiting up to 0 ms for condition
[debug] &amp#27;[38;5;32m[XCUITestDriver@55eb (24b485ec)]&amp#27;[0m Matched '/element' to command name 'findElement'
[debug] &amp#27;[38;5;32m[XCUITestDriver@55eb (24b485ec)]&amp#27;[0m Proxying [POST /element] to [POST http://127.0.0.1:8100/session/56D70ACD-A8F3-4900-A498-C9E849921D48/element] with body: {"using":"xpath","value":"//XCUIElementTypeButton[@name='tab bar option catalog']"}
[debug] &amp#27;[38;5;32m[XCUITestDriver@55eb (24b485ec)]&amp#27;[0m Got response with status 200: {"value":{"ELEMENT":"33000000-0000-0000-1421-010000000000","element-6066-11e4-a52e-4f735466cecf":"33000000-0000-0000-1421-010000000000"},"sessionId":"56D70ACD-A8F3-4900-A498-C9E849921D48"}
[debug] &amp#27;[38;5;32m[XCUITestDriver@55eb (24b485ec)]&amp#27;[0m Responding to client with driver.findElement() result: {"element-6066-11e4-a52e-4f735466cecf":"33000000-0000-0000-1421-010000000000","ELEMENT":"33000000-0000-0000-1421-010000000000"}
&amp#27;[38;5;0m[HTTP]&amp#27;[0m &amp#27;[37m<-- POST /session/24b485ec-92a7-408e-ba56-78682df800a3/element &amp#27;[39m&amp#27;[32m200&amp#27;[39m &amp#27;[90m3478 ms - 137&amp#27;[39m
&amp#27;[38;5;0m[HTTP]&amp#27;[0m &amp#27;[90m&amp#27;[39m
&amp#27;[38;5;0m[HTTP]&amp#27;[0m &amp#27;[37m-->&amp#27;[39m &amp#27;[37mGET&amp#27;[39m &amp#27;[37m/session/24b485ec-92a7-408e-ba56-78682df800a3/element/33000000-0000-0000-1421-010000000000/displayed&amp#27;[39m
&amp#27;[38;5;0m[HTTP]&amp#27;[0m &amp#27;[90m{}&amp#27;[39m
&amp#27;[38;5;32m[XCUITestDriver@55eb (24b485ec)]&amp#27;[0m Driver proxy active, passing request on via HTTP proxy
[debug] &amp#27;[38;5;32m[XCUITestDriver@55eb (24b485ec)]&amp#27;[0m Executing command 'proxyReqRes'
[debug] &amp#27;[38;5;32m[XCUITestDriver@55eb (24b485ec)]&amp#27;[0m Matched '/session/24b485ec-92a7-408e-ba56-78682df800a3/element/33000000-0000-0000-1421-010000000000/displayed' to command name 'elementDisplayed'
[debug] &amp#27;[38;5;32m[XCUITestDriver@55eb (24b485ec)]&amp#27;[0m Proxying [GET /session/24b485ec-92a7-408e-ba56-78682df800a3/element/33000000-0000-0000-1421-010000000000/displayed] to [GET http://127.0.0.1:8100/session/56D70ACD-A8F3-4900-A498-C9E849921D48/element/33000000-0000-0000-1421-010000000000/displayed] with no body
[debug] &amp#27;[38;5;32m[XCUITestDriver@55eb (24b485ec)]&amp#27;[0m Got response with status 200: {"value":true,"sessionId":"56D70ACD-A8F3-4900-A498-C9E849921D48"}
&amp#27;[38;5;32m[XCUITestDriver@55eb (24b485ec)]&amp#27;[0m Replacing sessionId 56D70ACD-A8F3-4900-A498-C9E849921D48 with 24b485ec-92a7-408e-ba56-78682df800a3
&amp#27;[38;5;0m[HTTP]&amp#27;[0m &amp#27;[37m<-- GET /session/24b485ec-92a7-408e-ba56-78682df800a3/element/33000000-0000-0000-1421-010000000000/displayed &amp#27;[39m&amp#27;[32m200&amp#27;[39m &amp#27;[90m181 ms - 65&amp#27;[39m
&amp#27;[38;5;0m[HTTP]&amp#27;[0m &amp#27;[90m&amp#27;[39m
&amp#27;[38;5;0m[HTTP]&amp#27;[0m &amp#27;[37m-->&amp#27;[39m &amp#27;[37mPOST&amp#27;[39m &amp#27;[37m/session/24b485ec-92a7-408e-ba56-78682df800a3/element&amp#27;[39m
&amp#27;[38;5;0m[HTTP]&amp#27;[0m &amp#27;[90m{"using":"xpath","value":"//XCUIElementTypeButton[@name='tab bar option catalog']"}&amp#27;[39m
[debug] &amp#27;[38;5;32m[XCUITestDriver@55eb (24b485ec)]&amp#27;[0m Calling AppiumDriver.findElement() with args: ["xpath","//XCUIElementTypeButton[@name='tab bar option catalog']","24b485ec-92a7-408e-ba56-78682df800a3"]
[debug] &amp#27;[38;5;32m[XCUITestDriver@55eb (24b485ec)]&amp#27;[0m Executing command 'findElement'
[debug] &amp#27;[38;5;32m[XCUITestDriver@55eb (24b485ec)]&amp#27;[0m Valid locator strategies for this request: xpath, id, name, class name, -ios predicate string, -ios class chain, accessibility id, css selector
[debug] &amp#27;[38;5;32m[XCUITestDriver@55eb (24b485ec)]&amp#27;[0m Waiting up to 0 ms for condition
[debug] &amp#27;[38;5;32m[XCUITestDriver@55eb (24b485ec)]&amp#27;[0m Matched '/element' to command name 'findElement'
[debug] &amp#27;[38;5;32m[XCUITestDriver@55eb (24b485ec)]&amp#27;[0m Proxying [POST /element] to [POST http://127.0.0.1:8100/session/56D70ACD-A8F3-4900-A498-C9E849921D48/element] with body: {"using":"xpath","value":"//XCUIElementTypeButton[@name='tab bar option catalog']"}
[debug] &amp#27;[38;5;32m[XCUITestDriver@55eb (24b485ec)]&amp#27;[0m Got response with status 200: {"value":{"ELEMENT":"33000000-0000-0000-1421-010000000000","element-6066-11e4-a52e-4f735466cecf":"33000000-0000-0000-1421-010000000000"},"sessionId":"56D70ACD-A8F3-4900-A498-C9E849921D48"}
[debug] &amp#27;[38;5;32m[XCUITestDriver@55eb (24b485ec)]&amp#27;[0m Responding to client with driver.findElement() result: {"element-6066-11e4-a52e-4f735466cecf":"33000000-0000-0000-1421-010000000000","ELEMENT":"33000000-0000-0000-1421-010000000000"}
&amp#27;[38;5;0m[HTTP]&amp#27;[0m &amp#27;[37m<-- POST /session/24b485ec-92a7-408e-ba56-78682df800a3/element &amp#27;[39m&amp#27;[32m200&amp#27;[39m &amp#27;[90m2705 ms - 137&amp#27;[39m
&amp#27;[38;5;0m[HTTP]&amp#27;[0m &amp#27;[90m&amp#27;[39m
&amp#27;[38;5;0m[HTTP]&amp#27;[0m &amp#27;[37m-->&amp#27;[39m &amp#27;[37mGET&amp#27;[39m &amp#27;[37m/session/24b485ec-92a7-408e-ba56-78682df800a3/element/33000000-0000-0000-1421-010000000000/rect&amp#27;[39m
&amp#27;[38;5;0m[HTTP]&amp#27;[0m &amp#27;[90m{}&amp#27;[39m
&amp#27;[38;5;32m[XCUITestDriver@55eb (24b485ec)]&amp#27;[0m Driver proxy active, passing request on via HTTP proxy
[debug] &amp#27;[38;5;32m[XCUITestDriver@55eb (24b485ec)]&amp#27;[0m Executing command 'proxyReqRes'
[debug] &amp#27;[38;5;32m[XCUITestDriver@55eb (24b485ec)]&amp#27;[0m Matched '/session/24b485ec-92a7-408e-ba56-78682df800a3/element/33000000-0000-0000-1421-010000000000/rect' to command name 'getElementRect'
[debug] &amp#27;[38;5;32m[XCUITestDriver@55eb (24b485ec)]&amp#27;[0m Proxying [GET /session/24b485ec-92a7-408e-ba56-78682df800a3/element/33000000-0000-0000-1421-010000000000/rect] to [GET http://127.0.0.1:8100/session/56D70ACD-A8F3-4900-A498-C9E849921D48/element/33000000-0000-0000-1421-010000000000/rect] with no body
[debug] &amp#27;[38;5;32m[XCUITestDriver@55eb (24b485ec)]&amp#27;[0m Got response with status 200: {"value":{"y":765,"x":0,"width":130,"height":50},"sessionId":"56D70ACD-A8F3-4900-A498-C9E849921D48"}
&amp#27;[38;5;32m[XCUITestDriver@55eb (24b485ec)]&amp#27;[0m Replacing sessionId 56D70ACD-A8F3-4900-A498-C9E849921D48 with 24b485ec-92a7-408e-ba56-78682df800a3
&amp#27;[38;5;0m[HTTP]&amp#27;[0m &amp#27;[37m<-- GET /session/24b485ec-92a7-408e-ba56-78682df800a3/element/33000000-0000-0000-1421-010000000000/rect &amp#27;[39m&amp#27;[32m200&amp#27;[39m &amp#27;[90m191 ms - 100&amp#27;[39m
&amp#27;[38;5;0m[HTTP]&amp#27;[0m &amp#27;[90m&amp#27;[39m
&amp#27;[38;5;0m[HTTP]&amp#27;[0m &amp#27;[37m-->&amp#27;[39m &amp#27;[37mGET&amp#27;[39m &amp#27;[37m/session/24b485ec-92a7-408e-ba56-78682df800a3/element/33000000-0000-0000-1421-010000000000/rect&amp#27;[39m
&amp#27;[38;5;0m[HTTP]&amp#27;[0m &amp#27;[90m{}&amp#27;[39m
&amp#27;[38;5;32m[XCUITestDriver@55eb (24b485ec)]&amp#27;[0m Driver proxy active, passing request on via HTTP proxy
[debug] &amp#27;[38;5;32m[XCUITestDriver@55eb (24b485ec)]&amp#27;[0m Executing command 'proxyReqRes'
[debug] &amp#27;[38;5;32m[XCUITestDriver@55eb (24b485ec)]&amp#27;[0m Matched '/session/24b485ec-92a7-408e-ba56-78682df800a3/element/33000000-0000-0000-1421-010000000000/rect' to command name 'getElementRect'
[debug] &amp#27;[38;5;32m[XCUITestDriver@55eb (24b485ec)]&amp#27;[0m Proxying [GET /session/24b485ec-92a7-408e-ba56-78682df800a3/element/33000000-0000-0000-1421-010000000000/rect] to [GET http://127.0.0.1:8100/session/56D70ACD-A8F3-4900-A498-C9E849921D48/element/33000000-0000-0000-1421-010000000000/rect] with no body
[debug] &amp#27;[38;5;32m[XCUITestDriver@55eb (24b485ec)]&amp#27;[0m Got response with status 200: {"value":{"y":765,"x":0,"width":130,"height":50},"sessionId":"56D70ACD-A8F3-4900-A498-C9E849921D48"}
&amp#27;[38;5;32m[XCUITestDriver@55eb (24b485ec)]&amp#27;[0m Replacing sessionId 56D70ACD-A8F3-4900-A498-C9E849921D48 with 24b485ec-92a7-408e-ba56-78682df800a3
&amp#27;[38;5;0m[HTTP]&amp#27;[0m &amp#27;[37m<-- GET /session/24b485ec-92a7-408e-ba56-78682df800a3/element/33000000-0000-0000-1421-010000000000/rect &amp#27;[39m&amp#27;[32m200&amp#27;[39m &amp#27;[90m173 ms - 100&amp#27;[39m
&amp#27;[38;5;0m[HTTP]&amp#27;[0m &amp#27;[90m&amp#27;[39m
&amp#27;[38;5;0m[HTTP]&amp#27;[0m &amp#27;[37m-->&amp#27;[39m &amp#27;[37mPOST&amp#27;[39m &amp#27;[37m/session/24b485ec-92a7-408e-ba56-78682df800a3/actions&amp#27;[39m
&amp#27;[38;5;0m[HTTP]&amp#27;[0m &amp#27;[90m{"actions":[{"id":"finger1","type":"pointer","parameters":{"pointerType":"touch"},"actions":[{"duration":0,"type":"pause"},{"duration":0,"x":65,"y":790,"type":"pointerMove","origin":"viewport"},{"button":0,"type":"pointerDown"},{"duration":200,"type":"pause"},{"button":0,"type":"pointerUp"}]}]}&amp#27;[39m
[debug] &amp#27;[38;5;32m[XCUITestDriver@55eb (24b485ec)]&amp#27;[0m Calling AppiumDriver.performActions() with args: [[{"id":"finger1","type":"pointer","parameters":{"pointerType":"touch"},"actions":[{"duration":0,"type":"pause"},{"duration":0,"x":65,"y":790,"type":"pointerMove","origin":"viewport"},{"button":0,"type":"pointerDown"},{"duration":200,"type":"pause"},{"button":0,"type":"pointerUp"}]}],"24b485ec-92a7-408e-ba56-78682df800a3"]
[debug] &amp#27;[38;5;32m[XCUITestDriver@55eb (24b485ec)]&amp#27;[0m Executing command 'performActions'
[debug] &amp#27;[38;5;32m[XCUITestDriver@55eb (24b485ec)]&amp#27;[0m Received the following W3C actions: [
[debug] &amp#27;[38;5;32m[XCUITestDriver@55eb (24b485ec)]&amp#27;[0m   {
[debug] &amp#27;[38;5;32m[XCUITestDriver@55eb (24b485ec)]&amp#27;[0m     "id": "finger1",
[debug] &amp#27;[38;5;32m[XCUITestDriver@55eb (24b485ec)]&amp#27;[0m     "type": "pointer",
[debug] &amp#27;[38;5;32m[XCUITestDriver@55eb (24b485ec)]&amp#27;[0m     "parameters": {
[debug] &amp#27;[38;5;32m[XCUITestDriver@55eb (24b485ec)]&amp#27;[0m       "pointerType": "touch"
[debug] &amp#27;[38;5;32m[XCUITestDriver@55eb (24b485ec)]&amp#27;[0m     },
[debug] &amp#27;[38;5;32m[XCUITestDriver@55eb (24b485ec)]&amp#27;[0m     "actions": [
[debug] &amp#27;[38;5;32m[XCUITestDriver@55eb (24b485ec)]&amp#27;[0m       {
[debug] &amp#27;[38;5;32m[XCUITestDriver@55eb (24b485ec)]&amp#27;[0m         "duration": 0,
[debug] &amp#27;[38;5;32m[XCUITestDriver@55eb (24b485ec)]&amp#27;[0m         "type": "pause"
[debug] &amp#27;[38;5;32m[XCUITestDriver@55eb (24b485ec)]&amp#27;[0m       },
[debug] &amp#27;[38;5;32m[XCUITestDriver@55eb (24b485ec)]&amp#27;[0m       {
[debug] &amp#27;[38;5;32m[XCUITestDriver@55eb (24b485ec)]&amp#27;[0m         "duration": 0,
[debug] &amp#27;[38;5;32m[XCUITestDriver@55eb (24b485ec)]&amp#27;[0m         "x": 65,
[debug] &amp#27;[38;5;32m[XCUITestDriver@55eb (24b485ec)]&amp#27;[0m         "y": 790,
[debug] &amp#27;[38;5;32m[XCUITestDriver@55eb (24b485ec)]&amp#27;[0m         "type": "pointerMove",
[debug] &amp#27;[38;5;32m[XCUITestDriver@55eb (24b485ec)]&amp#27;[0m         "origin": "viewport"
[debug] &amp#27;[38;5;32m[XCUITestDriver@55eb (24b485ec)]&amp#27;[0m       },
[debug] &amp#27;[38;5;32m[XCUITestDriver@55eb (24b485ec)]&amp#27;[0m       {
[debug] &amp#27;[38;5;32m[XCUITestDriver@55eb (24b485ec)]&amp#27;[0m         "button": 0,
[debug] &amp#27;[38;5;32m[XCUITestDriver@55eb (24b485ec)]&amp#27;[0m         "type": "pointerDown"
[debug] &amp#27;[38;5;32m[XCUITestDriver@55eb (24b485ec)]&amp#27;[0m       },
[debug] &amp#27;[38;5;32m[XCUITestDriver@55eb (24b485ec)]&amp#27;[0m       {
[debug] &amp#27;[38;5;32m[XCUITestDriver@55eb (24b485ec)]&amp#27;[0m         "duration": 200,
[debug] &amp#27;[38;5;32m[XCUITestDriver@55eb (24b485ec)]&amp#27;[0m         "type": "pause"
[debug] &amp#27;[38;5;32m[XCUITestDriver@55eb (24b485ec)]&amp#27;[0m       },
[debug] &amp#27;[38;5;32m[XCUITestDriver@55eb (24b485ec)]&amp#27;[0m       {
[debug] &amp#27;[38;5;32m[XCUITestDriver@55eb (24b485ec)]&amp#27;[0m         "button": 0,
[debug] &amp#27;[38;5;32m[XCUITestDriver@55eb (24b485ec)]&amp#27;[0m         "type": "pointerUp"
[debug] &amp#27;[38;5;32m[XCUITestDriver@55eb (24b485ec)]&amp#27;[0m       }
[debug] &amp#27;[38;5;32m[XCUITestDriver@55eb (24b485ec)]&amp#27;[0m     ]
[debug] &amp#27;[38;5;32m[XCUITestDriver@55eb (24b485ec)]&amp#27;[0m   }
[debug] &amp#27;[38;5;32m[XCUITestDriver@55eb (24b485ec)]&amp#27;[0m ]
[debug] &amp#27;[38;5;32m[XCUITestDriver@55eb (24b485ec)]&amp#27;[0m Preprocessed actions: [
[debug] &amp#27;[38;5;32m[XCUITestDriver@55eb (24b485ec)]&amp#27;[0m   {
[debug] &amp#27;[38;5;32m[XCUITestDriver@55eb (24b485ec)]&amp#27;[0m     "id": "finger1",
[debug] &amp#27;[38;5;32m[XCUITestDriver@55eb (24b485ec)]&amp#27;[0m     "type": "pointer",
[debug] &amp#27;[38;5;32m[XCUITestDriver@55eb (24b485ec)]&amp#27;[0m     "parameters": {
[debug] &amp#27;[38;5;32m[XCUITestDriver@55eb (24b485ec)]&amp#27;[0m       "pointerType": "touch"
[debug] &amp#27;[38;5;32m[XCUITestDriver@55eb (24b485ec)]&amp#27;[0m     },
[debug] &amp#27;[38;5;32m[XCUITestDriver@55eb (24b485ec)]&amp#27;[0m     "actions": [
[debug] &amp#27;[38;5;32m[XCUITestDriver@55eb (24b485ec)]&amp#27;[0m       {
[debug] &amp#27;[38;5;32m[XCUITestDriver@55eb (24b485ec)]&amp#27;[0m         "duration": 0,
[debug] &amp#27;[38;5;32m[XCUITestDriver@55eb (24b485ec)]&amp#27;[0m         "x": 65,
[debug] &amp#27;[38;5;32m[XCUITestDriver@55eb (24b485ec)]&amp#27;[0m         "y": 790,
[debug] &amp#27;[38;5;32m[XCUITestDriver@55eb (24b485ec)]&amp#27;[0m         "type": "pointerMove",
[debug] &amp#27;[38;5;32m[XCUITestDriver@55eb (24b485ec)]&amp#27;[0m         "origin": "viewport"
[debug] &amp#27;[38;5;32m[XCUITestDriver@55eb (24b485ec)]&amp#27;[0m       },
[debug] &amp#27;[38;5;32m[XCUITestDriver@55eb (24b485ec)]&amp#27;[0m       {
[debug] &amp#27;[38;5;32m[XCUITestDriver@55eb (24b485ec)]&amp#27;[0m         "button": 0,
[debug] &amp#27;[38;5;32m[XCUITestDriver@55eb (24b485ec)]&amp#27;[0m         "type": "pointerDown"
[debug] &amp#27;[38;5;32m[XCUITestDriver@55eb (24b485ec)]&amp#27;[0m       },
[debug] &amp#27;[38;5;32m[XCUITestDriver@55eb (24b485ec)]&amp#27;[0m       {
[debug] &amp#27;[38;5;32m[XCUITestDriver@55eb (24b485ec)]&amp#27;[0m         "duration": 200,
[debug] &amp#27;[38;5;32m[XCUITestDriver@55eb (24b485ec)]&amp#27;[0m         "type": "pause"
[debug] &amp#27;[38;5;32m[XCUITestDriver@55eb (24b485ec)]&amp#27;[0m       },
[debug] &amp#27;[38;5;32m[XCUITestDriver@55eb (24b485ec)]&amp#27;[0m       {
[debug] &amp#27;[38;5;32m[XCUITestDriver@55eb (24b485ec)]&amp#27;[0m         "button": 0,
[debug] &amp#27;[38;5;32m[XCUITestDriver@55eb (24b485ec)]&amp#27;[0m         "type": "pointerUp"
[debug] &amp#27;[38;5;32m[XCUITestDriver@55eb (24b485ec)]&amp#27;[0m       }
[debug] &amp#27;[38;5;32m[XCUITestDriver@55eb (24b485ec)]&amp#27;[0m     ]
[debug] &amp#27;[38;5;32m[XCUITestDriver@55eb (24b485ec)]&amp#27;[0m   }
[debug] &amp#27;[38;5;32m[XCUITestDriver@55eb (24b485ec)]&amp#27;[0m ]
[debug] &amp#27;[38;5;32m[XCUITestDriver@55eb (24b485ec)]&amp#27;[0m Matched '/actions' to command name 'performActions'
[debug] &amp#27;[38;5;32m[XCUITestDriver@55eb (24b485ec)]&amp#27;[0m Proxying [POST /actions] to [POST http://127.0.0.1:8100/session/56D70ACD-A8F3-4900-A498-C9E849921D48/actions] with body: {"actions":[{"id":"finger1","type":"pointer","parameters":{"pointerType":"touch"},"actions":[{"duration":0,"x":65,"y":790,"type":"pointerMove","origin":"viewport"},{"button":0,"type":"pointerDown"},{"duration":200,"type":"pause"},{"button":0,"type":"pointerUp"}]}]}
[debug] &amp#27;[38;5;32m[XCUITestDriver@55eb (24b485ec)]&amp#27;[0m Got response with status 200: {"value":null,"sessionId":"56D70ACD-A8F3-4900-A498-C9E849921D48"}
[debug] &amp#27;[38;5;32m[XCUITestDriver@55eb (24b485ec)]&amp#27;[0m Responding to client with driver.performActions() result: null
&amp#27;[38;5;0m[HTTP]&amp#27;[0m &amp#27;[37m<-- POST /session/24b485ec-92a7-408e-ba56-78682df800a3/actions &amp#27;[39m&amp#27;[32m200&amp#27;[39m &amp#27;[90m947 ms - 14&amp#27;[39m
&amp#27;[38;5;0m[HTTP]&amp#27;[0m &amp#27;[90m&amp#27;[39m
&amp#27;[38;5;0m[HTTP]&amp#27;[0m &amp#27;[37m-->&amp#27;[39m &amp#27;[37mPOST&amp#27;[39m &amp#27;[37m/session/24b485ec-92a7-408e-ba56-78682df800a3/element&amp#27;[39m
&amp#27;[38;5;0m[HTTP]&amp#27;[0m &amp#27;[90m{"using":"xpath","value":"//XCUIElementTypeStaticText[@name='Products']"}&amp#27;[39m
[debug] &amp#27;[38;5;32m[XCUITestDriver@55eb (24b485ec)]&amp#27;[0m Calling AppiumDriver.findElement() with args: ["xpath","//XCUIElementTypeStaticText[@name='Products']","24b485ec-92a7-408e-ba56-78682df800a3"]
[debug] &amp#27;[38;5;32m[XCUITestDriver@55eb (24b485ec)]&amp#27;[0m Executing command 'findElement'
[debug] &amp#27;[38;5;32m[XCUITestDriver@55eb (24b485ec)]&amp#27;[0m Valid locator strategies for this request: xpath, id, name, class name, -ios predicate string, -ios class chain, accessibility id, css selector
[debug] &amp#27;[38;5;32m[XCUITestDriver@55eb (24b485ec)]&amp#27;[0m Waiting up to 0 ms for condition
[debug] &amp#27;[38;5;32m[XCUITestDriver@55eb (24b485ec)]&amp#27;[0m Matched '/element' to command name 'findElement'
[debug] &amp#27;[38;5;32m[XCUITestDriver@55eb (24b485ec)]&amp#27;[0m Proxying [POST /element] to [POST http://127.0.0.1:8100/session/56D70ACD-A8F3-4900-A498-C9E849921D48/element] with body: {"using":"xpath","value":"//XCUIElementTypeStaticText[@name='Products']"}
[debug] &amp#27;[38;5;32m[XCUITestDriver@55eb (24b485ec)]&amp#27;[0m Got response with status 200: {"value":{"ELEMENT":"5B000000-0000-0000-1421-010000000000","element-6066-11e4-a52e-4f735466cecf":"5B000000-0000-0000-1421-010000000000"},"sessionId":"56D70ACD-A8F3-4900-A498-C9E849921D48"}
[debug] &amp#27;[38;5;32m[XCUITestDriver@55eb (24b485ec)]&amp#27;[0m Responding to client with driver.findElement() result: {"element-6066-11e4-a52e-4f735466cecf":"5B000000-0000-0000-1421-010000000000","ELEMENT":"5B000000-0000-0000-1421-010000000000"}
&amp#27;[38;5;0m[HTTP]&amp#27;[0m &amp#27;[37m<-- POST /session/24b485ec-92a7-408e-ba56-78682df800a3/element &amp#27;[39m&amp#27;[32m200&amp#27;[39m &amp#27;[90m2832 ms - 137&amp#27;[39m
&amp#27;[38;5;0m[HTTP]&amp#27;[0m &amp#27;[90m&amp#27;[39m
&amp#27;[38;5;0m[HTTP]&amp#27;[0m &amp#27;[37m-->&amp#27;[39m &amp#27;[37mGET&amp#27;[39m &amp#27;[37m/session/24b485ec-92a7-408e-ba56-78682df800a3/element/5B000000-0000-0000-1421-010000000000/displayed&amp#27;[39m
&amp#27;[38;5;0m[HTTP]&amp#27;[0m &amp#27;[90m{}&amp#27;[39m
&amp#27;[38;5;32m[XCUITestDriver@55eb (24b485ec)]&amp#27;[0m Driver proxy active, passing request on via HTTP proxy
[debug] &amp#27;[38;5;32m[XCUITestDriver@55eb (24b485ec)]&amp#27;[0m Executing command 'proxyReqRes'
[debug] &amp#27;[38;5;32m[XCUITestDriver@55eb (24b485ec)]&amp#27;[0m Matched '/session/24b485ec-92a7-408e-ba56-78682df800a3/element/5B000000-0000-0000-1421-010000000000/displayed' to command name 'elementDisplayed'
[debug] &amp#27;[38;5;32m[XCUITestDriver@55eb (24b485ec)]&amp#27;[0m Proxying [GET /session/24b485ec-92a7-408e-ba56-78682df800a3/element/5B000000-0000-0000-1421-010000000000/displayed] to [GET http://127.0.0.1:8100/session/56D70ACD-A8F3-4900-A498-C9E849921D48/element/5B000000-0000-0000-1421-010000000000/displayed] with no body
[debug] &amp#27;[38;5;32m[XCUITestDriver@55eb (24b485ec)]&amp#27;[0m Got response with status 200: {"value":true,"sessionId":"56D70ACD-A8F3-4900-A498-C9E849921D48"}
&amp#27;[38;5;32m[XCUITestDriver@55eb (24b485ec)]&amp#27;[0m Replacing sessionId 56D70ACD-A8F3-4900-A498-C9E849921D48 with 24b485ec-92a7-408e-ba56-78682df800a3
&amp#27;[38;5;0m[HTTP]&amp#27;[0m &amp#27;[37m<-- GET /session/24b485ec-92a7-408e-ba56-78682df800a3/element/5B000000-0000-0000-1421-010000000000/displayed &amp#27;[39m&amp#27;[32m200&amp#27;[39m &amp#27;[90m181 ms - 65&amp#27;[39m
&amp#27;[38;5;0m[HTTP]&amp#27;[0m &amp#27;[90m&amp#27;[39m
  Then User is on Cataloge page         # StepDefinations.NavigationSteps.user_is_on_cataloge_page()
&amp#27;[38;5;0m[HTTP]&amp#27;[0m &amp#27;[37m-->&amp#27;[39m &amp#27;[37mGET&amp#27;[39m &amp#27;[37m/session/24b485ec-92a7-408e-ba56-78682df800a3/screenshot&amp#27;[39m
&amp#27;[38;5;0m[HTTP]&amp#27;[0m &amp#27;[90m{}&amp#27;[39m
[debug] &amp#27;[38;5;32m[XCUITestDriver@55eb (24b485ec)]&amp#27;[0m Calling AppiumDriver.getScreenshot() with args: ["24b485ec-92a7-408e-ba56-78682df800a3"]
[debug] &amp#27;[38;5;32m[XCUITestDriver@55eb (24b485ec)]&amp#27;[0m Executing command 'getScreenshot'
[debug] &amp#27;[38;5;32m[XCUITestDriver@55eb (24b485ec)]&amp#27;[0m Taking screenshot with WDA
[debug] &amp#27;[38;5;32m[XCUITestDriver@55eb (24b485ec)]&amp#27;[0m Matched '/screenshot' to command name 'getScreenshot'
[debug] &amp#27;[38;5;32m[XCUITestDriver@55eb (24b485ec)]&amp#27;[0m Proxying [GET /screenshot] to [GET http://127.0.0.1:8100/session/56D70ACD-A8F3-4900-A498-C9E849921D48/screenshot] with no body
[debug] &amp#27;[38;5;32m[XCUITestDriver@55eb (24b485ec)]&amp#27;[0m Got response with status 200: {"value":"iVBORw0KGgoAAAANSUhEUgAABJIAAAnkCAYAAABWQUsDAAAAAXNSR0IArs4c6QAAADhlWElmTU0AKgAAAAgAAYdpAAQAAAABAAAAGgAAAAAAAqACAAQAAAABAAAEkqADAAQAAAABAAAJ5AAAAADoPni0AAAAHGlET1QAAAACAAAAAAAABPIAAAAoAAAE8gAABPIADaSoOJE+ZgAAQABJREFUeAHs3Qm8XGd533FT2tDSFpqmIZCwBEIJCWnaBBpIGpImEJKSkEBoQz5sIaFN2hISICl4B1uy5F2WLcmWJduyZVuWd8v7vq+ysbzv8i5Z3mRtd/Z5+/yfO+/4zNwz975n7syde8XvfD7Dla7OPefMd94ZfP73fZ53j8CGAAIIIIAAAggggAACCCCAAAIIIIBAgsAeCfuwCwIIIIAAAggggAACCCCAAAIIIIAAAoEgiUGAAAIIIIAAAggggAACCCCAAAIIIJAkQJCUxMROCCCAAAIIIIAAAggggAACCCCAAAIESYwBBBBAAAEEEEAAAQQQQAABBBBAAIEkAYKkJCZ2QgABBBBAAAEEEEAAAQQQQAABBBAgSGIMIIAAAggggAACCCCAAAIIIIAAAggkCRAkJTGxEwIIIIAAAggggAACCCCAAAIIIIAAQRJjAAEEEEAAAQQQQAABBBBAAAEEEEAgSYAgKYmJnRBAAAEEEEAAAQQQQAABBBBAAAEECJIYAwgggAACCCCAAAIIIIAAAggggAACSQIESUlM7IQAAggggAACCCCAAAIIIIAAAgggQJDEGEAAAQQQQAABBBBAAAEEEEAAAQQQSBIgSEpiYicEEEAAAQQQQAABBBBAAAEEEEAAAYIkxgACCCCAAAIIIIAAAggggAACCCCAQJIAQVISEzshgAACCCCAAAIIIIAAAggggAACCBAkMQYQQAABBBBAAAEEEEAAAQQQQAABBJIECJKSmNgJAQQQQAABBBBAAAEEEEAAAQQQQIAgiTGAAAIIIIAAAgg...
[debug] &amp#27;[38;5;32m[XCUITestDriver@55eb (24b485ec)]&amp#27;[0m Responding to client with driver.getScreenshot() result: "iVBORw0KGgoAAAANSUhEUgAABJIAAAnkCAYAAABWQUsDAAAAAXNSR0IArs4c6QAAADhlWElmTU0AKgAAAAgAAYdpAAQAAAABAAAAGgAAAAAAAqACAAQAAAABAAAEkqADAAQAAAABAAAJ5AAAAADoPni0AAAAHGlET1QAAAACAAAAAAAABPIAAAAoAAAE8gAABPIADaSoOJE+ZgAAQABJREFUeAHs3Qm8XGd533FT2tDSFpqmIZCwBEIJCWnaBBpIGpImEJKSkEBoQz5sIaFN2hISICl4B1uy5F2WLcmWJduyZVuWd8v7vq+ysbzv8i5Z3mRtd/Z5+/yfO+/4zNwz975n7syde8XvfD7Dla7OPefMd94ZfP73fZ53j8CGAAIIIIAAAggggAACCCCAAAIIIIBAgsAeCfuwCwIIIIAAAggggAACCCCAAAIIIIAAAoEgiUGAAAIIIIAAAggggAACCCCAAAIIIJAkQJCUxMROCCCAAAIIIIAAAggggAACCCCAAAIESYwBBBBAAAEEEEAAAQQQQAABBBBAAIEkAYKkJCZ2QgABBBBAAAEEEEAAAQQQQAABBBAgSGIMIIAAAggggAACCCCAAAIIIIAAAggkCRAkJTGxEwIIIIAAAggggAACCCCAAAIIIIAAQRJjAAEEEEAAAQQQQAABBBBAAAEEEEAgSYAgKYmJnRBAAAEEEEAAAQQQQAABBBBAAAEECJIYAwgggAACCCCAAAIIIIAAAggggAACSQIESUlM7IQAAggggAACCCCAAAIIIIAAAgggQJDEGEAAAQQQQAABBBBAAAEEEEAAAQQQSBIgSEpiYicEEEAAAQQQQAABBBBAAAEEEEAAAYIkxgACCCCAAAIIIIAAAggggAACCCCAQJIAQVISEzshgAACCCCAAAIIIIAAAggggAACCBAkMQYQQAABBBBAAAEEEEAAAQQQQAABBJIECJKSmNgJAQQQQAABBBBAAAEEEEAAAQQQQIAgiTGAAAIIIIAAAggggAACCCCA...
&amp#27;[38;5;0m[HTTP]&amp#27;[0m &amp#27;[37m<-- GET /session/24b485ec-92a7-408e-ba56-78682df800a3/screenshot &amp#27;[39m&amp#27;[32m200&amp#27;[39m &amp#27;[90m581 ms - 2231128&amp#27;[39m
&amp#27;[38;5;0m[HTTP]&amp#27;[0m &amp#27;[90m&amp#27;[39m

    Embedding screenshot [image/png 1673336 bytes]

&amp#27;[38;5;0m[HTTP]&amp#27;[0m &amp#27;[37m-->&amp#27;[39m &amp#27;[37mGET&amp#27;[39m &amp#27;[37m/session/24b485ec-92a7-408e-ba56-78682df800a3/screenshot&amp#27;[39m
&amp#27;[38;5;0m[HTTP]&amp#27;[0m &amp#27;[90m{}&amp#27;[39m
[debug] &amp#27;[38;5;32m[XCUITestDriver@55eb (24b485ec)]&amp#27;[0m Calling AppiumDriver.getScreenshot() with args: ["24b485ec-92a7-408e-ba56-78682df800a3"]
[debug] &amp#27;[38;5;32m[XCUITestDriver@55eb (24b485ec)]&amp#27;[0m Executing command 'getScreenshot'
[debug] &amp#27;[38;5;32m[XCUITestDriver@55eb (24b485ec)]&amp#27;[0m Taking screenshot with WDA
[debug] &amp#27;[38;5;32m[XCUITestDriver@55eb (24b485ec)]&amp#27;[0m Matched '/screenshot' to command name 'getScreenshot'
[debug] &amp#27;[38;5;32m[XCUITestDriver@55eb (24b485ec)]&amp#27;[0m Proxying [GET /screenshot] to [GET http://127.0.0.1:8100/session/56D70ACD-A8F3-4900-A498-C9E849921D48/screenshot] with no body
[debug] &amp#27;[38;5;32m[XCUITestDriver@55eb (24b485ec)]&amp#27;[0m Got response with status 200: {"value":"iVBORw0KGgoAAAANSUhEUgAABJIAAAnkCAYAAABWQUsDAAAAAXNSR0IArs4c6QAAADhlWElmTU0AKgAAAAgAAYdpAAQAAAABAAAAGgAAAAAAAqACAAQAAAABAAAEkqADAAQAAAABAAAJ5AAAAADoPni0AAAAHGlET1QAAAACAAAAAAAABPIAAAAoAAAE8gAABPIADaSoOJE+ZgAAQABJREFUeAHs3Qm8XGd533FT2tDSFpqmIZCwBEIJCWnaBBpIGpImEJKSkEBoQz5sIaFN2hISICl4B1uy5F2WLcmWJduyZVuWd8v7vq+ysbzv8i5Z3mRtd/Z5+/yfO+/4zNwz975n7syde8XvfD7Dla7OPefMd94ZfP73fZ53j8CGAAIIIIAAAggggAACCCCAAAIIIIBAgsAeCfuwCwIIIIAAAggggAACCCCAAAIIIIAAAoEgiUGAAAIIIIAAAggggAACCCCAAAIIIJAkQJCUxMROCCCAAAIIIIAAAggggAACCCCAAAIESYwBBBBAAAEEEEAAAQQQQAABBBBAAIEkAYKkJCZ2QgABBBBAAAEEEEAAAQQQQAABBBAgSGIMIIAAAggggAACCCCAAAIIIIAAAggkCRAkJTGxEwIIIIAAAggggAACCCCAAAIIIIAAQRJjAAEEEEAAAQQQQAABBBBAAAEEEEAgSYAgKYmJnRBAAAEEEEAAAQQQQAABBBBAAAEECJIYAwgggAACCCCAAAIIIIAAAggggAACSQIESUlM7IQAAggggAACCCCAAAIIIIAAAgggQJDEGEAAAQQQQAABBBBAAAEEEEAAAQQQSBIgSEpiYicEEEAAAQQQQAABBBBAAAEEEEAAAYIkxgACCCCAAAIIIIAAAggggAACCCCAQJIAQVISEzshgAACCCCAAAIIIIAAAggggAACCBAkMQYQQAABBBBAAAEEEEAAAQQQQAABBJIECJKSmNgJAQQQQAABBBBAAAEEEEAAAQQQQIAgiTGAAAIIIIAAAgg...
[debug] &amp#27;[38;5;32m[XCUITestDriver@55eb (24b485ec)]&amp#27;[0m Responding to client with driver.getScreenshot() result: "iVBORw0KGgoAAAANSUhEUgAABJIAAAnkCAYAAABWQUsDAAAAAXNSR0IArs4c6QAAADhlWElmTU0AKgAAAAgAAYdpAAQAAAABAAAAGgAAAAAAAqACAAQAAAABAAAEkqADAAQAAAABAAAJ5AAAAADoPni0AAAAHGlET1QAAAACAAAAAAAABPIAAAAoAAAE8gAABPIADaSoOJE+ZgAAQABJREFUeAHs3Qm8XGd533FT2tDSFpqmIZCwBEIJCWnaBBpIGpImEJKSkEBoQz5sIaFN2hISICl4B1uy5F2WLcmWJduyZVuWd8v7vq+ysbzv8i5Z3mRtd/Z5+/yfO+/4zNwz975n7syde8XvfD7Dla7OPefMd94ZfP73fZ53j8CGAAIIIIAAAggggAACCCCAAAIIIIBAgsAeCfuwCwIIIIAAAggggAACCCCAAAIIIIAAAoEgiUGAAAIIIIAAAggggAACCCCAAAIIIJAkQJCUxMROCCCAAAIIIIAAAggggAACCCCAAAIESYwBBBBAAAEEEEAAAQQQQAABBBBAAIEkAYKkJCZ2QgABBBBAAAEEEEAAAQQQQAABBBAgSGIMIIAAAggggAACCCCAAAIIIIAAAggkCRAkJTGxEwIIIIAAAggggAACCCCAAAIIIIAAQRJjAAEEEEAAAQQQQAABBBBAAAEEEEAgSYAgKYmJnRBAAAEEEEAAAQQQQAABBBBAAAEECJIYAwgggAACCCCAAAIIIIAAAggggAACSQIESUlM7IQAAggggAACCCCAAAIIIIAAAgggQJDEGEAAAQQQQAABBBBAAAEEEEAAAQQQSBIgSEpiYicEEEAAAQQQQAABBBBAAAEEEEAAAYIkxgACCCCAAAIIIIAAAggggAACCCCAQJIAQVISEzshgAACCCCAAAIIIIAAAggggAACCBAkMQYQQAABBBBAAAEEEEAAAQQQQAABBJIECJKSmNgJAQQQQAABBBBAAAEEEEAAAQQQQIAgiTGAAAIIIIAAAggggAACCCCA...
&amp#27;[38;5;0m[HTTP]&amp#27;[0m &amp#27;[37m<-- GET /session/24b485ec-92a7-408e-ba56-78682df800a3/screenshot &amp#27;[39m&amp#27;[32m200&amp#27;[39m &amp#27;[90m612 ms - 2231128&amp#27;[39m
&amp#27;[38;5;0m[HTTP]&amp#27;[0m &amp#27;[90m&amp#27;[39m

    Embedding screenshot [image/png 1673336 bytes]

]]></system-out>
  </testcase>
  <testcase name="runScenario[&quot;validate logout functionality&quot;, &quot;verify user able to login and logout in application&quot;](2)" classname="TestRunners.TestRunner" time="48.144">
    <system-out><![CDATA[
@Smoke @Login
Scenario: validate logout functionality # src/test/resources/Features/Login.feature:14
&amp#27;[38;5;0m[HTTP]&amp#27;[0m &amp#27;[37m-->&amp#27;[39m &amp#27;[37mPOST&amp#27;[39m &amp#27;[37m/session/24b485ec-92a7-408e-ba56-78682df800a3/element&amp#27;[39m
&amp#27;[38;5;0m[HTTP]&amp#27;[0m &amp#27;[90m{"using":"xpath","value":"//XCUIElementTypeButton[@name='tab bar option catalog']"}&amp#27;[39m
[debug] &amp#27;[38;5;32m[XCUITestDriver@55eb (24b485ec)]&amp#27;[0m Calling AppiumDriver.findElement() with args: ["xpath","//XCUIElementTypeButton[@name='tab bar option catalog']","24b485ec-92a7-408e-ba56-78682df800a3"]
[debug] &amp#27;[38;5;32m[XCUITestDriver@55eb (24b485ec)]&amp#27;[0m Executing command 'findElement'
[debug] &amp#27;[38;5;32m[XCUITestDriver@55eb (24b485ec)]&amp#27;[0m Valid locator strategies for this request: xpath, id, name, class name, -ios predicate string, -ios class chain, accessibility id, css selector
[debug] &amp#27;[38;5;32m[XCUITestDriver@55eb (24b485ec)]&amp#27;[0m Waiting up to 0 ms for condition
[debug] &amp#27;[38;5;32m[XCUITestDriver@55eb (24b485ec)]&amp#27;[0m Matched '/element' to command name 'findElement'
[debug] &amp#27;[38;5;32m[XCUITestDriver@55eb (24b485ec)]&amp#27;[0m Proxying [POST /element] to [POST http://127.0.0.1:8100/session/56D70ACD-A8F3-4900-A498-C9E849921D48/element] with body: {"using":"xpath","value":"//XCUIElementTypeButton[@name='tab bar option catalog']"}
[debug] &amp#27;[38;5;32m[XCUITestDriver@55eb (24b485ec)]&amp#27;[0m Got response with status 200: {"value":{"ELEMENT":"33000000-0000-0000-1421-010000000000","element-6066-11e4-a52e-4f735466cecf":"33000000-0000-0000-1421-010000000000"},"sessionId":"56D70ACD-A8F3-4900-A498-C9E849921D48"}
[debug] &amp#27;[38;5;32m[XCUITestDriver@55eb (24b485ec)]&amp#27;[0m Responding to client with driver.findElement() result: {"element-6066-11e4-a52e-4f735466cecf":"33000000-0000-0000-1421-010000000000","ELEMENT":"33000000-0000-0000-1421-010000000000"}
&amp#27;[38;5;0m[HTTP]&amp#27;[0m &amp#27;[37m<-- POST /session/24b485ec-92a7-408e-ba56-78682df800a3/element &amp#27;[39m&amp#27;[32m200&amp#27;[39m &amp#27;[90m2746 ms - 137&amp#27;[39m
&amp#27;[38;5;0m[HTTP]&amp#27;[0m &amp#27;[90m&amp#27;[39m
&amp#27;[38;5;0m[HTTP]&amp#27;[0m &amp#27;[37m-->&amp#27;[39m &amp#27;[37mGET&amp#27;[39m &amp#27;[37m/session/24b485ec-92a7-408e-ba56-78682df800a3/element/33000000-0000-0000-1421-010000000000/displayed&amp#27;[39m
&amp#27;[38;5;0m[HTTP]&amp#27;[0m &amp#27;[90m{}&amp#27;[39m
&amp#27;[38;5;32m[XCUITestDriver@55eb (24b485ec)]&amp#27;[0m Driver proxy active, passing request on via HTTP proxy
[debug] &amp#27;[38;5;32m[XCUITestDriver@55eb (24b485ec)]&amp#27;[0m Executing command 'proxyReqRes'
[debug] &amp#27;[38;5;32m[XCUITestDriver@55eb (24b485ec)]&amp#27;[0m Matched '/session/24b485ec-92a7-408e-ba56-78682df800a3/element/33000000-0000-0000-1421-010000000000/displayed' to command name 'elementDisplayed'
[debug] &amp#27;[38;5;32m[XCUITestDriver@55eb (24b485ec)]&amp#27;[0m Proxying [GET /session/24b485ec-92a7-408e-ba56-78682df800a3/element/33000000-0000-0000-1421-010000000000/displayed] to [GET http://127.0.0.1:8100/session/56D70ACD-A8F3-4900-A498-C9E849921D48/element/33000000-0000-0000-1421-010000000000/displayed] with no body
[debug] &amp#27;[38;5;32m[XCUITestDriver@55eb (24b485ec)]&amp#27;[0m Got response with status 200: {"value":true,"sessionId":"56D70ACD-A8F3-4900-A498-C9E849921D48"}
&amp#27;[38;5;32m[XCUITestDriver@55eb (24b485ec)]&amp#27;[0m Replacing sessionId 56D70ACD-A8F3-4900-A498-C9E849921D48 with 24b485ec-92a7-408e-ba56-78682df800a3
&amp#27;[38;5;0m[HTTP]&amp#27;[0m &amp#27;[37m<-- GET /session/24b485ec-92a7-408e-ba56-78682df800a3/element/33000000-0000-0000-1421-010000000000/displayed &amp#27;[39m&amp#27;[32m200&amp#27;[39m &amp#27;[90m200 ms - 65&amp#27;[39m
&amp#27;[38;5;0m[HTTP]&amp#27;[0m &amp#27;[90m&amp#27;[39m
&amp#27;[38;5;0m[HTTP]&amp#27;[0m &amp#27;[37m-->&amp#27;[39m &amp#27;[37mPOST&amp#27;[39m &amp#27;[37m/session/24b485ec-92a7-408e-ba56-78682df800a3/element&amp#27;[39m
&amp#27;[38;5;0m[HTTP]&amp#27;[0m &amp#27;[90m{"using":"xpath","value":"//XCUIElementTypeButton[@name='tab bar option catalog']"}&amp#27;[39m
[debug] &amp#27;[38;5;32m[XCUITestDriver@55eb (24b485ec)]&amp#27;[0m Calling AppiumDriver.findElement() with args: ["xpath","//XCUIElementTypeButton[@name='tab bar option catalog']","24b485ec-92a7-408e-ba56-78682df800a3"]
[debug] &amp#27;[38;5;32m[XCUITestDriver@55eb (24b485ec)]&amp#27;[0m Executing command 'findElement'
[debug] &amp#27;[38;5;32m[XCUITestDriver@55eb (24b485ec)]&amp#27;[0m Valid locator strategies for this request: xpath, id, name, class name, -ios predicate string, -ios class chain, accessibility id, css selector
[debug] &amp#27;[38;5;32m[XCUITestDriver@55eb (24b485ec)]&amp#27;[0m Waiting up to 0 ms for condition
[debug] &amp#27;[38;5;32m[XCUITestDriver@55eb (24b485ec)]&amp#27;[0m Matched '/element' to command name 'findElement'
[debug] &amp#27;[38;5;32m[XCUITestDriver@55eb (24b485ec)]&amp#27;[0m Proxying [POST /element] to [POST http://127.0.0.1:8100/session/56D70ACD-A8F3-4900-A498-C9E849921D48/element] with body: {"using":"xpath","value":"//XCUIElementTypeButton[@name='tab bar option catalog']"}
[debug] &amp#27;[38;5;32m[XCUITestDriver@55eb (24b485ec)]&amp#27;[0m Got response with status 200: {"value":{"ELEMENT":"33000000-0000-0000-1421-010000000000","element-6066-11e4-a52e-4f735466cecf":"33000000-0000-0000-1421-010000000000"},"sessionId":"56D70ACD-A8F3-4900-A498-C9E849921D48"}
[debug] &amp#27;[38;5;32m[XCUITestDriver@55eb (24b485ec)]&amp#27;[0m Responding to client with driver.findElement() result: {"element-6066-11e4-a52e-4f735466cecf":"33000000-0000-0000-1421-010000000000","ELEMENT":"33000000-0000-0000-1421-010000000000"}
&amp#27;[38;5;0m[HTTP]&amp#27;[0m &amp#27;[37m<-- POST /session/24b485ec-92a7-408e-ba56-78682df800a3/element &amp#27;[39m&amp#27;[32m200&amp#27;[39m &amp#27;[90m3386 ms - 137&amp#27;[39m
&amp#27;[38;5;0m[HTTP]&amp#27;[0m &amp#27;[90m&amp#27;[39m
&amp#27;[38;5;0m[HTTP]&amp#27;[0m &amp#27;[37m-->&amp#27;[39m &amp#27;[37mGET&amp#27;[39m &amp#27;[37m/session/24b485ec-92a7-408e-ba56-78682df800a3/element/33000000-0000-0000-1421-010000000000/rect&amp#27;[39m
&amp#27;[38;5;0m[HTTP]&amp#27;[0m &amp#27;[90m{}&amp#27;[39m
&amp#27;[38;5;32m[XCUITestDriver@55eb (24b485ec)]&amp#27;[0m Driver proxy active, passing request on via HTTP proxy
[debug] &amp#27;[38;5;32m[XCUITestDriver@55eb (24b485ec)]&amp#27;[0m Executing command 'proxyReqRes'
[debug] &amp#27;[38;5;32m[XCUITestDriver@55eb (24b485ec)]&amp#27;[0m Matched '/session/24b485ec-92a7-408e-ba56-78682df800a3/element/33000000-0000-0000-1421-010000000000/rect' to command name 'getElementRect'
[debug] &amp#27;[38;5;32m[XCUITestDriver@55eb (24b485ec)]&amp#27;[0m Proxying [GET /session/24b485ec-92a7-408e-ba56-78682df800a3/element/33000000-0000-0000-1421-010000000000/rect] to [GET http://127.0.0.1:8100/session/56D70ACD-A8F3-4900-A498-C9E849921D48/element/33000000-0000-0000-1421-010000000000/rect] with no body
[debug] &amp#27;[38;5;32m[XCUITestDriver@55eb (24b485ec)]&amp#27;[0m Got response with status 200: {"value":{"y":765,"x":0,"width":130,"height":50},"sessionId":"56D70ACD-A8F3-4900-A498-C9E849921D48"}
&amp#27;[38;5;32m[XCUITestDriver@55eb (24b485ec)]&amp#27;[0m Replacing sessionId 56D70ACD-A8F3-4900-A498-C9E849921D48 with 24b485ec-92a7-408e-ba56-78682df800a3
&amp#27;[38;5;0m[HTTP]&amp#27;[0m &amp#27;[37m<-- GET /session/24b485ec-92a7-408e-ba56-78682df800a3/element/33000000-0000-0000-1421-010000000000/rect &amp#27;[39m&amp#27;[32m200&amp#27;[39m &amp#27;[90m213 ms - 100&amp#27;[39m
&amp#27;[38;5;0m[HTTP]&amp#27;[0m &amp#27;[90m&amp#27;[39m
&amp#27;[38;5;0m[HTTP]&amp#27;[0m &amp#27;[37m-->&amp#27;[39m &amp#27;[37mGET&amp#27;[39m &amp#27;[37m/session/24b485ec-92a7-408e-ba56-78682df800a3/element/33000000-0000-0000-1421-010000000000/rect&amp#27;[39m
&amp#27;[38;5;0m[HTTP]&amp#27;[0m &amp#27;[90m{}&amp#27;[39m
&amp#27;[38;5;32m[XCUITestDriver@55eb (24b485ec)]&amp#27;[0m Driver proxy active, passing request on via HTTP proxy
[debug] &amp#27;[38;5;32m[XCUITestDriver@55eb (24b485ec)]&amp#27;[0m Executing command 'proxyReqRes'
[debug] &amp#27;[38;5;32m[XCUITestDriver@55eb (24b485ec)]&amp#27;[0m Matched '/session/24b485ec-92a7-408e-ba56-78682df800a3/element/33000000-0000-0000-1421-010000000000/rect' to command name 'getElementRect'
[debug] &amp#27;[38;5;32m[XCUITestDriver@55eb (24b485ec)]&amp#27;[0m Proxying [GET /session/24b485ec-92a7-408e-ba56-78682df800a3/element/33000000-0000-0000-1421-010000000000/rect] to [GET http://127.0.0.1:8100/session/56D70ACD-A8F3-4900-A498-C9E849921D48/element/33000000-0000-0000-1421-010000000000/rect] with no body
[debug] &amp#27;[38;5;32m[XCUITestDriver@55eb (24b485ec)]&amp#27;[0m Got response with status 200: {"value":{"y":765,"x":0,"width":130,"height":50},"sessionId":"56D70ACD-A8F3-4900-A498-C9E849921D48"}
&amp#27;[38;5;32m[XCUITestDriver@55eb (24b485ec)]&amp#27;[0m Replacing sessionId 56D70ACD-A8F3-4900-A498-C9E849921D48 with 24b485ec-92a7-408e-ba56-78682df800a3
&amp#27;[38;5;0m[HTTP]&amp#27;[0m &amp#27;[37m<-- GET /session/24b485ec-92a7-408e-ba56-78682df800a3/element/33000000-0000-0000-1421-010000000000/rect &amp#27;[39m&amp#27;[32m200&amp#27;[39m &amp#27;[90m174 ms - 100&amp#27;[39m
&amp#27;[38;5;0m[HTTP]&amp#27;[0m &amp#27;[90m&amp#27;[39m
&amp#27;[38;5;0m[HTTP]&amp#27;[0m &amp#27;[37m-->&amp#27;[39m &amp#27;[37mPOST&amp#27;[39m &amp#27;[37m/session/24b485ec-92a7-408e-ba56-78682df800a3/actions&amp#27;[39m
&amp#27;[38;5;0m[HTTP]&amp#27;[0m &amp#27;[90m{"actions":[{"id":"finger1","type":"pointer","parameters":{"pointerType":"touch"},"actions":[{"duration":0,"type":"pause"},{"duration":0,"x":65,"y":790,"type":"pointerMove","origin":"viewport"},{"button":0,"type":"pointerDown"},{"duration":200,"type":"pause"},{"button":0,"type":"pointerUp"}]}]}&amp#27;[39m
[debug] &amp#27;[38;5;32m[XCUITestDriver@55eb (24b485ec)]&amp#27;[0m Calling AppiumDriver.performActions() with args: [[{"id":"finger1","type":"pointer","parameters":{"pointerType":"touch"},"actions":[{"duration":0,"type":"pause"},{"duration":0,"x":65,"y":790,"type":"pointerMove","origin":"viewport"},{"button":0,"type":"pointerDown"},{"duration":200,"type":"pause"},{"button":0,"type":"pointerUp"}]}],"24b485ec-92a7-408e-ba56-78682df800a3"]
[debug] &amp#27;[38;5;32m[XCUITestDriver@55eb (24b485ec)]&amp#27;[0m Executing command 'performActions'
[debug] &amp#27;[38;5;32m[XCUITestDriver@55eb (24b485ec)]&amp#27;[0m Received the following W3C actions: [
[debug] &amp#27;[38;5;32m[XCUITestDriver@55eb (24b485ec)]&amp#27;[0m   {
[debug] &amp#27;[38;5;32m[XCUITestDriver@55eb (24b485ec)]&amp#27;[0m     "id": "finger1",
[debug] &amp#27;[38;5;32m[XCUITestDriver@55eb (24b485ec)]&amp#27;[0m     "type": "pointer",
[debug] &amp#27;[38;5;32m[XCUITestDriver@55eb (24b485ec)]&amp#27;[0m     "parameters": {
[debug] &amp#27;[38;5;32m[XCUITestDriver@55eb (24b485ec)]&amp#27;[0m       "pointerType": "touch"
[debug] &amp#27;[38;5;32m[XCUITestDriver@55eb (24b485ec)]&amp#27;[0m     },
[debug] &amp#27;[38;5;32m[XCUITestDriver@55eb (24b485ec)]&amp#27;[0m     "actions": [
[debug] &amp#27;[38;5;32m[XCUITestDriver@55eb (24b485ec)]&amp#27;[0m       {
[debug] &amp#27;[38;5;32m[XCUITestDriver@55eb (24b485ec)]&amp#27;[0m         "duration": 0,
[debug] &amp#27;[38;5;32m[XCUITestDriver@55eb (24b485ec)]&amp#27;[0m         "type": "pause"
[debug] &amp#27;[38;5;32m[XCUITestDriver@55eb (24b485ec)]&amp#27;[0m       },
[debug] &amp#27;[38;5;32m[XCUITestDriver@55eb (24b485ec)]&amp#27;[0m       {
[debug] &amp#27;[38;5;32m[XCUITestDriver@55eb (24b485ec)]&amp#27;[0m         "duration": 0,
[debug] &amp#27;[38;5;32m[XCUITestDriver@55eb (24b485ec)]&amp#27;[0m         "x": 65,
[debug] &amp#27;[38;5;32m[XCUITestDriver@55eb (24b485ec)]&amp#27;[0m         "y": 790,
[debug] &amp#27;[38;5;32m[XCUITestDriver@55eb (24b485ec)]&amp#27;[0m         "type": "pointerMove",
[debug] &amp#27;[38;5;32m[XCUITestDriver@55eb (24b485ec)]&amp#27;[0m         "origin": "viewport"
[debug] &amp#27;[38;5;32m[XCUITestDriver@55eb (24b485ec)]&amp#27;[0m       },
[debug] &amp#27;[38;5;32m[XCUITestDriver@55eb (24b485ec)]&amp#27;[0m       {
[debug] &amp#27;[38;5;32m[XCUITestDriver@55eb (24b485ec)]&amp#27;[0m         "button": 0,
[debug] &amp#27;[38;5;32m[XCUITestDriver@55eb (24b485ec)]&amp#27;[0m         "type": "pointerDown"
[debug] &amp#27;[38;5;32m[XCUITestDriver@55eb (24b485ec)]&amp#27;[0m       },
[debug] &amp#27;[38;5;32m[XCUITestDriver@55eb (24b485ec)]&amp#27;[0m       {
[debug] &amp#27;[38;5;32m[XCUITestDriver@55eb (24b485ec)]&amp#27;[0m         "duration": 200,
[debug] &amp#27;[38;5;32m[XCUITestDriver@55eb (24b485ec)]&amp#27;[0m         "type": "pause"
[debug] &amp#27;[38;5;32m[XCUITestDriver@55eb (24b485ec)]&amp#27;[0m       },
[debug] &amp#27;[38;5;32m[XCUITestDriver@55eb (24b485ec)]&amp#27;[0m       {
[debug] &amp#27;[38;5;32m[XCUITestDriver@55eb (24b485ec)]&amp#27;[0m         "button": 0,
[debug] &amp#27;[38;5;32m[XCUITestDriver@55eb (24b485ec)]&amp#27;[0m         "type": "pointerUp"
[debug] &amp#27;[38;5;32m[XCUITestDriver@55eb (24b485ec)]&amp#27;[0m       }
[debug] &amp#27;[38;5;32m[XCUITestDriver@55eb (24b485ec)]&amp#27;[0m     ]
[debug] &amp#27;[38;5;32m[XCUITestDriver@55eb (24b485ec)]&amp#27;[0m   }
[debug] &amp#27;[38;5;32m[XCUITestDriver@55eb (24b485ec)]&amp#27;[0m ]
[debug] &amp#27;[38;5;32m[XCUITestDriver@55eb (24b485ec)]&amp#27;[0m Preprocessed actions: [
[debug] &amp#27;[38;5;32m[XCUITestDriver@55eb (24b485ec)]&amp#27;[0m   {
[debug] &amp#27;[38;5;32m[XCUITestDriver@55eb (24b485ec)]&amp#27;[0m     "id": "finger1",
[debug] &amp#27;[38;5;32m[XCUITestDriver@55eb (24b485ec)]&amp#27;[0m     "type": "pointer",
[debug] &amp#27;[38;5;32m[XCUITestDriver@55eb (24b485ec)]&amp#27;[0m     "parameters": {
[debug] &amp#27;[38;5;32m[XCUITestDriver@55eb (24b485ec)]&amp#27;[0m       "pointerType": "touch"
[debug] &amp#27;[38;5;32m[XCUITestDriver@55eb (24b485ec)]&amp#27;[0m     },
[debug] &amp#27;[38;5;32m[XCUITestDriver@55eb (24b485ec)]&amp#27;[0m     "actions": [
[debug] &amp#27;[38;5;32m[XCUITestDriver@55eb (24b485ec)]&amp#27;[0m       {
[debug] &amp#27;[38;5;32m[XCUITestDriver@55eb (24b485ec)]&amp#27;[0m         "duration": 0,
[debug] &amp#27;[38;5;32m[XCUITestDriver@55eb (24b485ec)]&amp#27;[0m         "x": 65,
[debug] &amp#27;[38;5;32m[XCUITestDriver@55eb (24b485ec)]&amp#27;[0m         "y": 790,
[debug] &amp#27;[38;5;32m[XCUITestDriver@55eb (24b485ec)]&amp#27;[0m         "type": "pointerMove",
[debug] &amp#27;[38;5;32m[XCUITestDriver@55eb (24b485ec)]&amp#27;[0m         "origin": "viewport"
[debug] &amp#27;[38;5;32m[XCUITestDriver@55eb (24b485ec)]&amp#27;[0m       },
[debug] &amp#27;[38;5;32m[XCUITestDriver@55eb (24b485ec)]&amp#27;[0m       {
[debug] &amp#27;[38;5;32m[XCUITestDriver@55eb (24b485ec)]&amp#27;[0m         "button": 0,
[debug] &amp#27;[38;5;32m[XCUITestDriver@55eb (24b485ec)]&amp#27;[0m         "type": "pointerDown"
[debug] &amp#27;[38;5;32m[XCUITestDriver@55eb (24b485ec)]&amp#27;[0m       },
[debug] &amp#27;[38;5;32m[XCUITestDriver@55eb (24b485ec)]&amp#27;[0m       {
[debug] &amp#27;[38;5;32m[XCUITestDriver@55eb (24b485ec)]&amp#27;[0m         "duration": 200,
[debug] &amp#27;[38;5;32m[XCUITestDriver@55eb (24b485ec)]&amp#27;[0m         "type": "pause"
[debug] &amp#27;[38;5;32m[XCUITestDriver@55eb (24b485ec)]&amp#27;[0m       },
[debug] &amp#27;[38;5;32m[XCUITestDriver@55eb (24b485ec)]&amp#27;[0m       {
[debug] &amp#27;[38;5;32m[XCUITestDriver@55eb (24b485ec)]&amp#27;[0m         "button": 0,
[debug] &amp#27;[38;5;32m[XCUITestDriver@55eb (24b485ec)]&amp#27;[0m         "type": "pointerUp"
[debug] &amp#27;[38;5;32m[XCUITestDriver@55eb (24b485ec)]&amp#27;[0m       }
[debug] &amp#27;[38;5;32m[XCUITestDriver@55eb (24b485ec)]&amp#27;[0m     ]
[debug] &amp#27;[38;5;32m[XCUITestDriver@55eb (24b485ec)]&amp#27;[0m   }
[debug] &amp#27;[38;5;32m[XCUITestDriver@55eb (24b485ec)]&amp#27;[0m ]
[debug] &amp#27;[38;5;32m[XCUITestDriver@55eb (24b485ec)]&amp#27;[0m Matched '/actions' to command name 'performActions'
[debug] &amp#27;[38;5;32m[XCUITestDriver@55eb (24b485ec)]&amp#27;[0m Proxying [POST /actions] to [POST http://127.0.0.1:8100/session/56D70ACD-A8F3-4900-A498-C9E849921D48/actions] with body: {"actions":[{"id":"finger1","type":"pointer","parameters":{"pointerType":"touch"},"actions":[{"duration":0,"x":65,"y":790,"type":"pointerMove","origin":"viewport"},{"button":0,"type":"pointerDown"},{"duration":200,"type":"pause"},{"button":0,"type":"pointerUp"}]}]}
[debug] &amp#27;[38;5;32m[XCUITestDriver@55eb (24b485ec)]&amp#27;[0m Got response with status 200: {"value":null,"sessionId":"56D70ACD-A8F3-4900-A498-C9E849921D48"}
[debug] &amp#27;[38;5;32m[XCUITestDriver@55eb (24b485ec)]&amp#27;[0m Responding to client with driver.performActions() result: null
&amp#27;[38;5;0m[HTTP]&amp#27;[0m &amp#27;[37m<-- POST /session/24b485ec-92a7-408e-ba56-78682df800a3/actions &amp#27;[39m&amp#27;[32m200&amp#27;[39m &amp#27;[90m915 ms - 14&amp#27;[39m
&amp#27;[38;5;0m[HTTP]&amp#27;[0m &amp#27;[90m&amp#27;[39m
&amp#27;[38;5;0m[HTTP]&amp#27;[0m &amp#27;[37m-->&amp#27;[39m &amp#27;[37mPOST&amp#27;[39m &amp#27;[37m/session/24b485ec-92a7-408e-ba56-78682df800a3/element&amp#27;[39m
&amp#27;[38;5;0m[HTTP]&amp#27;[0m &amp#27;[90m{"using":"xpath","value":"//XCUIElementTypeStaticText[@name='Products']"}&amp#27;[39m
[debug] &amp#27;[38;5;32m[XCUITestDriver@55eb (24b485ec)]&amp#27;[0m Calling AppiumDriver.findElement() with args: ["xpath","//XCUIElementTypeStaticText[@name='Products']","24b485ec-92a7-408e-ba56-78682df800a3"]
[debug] &amp#27;[38;5;32m[XCUITestDriver@55eb (24b485ec)]&amp#27;[0m Executing command 'findElement'
[debug] &amp#27;[38;5;32m[XCUITestDriver@55eb (24b485ec)]&amp#27;[0m Valid locator strategies for this request: xpath, id, name, class name, -ios predicate string, -ios class chain, accessibility id, css selector
[debug] &amp#27;[38;5;32m[XCUITestDriver@55eb (24b485ec)]&amp#27;[0m Waiting up to 0 ms for condition
[debug] &amp#27;[38;5;32m[XCUITestDriver@55eb (24b485ec)]&amp#27;[0m Matched '/element' to command name 'findElement'
[debug] &amp#27;[38;5;32m[XCUITestDriver@55eb (24b485ec)]&amp#27;[0m Proxying [POST /element] to [POST http://127.0.0.1:8100/session/56D70ACD-A8F3-4900-A498-C9E849921D48/element] with body: {"using":"xpath","value":"//XCUIElementTypeStaticText[@name='Products']"}
[debug] &amp#27;[38;5;32m[XCUITestDriver@55eb (24b485ec)]&amp#27;[0m Got response with status 200: {"value":{"ELEMENT":"5B000000-0000-0000-1421-010000000000","element-6066-11e4-a52e-4f735466cecf":"5B000000-0000-0000-1421-010000000000"},"sessionId":"56D70ACD-A8F3-4900-A498-C9E849921D48"}
[debug] &amp#27;[38;5;32m[XCUITestDriver@55eb (24b485ec)]&amp#27;[0m Responding to client with driver.findElement() result: {"element-6066-11e4-a52e-4f735466cecf":"5B000000-0000-0000-1421-010000000000","ELEMENT":"5B000000-0000-0000-1421-010000000000"}
&amp#27;[38;5;0m[HTTP]&amp#27;[0m &amp#27;[37m<-- POST /session/24b485ec-92a7-408e-ba56-78682df800a3/element &amp#27;[39m&amp#27;[32m200&amp#27;[39m &amp#27;[90m3240 ms - 137&amp#27;[39m
&amp#27;[38;5;0m[HTTP]&amp#27;[0m &amp#27;[90m&amp#27;[39m
&amp#27;[38;5;0m[HTTP]&amp#27;[0m &amp#27;[37m-->&amp#27;[39m &amp#27;[37mGET&amp#27;[39m &amp#27;[37m/session/24b485ec-92a7-408e-ba56-78682df800a3/element/5B000000-0000-0000-1421-010000000000/displayed&amp#27;[39m
&amp#27;[38;5;0m[HTTP]&amp#27;[0m &amp#27;[90m{}&amp#27;[39m
&amp#27;[38;5;32m[XCUITestDriver@55eb (24b485ec)]&amp#27;[0m Driver proxy active, passing request on via HTTP proxy
[debug] &amp#27;[38;5;32m[XCUITestDriver@55eb (24b485ec)]&amp#27;[0m Executing command 'proxyReqRes'
[debug] &amp#27;[38;5;32m[XCUITestDriver@55eb (24b485ec)]&amp#27;[0m Matched '/session/24b485ec-92a7-408e-ba56-78682df800a3/element/5B000000-0000-0000-1421-010000000000/displayed' to command name 'elementDisplayed'
[debug] &amp#27;[38;5;32m[XCUITestDriver@55eb (24b485ec)]&amp#27;[0m Proxying [GET /session/24b485ec-92a7-408e-ba56-78682df800a3/element/5B000000-0000-0000-1421-010000000000/displayed] to [GET http://127.0.0.1:8100/session/56D70ACD-A8F3-4900-A498-C9E849921D48/element/5B000000-0000-0000-1421-010000000000/displayed] with no body
[debug] &amp#27;[38;5;32m[XCUITestDriver@55eb (24b485ec)]&amp#27;[0m Got response with status 200: {"value":true,"sessionId":"56D70ACD-A8F3-4900-A498-C9E849921D48"}
&amp#27;[38;5;32m[XCUITestDriver@55eb (24b485ec)]&amp#27;[0m Replacing sessionId 56D70ACD-A8F3-4900-A498-C9E849921D48 with 24b485ec-92a7-408e-ba56-78682df800a3
&amp#27;[38;5;0m[HTTP]&amp#27;[0m &amp#27;[37m<-- GET /session/24b485ec-92a7-408e-ba56-78682df800a3/element/5B000000-0000-0000-1421-010000000000/displayed &amp#27;[39m&amp#27;[32m200&amp#27;[39m &amp#27;[90m170 ms - 65&amp#27;[39m
&amp#27;[38;5;0m[HTTP]&amp#27;[0m &amp#27;[90m&amp#27;[39m
  Given User is on Cataloge page        # StepDefinations.NavigationSteps.user_is_on_cataloge_page()
&amp#27;[38;5;0m[HTTP]&amp#27;[0m &amp#27;[37m-->&amp#27;[39m &amp#27;[37mGET&amp#27;[39m &amp#27;[37m/session/24b485ec-92a7-408e-ba56-78682df800a3/screenshot&amp#27;[39m
&amp#27;[38;5;0m[HTTP]&amp#27;[0m &amp#27;[90m{}&amp#27;[39m
[debug] &amp#27;[38;5;32m[XCUITestDriver@55eb (24b485ec)]&amp#27;[0m Calling AppiumDriver.getScreenshot() with args: ["24b485ec-92a7-408e-ba56-78682df800a3"]
[debug] &amp#27;[38;5;32m[XCUITestDriver@55eb (24b485ec)]&amp#27;[0m Executing command 'getScreenshot'
[debug] &amp#27;[38;5;32m[XCUITestDriver@55eb (24b485ec)]&amp#27;[0m Taking screenshot with WDA
[debug] &amp#27;[38;5;32m[XCUITestDriver@55eb (24b485ec)]&amp#27;[0m Matched '/screenshot' to command name 'getScreenshot'
[debug] &amp#27;[38;5;32m[XCUITestDriver@55eb (24b485ec)]&amp#27;[0m Proxying [GET /screenshot] to [GET http://127.0.0.1:8100/session/56D70ACD-A8F3-4900-A498-C9E849921D48/screenshot] with no body
[debug] &amp#27;[38;5;32m[XCUITestDriver@55eb (24b485ec)]&amp#27;[0m Got response with status 200: {"value":"iVBORw0KGgoAAAANSUhEUgAABJIAAAnkCAYAAABWQUsDAAAAAXNSR0IArs4c6QAAADhlWElmTU0AKgAAAAgAAYdpAAQAAAABAAAAGgAAAAAAAqACAAQAAAABAAAEkqADAAQAAAABAAAJ5AAAAADoPni0AAAAHGlET1QAAAACAAAAAAAABPIAAAAoAAAE8gAABPIADaSoOJE+ZgAAQABJREFUeAHs3Qm8XGd533FT2tDSFpqmIZCwBEIJCWnaBBpIGpImEJKSkEBoQz5sIaFN2hISICl4B1uy5F2WLcmWJduyZVuWd8v7vq+ysbzv8i5Z3mRtd/Z5+/yfO+/4zNwz975n7syde8XvfD7Dla7OPefMd94ZfP73fZ53j8CGAAIIIIAAAggggAACCCCAAAIIIIBAgsAeCfuwCwIIIIAAAggggAACCCCAAAIIIIAAAoEgiUGAAAIIIIAAAggggAACCCCAAAIIIJAkQJCUxMROCCCAAAIIIIAAAggggAACCCCAAAIESYwBBBBAAAEEEEAAAQQQQAABBBBAAIEkAYKkJCZ2QgABBBBAAAEEEEAAAQQQQAABBBAgSGIMIIAAAggggAACCCCAAAIIIIAAAggkCRAkJTGxEwIIIIAAAggggAACCCCAAAIIIIAAQRJjAAEEEEAAAQQQQAABBBBAAAEEEEAgSYAgKYmJnRBAAAEEEEAAAQQQQAABBBBAAAEECJIYAwgggAACCCCAAAIIIIAAAggggAACSQIESUlM7IQAAggggAACCCCAAAIIIIAAAgggQJDEGEAAAQQQQAABBBBAAAEEEEAAAQQQSBIgSEpiYicEEEAAAQQQQAABBBBAAAEEEEAAAYIkxgACCCCAAAIIIIAAAggggAACCCCAQJIAQVISEzshgAACCCCAAAIIIIAAAggggAACCBAkMQYQQAABBBBAAAEEEEAAAQQQQAABBJIECJKSmNgJAQQQQAABBBBAAAEEEEAAAQQQQIAgiTGAAAIIIIAAAgg...
[debug] &amp#27;[38;5;32m[XCUITestDriver@55eb (24b485ec)]&amp#27;[0m Responding to client with driver.getScreenshot() result: "iVBORw0KGgoAAAANSUhEUgAABJIAAAnkCAYAAABWQUsDAAAAAXNSR0IArs4c6QAAADhlWElmTU0AKgAAAAgAAYdpAAQAAAABAAAAGgAAAAAAAqACAAQAAAABAAAEkqADAAQAAAABAAAJ5AAAAADoPni0AAAAHGlET1QAAAACAAAAAAAABPIAAAAoAAAE8gAABPIADaSoOJE+ZgAAQABJREFUeAHs3Qm8XGd533FT2tDSFpqmIZCwBEIJCWnaBBpIGpImEJKSkEBoQz5sIaFN2hISICl4B1uy5F2WLcmWJduyZVuWd8v7vq+ysbzv8i5Z3mRtd/Z5+/yfO+/4zNwz975n7syde8XvfD7Dla7OPefMd94ZfP73fZ53j8CGAAIIIIAAAggggAACCCCAAAIIIIBAgsAeCfuwCwIIIIAAAggggAACCCCAAAIIIIAAAoEgiUGAAAIIIIAAAggggAACCCCAAAIIIJAkQJCUxMROCCCAAAIIIIAAAggggAACCCCAAAIESYwBBBBAAAEEEEAAAQQQQAABBBBAAIEkAYKkJCZ2QgABBBBAAAEEEEAAAQQQQAABBBAgSGIMIIAAAggggAACCCCAAAIIIIAAAggkCRAkJTGxEwIIIIAAAggggAACCCCAAAIIIIAAQRJjAAEEEEAAAQQQQAABBBBAAAEEEEAgSYAgKYmJnRBAAAEEEEAAAQQQQAABBBBAAAEECJIYAwgggAACCCCAAAIIIIAAAggggAACSQIESUlM7IQAAggggAACCCCAAAIIIIAAAgggQJDEGEAAAQQQQAABBBBAAAEEEEAAAQQQSBIgSEpiYicEEEAAAQQQQAABBBBAAAEEEEAAAYIkxgACCCCAAAIIIIAAAggggAACCCCAQJIAQVISEzshgAACCCCAAAIIIIAAAggggAACCBAkMQYQQAABBBBAAAEEEEAAAQQQQAABBJIECJKSmNgJAQQQQAABBBBAAAEEEEAAAQQQQIAgiTGAAAIIIIAAAggggAACCCCA...
&amp#27;[38;5;0m[HTTP]&amp#27;[0m &amp#27;[37m<-- GET /session/24b485ec-92a7-408e-ba56-78682df800a3/screenshot &amp#27;[39m&amp#27;[32m200&amp#27;[39m &amp#27;[90m609 ms - 2231128&amp#27;[39m
&amp#27;[38;5;0m[HTTP]&amp#27;[0m &amp#27;[90m&amp#27;[39m

    Embedding screenshot [image/png 1673336 bytes]

&amp#27;[38;5;0m[HTTP]&amp#27;[0m &amp#27;[37m-->&amp#27;[39m &amp#27;[37mPOST&amp#27;[39m &amp#27;[37m/session/24b485ec-92a7-408e-ba56-78682df800a3/element&amp#27;[39m
&amp#27;[38;5;0m[HTTP]&amp#27;[0m &amp#27;[90m{"using":"xpath","value":"//XCUIElementTypeButton[@name='tab bar option menu']"}&amp#27;[39m
[debug] &amp#27;[38;5;32m[XCUITestDriver@55eb (24b485ec)]&amp#27;[0m Calling AppiumDriver.findElement() with args: ["xpath","//XCUIElementTypeButton[@name='tab bar option menu']","24b485ec-92a7-408e-ba56-78682df800a3"]
[debug] &amp#27;[38;5;32m[XCUITestDriver@55eb (24b485ec)]&amp#27;[0m Executing command 'findElement'
[debug] &amp#27;[38;5;32m[XCUITestDriver@55eb (24b485ec)]&amp#27;[0m Valid locator strategies for this request: xpath, id, name, class name, -ios predicate string, -ios class chain, accessibility id, css selector
[debug] &amp#27;[38;5;32m[XCUITestDriver@55eb (24b485ec)]&amp#27;[0m Waiting up to 0 ms for condition
[debug] &amp#27;[38;5;32m[XCUITestDriver@55eb (24b485ec)]&amp#27;[0m Matched '/element' to command name 'findElement'
[debug] &amp#27;[38;5;32m[XCUITestDriver@55eb (24b485ec)]&amp#27;[0m Proxying [POST /element] to [POST http://127.0.0.1:8100/session/56D70ACD-A8F3-4900-A498-C9E849921D48/element] with body: {"using":"xpath","value":"//XCUIElementTypeButton[@name='tab bar option menu']"}
[debug] &amp#27;[38;5;32m[XCUITestDriver@55eb (24b485ec)]&amp#27;[0m Got response with status 200: {"value":{"ELEMENT":"35000000-0000-0000-1421-010000000000","element-6066-11e4-a52e-4f735466cecf":"35000000-0000-0000-1421-010000000000"},"sessionId":"56D70ACD-A8F3-4900-A498-C9E849921D48"}
[debug] &amp#27;[38;5;32m[XCUITestDriver@55eb (24b485ec)]&amp#27;[0m Responding to client with driver.findElement() result: {"element-6066-11e4-a52e-4f735466cecf":"35000000-0000-0000-1421-010000000000","ELEMENT":"35000000-0000-0000-1421-010000000000"}
&amp#27;[38;5;0m[HTTP]&amp#27;[0m &amp#27;[37m<-- POST /session/24b485ec-92a7-408e-ba56-78682df800a3/element &amp#27;[39m&amp#27;[32m200&amp#27;[39m &amp#27;[90m2825 ms - 137&amp#27;[39m
&amp#27;[38;5;0m[HTTP]&amp#27;[0m &amp#27;[90m&amp#27;[39m
&amp#27;[38;5;0m[HTTP]&amp#27;[0m &amp#27;[37m-->&amp#27;[39m &amp#27;[37mGET&amp#27;[39m &amp#27;[37m/session/24b485ec-92a7-408e-ba56-78682df800a3/element/35000000-0000-0000-1421-010000000000/displayed&amp#27;[39m
&amp#27;[38;5;0m[HTTP]&amp#27;[0m &amp#27;[90m{}&amp#27;[39m
&amp#27;[38;5;32m[XCUITestDriver@55eb (24b485ec)]&amp#27;[0m Driver proxy active, passing request on via HTTP proxy
[debug] &amp#27;[38;5;32m[XCUITestDriver@55eb (24b485ec)]&amp#27;[0m Executing command 'proxyReqRes'
[debug] &amp#27;[38;5;32m[XCUITestDriver@55eb (24b485ec)]&amp#27;[0m Matched '/session/24b485ec-92a7-408e-ba56-78682df800a3/element/35000000-0000-0000-1421-010000000000/displayed' to command name 'elementDisplayed'
[debug] &amp#27;[38;5;32m[XCUITestDriver@55eb (24b485ec)]&amp#27;[0m Proxying [GET /session/24b485ec-92a7-408e-ba56-78682df800a3/element/35000000-0000-0000-1421-010000000000/displayed] to [GET http://127.0.0.1:8100/session/56D70ACD-A8F3-4900-A498-C9E849921D48/element/35000000-0000-0000-1421-010000000000/displayed] with no body
[debug] &amp#27;[38;5;32m[XCUITestDriver@55eb (24b485ec)]&amp#27;[0m Got response with status 200: {"value":true,"sessionId":"56D70ACD-A8F3-4900-A498-C9E849921D48"}
&amp#27;[38;5;32m[XCUITestDriver@55eb (24b485ec)]&amp#27;[0m Replacing sessionId 56D70ACD-A8F3-4900-A498-C9E849921D48 with 24b485ec-92a7-408e-ba56-78682df800a3
&amp#27;[38;5;0m[HTTP]&amp#27;[0m &amp#27;[37m<-- GET /session/24b485ec-92a7-408e-ba56-78682df800a3/element/35000000-0000-0000-1421-010000000000/displayed &amp#27;[39m&amp#27;[32m200&amp#27;[39m &amp#27;[90m190 ms - 65&amp#27;[39m
&amp#27;[38;5;0m[HTTP]&amp#27;[0m &amp#27;[90m&amp#27;[39m
&amp#27;[38;5;0m[HTTP]&amp#27;[0m &amp#27;[37m-->&amp#27;[39m &amp#27;[37mPOST&amp#27;[39m &amp#27;[37m/session/24b485ec-92a7-408e-ba56-78682df800a3/element&amp#27;[39m
&amp#27;[38;5;0m[HTTP]&amp#27;[0m &amp#27;[90m{"using":"xpath","value":"//XCUIElementTypeButton[@name='tab bar option menu']"}&amp#27;[39m
[debug] &amp#27;[38;5;32m[XCUITestDriver@55eb (24b485ec)]&amp#27;[0m Calling AppiumDriver.findElement() with args: ["xpath","//XCUIElementTypeButton[@name='tab bar option menu']","24b485ec-92a7-408e-ba56-78682df800a3"]
[debug] &amp#27;[38;5;32m[XCUITestDriver@55eb (24b485ec)]&amp#27;[0m Executing command 'findElement'
[debug] &amp#27;[38;5;32m[XCUITestDriver@55eb (24b485ec)]&amp#27;[0m Valid locator strategies for this request: xpath, id, name, class name, -ios predicate string, -ios class chain, accessibility id, css selector
[debug] &amp#27;[38;5;32m[XCUITestDriver@55eb (24b485ec)]&amp#27;[0m Waiting up to 0 ms for condition
[debug] &amp#27;[38;5;32m[XCUITestDriver@55eb (24b485ec)]&amp#27;[0m Matched '/element' to command name 'findElement'
[debug] &amp#27;[38;5;32m[XCUITestDriver@55eb (24b485ec)]&amp#27;[0m Proxying [POST /element] to [POST http://127.0.0.1:8100/session/56D70ACD-A8F3-4900-A498-C9E849921D48/element] with body: {"using":"xpath","value":"//XCUIElementTypeButton[@name='tab bar option menu']"}
[debug] &amp#27;[38;5;32m[XCUITestDriver@55eb (24b485ec)]&amp#27;[0m Got response with status 200: {"value":{"ELEMENT":"35000000-0000-0000-1421-010000000000","element-6066-11e4-a52e-4f735466cecf":"35000000-0000-0000-1421-010000000000"},"sessionId":"56D70ACD-A8F3-4900-A498-C9E849921D48"}
[debug] &amp#27;[38;5;32m[XCUITestDriver@55eb (24b485ec)]&amp#27;[0m Responding to client with driver.findElement() result: {"element-6066-11e4-a52e-4f735466cecf":"35000000-0000-0000-1421-010000000000","ELEMENT":"35000000-0000-0000-1421-010000000000"}
&amp#27;[38;5;0m[HTTP]&amp#27;[0m &amp#27;[37m<-- POST /session/24b485ec-92a7-408e-ba56-78682df800a3/element &amp#27;[39m&amp#27;[32m200&amp#27;[39m &amp#27;[90m2698 ms - 137&amp#27;[39m
&amp#27;[38;5;0m[HTTP]&amp#27;[0m &amp#27;[90m&amp#27;[39m
&amp#27;[38;5;0m[HTTP]&amp#27;[0m &amp#27;[37m-->&amp#27;[39m &amp#27;[37mGET&amp#27;[39m &amp#27;[37m/session/24b485ec-92a7-408e-ba56-78682df800a3/element/35000000-0000-0000-1421-010000000000/rect&amp#27;[39m
&amp#27;[38;5;0m[HTTP]&amp#27;[0m &amp#27;[90m{}&amp#27;[39m
&amp#27;[38;5;32m[XCUITestDriver@55eb (24b485ec)]&amp#27;[0m Driver proxy active, passing request on via HTTP proxy
[debug] &amp#27;[38;5;32m[XCUITestDriver@55eb (24b485ec)]&amp#27;[0m Executing command 'proxyReqRes'
[debug] &amp#27;[38;5;32m[XCUITestDriver@55eb (24b485ec)]&amp#27;[0m Matched '/session/24b485ec-92a7-408e-ba56-78682df800a3/element/35000000-0000-0000-1421-010000000000/rect' to command name 'getElementRect'
[debug] &amp#27;[38;5;32m[XCUITestDriver@55eb (24b485ec)]&amp#27;[0m Proxying [GET /session/24b485ec-92a7-408e-ba56-78682df800a3/element/35000000-0000-0000-1421-010000000000/rect] to [GET http://127.0.0.1:8100/session/56D70ACD-A8F3-4900-A498-C9E849921D48/element/35000000-0000-0000-1421-010000000000/rect] with no body
[debug] &amp#27;[38;5;32m[XCUITestDriver@55eb (24b485ec)]&amp#27;[0m Got response with status 200: {"value":{"y":765,"x":260,"width":130,"height":50},"sessionId":"56D70ACD-A8F3-4900-A498-C9E849921D48"}
&amp#27;[38;5;32m[XCUITestDriver@55eb (24b485ec)]&amp#27;[0m Replacing sessionId 56D70ACD-A8F3-4900-A498-C9E849921D48 with 24b485ec-92a7-408e-ba56-78682df800a3
&amp#27;[38;5;0m[HTTP]&amp#27;[0m &amp#27;[37m<-- GET /session/24b485ec-92a7-408e-ba56-78682df800a3/element/35000000-0000-0000-1421-010000000000/rect &amp#27;[39m&amp#27;[32m200&amp#27;[39m &amp#27;[90m203 ms - 102&amp#27;[39m
&amp#27;[38;5;0m[HTTP]&amp#27;[0m &amp#27;[90m&amp#27;[39m
&amp#27;[38;5;0m[HTTP]&amp#27;[0m &amp#27;[37m-->&amp#27;[39m &amp#27;[37mGET&amp#27;[39m &amp#27;[37m/session/24b485ec-92a7-408e-ba56-78682df800a3/element/35000000-0000-0000-1421-010000000000/rect&amp#27;[39m
&amp#27;[38;5;0m[HTTP]&amp#27;[0m &amp#27;[90m{}&amp#27;[39m
&amp#27;[38;5;32m[XCUITestDriver@55eb (24b485ec)]&amp#27;[0m Driver proxy active, passing request on via HTTP proxy
[debug] &amp#27;[38;5;32m[XCUITestDriver@55eb (24b485ec)]&amp#27;[0m Executing command 'proxyReqRes'
[debug] &amp#27;[38;5;32m[XCUITestDriver@55eb (24b485ec)]&amp#27;[0m Matched '/session/24b485ec-92a7-408e-ba56-78682df800a3/element/35000000-0000-0000-1421-010000000000/rect' to command name 'getElementRect'
[debug] &amp#27;[38;5;32m[XCUITestDriver@55eb (24b485ec)]&amp#27;[0m Proxying [GET /session/24b485ec-92a7-408e-ba56-78682df800a3/element/35000000-0000-0000-1421-010000000000/rect] to [GET http://127.0.0.1:8100/session/56D70ACD-A8F3-4900-A498-C9E849921D48/element/35000000-0000-0000-1421-010000000000/rect] with no body
[debug] &amp#27;[38;5;32m[XCUITestDriver@55eb (24b485ec)]&amp#27;[0m Got response with status 200: {"value":{"y":765,"x":260,"width":130,"height":50},"sessionId":"56D70ACD-A8F3-4900-A498-C9E849921D48"}
&amp#27;[38;5;32m[XCUITestDriver@55eb (24b485ec)]&amp#27;[0m Replacing sessionId 56D70ACD-A8F3-4900-A498-C9E849921D48 with 24b485ec-92a7-408e-ba56-78682df800a3
&amp#27;[38;5;0m[HTTP]&amp#27;[0m &amp#27;[37m<-- GET /session/24b485ec-92a7-408e-ba56-78682df800a3/element/35000000-0000-0000-1421-010000000000/rect &amp#27;[39m&amp#27;[32m200&amp#27;[39m &amp#27;[90m180 ms - 102&amp#27;[39m
&amp#27;[38;5;0m[HTTP]&amp#27;[0m &amp#27;[90m&amp#27;[39m
&amp#27;[38;5;0m[HTTP]&amp#27;[0m &amp#27;[37m-->&amp#27;[39m &amp#27;[37mPOST&amp#27;[39m &amp#27;[37m/session/24b485ec-92a7-408e-ba56-78682df800a3/actions&amp#27;[39m
&amp#27;[38;5;0m[HTTP]&amp#27;[0m &amp#27;[90m{"actions":[{"id":"finger1","type":"pointer","parameters":{"pointerType":"touch"},"actions":[{"duration":0,"type":"pause"},{"duration":0,"x":325,"y":790,"type":"pointerMove","origin":"viewport"},{"button":0,"type":"pointerDown"},{"duration":200,"type":"pause"},{"button":0,"type":"pointerUp"}]}]}&amp#27;[39m
[debug] &amp#27;[38;5;32m[XCUITestDriver@55eb (24b485ec)]&amp#27;[0m Calling AppiumDriver.performActions() with args: [[{"id":"finger1","type":"pointer","parameters":{"pointerType":"touch"},"actions":[{"duration":0,"type":"pause"},{"duration":0,"x":325,"y":790,"type":"pointerMove","origin":"viewport"},{"button":0,"type":"pointerDown"},{"duration":200,"type":"pause"},{"button":0,"type":"pointerUp"}]}],"24b485ec-92a7-408e-ba56-78682df800a3"]
[debug] &amp#27;[38;5;32m[XCUITestDriver@55eb (24b485ec)]&amp#27;[0m Executing command 'performActions'
[debug] &amp#27;[38;5;32m[XCUITestDriver@55eb (24b485ec)]&amp#27;[0m Received the following W3C actions: [
[debug] &amp#27;[38;5;32m[XCUITestDriver@55eb (24b485ec)]&amp#27;[0m   {
[debug] &amp#27;[38;5;32m[XCUITestDriver@55eb (24b485ec)]&amp#27;[0m     "id": "finger1",
[debug] &amp#27;[38;5;32m[XCUITestDriver@55eb (24b485ec)]&amp#27;[0m     "type": "pointer",
[debug] &amp#27;[38;5;32m[XCUITestDriver@55eb (24b485ec)]&amp#27;[0m     "parameters": {
[debug] &amp#27;[38;5;32m[XCUITestDriver@55eb (24b485ec)]&amp#27;[0m       "pointerType": "touch"
[debug] &amp#27;[38;5;32m[XCUITestDriver@55eb (24b485ec)]&amp#27;[0m     },
[debug] &amp#27;[38;5;32m[XCUITestDriver@55eb (24b485ec)]&amp#27;[0m     "actions": [
[debug] &amp#27;[38;5;32m[XCUITestDriver@55eb (24b485ec)]&amp#27;[0m       {
[debug] &amp#27;[38;5;32m[XCUITestDriver@55eb (24b485ec)]&amp#27;[0m         "duration": 0,
[debug] &amp#27;[38;5;32m[XCUITestDriver@55eb (24b485ec)]&amp#27;[0m         "type": "pause"
[debug] &amp#27;[38;5;32m[XCUITestDriver@55eb (24b485ec)]&amp#27;[0m       },
[debug] &amp#27;[38;5;32m[XCUITestDriver@55eb (24b485ec)]&amp#27;[0m       {
[debug] &amp#27;[38;5;32m[XCUITestDriver@55eb (24b485ec)]&amp#27;[0m         "duration": 0,
[debug] &amp#27;[38;5;32m[XCUITestDriver@55eb (24b485ec)]&amp#27;[0m         "x": 325,
[debug] &amp#27;[38;5;32m[XCUITestDriver@55eb (24b485ec)]&amp#27;[0m         "y": 790,
[debug] &amp#27;[38;5;32m[XCUITestDriver@55eb (24b485ec)]&amp#27;[0m         "type": "pointerMove",
[debug] &amp#27;[38;5;32m[XCUITestDriver@55eb (24b485ec)]&amp#27;[0m         "origin": "viewport"
[debug] &amp#27;[38;5;32m[XCUITestDriver@55eb (24b485ec)]&amp#27;[0m       },
[debug] &amp#27;[38;5;32m[XCUITestDriver@55eb (24b485ec)]&amp#27;[0m       {
[debug] &amp#27;[38;5;32m[XCUITestDriver@55eb (24b485ec)]&amp#27;[0m         "button": 0,
[debug] &amp#27;[38;5;32m[XCUITestDriver@55eb (24b485ec)]&amp#27;[0m         "type": "pointerDown"
[debug] &amp#27;[38;5;32m[XCUITestDriver@55eb (24b485ec)]&amp#27;[0m       },
[debug] &amp#27;[38;5;32m[XCUITestDriver@55eb (24b485ec)]&amp#27;[0m       {
[debug] &amp#27;[38;5;32m[XCUITestDriver@55eb (24b485ec)]&amp#27;[0m         "duration": 200,
[debug] &amp#27;[38;5;32m[XCUITestDriver@55eb (24b485ec)]&amp#27;[0m         "type": "pause"
[debug] &amp#27;[38;5;32m[XCUITestDriver@55eb (24b485ec)]&amp#27;[0m       },
[debug] &amp#27;[38;5;32m[XCUITestDriver@55eb (24b485ec)]&amp#27;[0m       {
[debug] &amp#27;[38;5;32m[XCUITestDriver@55eb (24b485ec)]&amp#27;[0m         "button": 0,
[debug] &amp#27;[38;5;32m[XCUITestDriver@55eb (24b485ec)]&amp#27;[0m         "type": "pointerUp"
[debug] &amp#27;[38;5;32m[XCUITestDriver@55eb (24b485ec)]&amp#27;[0m       }
[debug] &amp#27;[38;5;32m[XCUITestDriver@55eb (24b485ec)]&amp#27;[0m     ]
[debug] &amp#27;[38;5;32m[XCUITestDriver@55eb (24b485ec)]&amp#27;[0m   }
[debug] &amp#27;[38;5;32m[XCUITestDriver@55eb (24b485ec)]&amp#27;[0m ]
[debug] &amp#27;[38;5;32m[XCUITestDriver@55eb (24b485ec)]&amp#27;[0m Preprocessed actions: [
[debug] &amp#27;[38;5;32m[XCUITestDriver@55eb (24b485ec)]&amp#27;[0m   {
[debug] &amp#27;[38;5;32m[XCUITestDriver@55eb (24b485ec)]&amp#27;[0m     "id": "finger1",
[debug] &amp#27;[38;5;32m[XCUITestDriver@55eb (24b485ec)]&amp#27;[0m     "type": "pointer",
[debug] &amp#27;[38;5;32m[XCUITestDriver@55eb (24b485ec)]&amp#27;[0m     "parameters": {
[debug] &amp#27;[38;5;32m[XCUITestDriver@55eb (24b485ec)]&amp#27;[0m       "pointerType": "touch"
[debug] &amp#27;[38;5;32m[XCUITestDriver@55eb (24b485ec)]&amp#27;[0m     },
[debug] &amp#27;[38;5;32m[XCUITestDriver@55eb (24b485ec)]&amp#27;[0m     "actions": [
[debug] &amp#27;[38;5;32m[XCUITestDriver@55eb (24b485ec)]&amp#27;[0m       {
[debug] &amp#27;[38;5;32m[XCUITestDriver@55eb (24b485ec)]&amp#27;[0m         "duration": 0,
[debug] &amp#27;[38;5;32m[XCUITestDriver@55eb (24b485ec)]&amp#27;[0m         "x": 325,
[debug] &amp#27;[38;5;32m[XCUITestDriver@55eb (24b485ec)]&amp#27;[0m         "y": 790,
[debug] &amp#27;[38;5;32m[XCUITestDriver@55eb (24b485ec)]&amp#27;[0m         "type": "pointerMove",
[debug] &amp#27;[38;5;32m[XCUITestDriver@55eb (24b485ec)]&amp#27;[0m         "origin": "viewport"
[debug] &amp#27;[38;5;32m[XCUITestDriver@55eb (24b485ec)]&amp#27;[0m       },
[debug] &amp#27;[38;5;32m[XCUITestDriver@55eb (24b485ec)]&amp#27;[0m       {
[debug] &amp#27;[38;5;32m[XCUITestDriver@55eb (24b485ec)]&amp#27;[0m         "button": 0,
[debug] &amp#27;[38;5;32m[XCUITestDriver@55eb (24b485ec)]&amp#27;[0m         "type": "pointerDown"
[debug] &amp#27;[38;5;32m[XCUITestDriver@55eb (24b485ec)]&amp#27;[0m       },
[debug] &amp#27;[38;5;32m[XCUITestDriver@55eb (24b485ec)]&amp#27;[0m       {
[debug] &amp#27;[38;5;32m[XCUITestDriver@55eb (24b485ec)]&amp#27;[0m         "duration": 200,
[debug] &amp#27;[38;5;32m[XCUITestDriver@55eb (24b485ec)]&amp#27;[0m         "type": "pause"
[debug] &amp#27;[38;5;32m[XCUITestDriver@55eb (24b485ec)]&amp#27;[0m       },
[debug] &amp#27;[38;5;32m[XCUITestDriver@55eb (24b485ec)]&amp#27;[0m       {
[debug] &amp#27;[38;5;32m[XCUITestDriver@55eb (24b485ec)]&amp#27;[0m         "button": 0,
[debug] &amp#27;[38;5;32m[XCUITestDriver@55eb (24b485ec)]&amp#27;[0m         "type": "pointerUp"
[debug] &amp#27;[38;5;32m[XCUITestDriver@55eb (24b485ec)]&amp#27;[0m       }
[debug] &amp#27;[38;5;32m[XCUITestDriver@55eb (24b485ec)]&amp#27;[0m     ]
[debug] &amp#27;[38;5;32m[XCUITestDriver@55eb (24b485ec)]&amp#27;[0m   }
[debug] &amp#27;[38;5;32m[XCUITestDriver@55eb (24b485ec)]&amp#27;[0m ]
[debug] &amp#27;[38;5;32m[XCUITestDriver@55eb (24b485ec)]&amp#27;[0m Matched '/actions' to command name 'performActions'
[debug] &amp#27;[38;5;32m[XCUITestDriver@55eb (24b485ec)]&amp#27;[0m Proxying [POST /actions] to [POST http://127.0.0.1:8100/session/56D70ACD-A8F3-4900-A498-C9E849921D48/actions] with body: {"actions":[{"id":"finger1","type":"pointer","parameters":{"pointerType":"touch"},"actions":[{"duration":0,"x":325,"y":790,"type":"pointerMove","origin":"viewport"},{"button":0,"type":"pointerDown"},{"duration":200,"type":"pause"},{"button":0,"type":"pointerUp"}]}]}
[debug] &amp#27;[38;5;32m[XCUITestDriver@55eb (24b485ec)]&amp#27;[0m Got response with status 200: {"value":null,"sessionId":"56D70ACD-A8F3-4900-A498-C9E849921D48"}
[debug] &amp#27;[38;5;32m[XCUITestDriver@55eb (24b485ec)]&amp#27;[0m Responding to client with driver.performActions() result: null
&amp#27;[38;5;0m[HTTP]&amp#27;[0m &amp#27;[37m<-- POST /session/24b485ec-92a7-408e-ba56-78682df800a3/actions &amp#27;[39m&amp#27;[32m200&amp#27;[39m &amp#27;[90m924 ms - 14&amp#27;[39m
&amp#27;[38;5;0m[HTTP]&amp#27;[0m &amp#27;[90m&amp#27;[39m
  When user clicks on Menu button       # StepDefinations.LoginSteps.user_clicks_on_menu_button()
&amp#27;[38;5;0m[HTTP]&amp#27;[0m &amp#27;[37m-->&amp#27;[39m &amp#27;[37mGET&amp#27;[39m &amp#27;[37m/session/24b485ec-92a7-408e-ba56-78682df800a3/screenshot&amp#27;[39m
&amp#27;[38;5;0m[HTTP]&amp#27;[0m &amp#27;[90m{}&amp#27;[39m
[debug] &amp#27;[38;5;32m[XCUITestDriver@55eb (24b485ec)]&amp#27;[0m Calling AppiumDriver.getScreenshot() with args: ["24b485ec-92a7-408e-ba56-78682df800a3"]
[debug] &amp#27;[38;5;32m[XCUITestDriver@55eb (24b485ec)]&amp#27;[0m Executing command 'getScreenshot'
[debug] &amp#27;[38;5;32m[XCUITestDriver@55eb (24b485ec)]&amp#27;[0m Taking screenshot with WDA
[debug] &amp#27;[38;5;32m[XCUITestDriver@55eb (24b485ec)]&amp#27;[0m Matched '/screenshot' to command name 'getScreenshot'
[debug] &amp#27;[38;5;32m[XCUITestDriver@55eb (24b485ec)]&amp#27;[0m Proxying [GET /screenshot] to [GET http://127.0.0.1:8100/session/56D70ACD-A8F3-4900-A498-C9E849921D48/screenshot] with no body
[debug] &amp#27;[38;5;32m[XCUITestDriver@55eb (24b485ec)]&amp#27;[0m Got response with status 200: {"value":"iVBORw0KGgoAAAANSUhEUgAABJIAAAnkCAYAAABWQUsDAAAAAXNSR0IArs4c6QAAADhlWElmTU0AKgAAAAgAAYdpAAQAAAABAAAAGgAAAAAAAqACAAQAAAABAAAEkqADAAQAAAABAAAJ5AAAAADoPni0AAAAHGlET1QAAAACAAAAAAAABPIAAAAoAAAE8gAABPIAAVYo+rnHHQAAQABJREFUeAHs3QeYNVV9P3B6E1CKSpOmQGKJWDCAIkUIAtIFQUgiloQkRo2xUdWIFAFbRAXRRBMSkUSixtCbUlQQEPSvKVJEeu/csvf85zeXud532H137n1359299zPPs+zO7rTzOQee53455zdLJBsBAgQIECBAgAABAgQIECBAgACBCgJLVDjGIQQIECBAgAABAgQIECBAgAABAgSSIMkgIECAAAECBAgQIECAAAECBAgQqCQgSKrE5CACBAgQIECAAAECBAgQIECAAAFBkjFAgAABAgQIECBAgAABAgQIECBQSUCQVInJQQQIECBAgAABAgQIECBAgAABAoIkY4AAAQIECBAgQIAAAQIECBAgQKCSgCCpEpODCBAgQIAAAQIECBAgQIAAAQIEBEnGAAECBAgQIECAAAECBAgQIECAQCUBQVIlJgcRIECAAAECBAgQIECAAAECBAgIkowBAgQIECBAgAABAgQIECBAgACBSgKCpEpMDiJAgAABAgQIECBAgAABAgQIEBAkGQMECBAgQIAAAQIECBAgQIAAAQKVBARJlZgcRIAAAQIECBAgQIAAAQIECBAgIEgyBggQIECAAAECBAgQIECAAAECBCoJCJIqMTmIAAECBAgQIECAAAECBAgQIEBAkGQMECBAgAABAgQIECBAgAABAgQIVBIQJFVichABAgQIECBAgAABAgQIECBAgIAgyRggQIAAAQIECBAgQIAAAQIECBCoJCBIqsTkIAIECBAgQIAAAQIECBAgQIAAAUGSMUCAAAECBAgQIECAAAECBAg...
[debug] &amp#27;[38;5;32m[XCUITestDriver@55eb (24b485ec)]&amp#27;[0m Responding to client with driver.getScreenshot() result: "iVBORw0KGgoAAAANSUhEUgAABJIAAAnkCAYAAABWQUsDAAAAAXNSR0IArs4c6QAAADhlWElmTU0AKgAAAAgAAYdpAAQAAAABAAAAGgAAAAAAAqACAAQAAAABAAAEkqADAAQAAAABAAAJ5AAAAADoPni0AAAAHGlET1QAAAACAAAAAAAABPIAAAAoAAAE8gAABPIAAVYo+rnHHQAAQABJREFUeAHs3QeYNVV9P3B6E1CKSpOmQGKJWDCAIkUIAtIFQUgiloQkRo2xUdWIFAFbRAXRRBMSkUSixtCbUlQQEPSvKVJEeu/csvf85zeXud532H137n1359299zPPs+zO7rTzOQee53455zdLJBsBAgQIECBAgAABAgQIECBAgACBCgJLVDjGIQQIECBAgAABAgQIECBAgAABAgSSIMkgIECAAAECBAgQIECAAAECBAgQqCQgSKrE5CACBAgQIECAAAECBAgQIECAAAFBkjFAgAABAgQIECBAgAABAgQIECBQSUCQVInJQQQIECBAgAABAgQIECBAgAABAoIkY4AAAQIECBAgQIAAAQIECBAgQKCSgCCpEpODCBAgQIAAAQIECBAgQIAAAQIEBEnGAAECBAgQIECAAAECBAgQIECAQCUBQVIlJgcRIECAAAECBAgQIECAAAECBAgIkowBAgQIECBAgAABAgQIECBAgACBSgKCpEpMDiJAgAABAgQIECBAgAABAgQIEBAkGQMECBAgQIAAAQIECBAgQIAAAQKVBARJlZgcRIAAAQIECBAgQIAAAQIECBAgIEgyBggQIECAAAECBAgQIECAAAECBCoJCJIqMTmIAAECBAgQIECAAAECBAgQIEBAkGQMECBAgAABAgQIECBAgAABAgQIVBIQJFVichABAgQIECBAgAABAgQIECBAgIAgyRggQIAAAQIECBAgQIAAAQIECBCoJCBIqsTkIAIECBAgQIAAAQIECBAgQIAAAUGSMUCAAAECBAgQIECAAAECBAgQIFBJQJBU...
&amp#27;[38;5;0m[HTTP]&amp#27;[0m &amp#27;[37m<-- GET /session/24b485ec-92a7-408e-ba56-78682df800a3/screenshot &amp#27;[39m&amp#27;[32m200&amp#27;[39m &amp#27;[90m446 ms - 209376&amp#27;[39m
&amp#27;[38;5;0m[HTTP]&amp#27;[0m &amp#27;[90m&amp#27;[39m

    Embedding screenshot [image/png 157021 bytes]

&amp#27;[38;5;0m[HTTP]&amp#27;[0m &amp#27;[37m-->&amp#27;[39m &amp#27;[37mPOST&amp#27;[39m &amp#27;[37m/session/24b485ec-92a7-408e-ba56-78682df800a3/element&amp#27;[39m
&amp#27;[38;5;0m[HTTP]&amp#27;[0m &amp#27;[90m{"using":"xpath","value":"//XCUIElementTypeOther[@name=\"menu item log out\"]"}&amp#27;[39m
[debug] &amp#27;[38;5;32m[XCUITestDriver@55eb (24b485ec)]&amp#27;[0m Calling AppiumDriver.findElement() with args: ["xpath","//XCUIElementTypeOther[@name=\"menu item log out\"]","24b485ec-92a7-408e-ba56-78682df800a3"]
[debug] &amp#27;[38;5;32m[XCUITestDriver@55eb (24b485ec)]&amp#27;[0m Executing command 'findElement'
[debug] &amp#27;[38;5;32m[XCUITestDriver@55eb (24b485ec)]&amp#27;[0m Valid locator strategies for this request: xpath, id, name, class name, -ios predicate string, -ios class chain, accessibility id, css selector
[debug] &amp#27;[38;5;32m[XCUITestDriver@55eb (24b485ec)]&amp#27;[0m Waiting up to 0 ms for condition
[debug] &amp#27;[38;5;32m[XCUITestDriver@55eb (24b485ec)]&amp#27;[0m Matched '/element' to command name 'findElement'
[debug] &amp#27;[38;5;32m[XCUITestDriver@55eb (24b485ec)]&amp#27;[0m Proxying [POST /element] to [POST http://127.0.0.1:8100/session/56D70ACD-A8F3-4900-A498-C9E849921D48/element] with body: {"using":"xpath","value":"//XCUIElementTypeOther[@name=\"menu item log out\"]"}
[debug] &amp#27;[38;5;32m[XCUITestDriver@55eb (24b485ec)]&amp#27;[0m Got response with status 200: {"value":{"ELEMENT":"26000000-0000-0000-1421-010000000000","element-6066-11e4-a52e-4f735466cecf":"26000000-0000-0000-1421-010000000000"},"sessionId":"56D70ACD-A8F3-4900-A498-C9E849921D48"}
[debug] &amp#27;[38;5;32m[XCUITestDriver@55eb (24b485ec)]&amp#27;[0m Responding to client with driver.findElement() result: {"element-6066-11e4-a52e-4f735466cecf":"26000000-0000-0000-1421-010000000000","ELEMENT":"26000000-0000-0000-1421-010000000000"}
&amp#27;[38;5;0m[HTTP]&amp#27;[0m &amp#27;[37m<-- POST /session/24b485ec-92a7-408e-ba56-78682df800a3/element &amp#27;[39m&amp#27;[32m200&amp#27;[39m &amp#27;[90m804 ms - 137&amp#27;[39m
&amp#27;[38;5;0m[HTTP]&amp#27;[0m &amp#27;[90m&amp#27;[39m
&amp#27;[38;5;0m[HTTP]&amp#27;[0m &amp#27;[37m-->&amp#27;[39m &amp#27;[37mGET&amp#27;[39m &amp#27;[37m/session/24b485ec-92a7-408e-ba56-78682df800a3/element/26000000-0000-0000-1421-010000000000/displayed&amp#27;[39m
&amp#27;[38;5;0m[HTTP]&amp#27;[0m &amp#27;[90m{}&amp#27;[39m
&amp#27;[38;5;32m[XCUITestDriver@55eb (24b485ec)]&amp#27;[0m Driver proxy active, passing request on via HTTP proxy
[debug] &amp#27;[38;5;32m[XCUITestDriver@55eb (24b485ec)]&amp#27;[0m Executing command 'proxyReqRes'
[debug] &amp#27;[38;5;32m[XCUITestDriver@55eb (24b485ec)]&amp#27;[0m Matched '/session/24b485ec-92a7-408e-ba56-78682df800a3/element/26000000-0000-0000-1421-010000000000/displayed' to command name 'elementDisplayed'
[debug] &amp#27;[38;5;32m[XCUITestDriver@55eb (24b485ec)]&amp#27;[0m Proxying [GET /session/24b485ec-92a7-408e-ba56-78682df800a3/element/26000000-0000-0000-1421-010000000000/displayed] to [GET http://127.0.0.1:8100/session/56D70ACD-A8F3-4900-A498-C9E849921D48/element/26000000-0000-0000-1421-010000000000/displayed] with no body
[debug] &amp#27;[38;5;32m[XCUITestDriver@55eb (24b485ec)]&amp#27;[0m Got response with status 200: {"value":true,"sessionId":"56D70ACD-A8F3-4900-A498-C9E849921D48"}
&amp#27;[38;5;32m[XCUITestDriver@55eb (24b485ec)]&amp#27;[0m Replacing sessionId 56D70ACD-A8F3-4900-A498-C9E849921D48 with 24b485ec-92a7-408e-ba56-78682df800a3
&amp#27;[38;5;0m[HTTP]&amp#27;[0m &amp#27;[37m<-- GET /session/24b485ec-92a7-408e-ba56-78682df800a3/element/26000000-0000-0000-1421-010000000000/displayed &amp#27;[39m&amp#27;[32m200&amp#27;[39m &amp#27;[90m86 ms - 65&amp#27;[39m
&amp#27;[38;5;0m[HTTP]&amp#27;[0m &amp#27;[90m&amp#27;[39m
&amp#27;[38;5;0m[HTTP]&amp#27;[0m &amp#27;[37m-->&amp#27;[39m &amp#27;[37mPOST&amp#27;[39m &amp#27;[37m/session/24b485ec-92a7-408e-ba56-78682df800a3/element&amp#27;[39m
&amp#27;[38;5;0m[HTTP]&amp#27;[0m &amp#27;[90m{"using":"xpath","value":"//XCUIElementTypeOther[@name=\"menu item log out\"]"}&amp#27;[39m
[debug] &amp#27;[38;5;32m[XCUITestDriver@55eb (24b485ec)]&amp#27;[0m Calling AppiumDriver.findElement() with args: ["xpath","//XCUIElementTypeOther[@name=\"menu item log out\"]","24b485ec-92a7-408e-ba56-78682df800a3"]
[debug] &amp#27;[38;5;32m[XCUITestDriver@55eb (24b485ec)]&amp#27;[0m Executing command 'findElement'
[debug] &amp#27;[38;5;32m[XCUITestDriver@55eb (24b485ec)]&amp#27;[0m Valid locator strategies for this request: xpath, id, name, class name, -ios predicate string, -ios class chain, accessibility id, css selector
[debug] &amp#27;[38;5;32m[XCUITestDriver@55eb (24b485ec)]&amp#27;[0m Waiting up to 0 ms for condition
[debug] &amp#27;[38;5;32m[XCUITestDriver@55eb (24b485ec)]&amp#27;[0m Matched '/element' to command name 'findElement'
[debug] &amp#27;[38;5;32m[XCUITestDriver@55eb (24b485ec)]&amp#27;[0m Proxying [POST /element] to [POST http://127.0.0.1:8100/session/56D70ACD-A8F3-4900-A498-C9E849921D48/element] with body: {"using":"xpath","value":"//XCUIElementTypeOther[@name=\"menu item log out\"]"}
[debug] &amp#27;[38;5;32m[XCUITestDriver@55eb (24b485ec)]&amp#27;[0m Got response with status 200: {"value":{"ELEMENT":"26000000-0000-0000-1421-010000000000","element-6066-11e4-a52e-4f735466cecf":"26000000-0000-0000-1421-010000000000"},"sessionId":"56D70ACD-A8F3-4900-A498-C9E849921D48"}
[debug] &amp#27;[38;5;32m[XCUITestDriver@55eb (24b485ec)]&amp#27;[0m Responding to client with driver.findElement() result: {"element-6066-11e4-a52e-4f735466cecf":"26000000-0000-0000-1421-010000000000","ELEMENT":"26000000-0000-0000-1421-010000000000"}
&amp#27;[38;5;0m[HTTP]&amp#27;[0m &amp#27;[37m<-- POST /session/24b485ec-92a7-408e-ba56-78682df800a3/element &amp#27;[39m&amp#27;[32m200&amp#27;[39m &amp#27;[90m827 ms - 137&amp#27;[39m
&amp#27;[38;5;0m[HTTP]&amp#27;[0m &amp#27;[90m&amp#27;[39m
&amp#27;[38;5;0m[HTTP]&amp#27;[0m &amp#27;[37m-->&amp#27;[39m &amp#27;[37mGET&amp#27;[39m &amp#27;[37m/session/24b485ec-92a7-408e-ba56-78682df800a3/element/26000000-0000-0000-1421-010000000000/displayed&amp#27;[39m
&amp#27;[38;5;0m[HTTP]&amp#27;[0m &amp#27;[90m{}&amp#27;[39m
&amp#27;[38;5;32m[XCUITestDriver@55eb (24b485ec)]&amp#27;[0m Driver proxy active, passing request on via HTTP proxy
[debug] &amp#27;[38;5;32m[XCUITestDriver@55eb (24b485ec)]&amp#27;[0m Executing command 'proxyReqRes'
[debug] &amp#27;[38;5;32m[XCUITestDriver@55eb (24b485ec)]&amp#27;[0m Matched '/session/24b485ec-92a7-408e-ba56-78682df800a3/element/26000000-0000-0000-1421-010000000000/displayed' to command name 'elementDisplayed'
[debug] &amp#27;[38;5;32m[XCUITestDriver@55eb (24b485ec)]&amp#27;[0m Proxying [GET /session/24b485ec-92a7-408e-ba56-78682df800a3/element/26000000-0000-0000-1421-010000000000/displayed] to [GET http://127.0.0.1:8100/session/56D70ACD-A8F3-4900-A498-C9E849921D48/element/26000000-0000-0000-1421-010000000000/displayed] with no body
[debug] &amp#27;[38;5;32m[XCUITestDriver@55eb (24b485ec)]&amp#27;[0m Got response with status 200: {"value":true,"sessionId":"56D70ACD-A8F3-4900-A498-C9E849921D48"}
&amp#27;[38;5;32m[XCUITestDriver@55eb (24b485ec)]&amp#27;[0m Replacing sessionId 56D70ACD-A8F3-4900-A498-C9E849921D48 with 24b485ec-92a7-408e-ba56-78682df800a3
&amp#27;[38;5;0m[HTTP]&amp#27;[0m &amp#27;[37m<-- GET /session/24b485ec-92a7-408e-ba56-78682df800a3/element/26000000-0000-0000-1421-010000000000/displayed &amp#27;[39m&amp#27;[32m200&amp#27;[39m &amp#27;[90m74 ms - 65&amp#27;[39m
&amp#27;[38;5;0m[HTTP]&amp#27;[0m &amp#27;[90m&amp#27;[39m
&amp#27;[38;5;0m[HTTP]&amp#27;[0m &amp#27;[37m-->&amp#27;[39m &amp#27;[37mPOST&amp#27;[39m &amp#27;[37m/session/24b485ec-92a7-408e-ba56-78682df800a3/element&amp#27;[39m
&amp#27;[38;5;0m[HTTP]&amp#27;[0m &amp#27;[90m{"using":"xpath","value":"//XCUIElementTypeOther[@name=\"menu item log out\"]"}&amp#27;[39m
[debug] &amp#27;[38;5;32m[XCUITestDriver@55eb (24b485ec)]&amp#27;[0m Calling AppiumDriver.findElement() with args: ["xpath","//XCUIElementTypeOther[@name=\"menu item log out\"]","24b485ec-92a7-408e-ba56-78682df800a3"]
[debug] &amp#27;[38;5;32m[XCUITestDriver@55eb (24b485ec)]&amp#27;[0m Executing command 'findElement'
[debug] &amp#27;[38;5;32m[XCUITestDriver@55eb (24b485ec)]&amp#27;[0m Valid locator strategies for this request: xpath, id, name, class name, -ios predicate string, -ios class chain, accessibility id, css selector
[debug] &amp#27;[38;5;32m[XCUITestDriver@55eb (24b485ec)]&amp#27;[0m Waiting up to 0 ms for condition
[debug] &amp#27;[38;5;32m[XCUITestDriver@55eb (24b485ec)]&amp#27;[0m Matched '/element' to command name 'findElement'
[debug] &amp#27;[38;5;32m[XCUITestDriver@55eb (24b485ec)]&amp#27;[0m Proxying [POST /element] to [POST http://127.0.0.1:8100/session/56D70ACD-A8F3-4900-A498-C9E849921D48/element] with body: {"using":"xpath","value":"//XCUIElementTypeOther[@name=\"menu item log out\"]"}
[debug] &amp#27;[38;5;32m[XCUITestDriver@55eb (24b485ec)]&amp#27;[0m Got response with status 200: {"value":{"ELEMENT":"26000000-0000-0000-1421-010000000000","element-6066-11e4-a52e-4f735466cecf":"26000000-0000-0000-1421-010000000000"},"sessionId":"56D70ACD-A8F3-4900-A498-C9E849921D48"}
[debug] &amp#27;[38;5;32m[XCUITestDriver@55eb (24b485ec)]&amp#27;[0m Responding to client with driver.findElement() result: {"element-6066-11e4-a52e-4f735466cecf":"26000000-0000-0000-1421-010000000000","ELEMENT":"26000000-0000-0000-1421-010000000000"}
&amp#27;[38;5;0m[HTTP]&amp#27;[0m &amp#27;[37m<-- POST /session/24b485ec-92a7-408e-ba56-78682df800a3/element &amp#27;[39m&amp#27;[32m200&amp#27;[39m &amp#27;[90m767 ms - 137&amp#27;[39m
&amp#27;[38;5;0m[HTTP]&amp#27;[0m &amp#27;[90m&amp#27;[39m
&amp#27;[38;5;0m[HTTP]&amp#27;[0m &amp#27;[37m-->&amp#27;[39m &amp#27;[37mGET&amp#27;[39m &amp#27;[37m/session/24b485ec-92a7-408e-ba56-78682df800a3/element/26000000-0000-0000-1421-010000000000/rect&amp#27;[39m
&amp#27;[38;5;0m[HTTP]&amp#27;[0m &amp#27;[90m{}&amp#27;[39m
&amp#27;[38;5;32m[XCUITestDriver@55eb (24b485ec)]&amp#27;[0m Driver proxy active, passing request on via HTTP proxy
[debug] &amp#27;[38;5;32m[XCUITestDriver@55eb (24b485ec)]&amp#27;[0m Executing command 'proxyReqRes'
[debug] &amp#27;[38;5;32m[XCUITestDriver@55eb (24b485ec)]&amp#27;[0m Matched '/session/24b485ec-92a7-408e-ba56-78682df800a3/element/26000000-0000-0000-1421-010000000000/rect' to command name 'getElementRect'
[debug] &amp#27;[38;5;32m[XCUITestDriver@55eb (24b485ec)]&amp#27;[0m Proxying [GET /session/24b485ec-92a7-408e-ba56-78682df800a3/element/26000000-0000-0000-1421-010000000000/rect] to [GET http://127.0.0.1:8100/session/56D70ACD-A8F3-4900-A498-C9E849921D48/element/26000000-0000-0000-1421-010000000000/rect] with no body
[debug] &amp#27;[38;5;32m[XCUITestDriver@55eb (24b485ec)]&amp#27;[0m Got response with status 200: {"value":{"y":599,"x":16,"width":358,"height":59},"sessionId":"56D70ACD-A8F3-4900-A498-C9E849921D48"}
&amp#27;[38;5;32m[XCUITestDriver@55eb (24b485ec)]&amp#27;[0m Replacing sessionId 56D70ACD-A8F3-4900-A498-C9E849921D48 with 24b485ec-92a7-408e-ba56-78682df800a3
&amp#27;[38;5;0m[HTTP]&amp#27;[0m &amp#27;[37m<-- GET /session/24b485ec-92a7-408e-ba56-78682df800a3/element/26000000-0000-0000-1421-010000000000/rect &amp#27;[39m&amp#27;[32m200&amp#27;[39m &amp#27;[90m78 ms - 101&amp#27;[39m
&amp#27;[38;5;0m[HTTP]&amp#27;[0m &amp#27;[90m&amp#27;[39m
&amp#27;[38;5;0m[HTTP]&amp#27;[0m &amp#27;[37m-->&amp#27;[39m &amp#27;[37mGET&amp#27;[39m &amp#27;[37m/session/24b485ec-92a7-408e-ba56-78682df800a3/element/26000000-0000-0000-1421-010000000000/rect&amp#27;[39m
&amp#27;[38;5;0m[HTTP]&amp#27;[0m &amp#27;[90m{}&amp#27;[39m
&amp#27;[38;5;32m[XCUITestDriver@55eb (24b485ec)]&amp#27;[0m Driver proxy active, passing request on via HTTP proxy
[debug] &amp#27;[38;5;32m[XCUITestDriver@55eb (24b485ec)]&amp#27;[0m Executing command 'proxyReqRes'
[debug] &amp#27;[38;5;32m[XCUITestDriver@55eb (24b485ec)]&amp#27;[0m Matched '/session/24b485ec-92a7-408e-ba56-78682df800a3/element/26000000-0000-0000-1421-010000000000/rect' to command name 'getElementRect'
[debug] &amp#27;[38;5;32m[XCUITestDriver@55eb (24b485ec)]&amp#27;[0m Proxying [GET /session/24b485ec-92a7-408e-ba56-78682df800a3/element/26000000-0000-0000-1421-010000000000/rect] to [GET http://127.0.0.1:8100/session/56D70ACD-A8F3-4900-A498-C9E849921D48/element/26000000-0000-0000-1421-010000000000/rect] with no body
[debug] &amp#27;[38;5;32m[XCUITestDriver@55eb (24b485ec)]&amp#27;[0m Got response with status 200: {"value":{"y":599,"x":16,"width":358,"height":59},"sessionId":"56D70ACD-A8F3-4900-A498-C9E849921D48"}
&amp#27;[38;5;32m[XCUITestDriver@55eb (24b485ec)]&amp#27;[0m Replacing sessionId 56D70ACD-A8F3-4900-A498-C9E849921D48 with 24b485ec-92a7-408e-ba56-78682df800a3
&amp#27;[38;5;0m[HTTP]&amp#27;[0m &amp#27;[37m<-- GET /session/24b485ec-92a7-408e-ba56-78682df800a3/element/26000000-0000-0000-1421-010000000000/rect &amp#27;[39m&amp#27;[32m200&amp#27;[39m &amp#27;[90m76 ms - 101&amp#27;[39m
&amp#27;[38;5;0m[HTTP]&amp#27;[0m &amp#27;[90m&amp#27;[39m
&amp#27;[38;5;0m[HTTP]&amp#27;[0m &amp#27;[37m-->&amp#27;[39m &amp#27;[37mPOST&amp#27;[39m &amp#27;[37m/session/24b485ec-92a7-408e-ba56-78682df800a3/actions&amp#27;[39m
&amp#27;[38;5;0m[HTTP]&amp#27;[0m &amp#27;[90m{"actions":[{"id":"finger1","type":"pointer","parameters":{"pointerType":"touch"},"actions":[{"duration":0,"type":"pause"},{"duration":0,"x":195,"y":628,"type":"pointerMove","origin":"viewport"},{"button":0,"type":"pointerDown"},{"duration":200,"type":"pause"},{"button":0,"type":"pointerUp"}]}]}&amp#27;[39m
[debug] &amp#27;[38;5;32m[XCUITestDriver@55eb (24b485ec)]&amp#27;[0m Calling AppiumDriver.performActions() with args: [[{"id":"finger1","type":"pointer","parameters":{"pointerType":"touch"},"actions":[{"duration":0,"type":"pause"},{"duration":0,"x":195,"y":628,"type":"pointerMove","origin":"viewport"},{"button":0,"type":"pointerDown"},{"duration":200,"type":"pause"},{"button":0,"type":"pointerUp"}]}],"24b485ec-92a7-408e-ba56-78682df800a3"]
[debug] &amp#27;[38;5;32m[XCUITestDriver@55eb (24b485ec)]&amp#27;[0m Executing command 'performActions'
[debug] &amp#27;[38;5;32m[XCUITestDriver@55eb (24b485ec)]&amp#27;[0m Received the following W3C actions: [
[debug] &amp#27;[38;5;32m[XCUITestDriver@55eb (24b485ec)]&amp#27;[0m   {
[debug] &amp#27;[38;5;32m[XCUITestDriver@55eb (24b485ec)]&amp#27;[0m     "id": "finger1",
[debug] &amp#27;[38;5;32m[XCUITestDriver@55eb (24b485ec)]&amp#27;[0m     "type": "pointer",
[debug] &amp#27;[38;5;32m[XCUITestDriver@55eb (24b485ec)]&amp#27;[0m     "parameters": {
[debug] &amp#27;[38;5;32m[XCUITestDriver@55eb (24b485ec)]&amp#27;[0m       "pointerType": "touch"
[debug] &amp#27;[38;5;32m[XCUITestDriver@55eb (24b485ec)]&amp#27;[0m     },
[debug] &amp#27;[38;5;32m[XCUITestDriver@55eb (24b485ec)]&amp#27;[0m     "actions": [
[debug] &amp#27;[38;5;32m[XCUITestDriver@55eb (24b485ec)]&amp#27;[0m       {
[debug] &amp#27;[38;5;32m[XCUITestDriver@55eb (24b485ec)]&amp#27;[0m         "duration": 0,
[debug] &amp#27;[38;5;32m[XCUITestDriver@55eb (24b485ec)]&amp#27;[0m         "type": "pause"
[debug] &amp#27;[38;5;32m[XCUITestDriver@55eb (24b485ec)]&amp#27;[0m       },
[debug] &amp#27;[38;5;32m[XCUITestDriver@55eb (24b485ec)]&amp#27;[0m       {
[debug] &amp#27;[38;5;32m[XCUITestDriver@55eb (24b485ec)]&amp#27;[0m         "duration": 0,
[debug] &amp#27;[38;5;32m[XCUITestDriver@55eb (24b485ec)]&amp#27;[0m         "x": 195,
[debug] &amp#27;[38;5;32m[XCUITestDriver@55eb (24b485ec)]&amp#27;[0m         "y": 628,
[debug] &amp#27;[38;5;32m[XCUITestDriver@55eb (24b485ec)]&amp#27;[0m         "type": "pointerMove",
[debug] &amp#27;[38;5;32m[XCUITestDriver@55eb (24b485ec)]&amp#27;[0m         "origin": "viewport"
[debug] &amp#27;[38;5;32m[XCUITestDriver@55eb (24b485ec)]&amp#27;[0m       },
[debug] &amp#27;[38;5;32m[XCUITestDriver@55eb (24b485ec)]&amp#27;[0m       {
[debug] &amp#27;[38;5;32m[XCUITestDriver@55eb (24b485ec)]&amp#27;[0m         "button": 0,
[debug] &amp#27;[38;5;32m[XCUITestDriver@55eb (24b485ec)]&amp#27;[0m         "type": "pointerDown"
[debug] &amp#27;[38;5;32m[XCUITestDriver@55eb (24b485ec)]&amp#27;[0m       },
[debug] &amp#27;[38;5;32m[XCUITestDriver@55eb (24b485ec)]&amp#27;[0m       {
[debug] &amp#27;[38;5;32m[XCUITestDriver@55eb (24b485ec)]&amp#27;[0m         "duration": 200,
[debug] &amp#27;[38;5;32m[XCUITestDriver@55eb (24b485ec)]&amp#27;[0m         "type": "pause"
[debug] &amp#27;[38;5;32m[XCUITestDriver@55eb (24b485ec)]&amp#27;[0m       },
[debug] &amp#27;[38;5;32m[XCUITestDriver@55eb (24b485ec)]&amp#27;[0m       {
[debug] &amp#27;[38;5;32m[XCUITestDriver@55eb (24b485ec)]&amp#27;[0m         "button": 0,
[debug] &amp#27;[38;5;32m[XCUITestDriver@55eb (24b485ec)]&amp#27;[0m         "type": "pointerUp"
[debug] &amp#27;[38;5;32m[XCUITestDriver@55eb (24b485ec)]&amp#27;[0m       }
[debug] &amp#27;[38;5;32m[XCUITestDriver@55eb (24b485ec)]&amp#27;[0m     ]
[debug] &amp#27;[38;5;32m[XCUITestDriver@55eb (24b485ec)]&amp#27;[0m   }
[debug] &amp#27;[38;5;32m[XCUITestDriver@55eb (24b485ec)]&amp#27;[0m ]
[debug] &amp#27;[38;5;32m[XCUITestDriver@55eb (24b485ec)]&amp#27;[0m Preprocessed actions: [
[debug] &amp#27;[38;5;32m[XCUITestDriver@55eb (24b485ec)]&amp#27;[0m   {
[debug] &amp#27;[38;5;32m[XCUITestDriver@55eb (24b485ec)]&amp#27;[0m     "id": "finger1",
[debug] &amp#27;[38;5;32m[XCUITestDriver@55eb (24b485ec)]&amp#27;[0m     "type": "pointer",
[debug] &amp#27;[38;5;32m[XCUITestDriver@55eb (24b485ec)]&amp#27;[0m     "parameters": {
[debug] &amp#27;[38;5;32m[XCUITestDriver@55eb (24b485ec)]&amp#27;[0m       "pointerType": "touch"
[debug] &amp#27;[38;5;32m[XCUITestDriver@55eb (24b485ec)]&amp#27;[0m     },
[debug] &amp#27;[38;5;32m[XCUITestDriver@55eb (24b485ec)]&amp#27;[0m     "actions": [
[debug] &amp#27;[38;5;32m[XCUITestDriver@55eb (24b485ec)]&amp#27;[0m       {
[debug] &amp#27;[38;5;32m[XCUITestDriver@55eb (24b485ec)]&amp#27;[0m         "duration": 0,
[debug] &amp#27;[38;5;32m[XCUITestDriver@55eb (24b485ec)]&amp#27;[0m         "x": 195,
[debug] &amp#27;[38;5;32m[XCUITestDriver@55eb (24b485ec)]&amp#27;[0m         "y": 628,
[debug] &amp#27;[38;5;32m[XCUITestDriver@55eb (24b485ec)]&amp#27;[0m         "type": "pointerMove",
[debug] &amp#27;[38;5;32m[XCUITestDriver@55eb (24b485ec)]&amp#27;[0m         "origin": "viewport"
[debug] &amp#27;[38;5;32m[XCUITestDriver@55eb (24b485ec)]&amp#27;[0m       },
[debug] &amp#27;[38;5;32m[XCUITestDriver@55eb (24b485ec)]&amp#27;[0m       {
[debug] &amp#27;[38;5;32m[XCUITestDriver@55eb (24b485ec)]&amp#27;[0m         "button": 0,
[debug] &amp#27;[38;5;32m[XCUITestDriver@55eb (24b485ec)]&amp#27;[0m         "type": "pointerDown"
[debug] &amp#27;[38;5;32m[XCUITestDriver@55eb (24b485ec)]&amp#27;[0m       },
[debug] &amp#27;[38;5;32m[XCUITestDriver@55eb (24b485ec)]&amp#27;[0m       {
[debug] &amp#27;[38;5;32m[XCUITestDriver@55eb (24b485ec)]&amp#27;[0m         "duration": 200,
[debug] &amp#27;[38;5;32m[XCUITestDriver@55eb (24b485ec)]&amp#27;[0m         "type": "pause"
[debug] &amp#27;[38;5;32m[XCUITestDriver@55eb (24b485ec)]&amp#27;[0m       },
[debug] &amp#27;[38;5;32m[XCUITestDriver@55eb (24b485ec)]&amp#27;[0m       {
[debug] &amp#27;[38;5;32m[XCUITestDriver@55eb (24b485ec)]&amp#27;[0m         "button": 0,
[debug] &amp#27;[38;5;32m[XCUITestDriver@55eb (24b485ec)]&amp#27;[0m         "type": "pointerUp"
[debug] &amp#27;[38;5;32m[XCUITestDriver@55eb (24b485ec)]&amp#27;[0m       }
[debug] &amp#27;[38;5;32m[XCUITestDriver@55eb (24b485ec)]&amp#27;[0m     ]
[debug] &amp#27;[38;5;32m[XCUITestDriver@55eb (24b485ec)]&amp#27;[0m   }
[debug] &amp#27;[38;5;32m[XCUITestDriver@55eb (24b485ec)]&amp#27;[0m ]
[debug] &amp#27;[38;5;32m[XCUITestDriver@55eb (24b485ec)]&amp#27;[0m Matched '/actions' to command name 'performActions'
[debug] &amp#27;[38;5;32m[XCUITestDriver@55eb (24b485ec)]&amp#27;[0m Proxying [POST /actions] to [POST http://127.0.0.1:8100/session/56D70ACD-A8F3-4900-A498-C9E849921D48/actions] with body: {"actions":[{"id":"finger1","type":"pointer","parameters":{"pointerType":"touch"},"actions":[{"duration":0,"x":195,"y":628,"type":"pointerMove","origin":"viewport"},{"button":0,"type":"pointerDown"},{"duration":200,"type":"pause"},{"button":0,"type":"pointerUp"}]}]}
[debug] &amp#27;[38;5;32m[XCUITestDriver@55eb (24b485ec)]&amp#27;[0m Got response with status 200: {"value":null,"sessionId":"56D70ACD-A8F3-4900-A498-C9E849921D48"}
[debug] &amp#27;[38;5;32m[XCUITestDriver@55eb (24b485ec)]&amp#27;[0m Responding to client with driver.performActions() result: null
&amp#27;[38;5;0m[HTTP]&amp#27;[0m &amp#27;[37m<-- POST /session/24b485ec-92a7-408e-ba56-78682df800a3/actions &amp#27;[39m&amp#27;[32m200&amp#27;[39m &amp#27;[90m1004 ms - 14&amp#27;[39m
&amp#27;[38;5;0m[HTTP]&amp#27;[0m &amp#27;[90m&amp#27;[39m
  And user clicks on Log Out button     # StepDefinations.LoginSteps.user_clicks_on_log_out_button()
&amp#27;[38;5;0m[HTTP]&amp#27;[0m &amp#27;[37m-->&amp#27;[39m &amp#27;[37mGET&amp#27;[39m &amp#27;[37m/session/24b485ec-92a7-408e-ba56-78682df800a3/screenshot&amp#27;[39m
&amp#27;[38;5;0m[HTTP]&amp#27;[0m &amp#27;[90m{}&amp#27;[39m
[debug] &amp#27;[38;5;32m[XCUITestDriver@55eb (24b485ec)]&amp#27;[0m Calling AppiumDriver.getScreenshot() with args: ["24b485ec-92a7-408e-ba56-78682df800a3"]
[debug] &amp#27;[38;5;32m[XCUITestDriver@55eb (24b485ec)]&amp#27;[0m Executing command 'getScreenshot'
[debug] &amp#27;[38;5;32m[XCUITestDriver@55eb (24b485ec)]&amp#27;[0m Taking screenshot with WDA
[debug] &amp#27;[38;5;32m[XCUITestDriver@55eb (24b485ec)]&amp#27;[0m Matched '/screenshot' to command name 'getScreenshot'
[debug] &amp#27;[38;5;32m[XCUITestDriver@55eb (24b485ec)]&amp#27;[0m Proxying [GET /screenshot] to [GET http://127.0.0.1:8100/session/56D70ACD-A8F3-4900-A498-C9E849921D48/screenshot] with no body
[debug] &amp#27;[38;5;32m[XCUITestDriver@55eb (24b485ec)]&amp#27;[0m Got response with status 200: {"value":"iVBORw0KGgoAAAANSUhEUgAABJIAAAnkCAYAAABWQUsDAAAAAXNSR0IArs4c6QAAADhlWElmTU0AKgAAAAgAAYdpAAQAAAABAAAAGgAAAAAAAqACAAQAAAABAAAEkqADAAQAAAABAAAJ5AAAAADoPni0AAAAHGlET1QAAAACAAAAAAAABPIAAAAoAAAE8gAABPIAAniZT57zcgAAQABJREFUeAHs3QmcbFV9J3CWx74psiigYVdRkUX2RcHJE1kUCdG4BFAjJrKJRkdWY4hxdEQIM4KyCiiKBkREZJf1VXV1Z7InE5dkJjEzWTUaNcskOXP/Vdx6t+tVVZ/eqqqrvv359Keqq+qee+8533u776/POXe9mZmZ5FsdMMAAAwwwwAADDDDAAAMMMMAAAwzMZWC9uT7gfYgYYIABBhhggAEGGGCAAQYYYIABBsKAIEmPLD3SGGCAAQYYYIABBhhggAEGGGCAgSwDgiRQsqBIniXPDDDAAAMMMMAAAwwwwAADDDAgSBIkCZIYYIABBhhggAEGGGCAAQYYYICBLAOCJFCyoEidpc4MMMAAAwwwwAADDDDAAAMMMCBIEiQJkhhggAEGGGCAAQYYYIABBhhggIEsA4IkULKgSJ2lzgwwwAADDDDAAAMMMMAAAwwwIEgSJAmSGGCAAQYYYIABBhhggAEGGGCAgSwDgiRQsqBInaXODDDAAAMMMMAAAwwwwAADDDAgSBIkCZIYYIABBhhggAEGGGCAAQYYYICBLAOCJFCyoEidpc4MMMAAAwwwwAADDDDAAAMMMCBIEiQJkhhggAEGGGCAAQYYYIABBhhggIEsA4IkULKgSJ2lzgwwwAADDDDAAAMMMMAAAwwwIEgSJAmSGGCAAQYYYIABBhhggAEGGGCAgSwDgiRQsqBInaXODDDAAAMMMMAAAwwwwAADDDAgSBIkCZIYYIABBhhggAEGGGCAAQYYYICBLAOCJFCyoEidpc4MMMAAAwwwwAADDDDAAAMMMCB...
[debug] &amp#27;[38;5;32m[XCUITestDriver@55eb (24b485ec)]&amp#27;[0m Responding to client with driver.getScreenshot() result: "iVBORw0KGgoAAAANSUhEUgAABJIAAAnkCAYAAABWQUsDAAAAAXNSR0IArs4c6QAAADhlWElmTU0AKgAAAAgAAYdpAAQAAAABAAAAGgAAAAAAAqACAAQAAAABAAAEkqADAAQAAAABAAAJ5AAAAADoPni0AAAAHGlET1QAAAACAAAAAAAABPIAAAAoAAAE8gAABPIAAniZT57zcgAAQABJREFUeAHs3QmcbFV9J3CWx74psiigYVdRkUX2RcHJE1kUCdG4BFAjJrKJRkdWY4hxdEQIM4KyCiiKBkREZJf1VXV1Z7InE5dkJjEzWTUaNcskOXP/Vdx6t+tVVZ/eqqqrvv359Keqq+qee+8533u776/POXe9mZmZ5FsdMMAAAwwwwAADDDDAAAMMMMAAAwzMZWC9uT7gfYgYYIABBhhggAEGGGCAAQYYYIABBsKAIEmPLD3SGGCAAQYYYIABBhhggAEGGGCAgSwDgiRQsqBIniXPDDDAAAMMMMAAAwwwwAADDDAgSBIkCZIYYIABBhhggAEGGGCAAQYYYICBLAOCJFCyoEidpc4MMMAAAwwwwAADDDDAAAMMMCBIEiQJkhhggAEGGGCAAQYYYIABBhhggIEsA4IkULKgSJ2lzgwwwAADDDDAAAMMMMAAAwwwIEgSJAmSGGCAAQYYYIABBhhggAEGGGCAgSwDgiRQsqBInaXODDDAAAMMMMAAAwwwwAADDDAgSBIkCZIYYIABBhhggAEGGGCAAQYYYICBLAOCJFCyoEidpc4MMMAAAwwwwAADDDDAAAMMMCBIEiQJkhhggAEGGGCAAQYYYIABBhhggIEsA4IkULKgSJ2lzgwwwAADDDDAAAMMMMAAAwwwIEgSJAmSGGCAAQYYYIABBhhggAEGGGCAgSwDgiRQsqBInaXODDDAAAMMMMAAAwwwwAADDDAgSBIkCZIYYIABBhhggAEGGGCAAQYYYICBLAOCJFCyoEidpc4MMMAAAwwwwAADDDDAAAMMMCBIEiQJkhhg...
&amp#27;[38;5;0m[HTTP]&amp#27;[0m &amp#27;[37m<-- GET /session/24b485ec-92a7-408e-ba56-78682df800a3/screenshot &amp#27;[39m&amp#27;[32m200&amp#27;[39m &amp#27;[90m347 ms - 447696&amp#27;[39m
&amp#27;[38;5;0m[HTTP]&amp#27;[0m &amp#27;[90m&amp#27;[39m

    Embedding screenshot [image/png 335762 bytes]

&amp#27;[38;5;0m[HTTP]&amp#27;[0m &amp#27;[37m-->&amp#27;[39m &amp#27;[37mPOST&amp#27;[39m &amp#27;[37m/session/24b485ec-92a7-408e-ba56-78682df800a3/element&amp#27;[39m
&amp#27;[38;5;0m[HTTP]&amp#27;[0m &amp#27;[90m{"using":"xpath","value":"//XCUIElementTypeButton[@name=\"Log Out\"]"}&amp#27;[39m
[debug] &amp#27;[38;5;32m[XCUITestDriver@55eb (24b485ec)]&amp#27;[0m Calling AppiumDriver.findElement() with args: ["xpath","//XCUIElementTypeButton[@name=\"Log Out\"]","24b485ec-92a7-408e-ba56-78682df800a3"]
[debug] &amp#27;[38;5;32m[XCUITestDriver@55eb (24b485ec)]&amp#27;[0m Executing command 'findElement'
[debug] &amp#27;[38;5;32m[XCUITestDriver@55eb (24b485ec)]&amp#27;[0m Valid locator strategies for this request: xpath, id, name, class name, -ios predicate string, -ios class chain, accessibility id, css selector
[debug] &amp#27;[38;5;32m[XCUITestDriver@55eb (24b485ec)]&amp#27;[0m Waiting up to 0 ms for condition
[debug] &amp#27;[38;5;32m[XCUITestDriver@55eb (24b485ec)]&amp#27;[0m Matched '/element' to command name 'findElement'
[debug] &amp#27;[38;5;32m[XCUITestDriver@55eb (24b485ec)]&amp#27;[0m Proxying [POST /element] to [POST http://127.0.0.1:8100/session/56D70ACD-A8F3-4900-A498-C9E849921D48/element] with body: {"using":"xpath","value":"//XCUIElementTypeButton[@name=\"Log Out\"]"}
[debug] &amp#27;[38;5;32m[XCUITestDriver@55eb (24b485ec)]&amp#27;[0m Got response with status 200: {"value":{"ELEMENT":"45010000-0000-0000-1421-010000000000","element-6066-11e4-a52e-4f735466cecf":"45010000-0000-0000-1421-010000000000"},"sessionId":"56D70ACD-A8F3-4900-A498-C9E849921D48"}
[debug] &amp#27;[38;5;32m[XCUITestDriver@55eb (24b485ec)]&amp#27;[0m Responding to client with driver.findElement() result: {"element-6066-11e4-a52e-4f735466cecf":"45010000-0000-0000-1421-010000000000","ELEMENT":"45010000-0000-0000-1421-010000000000"}
&amp#27;[38;5;0m[HTTP]&amp#27;[0m &amp#27;[37m<-- POST /session/24b485ec-92a7-408e-ba56-78682df800a3/element &amp#27;[39m&amp#27;[32m200&amp#27;[39m &amp#27;[90m1462 ms - 137&amp#27;[39m
&amp#27;[38;5;0m[HTTP]&amp#27;[0m &amp#27;[90m&amp#27;[39m
&amp#27;[38;5;0m[HTTP]&amp#27;[0m &amp#27;[37m-->&amp#27;[39m &amp#27;[37mGET&amp#27;[39m &amp#27;[37m/session/24b485ec-92a7-408e-ba56-78682df800a3/element/45010000-0000-0000-1421-010000000000/displayed&amp#27;[39m
&amp#27;[38;5;0m[HTTP]&amp#27;[0m &amp#27;[90m{}&amp#27;[39m
&amp#27;[38;5;32m[XCUITestDriver@55eb (24b485ec)]&amp#27;[0m Driver proxy active, passing request on via HTTP proxy
[debug] &amp#27;[38;5;32m[XCUITestDriver@55eb (24b485ec)]&amp#27;[0m Executing command 'proxyReqRes'
[debug] &amp#27;[38;5;32m[XCUITestDriver@55eb (24b485ec)]&amp#27;[0m Matched '/session/24b485ec-92a7-408e-ba56-78682df800a3/element/45010000-0000-0000-1421-010000000000/displayed' to command name 'elementDisplayed'
[debug] &amp#27;[38;5;32m[XCUITestDriver@55eb (24b485ec)]&amp#27;[0m Proxying [GET /session/24b485ec-92a7-408e-ba56-78682df800a3/element/45010000-0000-0000-1421-010000000000/displayed] to [GET http://127.0.0.1:8100/session/56D70ACD-A8F3-4900-A498-C9E849921D48/element/45010000-0000-0000-1421-010000000000/displayed] with no body
[debug] &amp#27;[38;5;32m[XCUITestDriver@55eb (24b485ec)]&amp#27;[0m Got response with status 200: {"value":true,"sessionId":"56D70ACD-A8F3-4900-A498-C9E849921D48"}
&amp#27;[38;5;32m[XCUITestDriver@55eb (24b485ec)]&amp#27;[0m Replacing sessionId 56D70ACD-A8F3-4900-A498-C9E849921D48 with 24b485ec-92a7-408e-ba56-78682df800a3
&amp#27;[38;5;0m[HTTP]&amp#27;[0m &amp#27;[37m<-- GET /session/24b485ec-92a7-408e-ba56-78682df800a3/element/45010000-0000-0000-1421-010000000000/displayed &amp#27;[39m&amp#27;[32m200&amp#27;[39m &amp#27;[90m99 ms - 65&amp#27;[39m
&amp#27;[38;5;0m[HTTP]&amp#27;[0m &amp#27;[90m&amp#27;[39m
&amp#27;[38;5;0m[HTTP]&amp#27;[0m &amp#27;[37m-->&amp#27;[39m &amp#27;[37mPOST&amp#27;[39m &amp#27;[37m/session/24b485ec-92a7-408e-ba56-78682df800a3/element&amp#27;[39m
&amp#27;[38;5;0m[HTTP]&amp#27;[0m &amp#27;[90m{"using":"xpath","value":"//XCUIElementTypeButton[@name=\"Log Out\"]"}&amp#27;[39m
[debug] &amp#27;[38;5;32m[XCUITestDriver@55eb (24b485ec)]&amp#27;[0m Calling AppiumDriver.findElement() with args: ["xpath","//XCUIElementTypeButton[@name=\"Log Out\"]","24b485ec-92a7-408e-ba56-78682df800a3"]
[debug] &amp#27;[38;5;32m[XCUITestDriver@55eb (24b485ec)]&amp#27;[0m Executing command 'findElement'
[debug] &amp#27;[38;5;32m[XCUITestDriver@55eb (24b485ec)]&amp#27;[0m Valid locator strategies for this request: xpath, id, name, class name, -ios predicate string, -ios class chain, accessibility id, css selector
[debug] &amp#27;[38;5;32m[XCUITestDriver@55eb (24b485ec)]&amp#27;[0m Waiting up to 0 ms for condition
[debug] &amp#27;[38;5;32m[XCUITestDriver@55eb (24b485ec)]&amp#27;[0m Matched '/element' to command name 'findElement'
[debug] &amp#27;[38;5;32m[XCUITestDriver@55eb (24b485ec)]&amp#27;[0m Proxying [POST /element] to [POST http://127.0.0.1:8100/session/56D70ACD-A8F3-4900-A498-C9E849921D48/element] with body: {"using":"xpath","value":"//XCUIElementTypeButton[@name=\"Log Out\"]"}
[debug] &amp#27;[38;5;32m[XCUITestDriver@55eb (24b485ec)]&amp#27;[0m Got response with status 200: {"value":{"ELEMENT":"45010000-0000-0000-1421-010000000000","element-6066-11e4-a52e-4f735466cecf":"45010000-0000-0000-1421-010000000000"},"sessionId":"56D70ACD-A8F3-4900-A498-C9E849921D48"}
[debug] &amp#27;[38;5;32m[XCUITestDriver@55eb (24b485ec)]&amp#27;[0m Responding to client with driver.findElement() result: {"element-6066-11e4-a52e-4f735466cecf":"45010000-0000-0000-1421-010000000000","ELEMENT":"45010000-0000-0000-1421-010000000000"}
&amp#27;[38;5;0m[HTTP]&amp#27;[0m &amp#27;[37m<-- POST /session/24b485ec-92a7-408e-ba56-78682df800a3/element &amp#27;[39m&amp#27;[32m200&amp#27;[39m &amp#27;[90m1318 ms - 137&amp#27;[39m
&amp#27;[38;5;0m[HTTP]&amp#27;[0m &amp#27;[90m&amp#27;[39m
&amp#27;[38;5;0m[HTTP]&amp#27;[0m &amp#27;[37m-->&amp#27;[39m &amp#27;[37mGET&amp#27;[39m &amp#27;[37m/session/24b485ec-92a7-408e-ba56-78682df800a3/element/45010000-0000-0000-1421-010000000000/rect&amp#27;[39m
&amp#27;[38;5;0m[HTTP]&amp#27;[0m &amp#27;[90m{}&amp#27;[39m
&amp#27;[38;5;32m[XCUITestDriver@55eb (24b485ec)]&amp#27;[0m Driver proxy active, passing request on via HTTP proxy
[debug] &amp#27;[38;5;32m[XCUITestDriver@55eb (24b485ec)]&amp#27;[0m Executing command 'proxyReqRes'
[debug] &amp#27;[38;5;32m[XCUITestDriver@55eb (24b485ec)]&amp#27;[0m Matched '/session/24b485ec-92a7-408e-ba56-78682df800a3/element/45010000-0000-0000-1421-010000000000/rect' to command name 'getElementRect'
[debug] &amp#27;[38;5;32m[XCUITestDriver@55eb (24b485ec)]&amp#27;[0m Proxying [GET /session/24b485ec-92a7-408e-ba56-78682df800a3/element/45010000-0000-0000-1421-010000000000/rect] to [GET http://127.0.0.1:8100/session/56D70ACD-A8F3-4900-A498-C9E849921D48/element/45010000-0000-0000-1421-010000000000/rect] with no body
[debug] &amp#27;[38;5;32m[XCUITestDriver@55eb (24b485ec)]&amp#27;[0m Got response with status 200: {"value":{"y":454,"x":195,"width":135,"height":45},"sessionId":"56D70ACD-A8F3-4900-A498-C9E849921D48"}
&amp#27;[38;5;32m[XCUITestDriver@55eb (24b485ec)]&amp#27;[0m Replacing sessionId 56D70ACD-A8F3-4900-A498-C9E849921D48 with 24b485ec-92a7-408e-ba56-78682df800a3
&amp#27;[38;5;0m[HTTP]&amp#27;[0m &amp#27;[37m<-- GET /session/24b485ec-92a7-408e-ba56-78682df800a3/element/45010000-0000-0000-1421-010000000000/rect &amp#27;[39m&amp#27;[32m200&amp#27;[39m &amp#27;[90m102 ms - 102&amp#27;[39m
&amp#27;[38;5;0m[HTTP]&amp#27;[0m &amp#27;[90m&amp#27;[39m
&amp#27;[38;5;0m[HTTP]&amp#27;[0m &amp#27;[37m-->&amp#27;[39m &amp#27;[37mGET&amp#27;[39m &amp#27;[37m/session/24b485ec-92a7-408e-ba56-78682df800a3/element/45010000-0000-0000-1421-010000000000/rect&amp#27;[39m
&amp#27;[38;5;0m[HTTP]&amp#27;[0m &amp#27;[90m{}&amp#27;[39m
&amp#27;[38;5;32m[XCUITestDriver@55eb (24b485ec)]&amp#27;[0m Driver proxy active, passing request on via HTTP proxy
[debug] &amp#27;[38;5;32m[XCUITestDriver@55eb (24b485ec)]&amp#27;[0m Executing command 'proxyReqRes'
[debug] &amp#27;[38;5;32m[XCUITestDriver@55eb (24b485ec)]&amp#27;[0m Matched '/session/24b485ec-92a7-408e-ba56-78682df800a3/element/45010000-0000-0000-1421-010000000000/rect' to command name 'getElementRect'
[debug] &amp#27;[38;5;32m[XCUITestDriver@55eb (24b485ec)]&amp#27;[0m Proxying [GET /session/24b485ec-92a7-408e-ba56-78682df800a3/element/45010000-0000-0000-1421-010000000000/rect] to [GET http://127.0.0.1:8100/session/56D70ACD-A8F3-4900-A498-C9E849921D48/element/45010000-0000-0000-1421-010000000000/rect] with no body
[debug] &amp#27;[38;5;32m[XCUITestDriver@55eb (24b485ec)]&amp#27;[0m Got response with status 200: {"value":{"y":454,"x":195,"width":135,"height":45},"sessionId":"56D70ACD-A8F3-4900-A498-C9E849921D48"}
&amp#27;[38;5;32m[XCUITestDriver@55eb (24b485ec)]&amp#27;[0m Replacing sessionId 56D70ACD-A8F3-4900-A498-C9E849921D48 with 24b485ec-92a7-408e-ba56-78682df800a3
&amp#27;[38;5;0m[HTTP]&amp#27;[0m &amp#27;[37m<-- GET /session/24b485ec-92a7-408e-ba56-78682df800a3/element/45010000-0000-0000-1421-010000000000/rect &amp#27;[39m&amp#27;[32m200&amp#27;[39m &amp#27;[90m105 ms - 102&amp#27;[39m
&amp#27;[38;5;0m[HTTP]&amp#27;[0m &amp#27;[90m&amp#27;[39m
&amp#27;[38;5;0m[HTTP]&amp#27;[0m &amp#27;[37m-->&amp#27;[39m &amp#27;[37mPOST&amp#27;[39m &amp#27;[37m/session/24b485ec-92a7-408e-ba56-78682df800a3/actions&amp#27;[39m
&amp#27;[38;5;0m[HTTP]&amp#27;[0m &amp#27;[90m{"actions":[{"id":"finger1","type":"pointer","parameters":{"pointerType":"touch"},"actions":[{"duration":0,"type":"pause"},{"duration":0,"x":262,"y":476,"type":"pointerMove","origin":"viewport"},{"button":0,"type":"pointerDown"},{"duration":200,"type":"pause"},{"button":0,"type":"pointerUp"}]}]}&amp#27;[39m
[debug] &amp#27;[38;5;32m[XCUITestDriver@55eb (24b485ec)]&amp#27;[0m Calling AppiumDriver.performActions() with args: [[{"id":"finger1","type":"pointer","parameters":{"pointerType":"touch"},"actions":[{"duration":0,"type":"pause"},{"duration":0,"x":262,"y":476,"type":"pointerMove","origin":"viewport"},{"button":0,"type":"pointerDown"},{"duration":200,"type":"pause"},{"button":0,"type":"pointerUp"}]}],"24b485ec-92a7-408e-ba56-78682df800a3"]
[debug] &amp#27;[38;5;32m[XCUITestDriver@55eb (24b485ec)]&amp#27;[0m Executing command 'performActions'
[debug] &amp#27;[38;5;32m[XCUITestDriver@55eb (24b485ec)]&amp#27;[0m Received the following W3C actions: [
[debug] &amp#27;[38;5;32m[XCUITestDriver@55eb (24b485ec)]&amp#27;[0m   {
[debug] &amp#27;[38;5;32m[XCUITestDriver@55eb (24b485ec)]&amp#27;[0m     "id": "finger1",
[debug] &amp#27;[38;5;32m[XCUITestDriver@55eb (24b485ec)]&amp#27;[0m     "type": "pointer",
[debug] &amp#27;[38;5;32m[XCUITestDriver@55eb (24b485ec)]&amp#27;[0m     "parameters": {
[debug] &amp#27;[38;5;32m[XCUITestDriver@55eb (24b485ec)]&amp#27;[0m       "pointerType": "touch"
[debug] &amp#27;[38;5;32m[XCUITestDriver@55eb (24b485ec)]&amp#27;[0m     },
[debug] &amp#27;[38;5;32m[XCUITestDriver@55eb (24b485ec)]&amp#27;[0m     "actions": [
[debug] &amp#27;[38;5;32m[XCUITestDriver@55eb (24b485ec)]&amp#27;[0m       {
[debug] &amp#27;[38;5;32m[XCUITestDriver@55eb (24b485ec)]&amp#27;[0m         "duration": 0,
[debug] &amp#27;[38;5;32m[XCUITestDriver@55eb (24b485ec)]&amp#27;[0m         "type": "pause"
[debug] &amp#27;[38;5;32m[XCUITestDriver@55eb (24b485ec)]&amp#27;[0m       },
[debug] &amp#27;[38;5;32m[XCUITestDriver@55eb (24b485ec)]&amp#27;[0m       {
[debug] &amp#27;[38;5;32m[XCUITestDriver@55eb (24b485ec)]&amp#27;[0m         "duration": 0,
[debug] &amp#27;[38;5;32m[XCUITestDriver@55eb (24b485ec)]&amp#27;[0m         "x": 262,
[debug] &amp#27;[38;5;32m[XCUITestDriver@55eb (24b485ec)]&amp#27;[0m         "y": 476,
[debug] &amp#27;[38;5;32m[XCUITestDriver@55eb (24b485ec)]&amp#27;[0m         "type": "pointerMove",
[debug] &amp#27;[38;5;32m[XCUITestDriver@55eb (24b485ec)]&amp#27;[0m         "origin": "viewport"
[debug] &amp#27;[38;5;32m[XCUITestDriver@55eb (24b485ec)]&amp#27;[0m       },
[debug] &amp#27;[38;5;32m[XCUITestDriver@55eb (24b485ec)]&amp#27;[0m       {
[debug] &amp#27;[38;5;32m[XCUITestDriver@55eb (24b485ec)]&amp#27;[0m         "button": 0,
[debug] &amp#27;[38;5;32m[XCUITestDriver@55eb (24b485ec)]&amp#27;[0m         "type": "pointerDown"
[debug] &amp#27;[38;5;32m[XCUITestDriver@55eb (24b485ec)]&amp#27;[0m       },
[debug] &amp#27;[38;5;32m[XCUITestDriver@55eb (24b485ec)]&amp#27;[0m       {
[debug] &amp#27;[38;5;32m[XCUITestDriver@55eb (24b485ec)]&amp#27;[0m         "duration": 200,
[debug] &amp#27;[38;5;32m[XCUITestDriver@55eb (24b485ec)]&amp#27;[0m         "type": "pause"
[debug] &amp#27;[38;5;32m[XCUITestDriver@55eb (24b485ec)]&amp#27;[0m       },
[debug] &amp#27;[38;5;32m[XCUITestDriver@55eb (24b485ec)]&amp#27;[0m       {
[debug] &amp#27;[38;5;32m[XCUITestDriver@55eb (24b485ec)]&amp#27;[0m         "button": 0,
[debug] &amp#27;[38;5;32m[XCUITestDriver@55eb (24b485ec)]&amp#27;[0m         "type": "pointerUp"
[debug] &amp#27;[38;5;32m[XCUITestDriver@55eb (24b485ec)]&amp#27;[0m       }
[debug] &amp#27;[38;5;32m[XCUITestDriver@55eb (24b485ec)]&amp#27;[0m     ]
[debug] &amp#27;[38;5;32m[XCUITestDriver@55eb (24b485ec)]&amp#27;[0m   }
[debug] &amp#27;[38;5;32m[XCUITestDriver@55eb (24b485ec)]&amp#27;[0m ]
[debug] &amp#27;[38;5;32m[XCUITestDriver@55eb (24b485ec)]&amp#27;[0m Preprocessed actions: [
[debug] &amp#27;[38;5;32m[XCUITestDriver@55eb (24b485ec)]&amp#27;[0m   {
[debug] &amp#27;[38;5;32m[XCUITestDriver@55eb (24b485ec)]&amp#27;[0m     "id": "finger1",
[debug] &amp#27;[38;5;32m[XCUITestDriver@55eb (24b485ec)]&amp#27;[0m     "type": "pointer",
[debug] &amp#27;[38;5;32m[XCUITestDriver@55eb (24b485ec)]&amp#27;[0m     "parameters": {
[debug] &amp#27;[38;5;32m[XCUITestDriver@55eb (24b485ec)]&amp#27;[0m       "pointerType": "touch"
[debug] &amp#27;[38;5;32m[XCUITestDriver@55eb (24b485ec)]&amp#27;[0m     },
[debug] &amp#27;[38;5;32m[XCUITestDriver@55eb (24b485ec)]&amp#27;[0m     "actions": [
[debug] &amp#27;[38;5;32m[XCUITestDriver@55eb (24b485ec)]&amp#27;[0m       {
[debug] &amp#27;[38;5;32m[XCUITestDriver@55eb (24b485ec)]&amp#27;[0m         "duration": 0,
[debug] &amp#27;[38;5;32m[XCUITestDriver@55eb (24b485ec)]&amp#27;[0m         "x": 262,
[debug] &amp#27;[38;5;32m[XCUITestDriver@55eb (24b485ec)]&amp#27;[0m         "y": 476,
[debug] &amp#27;[38;5;32m[XCUITestDriver@55eb (24b485ec)]&amp#27;[0m         "type": "pointerMove",
[debug] &amp#27;[38;5;32m[XCUITestDriver@55eb (24b485ec)]&amp#27;[0m         "origin": "viewport"
[debug] &amp#27;[38;5;32m[XCUITestDriver@55eb (24b485ec)]&amp#27;[0m       },
[debug] &amp#27;[38;5;32m[XCUITestDriver@55eb (24b485ec)]&amp#27;[0m       {
[debug] &amp#27;[38;5;32m[XCUITestDriver@55eb (24b485ec)]&amp#27;[0m         "button": 0,
[debug] &amp#27;[38;5;32m[XCUITestDriver@55eb (24b485ec)]&amp#27;[0m         "type": "pointerDown"
[debug] &amp#27;[38;5;32m[XCUITestDriver@55eb (24b485ec)]&amp#27;[0m       },
[debug] &amp#27;[38;5;32m[XCUITestDriver@55eb (24b485ec)]&amp#27;[0m       {
[debug] &amp#27;[38;5;32m[XCUITestDriver@55eb (24b485ec)]&amp#27;[0m         "duration": 200,
[debug] &amp#27;[38;5;32m[XCUITestDriver@55eb (24b485ec)]&amp#27;[0m         "type": "pause"
[debug] &amp#27;[38;5;32m[XCUITestDriver@55eb (24b485ec)]&amp#27;[0m       },
[debug] &amp#27;[38;5;32m[XCUITestDriver@55eb (24b485ec)]&amp#27;[0m       {
[debug] &amp#27;[38;5;32m[XCUITestDriver@55eb (24b485ec)]&amp#27;[0m         "button": 0,
[debug] &amp#27;[38;5;32m[XCUITestDriver@55eb (24b485ec)]&amp#27;[0m         "type": "pointerUp"
[debug] &amp#27;[38;5;32m[XCUITestDriver@55eb (24b485ec)]&amp#27;[0m       }
[debug] &amp#27;[38;5;32m[XCUITestDriver@55eb (24b485ec)]&amp#27;[0m     ]
[debug] &amp#27;[38;5;32m[XCUITestDriver@55eb (24b485ec)]&amp#27;[0m   }
[debug] &amp#27;[38;5;32m[XCUITestDriver@55eb (24b485ec)]&amp#27;[0m ]
[debug] &amp#27;[38;5;32m[XCUITestDriver@55eb (24b485ec)]&amp#27;[0m Matched '/actions' to command name 'performActions'
[debug] &amp#27;[38;5;32m[XCUITestDriver@55eb (24b485ec)]&amp#27;[0m Proxying [POST /actions] to [POST http://127.0.0.1:8100/session/56D70ACD-A8F3-4900-A498-C9E849921D48/actions] with body: {"actions":[{"id":"finger1","type":"pointer","parameters":{"pointerType":"touch"},"actions":[{"duration":0,"x":262,"y":476,"type":"pointerMove","origin":"viewport"},{"button":0,"type":"pointerDown"},{"duration":200,"type":"pause"},{"button":0,"type":"pointerUp"}]}]}
[debug] &amp#27;[38;5;32m[XCUITestDriver@55eb (24b485ec)]&amp#27;[0m Got response with status 200: {"value":null,"sessionId":"56D70ACD-A8F3-4900-A498-C9E849921D48"}
[debug] &amp#27;[38;5;32m[XCUITestDriver@55eb (24b485ec)]&amp#27;[0m Responding to client with driver.performActions() result: null
&amp#27;[38;5;0m[HTTP]&amp#27;[0m &amp#27;[37m<-- POST /session/24b485ec-92a7-408e-ba56-78682df800a3/actions &amp#27;[39m&amp#27;[32m200&amp#27;[39m &amp#27;[90m1153 ms - 14&amp#27;[39m
&amp#27;[38;5;0m[HTTP]&amp#27;[0m &amp#27;[90m&amp#27;[39m
&amp#27;[38;5;0m[HTTP]&amp#27;[0m &amp#27;[37m-->&amp#27;[39m &amp#27;[37mPOST&amp#27;[39m &amp#27;[37m/session/24b485ec-92a7-408e-ba56-78682df800a3/element&amp#27;[39m
&amp#27;[38;5;0m[HTTP]&amp#27;[0m &amp#27;[90m{"using":"xpath","value":"//XCUIElementTypeButton[@name=\"OK\"]"}&amp#27;[39m
[debug] &amp#27;[38;5;32m[XCUITestDriver@55eb (24b485ec)]&amp#27;[0m Calling AppiumDriver.findElement() with args: ["xpath","//XCUIElementTypeButton[@name=\"OK\"]","24b485ec-92a7-408e-ba56-78682df800a3"]
[debug] &amp#27;[38;5;32m[XCUITestDriver@55eb (24b485ec)]&amp#27;[0m Executing command 'findElement'
[debug] &amp#27;[38;5;32m[XCUITestDriver@55eb (24b485ec)]&amp#27;[0m Valid locator strategies for this request: xpath, id, name, class name, -ios predicate string, -ios class chain, accessibility id, css selector
[debug] &amp#27;[38;5;32m[XCUITestDriver@55eb (24b485ec)]&amp#27;[0m Waiting up to 0 ms for condition
[debug] &amp#27;[38;5;32m[XCUITestDriver@55eb (24b485ec)]&amp#27;[0m Matched '/element' to command name 'findElement'
[debug] &amp#27;[38;5;32m[XCUITestDriver@55eb (24b485ec)]&amp#27;[0m Proxying [POST /element] to [POST http://127.0.0.1:8100/session/56D70ACD-A8F3-4900-A498-C9E849921D48/element] with body: {"using":"xpath","value":"//XCUIElementTypeButton[@name=\"OK\"]"}
[debug] &amp#27;[38;5;32m[XCUITestDriver@55eb (24b485ec)]&amp#27;[0m Got response with status 200: {"value":{"ELEMENT":"64010000-0000-0000-1421-010000000000","element-6066-11e4-a52e-4f735466cecf":"64010000-0000-0000-1421-010000000000"},"sessionId":"56D70ACD-A8F3-4900-A498-C9E849921D48"}
[debug] &amp#27;[38;5;32m[XCUITestDriver@55eb (24b485ec)]&amp#27;[0m Responding to client with driver.findElement() result: {"element-6066-11e4-a52e-4f735466cecf":"64010000-0000-0000-1421-010000000000","ELEMENT":"64010000-0000-0000-1421-010000000000"}
&amp#27;[38;5;0m[HTTP]&amp#27;[0m &amp#27;[37m<-- POST /session/24b485ec-92a7-408e-ba56-78682df800a3/element &amp#27;[39m&amp#27;[32m200&amp#27;[39m &amp#27;[90m3263 ms - 137&amp#27;[39m
&amp#27;[38;5;0m[HTTP]&amp#27;[0m &amp#27;[90m&amp#27;[39m
&amp#27;[38;5;0m[HTTP]&amp#27;[0m &amp#27;[37m-->&amp#27;[39m &amp#27;[37mGET&amp#27;[39m &amp#27;[37m/session/24b485ec-92a7-408e-ba56-78682df800a3/element/64010000-0000-0000-1421-010000000000/displayed&amp#27;[39m
&amp#27;[38;5;0m[HTTP]&amp#27;[0m &amp#27;[90m{}&amp#27;[39m
&amp#27;[38;5;32m[XCUITestDriver@55eb (24b485ec)]&amp#27;[0m Driver proxy active, passing request on via HTTP proxy
[debug] &amp#27;[38;5;32m[XCUITestDriver@55eb (24b485ec)]&amp#27;[0m Executing command 'proxyReqRes'
[debug] &amp#27;[38;5;32m[XCUITestDriver@55eb (24b485ec)]&amp#27;[0m Matched '/session/24b485ec-92a7-408e-ba56-78682df800a3/element/64010000-0000-0000-1421-010000000000/displayed' to command name 'elementDisplayed'
[debug] &amp#27;[38;5;32m[XCUITestDriver@55eb (24b485ec)]&amp#27;[0m Proxying [GET /session/24b485ec-92a7-408e-ba56-78682df800a3/element/64010000-0000-0000-1421-010000000000/displayed] to [GET http://127.0.0.1:8100/session/56D70ACD-A8F3-4900-A498-C9E849921D48/element/64010000-0000-0000-1421-010000000000/displayed] with no body
[debug] &amp#27;[38;5;32m[XCUITestDriver@55eb (24b485ec)]&amp#27;[0m Got response with status 200: {"value":true,"sessionId":"56D70ACD-A8F3-4900-A498-C9E849921D48"}
&amp#27;[38;5;32m[XCUITestDriver@55eb (24b485ec)]&amp#27;[0m Replacing sessionId 56D70ACD-A8F3-4900-A498-C9E849921D48 with 24b485ec-92a7-408e-ba56-78682df800a3
&amp#27;[38;5;0m[HTTP]&amp#27;[0m &amp#27;[37m<-- GET /session/24b485ec-92a7-408e-ba56-78682df800a3/element/64010000-0000-0000-1421-010000000000/displayed &amp#27;[39m&amp#27;[32m200&amp#27;[39m &amp#27;[90m138 ms - 65&amp#27;[39m
&amp#27;[38;5;0m[HTTP]&amp#27;[0m &amp#27;[90m&amp#27;[39m
&amp#27;[38;5;0m[HTTP]&amp#27;[0m &amp#27;[37m-->&amp#27;[39m &amp#27;[37mPOST&amp#27;[39m &amp#27;[37m/session/24b485ec-92a7-408e-ba56-78682df800a3/element&amp#27;[39m
&amp#27;[38;5;0m[HTTP]&amp#27;[0m &amp#27;[90m{"using":"xpath","value":"//XCUIElementTypeButton[@name=\"OK\"]"}&amp#27;[39m
[debug] &amp#27;[38;5;32m[XCUITestDriver@55eb (24b485ec)]&amp#27;[0m Calling AppiumDriver.findElement() with args: ["xpath","//XCUIElementTypeButton[@name=\"OK\"]","24b485ec-92a7-408e-ba56-78682df800a3"]
[debug] &amp#27;[38;5;32m[XCUITestDriver@55eb (24b485ec)]&amp#27;[0m Executing command 'findElement'
[debug] &amp#27;[38;5;32m[XCUITestDriver@55eb (24b485ec)]&amp#27;[0m Valid locator strategies for this request: xpath, id, name, class name, -ios predicate string, -ios class chain, accessibility id, css selector
[debug] &amp#27;[38;5;32m[XCUITestDriver@55eb (24b485ec)]&amp#27;[0m Waiting up to 0 ms for condition
[debug] &amp#27;[38;5;32m[XCUITestDriver@55eb (24b485ec)]&amp#27;[0m Matched '/element' to command name 'findElement'
[debug] &amp#27;[38;5;32m[XCUITestDriver@55eb (24b485ec)]&amp#27;[0m Proxying [POST /element] to [POST http://127.0.0.1:8100/session/56D70ACD-A8F3-4900-A498-C9E849921D48/element] with body: {"using":"xpath","value":"//XCUIElementTypeButton[@name=\"OK\"]"}
[debug] &amp#27;[38;5;32m[XCUITestDriver@55eb (24b485ec)]&amp#27;[0m Got response with status 200: {"value":{"ELEMENT":"64010000-0000-0000-1421-010000000000","element-6066-11e4-a52e-4f735466cecf":"64010000-0000-0000-1421-010000000000"},"sessionId":"56D70ACD-A8F3-4900-A498-C9E849921D48"}
[debug] &amp#27;[38;5;32m[XCUITestDriver@55eb (24b485ec)]&amp#27;[0m Responding to client with driver.findElement() result: {"element-6066-11e4-a52e-4f735466cecf":"64010000-0000-0000-1421-010000000000","ELEMENT":"64010000-0000-0000-1421-010000000000"}
&amp#27;[38;5;0m[HTTP]&amp#27;[0m &amp#27;[37m<-- POST /session/24b485ec-92a7-408e-ba56-78682df800a3/element &amp#27;[39m&amp#27;[32m200&amp#27;[39m &amp#27;[90m2235 ms - 137&amp#27;[39m
&amp#27;[38;5;0m[HTTP]&amp#27;[0m &amp#27;[90m&amp#27;[39m
&amp#27;[38;5;0m[HTTP]&amp#27;[0m &amp#27;[37m-->&amp#27;[39m &amp#27;[37mGET&amp#27;[39m &amp#27;[37m/session/24b485ec-92a7-408e-ba56-78682df800a3/element/64010000-0000-0000-1421-010000000000/rect&amp#27;[39m
&amp#27;[38;5;0m[HTTP]&amp#27;[0m &amp#27;[90m{}&amp#27;[39m
&amp#27;[38;5;32m[XCUITestDriver@55eb (24b485ec)]&amp#27;[0m Driver proxy active, passing request on via HTTP proxy
[debug] &amp#27;[38;5;32m[XCUITestDriver@55eb (24b485ec)]&amp#27;[0m Executing command 'proxyReqRes'
[debug] &amp#27;[38;5;32m[XCUITestDriver@55eb (24b485ec)]&amp#27;[0m Matched '/session/24b485ec-92a7-408e-ba56-78682df800a3/element/64010000-0000-0000-1421-010000000000/rect' to command name 'getElementRect'
[debug] &amp#27;[38;5;32m[XCUITestDriver@55eb (24b485ec)]&amp#27;[0m Proxying [GET /session/24b485ec-92a7-408e-ba56-78682df800a3/element/64010000-0000-0000-1421-010000000000/rect] to [GET http://127.0.0.1:8100/session/56D70ACD-A8F3-4900-A498-C9E849921D48/element/64010000-0000-0000-1421-010000000000/rect] with no body
[debug] &amp#27;[38;5;32m[XCUITestDriver@55eb (24b485ec)]&amp#27;[0m Got response with status 200: {"value":{"y":447,"x":60,"width":270,"height":45},"sessionId":"56D70ACD-A8F3-4900-A498-C9E849921D48"}
&amp#27;[38;5;32m[XCUITestDriver@55eb (24b485ec)]&amp#27;[0m Replacing sessionId 56D70ACD-A8F3-4900-A498-C9E849921D48 with 24b485ec-92a7-408e-ba56-78682df800a3
&amp#27;[38;5;0m[HTTP]&amp#27;[0m &amp#27;[37m<-- GET /session/24b485ec-92a7-408e-ba56-78682df800a3/element/64010000-0000-0000-1421-010000000000/rect &amp#27;[39m&amp#27;[32m200&amp#27;[39m &amp#27;[90m147 ms - 101&amp#27;[39m
&amp#27;[38;5;0m[HTTP]&amp#27;[0m &amp#27;[90m&amp#27;[39m
&amp#27;[38;5;0m[HTTP]&amp#27;[0m &amp#27;[37m-->&amp#27;[39m &amp#27;[37mGET&amp#27;[39m &amp#27;[37m/session/24b485ec-92a7-408e-ba56-78682df800a3/element/64010000-0000-0000-1421-010000000000/rect&amp#27;[39m
&amp#27;[38;5;0m[HTTP]&amp#27;[0m &amp#27;[90m{}&amp#27;[39m
&amp#27;[38;5;32m[XCUITestDriver@55eb (24b485ec)]&amp#27;[0m Driver proxy active, passing request on via HTTP proxy
[debug] &amp#27;[38;5;32m[XCUITestDriver@55eb (24b485ec)]&amp#27;[0m Executing command 'proxyReqRes'
[debug] &amp#27;[38;5;32m[XCUITestDriver@55eb (24b485ec)]&amp#27;[0m Matched '/session/24b485ec-92a7-408e-ba56-78682df800a3/element/64010000-0000-0000-1421-010000000000/rect' to command name 'getElementRect'
[debug] &amp#27;[38;5;32m[XCUITestDriver@55eb (24b485ec)]&amp#27;[0m Proxying [GET /session/24b485ec-92a7-408e-ba56-78682df800a3/element/64010000-0000-0000-1421-010000000000/rect] to [GET http://127.0.0.1:8100/session/56D70ACD-A8F3-4900-A498-C9E849921D48/element/64010000-0000-0000-1421-010000000000/rect] with no body
[debug] &amp#27;[38;5;32m[XCUITestDriver@55eb (24b485ec)]&amp#27;[0m Got response with status 200: {"value":{"y":447,"x":60,"width":270,"height":45},"sessionId":"56D70ACD-A8F3-4900-A498-C9E849921D48"}
&amp#27;[38;5;32m[XCUITestDriver@55eb (24b485ec)]&amp#27;[0m Replacing sessionId 56D70ACD-A8F3-4900-A498-C9E849921D48 with 24b485ec-92a7-408e-ba56-78682df800a3
&amp#27;[38;5;0m[HTTP]&amp#27;[0m &amp#27;[37m<-- GET /session/24b485ec-92a7-408e-ba56-78682df800a3/element/64010000-0000-0000-1421-010000000000/rect &amp#27;[39m&amp#27;[32m200&amp#27;[39m &amp#27;[90m153 ms - 101&amp#27;[39m
&amp#27;[38;5;0m[HTTP]&amp#27;[0m &amp#27;[90m&amp#27;[39m
&amp#27;[38;5;0m[HTTP]&amp#27;[0m &amp#27;[37m-->&amp#27;[39m &amp#27;[37mPOST&amp#27;[39m &amp#27;[37m/session/24b485ec-92a7-408e-ba56-78682df800a3/actions&amp#27;[39m
&amp#27;[38;5;0m[HTTP]&amp#27;[0m &amp#27;[90m{"actions":[{"id":"finger1","type":"pointer","parameters":{"pointerType":"touch"},"actions":[{"duration":0,"type":"pause"},{"duration":0,"x":195,"y":469,"type":"pointerMove","origin":"viewport"},{"button":0,"type":"pointerDown"},{"duration":200,"type":"pause"},{"button":0,"type":"pointerUp"}]}]}&amp#27;[39m
[debug] &amp#27;[38;5;32m[XCUITestDriver@55eb (24b485ec)]&amp#27;[0m Calling AppiumDriver.performActions() with args: [[{"id":"finger1","type":"pointer","parameters":{"pointerType":"touch"},"actions":[{"duration":0,"type":"pause"},{"duration":0,"x":195,"y":469,"type":"pointerMove","origin":"viewport"},{"button":0,"type":"pointerDown"},{"duration":200,"type":"pause"},{"button":0,"type":"pointerUp"}]}],"24b485ec-92a7-408e-ba56-78682df800a3"]
[debug] &amp#27;[38;5;32m[XCUITestDriver@55eb (24b485ec)]&amp#27;[0m Executing command 'performActions'
[debug] &amp#27;[38;5;32m[XCUITestDriver@55eb (24b485ec)]&amp#27;[0m Received the following W3C actions: [
[debug] &amp#27;[38;5;32m[XCUITestDriver@55eb (24b485ec)]&amp#27;[0m   {
[debug] &amp#27;[38;5;32m[XCUITestDriver@55eb (24b485ec)]&amp#27;[0m     "id": "finger1",
[debug] &amp#27;[38;5;32m[XCUITestDriver@55eb (24b485ec)]&amp#27;[0m     "type": "pointer",
[debug] &amp#27;[38;5;32m[XCUITestDriver@55eb (24b485ec)]&amp#27;[0m     "parameters": {
[debug] &amp#27;[38;5;32m[XCUITestDriver@55eb (24b485ec)]&amp#27;[0m       "pointerType": "touch"
[debug] &amp#27;[38;5;32m[XCUITestDriver@55eb (24b485ec)]&amp#27;[0m     },
[debug] &amp#27;[38;5;32m[XCUITestDriver@55eb (24b485ec)]&amp#27;[0m     "actions": [
[debug] &amp#27;[38;5;32m[XCUITestDriver@55eb (24b485ec)]&amp#27;[0m       {
[debug] &amp#27;[38;5;32m[XCUITestDriver@55eb (24b485ec)]&amp#27;[0m         "duration": 0,
[debug] &amp#27;[38;5;32m[XCUITestDriver@55eb (24b485ec)]&amp#27;[0m         "type": "pause"
[debug] &amp#27;[38;5;32m[XCUITestDriver@55eb (24b485ec)]&amp#27;[0m       },
[debug] &amp#27;[38;5;32m[XCUITestDriver@55eb (24b485ec)]&amp#27;[0m       {
[debug] &amp#27;[38;5;32m[XCUITestDriver@55eb (24b485ec)]&amp#27;[0m         "duration": 0,
[debug] &amp#27;[38;5;32m[XCUITestDriver@55eb (24b485ec)]&amp#27;[0m         "x": 195,
[debug] &amp#27;[38;5;32m[XCUITestDriver@55eb (24b485ec)]&amp#27;[0m         "y": 469,
[debug] &amp#27;[38;5;32m[XCUITestDriver@55eb (24b485ec)]&amp#27;[0m         "type": "pointerMove",
[debug] &amp#27;[38;5;32m[XCUITestDriver@55eb (24b485ec)]&amp#27;[0m         "origin": "viewport"
[debug] &amp#27;[38;5;32m[XCUITestDriver@55eb (24b485ec)]&amp#27;[0m       },
[debug] &amp#27;[38;5;32m[XCUITestDriver@55eb (24b485ec)]&amp#27;[0m       {
[debug] &amp#27;[38;5;32m[XCUITestDriver@55eb (24b485ec)]&amp#27;[0m         "button": 0,
[debug] &amp#27;[38;5;32m[XCUITestDriver@55eb (24b485ec)]&amp#27;[0m         "type": "pointerDown"
[debug] &amp#27;[38;5;32m[XCUITestDriver@55eb (24b485ec)]&amp#27;[0m       },
[debug] &amp#27;[38;5;32m[XCUITestDriver@55eb (24b485ec)]&amp#27;[0m       {
[debug] &amp#27;[38;5;32m[XCUITestDriver@55eb (24b485ec)]&amp#27;[0m         "duration": 200,
[debug] &amp#27;[38;5;32m[XCUITestDriver@55eb (24b485ec)]&amp#27;[0m         "type": "pause"
[debug] &amp#27;[38;5;32m[XCUITestDriver@55eb (24b485ec)]&amp#27;[0m       },
[debug] &amp#27;[38;5;32m[XCUITestDriver@55eb (24b485ec)]&amp#27;[0m       {
[debug] &amp#27;[38;5;32m[XCUITestDriver@55eb (24b485ec)]&amp#27;[0m         "button": 0,
[debug] &amp#27;[38;5;32m[XCUITestDriver@55eb (24b485ec)]&amp#27;[0m         "type": "pointerUp"
[debug] &amp#27;[38;5;32m[XCUITestDriver@55eb (24b485ec)]&amp#27;[0m       }
[debug] &amp#27;[38;5;32m[XCUITestDriver@55eb (24b485ec)]&amp#27;[0m     ]
[debug] &amp#27;[38;5;32m[XCUITestDriver@55eb (24b485ec)]&amp#27;[0m   }
[debug] &amp#27;[38;5;32m[XCUITestDriver@55eb (24b485ec)]&amp#27;[0m ]
[debug] &amp#27;[38;5;32m[XCUITestDriver@55eb (24b485ec)]&amp#27;[0m Preprocessed actions: [
[debug] &amp#27;[38;5;32m[XCUITestDriver@55eb (24b485ec)]&amp#27;[0m   {
[debug] &amp#27;[38;5;32m[XCUITestDriver@55eb (24b485ec)]&amp#27;[0m     "id": "finger1",
[debug] &amp#27;[38;5;32m[XCUITestDriver@55eb (24b485ec)]&amp#27;[0m     "type": "pointer",
[debug] &amp#27;[38;5;32m[XCUITestDriver@55eb (24b485ec)]&amp#27;[0m     "parameters": {
[debug] &amp#27;[38;5;32m[XCUITestDriver@55eb (24b485ec)]&amp#27;[0m       "pointerType": "touch"
[debug] &amp#27;[38;5;32m[XCUITestDriver@55eb (24b485ec)]&amp#27;[0m     },
[debug] &amp#27;[38;5;32m[XCUITestDriver@55eb (24b485ec)]&amp#27;[0m     "actions": [
[debug] &amp#27;[38;5;32m[XCUITestDriver@55eb (24b485ec)]&amp#27;[0m       {
[debug] &amp#27;[38;5;32m[XCUITestDriver@55eb (24b485ec)]&amp#27;[0m         "duration": 0,
[debug] &amp#27;[38;5;32m[XCUITestDriver@55eb (24b485ec)]&amp#27;[0m         "x": 195,
[debug] &amp#27;[38;5;32m[XCUITestDriver@55eb (24b485ec)]&amp#27;[0m         "y": 469,
[debug] &amp#27;[38;5;32m[XCUITestDriver@55eb (24b485ec)]&amp#27;[0m         "type": "pointerMove",
[debug] &amp#27;[38;5;32m[XCUITestDriver@55eb (24b485ec)]&amp#27;[0m         "origin": "viewport"
[debug] &amp#27;[38;5;32m[XCUITestDriver@55eb (24b485ec)]&amp#27;[0m       },
[debug] &amp#27;[38;5;32m[XCUITestDriver@55eb (24b485ec)]&amp#27;[0m       {
[debug] &amp#27;[38;5;32m[XCUITestDriver@55eb (24b485ec)]&amp#27;[0m         "button": 0,
[debug] &amp#27;[38;5;32m[XCUITestDriver@55eb (24b485ec)]&amp#27;[0m         "type": "pointerDown"
[debug] &amp#27;[38;5;32m[XCUITestDriver@55eb (24b485ec)]&amp#27;[0m       },
[debug] &amp#27;[38;5;32m[XCUITestDriver@55eb (24b485ec)]&amp#27;[0m       {
[debug] &amp#27;[38;5;32m[XCUITestDriver@55eb (24b485ec)]&amp#27;[0m         "duration": 200,
[debug] &amp#27;[38;5;32m[XCUITestDriver@55eb (24b485ec)]&amp#27;[0m         "type": "pause"
[debug] &amp#27;[38;5;32m[XCUITestDriver@55eb (24b485ec)]&amp#27;[0m       },
[debug] &amp#27;[38;5;32m[XCUITestDriver@55eb (24b485ec)]&amp#27;[0m       {
[debug] &amp#27;[38;5;32m[XCUITestDriver@55eb (24b485ec)]&amp#27;[0m         "button": 0,
[debug] &amp#27;[38;5;32m[XCUITestDriver@55eb (24b485ec)]&amp#27;[0m         "type": "pointerUp"
[debug] &amp#27;[38;5;32m[XCUITestDriver@55eb (24b485ec)]&amp#27;[0m       }
[debug] &amp#27;[38;5;32m[XCUITestDriver@55eb (24b485ec)]&amp#27;[0m     ]
[debug] &amp#27;[38;5;32m[XCUITestDriver@55eb (24b485ec)]&amp#27;[0m   }
[debug] &amp#27;[38;5;32m[XCUITestDriver@55eb (24b485ec)]&amp#27;[0m ]
[debug] &amp#27;[38;5;32m[XCUITestDriver@55eb (24b485ec)]&amp#27;[0m Matched '/actions' to command name 'performActions'
[debug] &amp#27;[38;5;32m[XCUITestDriver@55eb (24b485ec)]&amp#27;[0m Proxying [POST /actions] to [POST http://127.0.0.1:8100/session/56D70ACD-A8F3-4900-A498-C9E849921D48/actions] with body: {"actions":[{"id":"finger1","type":"pointer","parameters":{"pointerType":"touch"},"actions":[{"duration":0,"x":195,"y":469,"type":"pointerMove","origin":"viewport"},{"button":0,"type":"pointerDown"},{"duration":200,"type":"pause"},{"button":0,"type":"pointerUp"}]}]}
[debug] &amp#27;[38;5;32m[XCUITestDriver@55eb (24b485ec)]&amp#27;[0m Got response with status 200: {"value":null,"sessionId":"56D70ACD-A8F3-4900-A498-C9E849921D48"}
[debug] &amp#27;[38;5;32m[XCUITestDriver@55eb (24b485ec)]&amp#27;[0m Responding to client with driver.performActions() result: null
&amp#27;[38;5;0m[HTTP]&amp#27;[0m &amp#27;[37m<-- POST /session/24b485ec-92a7-408e-ba56-78682df800a3/actions &amp#27;[39m&amp#27;[32m200&amp#27;[39m &amp#27;[90m988 ms - 14&amp#27;[39m
&amp#27;[38;5;0m[HTTP]&amp#27;[0m &amp#27;[90m&amp#27;[39m
  And user clicks on Logout popup       # StepDefinations.LoginSteps.user_clicks_on_logout_popup()
&amp#27;[38;5;0m[HTTP]&amp#27;[0m &amp#27;[37m-->&amp#27;[39m &amp#27;[37mGET&amp#27;[39m &amp#27;[37m/session/24b485ec-92a7-408e-ba56-78682df800a3/screenshot&amp#27;[39m
&amp#27;[38;5;0m[HTTP]&amp#27;[0m &amp#27;[90m{}&amp#27;[39m
[debug] &amp#27;[38;5;32m[XCUITestDriver@55eb (24b485ec)]&amp#27;[0m Calling AppiumDriver.getScreenshot() with args: ["24b485ec-92a7-408e-ba56-78682df800a3"]
[debug] &amp#27;[38;5;32m[XCUITestDriver@55eb (24b485ec)]&amp#27;[0m Executing command 'getScreenshot'
[debug] &amp#27;[38;5;32m[XCUITestDriver@55eb (24b485ec)]&amp#27;[0m Taking screenshot with WDA
[debug] &amp#27;[38;5;32m[XCUITestDriver@55eb (24b485ec)]&amp#27;[0m Matched '/screenshot' to command name 'getScreenshot'
[debug] &amp#27;[38;5;32m[XCUITestDriver@55eb (24b485ec)]&amp#27;[0m Proxying [GET /screenshot] to [GET http://127.0.0.1:8100/session/56D70ACD-A8F3-4900-A498-C9E849921D48/screenshot] with no body
[debug] &amp#27;[38;5;32m[XCUITestDriver@55eb (24b485ec)]&amp#27;[0m Got response with status 200: {"value":"iVBORw0KGgoAAAANSUhEUgAABJIAAAnkCAYAAABWQUsDAAAAAXNSR0IArs4c6QAAADhlWElmTU0AKgAAAAgAAYdpAAQAAAABAAAAGgAAAAAAAqACAAQAAAABAAAEkqADAAQAAAABAAAJ5AAAAADoPni0AAAAHGlET1QAAAACAAAAAAAABPIAAAAoAAAE8gAABPIAAWTIt8NxFAAAQABJREFUeAHs3QmcLGtZH/6LoCirgiIquwYXFCOC4L6AS0RUNCAiymbUBEFQREVNFJBFRcQNcIEIAnFBVBAlAhohBMQFwYjmLyggO7JzZnqb+j+/d7rm9vTpmame5dw+937r8+nbMz3V1VXfervvqV+/z/te0lkIECBAgAABAgQIECBAgAABAgQIDBC4ZMA6ViFAgAABAgQIECBAgAABAgQIECDQCZI0AgIECBAgQIAAAQIECBAgQIAAgUECgqRBTFYiQIAAAQIECBAgQIAAAQIECBAQJGkDBAgQIECAAAECBAgQIECAAAECgwQESYOYrESAAAECBAgQIECAAAECBAgQICBI0gYIECBAgAABAgQIECBAgAABAgQGCQiSBjFZiQABAgQIECBAgAABAgQIECBAQJCkDRAgQIAAAQIECBAgQIAAAQIECAwSECQNYrISAQIECBAgQIAAAQIECBAgQICAIEkbIECAAAECBAgQIECAAAECBAgQGCQgSBrEZCUCBAgQIECAAAECBAgQIECAAAFBkjZAgAABAgQIECBAgAABAgQIECAwSECQNIjJSgQIECBAgAABAgQIECBAgAABAoIkbYAAAQIECBAgQIAAAQIECBAgQGCQgCBpEJOVCBAgQIAAAQIECBAgQIAAAQIEBEnaAAECBAgQIECAAAECBAgQIECAwCABQdIgJisRIECAAAECBAgQIECAAAECBAgIkrQBAgQIECBAgAABAgQIECBAgACBQQKCpEFMViJAgAABAgQIECBAgAABAgQIEBAkaQMECBAgQIAAAQI...
[debug] &amp#27;[38;5;32m[XCUITestDriver@55eb (24b485ec)]&amp#27;[0m Responding to client with driver.getScreenshot() result: "iVBORw0KGgoAAAANSUhEUgAABJIAAAnkCAYAAABWQUsDAAAAAXNSR0IArs4c6QAAADhlWElmTU0AKgAAAAgAAYdpAAQAAAABAAAAGgAAAAAAAqACAAQAAAABAAAEkqADAAQAAAABAAAJ5AAAAADoPni0AAAAHGlET1QAAAACAAAAAAAABPIAAAAoAAAE8gAABPIAAWTIt8NxFAAAQABJREFUeAHs3QmcLGtZH/6LoCirgiIquwYXFCOC4L6AS0RUNCAiymbUBEFQREVNFJBFRcQNcIEIAnFBVBAlAhohBMQFwYjmLyggO7JzZnqb+j+/d7rm9vTpmame5dw+937r8+nbMz3V1VXfervvqV+/z/te0lkIECBAgAABAgQIECBAgAABAgQIDBC4ZMA6ViFAgAABAgQIECBAgAABAgQIECDQCZI0AgIECBAgQIAAAQIECBAgQIAAgUECgqRBTFYiQIAAAQIECBAgQIAAAQIECBAQJGkDBAgQIECAAAECBAgQIECAAAECgwQESYOYrESAAAECBAgQIECAAAECBAgQICBI0gYIECBAgAABAgQIECBAgAABAgQGCQiSBjFZiQABAgQIECBAgAABAgQIECBAQJCkDRAgQIAAAQIECBAgQIAAAQIECAwSECQNYrISAQIECBAgQIAAAQIECBAgQICAIEkbIECAAAECBAgQIECAAAECBAgQGCQgSBrEZCUCBAgQIECAAAECBAgQIECAAAFBkjZAgAABAgQIECBAgAABAgQIECAwSECQNIjJSgQIECBAgAABAgQIECBAgAABAoIkbYAAAQIECBAgQIAAAQIECBAgQGCQgCBpEJOVCBAgQIAAAQIECBAgQIAAAQIEBEnaAAECBAgQIECAAAECBAgQIECAwCABQdIgJisRIECAAAECBAgQIECAAAECBAgIkrQBAgQIECBAgAABAgQIECBAgACBQQKCpEFMViJAgAABAgQIECBAgAABAgQIEBAkaQMECBAgQIAAAQIECBAgQIAA...
&amp#27;[38;5;0m[HTTP]&amp#27;[0m &amp#27;[37m<-- GET /session/24b485ec-92a7-408e-ba56-78682df800a3/screenshot &amp#27;[39m&amp#27;[32m200&amp#27;[39m &amp#27;[90m282 ms - 223568&amp#27;[39m
&amp#27;[38;5;0m[HTTP]&amp#27;[0m &amp#27;[90m&amp#27;[39m

    Embedding screenshot [image/png 167667 bytes]

&amp#27;[38;5;0m[HTTP]&amp#27;[0m &amp#27;[37m-->&amp#27;[39m &amp#27;[37mPOST&amp#27;[39m &amp#27;[37m/session/24b485ec-92a7-408e-ba56-78682df800a3/element&amp#27;[39m
&amp#27;[38;5;0m[HTTP]&amp#27;[0m &amp#27;[90m{"using":"xpath","value":"//XCUIElementTypeTextField[@name=\"Username input field\"]"}&amp#27;[39m
[debug] &amp#27;[38;5;32m[XCUITestDriver@55eb (24b485ec)]&amp#27;[0m Calling AppiumDriver.findElement() with args: ["xpath","//XCUIElementTypeTextField[@name=\"Username input field\"]","24b485ec-92a7-408e-ba56-78682df800a3"]
[debug] &amp#27;[38;5;32m[XCUITestDriver@55eb (24b485ec)]&amp#27;[0m Executing command 'findElement'
[debug] &amp#27;[38;5;32m[XCUITestDriver@55eb (24b485ec)]&amp#27;[0m Valid locator strategies for this request: xpath, id, name, class name, -ios predicate string, -ios class chain, accessibility id, css selector
[debug] &amp#27;[38;5;32m[XCUITestDriver@55eb (24b485ec)]&amp#27;[0m Waiting up to 0 ms for condition
[debug] &amp#27;[38;5;32m[XCUITestDriver@55eb (24b485ec)]&amp#27;[0m Matched '/element' to command name 'findElement'
[debug] &amp#27;[38;5;32m[XCUITestDriver@55eb (24b485ec)]&amp#27;[0m Proxying [POST /element] to [POST http://127.0.0.1:8100/session/56D70ACD-A8F3-4900-A498-C9E849921D48/element] with body: {"using":"xpath","value":"//XCUIElementTypeTextField[@name=\"Username input field\"]"}
[debug] &amp#27;[38;5;32m[XCUITestDriver@55eb (24b485ec)]&amp#27;[0m Got response with status 200: {"value":{"ELEMENT":"90010000-0000-0000-1421-010000000000","element-6066-11e4-a52e-4f735466cecf":"90010000-0000-0000-1421-010000000000"},"sessionId":"56D70ACD-A8F3-4900-A498-C9E849921D48"}
[debug] &amp#27;[38;5;32m[XCUITestDriver@55eb (24b485ec)]&amp#27;[0m Responding to client with driver.findElement() result: {"element-6066-11e4-a52e-4f735466cecf":"90010000-0000-0000-1421-010000000000","ELEMENT":"90010000-0000-0000-1421-010000000000"}
&amp#27;[38;5;0m[HTTP]&amp#27;[0m &amp#27;[37m<-- POST /session/24b485ec-92a7-408e-ba56-78682df800a3/element &amp#27;[39m&amp#27;[32m200&amp#27;[39m &amp#27;[90m2336 ms - 137&amp#27;[39m
&amp#27;[38;5;0m[HTTP]&amp#27;[0m &amp#27;[90m&amp#27;[39m
&amp#27;[38;5;0m[HTTP]&amp#27;[0m &amp#27;[37m-->&amp#27;[39m &amp#27;[37mGET&amp#27;[39m &amp#27;[37m/session/24b485ec-92a7-408e-ba56-78682df800a3/element/90010000-0000-0000-1421-010000000000/displayed&amp#27;[39m
&amp#27;[38;5;0m[HTTP]&amp#27;[0m &amp#27;[90m{}&amp#27;[39m
&amp#27;[38;5;32m[XCUITestDriver@55eb (24b485ec)]&amp#27;[0m Driver proxy active, passing request on via HTTP proxy
[debug] &amp#27;[38;5;32m[XCUITestDriver@55eb (24b485ec)]&amp#27;[0m Executing command 'proxyReqRes'
[debug] &amp#27;[38;5;32m[XCUITestDriver@55eb (24b485ec)]&amp#27;[0m Matched '/session/24b485ec-92a7-408e-ba56-78682df800a3/element/90010000-0000-0000-1421-010000000000/displayed' to command name 'elementDisplayed'
[debug] &amp#27;[38;5;32m[XCUITestDriver@55eb (24b485ec)]&amp#27;[0m Proxying [GET /session/24b485ec-92a7-408e-ba56-78682df800a3/element/90010000-0000-0000-1421-010000000000/displayed] to [GET http://127.0.0.1:8100/session/56D70ACD-A8F3-4900-A498-C9E849921D48/element/90010000-0000-0000-1421-010000000000/displayed] with no body
[debug] &amp#27;[38;5;32m[XCUITestDriver@55eb (24b485ec)]&amp#27;[0m Got response with status 200: {"value":true,"sessionId":"56D70ACD-A8F3-4900-A498-C9E849921D48"}
&amp#27;[38;5;32m[XCUITestDriver@55eb (24b485ec)]&amp#27;[0m Replacing sessionId 56D70ACD-A8F3-4900-A498-C9E849921D48 with 24b485ec-92a7-408e-ba56-78682df800a3
&amp#27;[38;5;0m[HTTP]&amp#27;[0m &amp#27;[37m<-- GET /session/24b485ec-92a7-408e-ba56-78682df800a3/element/90010000-0000-0000-1421-010000000000/displayed &amp#27;[39m&amp#27;[32m200&amp#27;[39m &amp#27;[90m182 ms - 65&amp#27;[39m
&amp#27;[38;5;0m[HTTP]&amp#27;[0m &amp#27;[90m&amp#27;[39m
&amp#27;[38;5;0m[HTTP]&amp#27;[0m &amp#27;[37m-->&amp#27;[39m &amp#27;[37mPOST&amp#27;[39m &amp#27;[37m/session/24b485ec-92a7-408e-ba56-78682df800a3/element&amp#27;[39m
&amp#27;[38;5;0m[HTTP]&amp#27;[0m &amp#27;[90m{"using":"xpath","value":"//XCUIElementTypeButton[@name='tab bar option catalog']"}&amp#27;[39m
[debug] &amp#27;[38;5;32m[XCUITestDriver@55eb (24b485ec)]&amp#27;[0m Calling AppiumDriver.findElement() with args: ["xpath","//XCUIElementTypeButton[@name='tab bar option catalog']","24b485ec-92a7-408e-ba56-78682df800a3"]
[debug] &amp#27;[38;5;32m[XCUITestDriver@55eb (24b485ec)]&amp#27;[0m Executing command 'findElement'
[debug] &amp#27;[38;5;32m[XCUITestDriver@55eb (24b485ec)]&amp#27;[0m Valid locator strategies for this request: xpath, id, name, class name, -ios predicate string, -ios class chain, accessibility id, css selector
[debug] &amp#27;[38;5;32m[XCUITestDriver@55eb (24b485ec)]&amp#27;[0m Waiting up to 0 ms for condition
[debug] &amp#27;[38;5;32m[XCUITestDriver@55eb (24b485ec)]&amp#27;[0m Matched '/element' to command name 'findElement'
[debug] &amp#27;[38;5;32m[XCUITestDriver@55eb (24b485ec)]&amp#27;[0m Proxying [POST /element] to [POST http://127.0.0.1:8100/session/56D70ACD-A8F3-4900-A498-C9E849921D48/element] with body: {"using":"xpath","value":"//XCUIElementTypeButton[@name='tab bar option catalog']"}
[debug] &amp#27;[38;5;32m[XCUITestDriver@55eb (24b485ec)]&amp#27;[0m Got response with status 200: {"value":{"ELEMENT":"33000000-0000-0000-1421-010000000000","element-6066-11e4-a52e-4f735466cecf":"33000000-0000-0000-1421-010000000000"},"sessionId":"56D70ACD-A8F3-4900-A498-C9E849921D48"}
[debug] &amp#27;[38;5;32m[XCUITestDriver@55eb (24b485ec)]&amp#27;[0m Responding to client with driver.findElement() result: {"element-6066-11e4-a52e-4f735466cecf":"33000000-0000-0000-1421-010000000000","ELEMENT":"33000000-0000-0000-1421-010000000000"}
&amp#27;[38;5;0m[HTTP]&amp#27;[0m &amp#27;[37m<-- POST /session/24b485ec-92a7-408e-ba56-78682df800a3/element &amp#27;[39m&amp#27;[32m200&amp#27;[39m &amp#27;[90m1898 ms - 137&amp#27;[39m
&amp#27;[38;5;0m[HTTP]&amp#27;[0m &amp#27;[90m&amp#27;[39m
&amp#27;[38;5;0m[HTTP]&amp#27;[0m &amp#27;[37m-->&amp#27;[39m &amp#27;[37mGET&amp#27;[39m &amp#27;[37m/session/24b485ec-92a7-408e-ba56-78682df800a3/element/33000000-0000-0000-1421-010000000000/displayed&amp#27;[39m
&amp#27;[38;5;0m[HTTP]&amp#27;[0m &amp#27;[90m{}&amp#27;[39m
&amp#27;[38;5;32m[XCUITestDriver@55eb (24b485ec)]&amp#27;[0m Driver proxy active, passing request on via HTTP proxy
[debug] &amp#27;[38;5;32m[XCUITestDriver@55eb (24b485ec)]&amp#27;[0m Executing command 'proxyReqRes'
[debug] &amp#27;[38;5;32m[XCUITestDriver@55eb (24b485ec)]&amp#27;[0m Matched '/session/24b485ec-92a7-408e-ba56-78682df800a3/element/33000000-0000-0000-1421-010000000000/displayed' to command name 'elementDisplayed'
[debug] &amp#27;[38;5;32m[XCUITestDriver@55eb (24b485ec)]&amp#27;[0m Proxying [GET /session/24b485ec-92a7-408e-ba56-78682df800a3/element/33000000-0000-0000-1421-010000000000/displayed] to [GET http://127.0.0.1:8100/session/56D70ACD-A8F3-4900-A498-C9E849921D48/element/33000000-0000-0000-1421-010000000000/displayed] with no body
[debug] &amp#27;[38;5;32m[XCUITestDriver@55eb (24b485ec)]&amp#27;[0m Got response with status 200: {"value":true,"sessionId":"56D70ACD-A8F3-4900-A498-C9E849921D48"}
&amp#27;[38;5;32m[XCUITestDriver@55eb (24b485ec)]&amp#27;[0m Replacing sessionId 56D70ACD-A8F3-4900-A498-C9E849921D48 with 24b485ec-92a7-408e-ba56-78682df800a3
&amp#27;[38;5;0m[HTTP]&amp#27;[0m &amp#27;[37m<-- GET /session/24b485ec-92a7-408e-ba56-78682df800a3/element/33000000-0000-0000-1421-010000000000/displayed &amp#27;[39m&amp#27;[32m200&amp#27;[39m &amp#27;[90m127 ms - 65&amp#27;[39m
&amp#27;[38;5;0m[HTTP]&amp#27;[0m &amp#27;[90m&amp#27;[39m
&amp#27;[38;5;0m[HTTP]&amp#27;[0m &amp#27;[37m-->&amp#27;[39m &amp#27;[37mPOST&amp#27;[39m &amp#27;[37m/session/24b485ec-92a7-408e-ba56-78682df800a3/element&amp#27;[39m
&amp#27;[38;5;0m[HTTP]&amp#27;[0m &amp#27;[90m{"using":"xpath","value":"//XCUIElementTypeButton[@name='tab bar option catalog']"}&amp#27;[39m
[debug] &amp#27;[38;5;32m[XCUITestDriver@55eb (24b485ec)]&amp#27;[0m Calling AppiumDriver.findElement() with args: ["xpath","//XCUIElementTypeButton[@name='tab bar option catalog']","24b485ec-92a7-408e-ba56-78682df800a3"]
[debug] &amp#27;[38;5;32m[XCUITestDriver@55eb (24b485ec)]&amp#27;[0m Executing command 'findElement'
[debug] &amp#27;[38;5;32m[XCUITestDriver@55eb (24b485ec)]&amp#27;[0m Valid locator strategies for this request: xpath, id, name, class name, -ios predicate string, -ios class chain, accessibility id, css selector
[debug] &amp#27;[38;5;32m[XCUITestDriver@55eb (24b485ec)]&amp#27;[0m Waiting up to 0 ms for condition
[debug] &amp#27;[38;5;32m[XCUITestDriver@55eb (24b485ec)]&amp#27;[0m Matched '/element' to command name 'findElement'
[debug] &amp#27;[38;5;32m[XCUITestDriver@55eb (24b485ec)]&amp#27;[0m Proxying [POST /element] to [POST http://127.0.0.1:8100/session/56D70ACD-A8F3-4900-A498-C9E849921D48/element] with body: {"using":"xpath","value":"//XCUIElementTypeButton[@name='tab bar option catalog']"}
[debug] &amp#27;[38;5;32m[XCUITestDriver@55eb (24b485ec)]&amp#27;[0m Got response with status 200: {"value":{"ELEMENT":"33000000-0000-0000-1421-010000000000","element-6066-11e4-a52e-4f735466cecf":"33000000-0000-0000-1421-010000000000"},"sessionId":"56D70ACD-A8F3-4900-A498-C9E849921D48"}
[debug] &amp#27;[38;5;32m[XCUITestDriver@55eb (24b485ec)]&amp#27;[0m Responding to client with driver.findElement() result: {"element-6066-11e4-a52e-4f735466cecf":"33000000-0000-0000-1421-010000000000","ELEMENT":"33000000-0000-0000-1421-010000000000"}
&amp#27;[38;5;0m[HTTP]&amp#27;[0m &amp#27;[37m<-- POST /session/24b485ec-92a7-408e-ba56-78682df800a3/element &amp#27;[39m&amp#27;[32m200&amp#27;[39m &amp#27;[90m1689 ms - 137&amp#27;[39m
&amp#27;[38;5;0m[HTTP]&amp#27;[0m &amp#27;[90m&amp#27;[39m
&amp#27;[38;5;0m[HTTP]&amp#27;[0m &amp#27;[37m-->&amp#27;[39m &amp#27;[37mGET&amp#27;[39m &amp#27;[37m/session/24b485ec-92a7-408e-ba56-78682df800a3/element/33000000-0000-0000-1421-010000000000/rect&amp#27;[39m
&amp#27;[38;5;0m[HTTP]&amp#27;[0m &amp#27;[90m{}&amp#27;[39m
&amp#27;[38;5;32m[XCUITestDriver@55eb (24b485ec)]&amp#27;[0m Driver proxy active, passing request on via HTTP proxy
[debug] &amp#27;[38;5;32m[XCUITestDriver@55eb (24b485ec)]&amp#27;[0m Executing command 'proxyReqRes'
[debug] &amp#27;[38;5;32m[XCUITestDriver@55eb (24b485ec)]&amp#27;[0m Matched '/session/24b485ec-92a7-408e-ba56-78682df800a3/element/33000000-0000-0000-1421-010000000000/rect' to command name 'getElementRect'
[debug] &amp#27;[38;5;32m[XCUITestDriver@55eb (24b485ec)]&amp#27;[0m Proxying [GET /session/24b485ec-92a7-408e-ba56-78682df800a3/element/33000000-0000-0000-1421-010000000000/rect] to [GET http://127.0.0.1:8100/session/56D70ACD-A8F3-4900-A498-C9E849921D48/element/33000000-0000-0000-1421-010000000000/rect] with no body
[debug] &amp#27;[38;5;32m[XCUITestDriver@55eb (24b485ec)]&amp#27;[0m Got response with status 200: {"value":{"y":765,"x":0,"width":130,"height":50},"sessionId":"56D70ACD-A8F3-4900-A498-C9E849921D48"}
&amp#27;[38;5;32m[XCUITestDriver@55eb (24b485ec)]&amp#27;[0m Replacing sessionId 56D70ACD-A8F3-4900-A498-C9E849921D48 with 24b485ec-92a7-408e-ba56-78682df800a3
&amp#27;[38;5;0m[HTTP]&amp#27;[0m &amp#27;[37m<-- GET /session/24b485ec-92a7-408e-ba56-78682df800a3/element/33000000-0000-0000-1421-010000000000/rect &amp#27;[39m&amp#27;[32m200&amp#27;[39m &amp#27;[90m131 ms - 100&amp#27;[39m
&amp#27;[38;5;0m[HTTP]&amp#27;[0m &amp#27;[90m&amp#27;[39m
&amp#27;[38;5;0m[HTTP]&amp#27;[0m &amp#27;[37m-->&amp#27;[39m &amp#27;[37mGET&amp#27;[39m &amp#27;[37m/session/24b485ec-92a7-408e-ba56-78682df800a3/element/33000000-0000-0000-1421-010000000000/rect&amp#27;[39m
&amp#27;[38;5;0m[HTTP]&amp#27;[0m &amp#27;[90m{}&amp#27;[39m
&amp#27;[38;5;32m[XCUITestDriver@55eb (24b485ec)]&amp#27;[0m Driver proxy active, passing request on via HTTP proxy
[debug] &amp#27;[38;5;32m[XCUITestDriver@55eb (24b485ec)]&amp#27;[0m Executing command 'proxyReqRes'
[debug] &amp#27;[38;5;32m[XCUITestDriver@55eb (24b485ec)]&amp#27;[0m Matched '/session/24b485ec-92a7-408e-ba56-78682df800a3/element/33000000-0000-0000-1421-010000000000/rect' to command name 'getElementRect'
[debug] &amp#27;[38;5;32m[XCUITestDriver@55eb (24b485ec)]&amp#27;[0m Proxying [GET /session/24b485ec-92a7-408e-ba56-78682df800a3/element/33000000-0000-0000-1421-010000000000/rect] to [GET http://127.0.0.1:8100/session/56D70ACD-A8F3-4900-A498-C9E849921D48/element/33000000-0000-0000-1421-010000000000/rect] with no body
[debug] &amp#27;[38;5;32m[XCUITestDriver@55eb (24b485ec)]&amp#27;[0m Got response with status 200: {"value":{"y":765,"x":0,"width":130,"height":50},"sessionId":"56D70ACD-A8F3-4900-A498-C9E849921D48"}
&amp#27;[38;5;32m[XCUITestDriver@55eb (24b485ec)]&amp#27;[0m Replacing sessionId 56D70ACD-A8F3-4900-A498-C9E849921D48 with 24b485ec-92a7-408e-ba56-78682df800a3
&amp#27;[38;5;0m[HTTP]&amp#27;[0m &amp#27;[37m<-- GET /session/24b485ec-92a7-408e-ba56-78682df800a3/element/33000000-0000-0000-1421-010000000000/rect &amp#27;[39m&amp#27;[32m200&amp#27;[39m &amp#27;[90m131 ms - 100&amp#27;[39m
&amp#27;[38;5;0m[HTTP]&amp#27;[0m &amp#27;[90m&amp#27;[39m
&amp#27;[38;5;0m[HTTP]&amp#27;[0m &amp#27;[37m-->&amp#27;[39m &amp#27;[37mPOST&amp#27;[39m &amp#27;[37m/session/24b485ec-92a7-408e-ba56-78682df800a3/actions&amp#27;[39m
&amp#27;[38;5;0m[HTTP]&amp#27;[0m &amp#27;[90m{"actions":[{"id":"finger1","type":"pointer","parameters":{"pointerType":"touch"},"actions":[{"duration":0,"type":"pause"},{"duration":0,"x":65,"y":790,"type":"pointerMove","origin":"viewport"},{"button":0,"type":"pointerDown"},{"duration":200,"type":"pause"},{"button":0,"type":"pointerUp"}]}]}&amp#27;[39m
[debug] &amp#27;[38;5;32m[XCUITestDriver@55eb (24b485ec)]&amp#27;[0m Calling AppiumDriver.performActions() with args: [[{"id":"finger1","type":"pointer","parameters":{"pointerType":"touch"},"actions":[{"duration":0,"type":"pause"},{"duration":0,"x":65,"y":790,"type":"pointerMove","origin":"viewport"},{"button":0,"type":"pointerDown"},{"duration":200,"type":"pause"},{"button":0,"type":"pointerUp"}]}],"24b485ec-92a7-408e-ba56-78682df800a3"]
[debug] &amp#27;[38;5;32m[XCUITestDriver@55eb (24b485ec)]&amp#27;[0m Executing command 'performActions'
[debug] &amp#27;[38;5;32m[XCUITestDriver@55eb (24b485ec)]&amp#27;[0m Received the following W3C actions: [
[debug] &amp#27;[38;5;32m[XCUITestDriver@55eb (24b485ec)]&amp#27;[0m   {
[debug] &amp#27;[38;5;32m[XCUITestDriver@55eb (24b485ec)]&amp#27;[0m     "id": "finger1",
[debug] &amp#27;[38;5;32m[XCUITestDriver@55eb (24b485ec)]&amp#27;[0m     "type": "pointer",
[debug] &amp#27;[38;5;32m[XCUITestDriver@55eb (24b485ec)]&amp#27;[0m     "parameters": {
[debug] &amp#27;[38;5;32m[XCUITestDriver@55eb (24b485ec)]&amp#27;[0m       "pointerType": "touch"
[debug] &amp#27;[38;5;32m[XCUITestDriver@55eb (24b485ec)]&amp#27;[0m     },
[debug] &amp#27;[38;5;32m[XCUITestDriver@55eb (24b485ec)]&amp#27;[0m     "actions": [
[debug] &amp#27;[38;5;32m[XCUITestDriver@55eb (24b485ec)]&amp#27;[0m       {
[debug] &amp#27;[38;5;32m[XCUITestDriver@55eb (24b485ec)]&amp#27;[0m         "duration": 0,
[debug] &amp#27;[38;5;32m[XCUITestDriver@55eb (24b485ec)]&amp#27;[0m         "type": "pause"
[debug] &amp#27;[38;5;32m[XCUITestDriver@55eb (24b485ec)]&amp#27;[0m       },
[debug] &amp#27;[38;5;32m[XCUITestDriver@55eb (24b485ec)]&amp#27;[0m       {
[debug] &amp#27;[38;5;32m[XCUITestDriver@55eb (24b485ec)]&amp#27;[0m         "duration": 0,
[debug] &amp#27;[38;5;32m[XCUITestDriver@55eb (24b485ec)]&amp#27;[0m         "x": 65,
[debug] &amp#27;[38;5;32m[XCUITestDriver@55eb (24b485ec)]&amp#27;[0m         "y": 790,
[debug] &amp#27;[38;5;32m[XCUITestDriver@55eb (24b485ec)]&amp#27;[0m         "type": "pointerMove",
[debug] &amp#27;[38;5;32m[XCUITestDriver@55eb (24b485ec)]&amp#27;[0m         "origin": "viewport"
[debug] &amp#27;[38;5;32m[XCUITestDriver@55eb (24b485ec)]&amp#27;[0m       },
[debug] &amp#27;[38;5;32m[XCUITestDriver@55eb (24b485ec)]&amp#27;[0m       {
[debug] &amp#27;[38;5;32m[XCUITestDriver@55eb (24b485ec)]&amp#27;[0m         "button": 0,
[debug] &amp#27;[38;5;32m[XCUITestDriver@55eb (24b485ec)]&amp#27;[0m         "type": "pointerDown"
[debug] &amp#27;[38;5;32m[XCUITestDriver@55eb (24b485ec)]&amp#27;[0m       },
[debug] &amp#27;[38;5;32m[XCUITestDriver@55eb (24b485ec)]&amp#27;[0m       {
[debug] &amp#27;[38;5;32m[XCUITestDriver@55eb (24b485ec)]&amp#27;[0m         "duration": 200,
[debug] &amp#27;[38;5;32m[XCUITestDriver@55eb (24b485ec)]&amp#27;[0m         "type": "pause"
[debug] &amp#27;[38;5;32m[XCUITestDriver@55eb (24b485ec)]&amp#27;[0m       },
[debug] &amp#27;[38;5;32m[XCUITestDriver@55eb (24b485ec)]&amp#27;[0m       {
[debug] &amp#27;[38;5;32m[XCUITestDriver@55eb (24b485ec)]&amp#27;[0m         "button": 0,
[debug] &amp#27;[38;5;32m[XCUITestDriver@55eb (24b485ec)]&amp#27;[0m         "type": "pointerUp"
[debug] &amp#27;[38;5;32m[XCUITestDriver@55eb (24b485ec)]&amp#27;[0m       }
[debug] &amp#27;[38;5;32m[XCUITestDriver@55eb (24b485ec)]&amp#27;[0m     ]
[debug] &amp#27;[38;5;32m[XCUITestDriver@55eb (24b485ec)]&amp#27;[0m   }
[debug] &amp#27;[38;5;32m[XCUITestDriver@55eb (24b485ec)]&amp#27;[0m ]
[debug] &amp#27;[38;5;32m[XCUITestDriver@55eb (24b485ec)]&amp#27;[0m Preprocessed actions: [
[debug] &amp#27;[38;5;32m[XCUITestDriver@55eb (24b485ec)]&amp#27;[0m   {
[debug] &amp#27;[38;5;32m[XCUITestDriver@55eb (24b485ec)]&amp#27;[0m     "id": "finger1",
[debug] &amp#27;[38;5;32m[XCUITestDriver@55eb (24b485ec)]&amp#27;[0m     "type": "pointer",
[debug] &amp#27;[38;5;32m[XCUITestDriver@55eb (24b485ec)]&amp#27;[0m     "parameters": {
[debug] &amp#27;[38;5;32m[XCUITestDriver@55eb (24b485ec)]&amp#27;[0m       "pointerType": "touch"
[debug] &amp#27;[38;5;32m[XCUITestDriver@55eb (24b485ec)]&amp#27;[0m     },
[debug] &amp#27;[38;5;32m[XCUITestDriver@55eb (24b485ec)]&amp#27;[0m     "actions": [
[debug] &amp#27;[38;5;32m[XCUITestDriver@55eb (24b485ec)]&amp#27;[0m       {
[debug] &amp#27;[38;5;32m[XCUITestDriver@55eb (24b485ec)]&amp#27;[0m         "duration": 0,
[debug] &amp#27;[38;5;32m[XCUITestDriver@55eb (24b485ec)]&amp#27;[0m         "x": 65,
[debug] &amp#27;[38;5;32m[XCUITestDriver@55eb (24b485ec)]&amp#27;[0m         "y": 790,
[debug] &amp#27;[38;5;32m[XCUITestDriver@55eb (24b485ec)]&amp#27;[0m         "type": "pointerMove",
[debug] &amp#27;[38;5;32m[XCUITestDriver@55eb (24b485ec)]&amp#27;[0m         "origin": "viewport"
[debug] &amp#27;[38;5;32m[XCUITestDriver@55eb (24b485ec)]&amp#27;[0m       },
[debug] &amp#27;[38;5;32m[XCUITestDriver@55eb (24b485ec)]&amp#27;[0m       {
[debug] &amp#27;[38;5;32m[XCUITestDriver@55eb (24b485ec)]&amp#27;[0m         "button": 0,
[debug] &amp#27;[38;5;32m[XCUITestDriver@55eb (24b485ec)]&amp#27;[0m         "type": "pointerDown"
[debug] &amp#27;[38;5;32m[XCUITestDriver@55eb (24b485ec)]&amp#27;[0m       },
[debug] &amp#27;[38;5;32m[XCUITestDriver@55eb (24b485ec)]&amp#27;[0m       {
[debug] &amp#27;[38;5;32m[XCUITestDriver@55eb (24b485ec)]&amp#27;[0m         "duration": 200,
[debug] &amp#27;[38;5;32m[XCUITestDriver@55eb (24b485ec)]&amp#27;[0m         "type": "pause"
[debug] &amp#27;[38;5;32m[XCUITestDriver@55eb (24b485ec)]&amp#27;[0m       },
[debug] &amp#27;[38;5;32m[XCUITestDriver@55eb (24b485ec)]&amp#27;[0m       {
[debug] &amp#27;[38;5;32m[XCUITestDriver@55eb (24b485ec)]&amp#27;[0m         "button": 0,
[debug] &amp#27;[38;5;32m[XCUITestDriver@55eb (24b485ec)]&amp#27;[0m         "type": "pointerUp"
[debug] &amp#27;[38;5;32m[XCUITestDriver@55eb (24b485ec)]&amp#27;[0m       }
[debug] &amp#27;[38;5;32m[XCUITestDriver@55eb (24b485ec)]&amp#27;[0m     ]
[debug] &amp#27;[38;5;32m[XCUITestDriver@55eb (24b485ec)]&amp#27;[0m   }
[debug] &amp#27;[38;5;32m[XCUITestDriver@55eb (24b485ec)]&amp#27;[0m ]
[debug] &amp#27;[38;5;32m[XCUITestDriver@55eb (24b485ec)]&amp#27;[0m Matched '/actions' to command name 'performActions'
[debug] &amp#27;[38;5;32m[XCUITestDriver@55eb (24b485ec)]&amp#27;[0m Proxying [POST /actions] to [POST http://127.0.0.1:8100/session/56D70ACD-A8F3-4900-A498-C9E849921D48/actions] with body: {"actions":[{"id":"finger1","type":"pointer","parameters":{"pointerType":"touch"},"actions":[{"duration":0,"x":65,"y":790,"type":"pointerMove","origin":"viewport"},{"button":0,"type":"pointerDown"},{"duration":200,"type":"pause"},{"button":0,"type":"pointerUp"}]}]}
[debug] &amp#27;[38;5;32m[XCUITestDriver@55eb (24b485ec)]&amp#27;[0m Got response with status 200: {"value":null,"sessionId":"56D70ACD-A8F3-4900-A498-C9E849921D48"}
[debug] &amp#27;[38;5;32m[XCUITestDriver@55eb (24b485ec)]&amp#27;[0m Responding to client with driver.performActions() result: null
&amp#27;[38;5;0m[HTTP]&amp#27;[0m &amp#27;[37m<-- POST /session/24b485ec-92a7-408e-ba56-78682df800a3/actions &amp#27;[39m&amp#27;[32m200&amp#27;[39m &amp#27;[90m788 ms - 14&amp#27;[39m
&amp#27;[38;5;0m[HTTP]&amp#27;[0m &amp#27;[90m&amp#27;[39m
&amp#27;[38;5;0m[HTTP]&amp#27;[0m &amp#27;[37m-->&amp#27;[39m &amp#27;[37mPOST&amp#27;[39m &amp#27;[37m/session/24b485ec-92a7-408e-ba56-78682df800a3/element&amp#27;[39m
&amp#27;[38;5;0m[HTTP]&amp#27;[0m &amp#27;[90m{"using":"xpath","value":"//XCUIElementTypeStaticText[@name='Products']"}&amp#27;[39m
[debug] &amp#27;[38;5;32m[XCUITestDriver@55eb (24b485ec)]&amp#27;[0m Calling AppiumDriver.findElement() with args: ["xpath","//XCUIElementTypeStaticText[@name='Products']","24b485ec-92a7-408e-ba56-78682df800a3"]
[debug] &amp#27;[38;5;32m[XCUITestDriver@55eb (24b485ec)]&amp#27;[0m Executing command 'findElement'
[debug] &amp#27;[38;5;32m[XCUITestDriver@55eb (24b485ec)]&amp#27;[0m Valid locator strategies for this request: xpath, id, name, class name, -ios predicate string, -ios class chain, accessibility id, css selector
[debug] &amp#27;[38;5;32m[XCUITestDriver@55eb (24b485ec)]&amp#27;[0m Waiting up to 0 ms for condition
[debug] &amp#27;[38;5;32m[XCUITestDriver@55eb (24b485ec)]&amp#27;[0m Matched '/element' to command name 'findElement'
[debug] &amp#27;[38;5;32m[XCUITestDriver@55eb (24b485ec)]&amp#27;[0m Proxying [POST /element] to [POST http://127.0.0.1:8100/session/56D70ACD-A8F3-4900-A498-C9E849921D48/element] with body: {"using":"xpath","value":"//XCUIElementTypeStaticText[@name='Products']"}
[debug] &amp#27;[38;5;32m[XCUITestDriver@55eb (24b485ec)]&amp#27;[0m Got response with status 200: {"value":{"ELEMENT":"5B000000-0000-0000-1421-010000000000","element-6066-11e4-a52e-4f735466cecf":"5B000000-0000-0000-1421-010000000000"},"sessionId":"56D70ACD-A8F3-4900-A498-C9E849921D48"}
[debug] &amp#27;[38;5;32m[XCUITestDriver@55eb (24b485ec)]&amp#27;[0m Responding to client with driver.findElement() result: {"element-6066-11e4-a52e-4f735466cecf":"5B000000-0000-0000-1421-010000000000","ELEMENT":"5B000000-0000-0000-1421-010000000000"}
&amp#27;[38;5;0m[HTTP]&amp#27;[0m &amp#27;[37m<-- POST /session/24b485ec-92a7-408e-ba56-78682df800a3/element &amp#27;[39m&amp#27;[32m200&amp#27;[39m &amp#27;[90m2848 ms - 137&amp#27;[39m
&amp#27;[38;5;0m[HTTP]&amp#27;[0m &amp#27;[90m&amp#27;[39m
&amp#27;[38;5;0m[HTTP]&amp#27;[0m &amp#27;[37m-->&amp#27;[39m &amp#27;[37mGET&amp#27;[39m &amp#27;[37m/session/24b485ec-92a7-408e-ba56-78682df800a3/element/5B000000-0000-0000-1421-010000000000/displayed&amp#27;[39m
&amp#27;[38;5;0m[HTTP]&amp#27;[0m &amp#27;[90m{}&amp#27;[39m
&amp#27;[38;5;32m[XCUITestDriver@55eb (24b485ec)]&amp#27;[0m Driver proxy active, passing request on via HTTP proxy
[debug] &amp#27;[38;5;32m[XCUITestDriver@55eb (24b485ec)]&amp#27;[0m Executing command 'proxyReqRes'
[debug] &amp#27;[38;5;32m[XCUITestDriver@55eb (24b485ec)]&amp#27;[0m Matched '/session/24b485ec-92a7-408e-ba56-78682df800a3/element/5B000000-0000-0000-1421-010000000000/displayed' to command name 'elementDisplayed'
[debug] &amp#27;[38;5;32m[XCUITestDriver@55eb (24b485ec)]&amp#27;[0m Proxying [GET /session/24b485ec-92a7-408e-ba56-78682df800a3/element/5B000000-0000-0000-1421-010000000000/displayed] to [GET http://127.0.0.1:8100/session/56D70ACD-A8F3-4900-A498-C9E849921D48/element/5B000000-0000-0000-1421-010000000000/displayed] with no body
[debug] &amp#27;[38;5;32m[XCUITestDriver@55eb (24b485ec)]&amp#27;[0m Got response with status 200: {"value":true,"sessionId":"56D70ACD-A8F3-4900-A498-C9E849921D48"}
&amp#27;[38;5;32m[XCUITestDriver@55eb (24b485ec)]&amp#27;[0m Replacing sessionId 56D70ACD-A8F3-4900-A498-C9E849921D48 with 24b485ec-92a7-408e-ba56-78682df800a3
&amp#27;[38;5;0m[HTTP]&amp#27;[0m &amp#27;[37m<-- GET /session/24b485ec-92a7-408e-ba56-78682df800a3/element/5B000000-0000-0000-1421-010000000000/displayed &amp#27;[39m&amp#27;[32m200&amp#27;[39m &amp#27;[90m207 ms - 65&amp#27;[39m
&amp#27;[38;5;0m[HTTP]&amp#27;[0m &amp#27;[90m&amp#27;[39m
  Then User is on login page            # StepDefinations.LoginSteps.userIsOnLoginPage()
&amp#27;[38;5;0m[HTTP]&amp#27;[0m &amp#27;[37m-->&amp#27;[39m &amp#27;[37mGET&amp#27;[39m &amp#27;[37m/session/24b485ec-92a7-408e-ba56-78682df800a3/screenshot&amp#27;[39m
&amp#27;[38;5;0m[HTTP]&amp#27;[0m &amp#27;[90m{}&amp#27;[39m
[debug] &amp#27;[38;5;32m[XCUITestDriver@55eb (24b485ec)]&amp#27;[0m Calling AppiumDriver.getScreenshot() with args: ["24b485ec-92a7-408e-ba56-78682df800a3"]
[debug] &amp#27;[38;5;32m[XCUITestDriver@55eb (24b485ec)]&amp#27;[0m Executing command 'getScreenshot'
[debug] &amp#27;[38;5;32m[XCUITestDriver@55eb (24b485ec)]&amp#27;[0m Taking screenshot with WDA
[debug] &amp#27;[38;5;32m[XCUITestDriver@55eb (24b485ec)]&amp#27;[0m Matched '/screenshot' to command name 'getScreenshot'
[debug] &amp#27;[38;5;32m[XCUITestDriver@55eb (24b485ec)]&amp#27;[0m Proxying [GET /screenshot] to [GET http://127.0.0.1:8100/session/56D70ACD-A8F3-4900-A498-C9E849921D48/screenshot] with no body
[debug] &amp#27;[38;5;32m[XCUITestDriver@55eb (24b485ec)]&amp#27;[0m Got response with status 200: {"value":"iVBORw0KGgoAAAANSUhEUgAABJIAAAnkCAYAAABWQUsDAAAAAXNSR0IArs4c6QAAADhlWElmTU0AKgAAAAgAAYdpAAQAAAABAAAAGgAAAAAAAqACAAQAAAABAAAEkqADAAQAAAABAAAJ5AAAAADoPni0AAAAHGlET1QAAAACAAAAAAAABPIAAAAoAAAE8gAABPIADaSoOJE+ZgAAQABJREFUeAHs3Qm8XGd533FT2tDSFpqmIZCwBEIJCWnaBBpIGpImEJKSkEBoQz5sIaFN2hISICl4B1uy5F2WLcmWJduyZVuWd8v7vq+ysbzv8i5Z3mRtd/Z5+/yfO+/4zNwz975n7syde8XvfD7Dla7OPefMd94ZfP73fZ53j8CGAAIIIIAAAggggAACCCCAAAIIIIBAgsAeCfuwCwIIIIAAAggggAACCCCAAAIIIIAAAoEgiUGAAAIIIIAAAggggAACCCCAAAIIIJAkQJCUxMROCCCAAAIIIIAAAggggAACCCCAAAIESYwBBBBAAAEEEEAAAQQQQAABBBBAAIEkAYKkJCZ2QgABBBBAAAEEEEAAAQQQQAABBBAgSGIMIIAAAggggAACCCCAAAIIIIAAAggkCRAkJTGxEwIIIIAAAggggAACCCCAAAIIIIAAQRJjAAEEEEAAAQQQQAABBBBAAAEEEEAgSYAgKYmJnRBAAAEEEEAAAQQQQAABBBBAAAEECJIYAwgggAACCCCAAAIIIIAAAggggAACSQIESUlM7IQAAggggAACCCCAAAIIIIAAAgggQJDEGEAAAQQQQAABBBBAAAEEEEAAAQQQSBIgSEpiYicEEEAAAQQQQAABBBBAAAEEEEAAAYIkxgACCCCAAAIIIIAAAggggAACCCCAQJIAQVISEzshgAACCCCAAAIIIIAAAggggAACCBAkMQYQQAABBBBAAAEEEEAAAQQQQAABBJIECJKSmNgJAQQQQAABBBBAAAEEEEAAAQQQQIAgiTGAAAIIIIAAAgg...
[debug] &amp#27;[38;5;32m[XCUITestDriver@55eb (24b485ec)]&amp#27;[0m Responding to client with driver.getScreenshot() result: "iVBORw0KGgoAAAANSUhEUgAABJIAAAnkCAYAAABWQUsDAAAAAXNSR0IArs4c6QAAADhlWElmTU0AKgAAAAgAAYdpAAQAAAABAAAAGgAAAAAAAqACAAQAAAABAAAEkqADAAQAAAABAAAJ5AAAAADoPni0AAAAHGlET1QAAAACAAAAAAAABPIAAAAoAAAE8gAABPIADaSoOJE+ZgAAQABJREFUeAHs3Qm8XGd533FT2tDSFpqmIZCwBEIJCWnaBBpIGpImEJKSkEBoQz5sIaFN2hISICl4B1uy5F2WLcmWJduyZVuWd8v7vq+ysbzv8i5Z3mRtd/Z5+/yfO+/4zNwz975n7syde8XvfD7Dla7OPefMd94ZfP73fZ53j8CGAAIIIIAAAggggAACCCCAAAIIIIBAgsAeCfuwCwIIIIAAAggggAACCCCAAAIIIIAAAoEgiUGAAAIIIIAAAggggAACCCCAAAIIIJAkQJCUxMROCCCAAAIIIIAAAggggAACCCCAAAIESYwBBBBAAAEEEEAAAQQQQAABBBBAAIEkAYKkJCZ2QgABBBBAAAEEEEAAAQQQQAABBBAgSGIMIIAAAggggAACCCCAAAIIIIAAAggkCRAkJTGxEwIIIIAAAggggAACCCCAAAIIIIAAQRJjAAEEEEAAAQQQQAABBBBAAAEEEEAgSYAgKYmJnRBAAAEEEEAAAQQQQAABBBBAAAEECJIYAwgggAACCCCAAAIIIIAAAggggAACSQIESUlM7IQAAggggAACCCCAAAIIIIAAAgggQJDEGEAAAQQQQAABBBBAAAEEEEAAAQQQSBIgSEpiYicEEEAAAQQQQAABBBBAAAEEEEAAAYIkxgACCCCAAAIIIIAAAggggAACCCCAQJIAQVISEzshgAACCCCAAAIIIIAAAggggAACCBAkMQYQQAABBBBAAAEEEEAAAQQQQAABBJIECJKSmNgJAQQQQAABBBBAAAEEEEAAAQQQQIAgiTGAAAIIIIAAAggggAACCCCA...
&amp#27;[38;5;0m[HTTP]&amp#27;[0m &amp#27;[37m<-- GET /session/24b485ec-92a7-408e-ba56-78682df800a3/screenshot &amp#27;[39m&amp#27;[32m200&amp#27;[39m &amp#27;[90m541 ms - 2231128&amp#27;[39m
&amp#27;[38;5;0m[HTTP]&amp#27;[0m &amp#27;[90m&amp#27;[39m

    Embedding screenshot [image/png 1673336 bytes]

&amp#27;[38;5;0m[HTTP]&amp#27;[0m &amp#27;[37m-->&amp#27;[39m &amp#27;[37mGET&amp#27;[39m &amp#27;[37m/session/24b485ec-92a7-408e-ba56-78682df800a3/screenshot&amp#27;[39m
&amp#27;[38;5;0m[HTTP]&amp#27;[0m &amp#27;[90m{}&amp#27;[39m
[debug] &amp#27;[38;5;32m[XCUITestDriver@55eb (24b485ec)]&amp#27;[0m Calling AppiumDriver.getScreenshot() with args: ["24b485ec-92a7-408e-ba56-78682df800a3"]
[debug] &amp#27;[38;5;32m[XCUITestDriver@55eb (24b485ec)]&amp#27;[0m Executing command 'getScreenshot'
[debug] &amp#27;[38;5;32m[XCUITestDriver@55eb (24b485ec)]&amp#27;[0m Taking screenshot with WDA
[debug] &amp#27;[38;5;32m[XCUITestDriver@55eb (24b485ec)]&amp#27;[0m Matched '/screenshot' to command name 'getScreenshot'
[debug] &amp#27;[38;5;32m[XCUITestDriver@55eb (24b485ec)]&amp#27;[0m Proxying [GET /screenshot] to [GET http://127.0.0.1:8100/session/56D70ACD-A8F3-4900-A498-C9E849921D48/screenshot] with no body
[debug] &amp#27;[38;5;32m[XCUITestDriver@55eb (24b485ec)]&amp#27;[0m Got response with status 200: {"value":"iVBORw0KGgoAAAANSUhEUgAABJIAAAnkCAYAAABWQUsDAAAAAXNSR0IArs4c6QAAADhlWElmTU0AKgAAAAgAAYdpAAQAAAABAAAAGgAAAAAAAqACAAQAAAABAAAEkqADAAQAAAABAAAJ5AAAAADoPni0AAAAHGlET1QAAAACAAAAAAAABPIAAAAoAAAE8gAABPIADaSoOJE+ZgAAQABJREFUeAHs3Qm8XGd533FT2tDSFpqmIZCwBEIJCWnaBBpIGpImEJKSkEBoQz5sIaFN2hISICl4B1uy5F2WLcmWJduyZVuWd8v7vq+ysbzv8i5Z3mRtd/Z5+/yfO+/4zNwz975n7syde8XvfD7Dla7OPefMd94ZfP73fZ53j8CGAAIIIIAAAggggAACCCCAAAIIIIBAgsAeCfuwCwIIIIAAAggggAACCCCAAAIIIIAAAoEgiUGAAAIIIIAAAggggAACCCCAAAIIIJAkQJCUxMROCCCAAAIIIIAAAggggAACCCCAAAIESYwBBBBAAAEEEEAAAQQQQAABBBBAAIEkAYKkJCZ2QgABBBBAAAEEEEAAAQQQQAABBBAgSGIMIIAAAggggAACCCCAAAIIIIAAAggkCRAkJTGxEwIIIIAAAggggAACCCCAAAIIIIAAQRJjAAEEEEAAAQQQQAABBBBAAAEEEEAgSYAgKYmJnRBAAAEEEEAAAQQQQAABBBBAAAEECJIYAwgggAACCCCAAAIIIIAAAggggAACSQIESUlM7IQAAggggAACCCCAAAIIIIAAAgggQJDEGEAAAQQQQAABBBBAAAEEEEAAAQQQSBIgSEpiYicEEEAAAQQQQAABBBBAAAEEEEAAAYIkxgACCCCAAAIIIIAAAggggAACCCCAQJIAQVISEzshgAACCCCAAAIIIIAAAggggAACCBAkMQYQQAABBBBAAAEEEEAAAQQQQAABBJIECJKSmNgJAQQQQAABBBBAAAEEEEAAAQQQQIAgiTGAAAIIIIAAAgg...
[debug] &amp#27;[38;5;32m[XCUITestDriver@55eb (24b485ec)]&amp#27;[0m Responding to client with driver.getScreenshot() result: "iVBORw0KGgoAAAANSUhEUgAABJIAAAnkCAYAAABWQUsDAAAAAXNSR0IArs4c6QAAADhlWElmTU0AKgAAAAgAAYdpAAQAAAABAAAAGgAAAAAAAqACAAQAAAABAAAEkqADAAQAAAABAAAJ5AAAAADoPni0AAAAHGlET1QAAAACAAAAAAAABPIAAAAoAAAE8gAABPIADaSoOJE+ZgAAQABJREFUeAHs3Qm8XGd533FT2tDSFpqmIZCwBEIJCWnaBBpIGpImEJKSkEBoQz5sIaFN2hISICl4B1uy5F2WLcmWJduyZVuWd8v7vq+ysbzv8i5Z3mRtd/Z5+/yfO+/4zNwz975n7syde8XvfD7Dla7OPefMd94ZfP73fZ53j8CGAAIIIIAAAggggAACCCCAAAIIIIBAgsAeCfuwCwIIIIAAAggggAACCCCAAAIIIIAAAoEgiUGAAAIIIIAAAggggAACCCCAAAIIIJAkQJCUxMROCCCAAAIIIIAAAggggAACCCCAAAIESYwBBBBAAAEEEEAAAQQQQAABBBBAAIEkAYKkJCZ2QgABBBBAAAEEEEAAAQQQQAABBBAgSGIMIIAAAggggAACCCCAAAIIIIAAAggkCRAkJTGxEwIIIIAAAggggAACCCCAAAIIIIAAQRJjAAEEEEAAAQQQQAABBBBAAAEEEEAgSYAgKYmJnRBAAAEEEEAAAQQQQAABBBBAAAEECJIYAwgggAACCCCAAAIIIIAAAggggAACSQIESUlM7IQAAggggAACCCCAAAIIIIAAAgggQJDEGEAAAQQQQAABBBBAAAEEEEAAAQQQSBIgSEpiYicEEEAAAQQQQAABBBBAAAEEEEAAAYIkxgACCCCAAAIIIIAAAggggAACCCCAQJIAQVISEzshgAACCCCAAAIIIIAAAggggAACCBAkMQYQQAABBBBAAAEEEEAAAQQQQAABBJIECJKSmNgJAQQQQAABBBBAAAEEEEAAAQQQQIAgiTGAAAIIIIAAAggggAACCCCA...
&amp#27;[38;5;0m[HTTP]&amp#27;[0m &amp#27;[37m<-- GET /session/24b485ec-92a7-408e-ba56-78682df800a3/screenshot &amp#27;[39m&amp#27;[32m200&amp#27;[39m &amp#27;[90m590 ms - 2231128&amp#27;[39m
&amp#27;[38;5;0m[HTTP]&amp#27;[0m &amp#27;[90m&amp#27;[39m

    Embedding screenshot [image/png 1673336 bytes]

]]></system-out>
  </testcase>
  <testcase name="runScenario[&quot;Verify user able to navigate to the cart page&quot;, &quot;validate Cataloge page&quot;](3)" classname="TestRunners.TestRunner" time="27.075">
    <system-out><![CDATA[
@Smoke @Navigation
Scenario: Verify user able to navigate to the cart page # src/test/resources/Features/Navigation.feature:5
&amp#27;[38;5;0m[HTTP]&amp#27;[0m &amp#27;[37m-->&amp#27;[39m &amp#27;[37mPOST&amp#27;[39m &amp#27;[37m/session/24b485ec-92a7-408e-ba56-78682df800a3/element&amp#27;[39m
&amp#27;[38;5;0m[HTTP]&amp#27;[0m &amp#27;[90m{"using":"xpath","value":"//XCUIElementTypeButton[@name='tab bar option catalog']"}&amp#27;[39m
[debug] &amp#27;[38;5;32m[XCUITestDriver@55eb (24b485ec)]&amp#27;[0m Calling AppiumDriver.findElement() with args: ["xpath","//XCUIElementTypeButton[@name='tab bar option catalog']","24b485ec-92a7-408e-ba56-78682df800a3"]
[debug] &amp#27;[38;5;32m[XCUITestDriver@55eb (24b485ec)]&amp#27;[0m Executing command 'findElement'
[debug] &amp#27;[38;5;32m[XCUITestDriver@55eb (24b485ec)]&amp#27;[0m Valid locator strategies for this request: xpath, id, name, class name, -ios predicate string, -ios class chain, accessibility id, css selector
[debug] &amp#27;[38;5;32m[XCUITestDriver@55eb (24b485ec)]&amp#27;[0m Waiting up to 0 ms for condition
[debug] &amp#27;[38;5;32m[XCUITestDriver@55eb (24b485ec)]&amp#27;[0m Matched '/element' to command name 'findElement'
[debug] &amp#27;[38;5;32m[XCUITestDriver@55eb (24b485ec)]&amp#27;[0m Proxying [POST /element] to [POST http://127.0.0.1:8100/session/56D70ACD-A8F3-4900-A498-C9E849921D48/element] with body: {"using":"xpath","value":"//XCUIElementTypeButton[@name='tab bar option catalog']"}
[debug] &amp#27;[38;5;32m[XCUITestDriver@55eb (24b485ec)]&amp#27;[0m Got response with status 200: {"value":{"ELEMENT":"33000000-0000-0000-1421-010000000000","element-6066-11e4-a52e-4f735466cecf":"33000000-0000-0000-1421-010000000000"},"sessionId":"56D70ACD-A8F3-4900-A498-C9E849921D48"}
[debug] &amp#27;[38;5;32m[XCUITestDriver@55eb (24b485ec)]&amp#27;[0m Responding to client with driver.findElement() result: {"element-6066-11e4-a52e-4f735466cecf":"33000000-0000-0000-1421-010000000000","ELEMENT":"33000000-0000-0000-1421-010000000000"}
&amp#27;[38;5;0m[HTTP]&amp#27;[0m &amp#27;[37m<-- POST /session/24b485ec-92a7-408e-ba56-78682df800a3/element &amp#27;[39m&amp#27;[32m200&amp#27;[39m &amp#27;[90m3166 ms - 137&amp#27;[39m
&amp#27;[38;5;0m[HTTP]&amp#27;[0m &amp#27;[90m&amp#27;[39m
&amp#27;[38;5;0m[HTTP]&amp#27;[0m &amp#27;[37m-->&amp#27;[39m &amp#27;[37mGET&amp#27;[39m &amp#27;[37m/session/24b485ec-92a7-408e-ba56-78682df800a3/element/33000000-0000-0000-1421-010000000000/displayed&amp#27;[39m
&amp#27;[38;5;0m[HTTP]&amp#27;[0m &amp#27;[90m{}&amp#27;[39m
&amp#27;[38;5;32m[XCUITestDriver@55eb (24b485ec)]&amp#27;[0m Driver proxy active, passing request on via HTTP proxy
[debug] &amp#27;[38;5;32m[XCUITestDriver@55eb (24b485ec)]&amp#27;[0m Executing command 'proxyReqRes'
[debug] &amp#27;[38;5;32m[XCUITestDriver@55eb (24b485ec)]&amp#27;[0m Matched '/session/24b485ec-92a7-408e-ba56-78682df800a3/element/33000000-0000-0000-1421-010000000000/displayed' to command name 'elementDisplayed'
[debug] &amp#27;[38;5;32m[XCUITestDriver@55eb (24b485ec)]&amp#27;[0m Proxying [GET /session/24b485ec-92a7-408e-ba56-78682df800a3/element/33000000-0000-0000-1421-010000000000/displayed] to [GET http://127.0.0.1:8100/session/56D70ACD-A8F3-4900-A498-C9E849921D48/element/33000000-0000-0000-1421-010000000000/displayed] with no body
[debug] &amp#27;[38;5;32m[XCUITestDriver@55eb (24b485ec)]&amp#27;[0m Got response with status 200: {"value":true,"sessionId":"56D70ACD-A8F3-4900-A498-C9E849921D48"}
&amp#27;[38;5;32m[XCUITestDriver@55eb (24b485ec)]&amp#27;[0m Replacing sessionId 56D70ACD-A8F3-4900-A498-C9E849921D48 with 24b485ec-92a7-408e-ba56-78682df800a3
&amp#27;[38;5;0m[HTTP]&amp#27;[0m &amp#27;[37m<-- GET /session/24b485ec-92a7-408e-ba56-78682df800a3/element/33000000-0000-0000-1421-010000000000/displayed &amp#27;[39m&amp#27;[32m200&amp#27;[39m &amp#27;[90m217 ms - 65&amp#27;[39m
&amp#27;[38;5;0m[HTTP]&amp#27;[0m &amp#27;[90m&amp#27;[39m
&amp#27;[38;5;0m[HTTP]&amp#27;[0m &amp#27;[37m-->&amp#27;[39m &amp#27;[37mPOST&amp#27;[39m &amp#27;[37m/session/24b485ec-92a7-408e-ba56-78682df800a3/element&amp#27;[39m
&amp#27;[38;5;0m[HTTP]&amp#27;[0m &amp#27;[90m{"using":"xpath","value":"//XCUIElementTypeButton[@name='tab bar option catalog']"}&amp#27;[39m
[debug] &amp#27;[38;5;32m[XCUITestDriver@55eb (24b485ec)]&amp#27;[0m Calling AppiumDriver.findElement() with args: ["xpath","//XCUIElementTypeButton[@name='tab bar option catalog']","24b485ec-92a7-408e-ba56-78682df800a3"]
[debug] &amp#27;[38;5;32m[XCUITestDriver@55eb (24b485ec)]&amp#27;[0m Executing command 'findElement'
[debug] &amp#27;[38;5;32m[XCUITestDriver@55eb (24b485ec)]&amp#27;[0m Valid locator strategies for this request: xpath, id, name, class name, -ios predicate string, -ios class chain, accessibility id, css selector
[debug] &amp#27;[38;5;32m[XCUITestDriver@55eb (24b485ec)]&amp#27;[0m Waiting up to 0 ms for condition
[debug] &amp#27;[38;5;32m[XCUITestDriver@55eb (24b485ec)]&amp#27;[0m Matched '/element' to command name 'findElement'
[debug] &amp#27;[38;5;32m[XCUITestDriver@55eb (24b485ec)]&amp#27;[0m Proxying [POST /element] to [POST http://127.0.0.1:8100/session/56D70ACD-A8F3-4900-A498-C9E849921D48/element] with body: {"using":"xpath","value":"//XCUIElementTypeButton[@name='tab bar option catalog']"}
[debug] &amp#27;[38;5;32m[XCUITestDriver@55eb (24b485ec)]&amp#27;[0m Got response with status 200: {"value":{"ELEMENT":"33000000-0000-0000-1421-010000000000","element-6066-11e4-a52e-4f735466cecf":"33000000-0000-0000-1421-010000000000"},"sessionId":"56D70ACD-A8F3-4900-A498-C9E849921D48"}
[debug] &amp#27;[38;5;32m[XCUITestDriver@55eb (24b485ec)]&amp#27;[0m Responding to client with driver.findElement() result: {"element-6066-11e4-a52e-4f735466cecf":"33000000-0000-0000-1421-010000000000","ELEMENT":"33000000-0000-0000-1421-010000000000"}
&amp#27;[38;5;0m[HTTP]&amp#27;[0m &amp#27;[37m<-- POST /session/24b485ec-92a7-408e-ba56-78682df800a3/element &amp#27;[39m&amp#27;[32m200&amp#27;[39m &amp#27;[90m3221 ms - 137&amp#27;[39m
&amp#27;[38;5;0m[HTTP]&amp#27;[0m &amp#27;[90m&amp#27;[39m
&amp#27;[38;5;0m[HTTP]&amp#27;[0m &amp#27;[37m-->&amp#27;[39m &amp#27;[37mGET&amp#27;[39m &amp#27;[37m/session/24b485ec-92a7-408e-ba56-78682df800a3/element/33000000-0000-0000-1421-010000000000/rect&amp#27;[39m
&amp#27;[38;5;0m[HTTP]&amp#27;[0m &amp#27;[90m{}&amp#27;[39m
&amp#27;[38;5;32m[XCUITestDriver@55eb (24b485ec)]&amp#27;[0m Driver proxy active, passing request on via HTTP proxy
[debug] &amp#27;[38;5;32m[XCUITestDriver@55eb (24b485ec)]&amp#27;[0m Executing command 'proxyReqRes'
[debug] &amp#27;[38;5;32m[XCUITestDriver@55eb (24b485ec)]&amp#27;[0m Matched '/session/24b485ec-92a7-408e-ba56-78682df800a3/element/33000000-0000-0000-1421-010000000000/rect' to command name 'getElementRect'
[debug] &amp#27;[38;5;32m[XCUITestDriver@55eb (24b485ec)]&amp#27;[0m Proxying [GET /session/24b485ec-92a7-408e-ba56-78682df800a3/element/33000000-0000-0000-1421-010000000000/rect] to [GET http://127.0.0.1:8100/session/56D70ACD-A8F3-4900-A498-C9E849921D48/element/33000000-0000-0000-1421-010000000000/rect] with no body
[debug] &amp#27;[38;5;32m[XCUITestDriver@55eb (24b485ec)]&amp#27;[0m Got response with status 200: {"value":{"y":765,"x":0,"width":130,"height":50},"sessionId":"56D70ACD-A8F3-4900-A498-C9E849921D48"}
&amp#27;[38;5;32m[XCUITestDriver@55eb (24b485ec)]&amp#27;[0m Replacing sessionId 56D70ACD-A8F3-4900-A498-C9E849921D48 with 24b485ec-92a7-408e-ba56-78682df800a3
&amp#27;[38;5;0m[HTTP]&amp#27;[0m &amp#27;[37m<-- GET /session/24b485ec-92a7-408e-ba56-78682df800a3/element/33000000-0000-0000-1421-010000000000/rect &amp#27;[39m&amp#27;[32m200&amp#27;[39m &amp#27;[90m189 ms - 100&amp#27;[39m
&amp#27;[38;5;0m[HTTP]&amp#27;[0m &amp#27;[90m&amp#27;[39m
&amp#27;[38;5;0m[HTTP]&amp#27;[0m &amp#27;[37m-->&amp#27;[39m &amp#27;[37mGET&amp#27;[39m &amp#27;[37m/session/24b485ec-92a7-408e-ba56-78682df800a3/element/33000000-0000-0000-1421-010000000000/rect&amp#27;[39m
&amp#27;[38;5;0m[HTTP]&amp#27;[0m &amp#27;[90m{}&amp#27;[39m
&amp#27;[38;5;32m[XCUITestDriver@55eb (24b485ec)]&amp#27;[0m Driver proxy active, passing request on via HTTP proxy
[debug] &amp#27;[38;5;32m[XCUITestDriver@55eb (24b485ec)]&amp#27;[0m Executing command 'proxyReqRes'
[debug] &amp#27;[38;5;32m[XCUITestDriver@55eb (24b485ec)]&amp#27;[0m Matched '/session/24b485ec-92a7-408e-ba56-78682df800a3/element/33000000-0000-0000-1421-010000000000/rect' to command name 'getElementRect'
[debug] &amp#27;[38;5;32m[XCUITestDriver@55eb (24b485ec)]&amp#27;[0m Proxying [GET /session/24b485ec-92a7-408e-ba56-78682df800a3/element/33000000-0000-0000-1421-010000000000/rect] to [GET http://127.0.0.1:8100/session/56D70ACD-A8F3-4900-A498-C9E849921D48/element/33000000-0000-0000-1421-010000000000/rect] with no body
[debug] &amp#27;[38;5;32m[XCUITestDriver@55eb (24b485ec)]&amp#27;[0m Got response with status 200: {"value":{"y":765,"x":0,"width":130,"height":50},"sessionId":"56D70ACD-A8F3-4900-A498-C9E849921D48"}
&amp#27;[38;5;32m[XCUITestDriver@55eb (24b485ec)]&amp#27;[0m Replacing sessionId 56D70ACD-A8F3-4900-A498-C9E849921D48 with 24b485ec-92a7-408e-ba56-78682df800a3
&amp#27;[38;5;0m[HTTP]&amp#27;[0m &amp#27;[37m<-- GET /session/24b485ec-92a7-408e-ba56-78682df800a3/element/33000000-0000-0000-1421-010000000000/rect &amp#27;[39m&amp#27;[32m200&amp#27;[39m &amp#27;[90m192 ms - 100&amp#27;[39m
&amp#27;[38;5;0m[HTTP]&amp#27;[0m &amp#27;[90m&amp#27;[39m
&amp#27;[38;5;0m[HTTP]&amp#27;[0m &amp#27;[37m-->&amp#27;[39m &amp#27;[37mPOST&amp#27;[39m &amp#27;[37m/session/24b485ec-92a7-408e-ba56-78682df800a3/actions&amp#27;[39m
&amp#27;[38;5;0m[HTTP]&amp#27;[0m &amp#27;[90m{"actions":[{"id":"finger1","type":"pointer","parameters":{"pointerType":"touch"},"actions":[{"duration":0,"type":"pause"},{"duration":0,"x":65,"y":790,"type":"pointerMove","origin":"viewport"},{"button":0,"type":"pointerDown"},{"duration":200,"type":"pause"},{"button":0,"type":"pointerUp"}]}]}&amp#27;[39m
[debug] &amp#27;[38;5;32m[XCUITestDriver@55eb (24b485ec)]&amp#27;[0m Calling AppiumDriver.performActions() with args: [[{"id":"finger1","type":"pointer","parameters":{"pointerType":"touch"},"actions":[{"duration":0,"type":"pause"},{"duration":0,"x":65,"y":790,"type":"pointerMove","origin":"viewport"},{"button":0,"type":"pointerDown"},{"duration":200,"type":"pause"},{"button":0,"type":"pointerUp"}]}],"24b485ec-92a7-408e-ba56-78682df800a3"]
[debug] &amp#27;[38;5;32m[XCUITestDriver@55eb (24b485ec)]&amp#27;[0m Executing command 'performActions'
[debug] &amp#27;[38;5;32m[XCUITestDriver@55eb (24b485ec)]&amp#27;[0m Received the following W3C actions: [
[debug] &amp#27;[38;5;32m[XCUITestDriver@55eb (24b485ec)]&amp#27;[0m   {
[debug] &amp#27;[38;5;32m[XCUITestDriver@55eb (24b485ec)]&amp#27;[0m     "id": "finger1",
[debug] &amp#27;[38;5;32m[XCUITestDriver@55eb (24b485ec)]&amp#27;[0m     "type": "pointer",
[debug] &amp#27;[38;5;32m[XCUITestDriver@55eb (24b485ec)]&amp#27;[0m     "parameters": {
[debug] &amp#27;[38;5;32m[XCUITestDriver@55eb (24b485ec)]&amp#27;[0m       "pointerType": "touch"
[debug] &amp#27;[38;5;32m[XCUITestDriver@55eb (24b485ec)]&amp#27;[0m     },
[debug] &amp#27;[38;5;32m[XCUITestDriver@55eb (24b485ec)]&amp#27;[0m     "actions": [
[debug] &amp#27;[38;5;32m[XCUITestDriver@55eb (24b485ec)]&amp#27;[0m       {
[debug] &amp#27;[38;5;32m[XCUITestDriver@55eb (24b485ec)]&amp#27;[0m         "duration": 0,
[debug] &amp#27;[38;5;32m[XCUITestDriver@55eb (24b485ec)]&amp#27;[0m         "type": "pause"
[debug] &amp#27;[38;5;32m[XCUITestDriver@55eb (24b485ec)]&amp#27;[0m       },
[debug] &amp#27;[38;5;32m[XCUITestDriver@55eb (24b485ec)]&amp#27;[0m       {
[debug] &amp#27;[38;5;32m[XCUITestDriver@55eb (24b485ec)]&amp#27;[0m         "duration": 0,
[debug] &amp#27;[38;5;32m[XCUITestDriver@55eb (24b485ec)]&amp#27;[0m         "x": 65,
[debug] &amp#27;[38;5;32m[XCUITestDriver@55eb (24b485ec)]&amp#27;[0m         "y": 790,
[debug] &amp#27;[38;5;32m[XCUITestDriver@55eb (24b485ec)]&amp#27;[0m         "type": "pointerMove",
[debug] &amp#27;[38;5;32m[XCUITestDriver@55eb (24b485ec)]&amp#27;[0m         "origin": "viewport"
[debug] &amp#27;[38;5;32m[XCUITestDriver@55eb (24b485ec)]&amp#27;[0m       },
[debug] &amp#27;[38;5;32m[XCUITestDriver@55eb (24b485ec)]&amp#27;[0m       {
[debug] &amp#27;[38;5;32m[XCUITestDriver@55eb (24b485ec)]&amp#27;[0m         "button": 0,
[debug] &amp#27;[38;5;32m[XCUITestDriver@55eb (24b485ec)]&amp#27;[0m         "type": "pointerDown"
[debug] &amp#27;[38;5;32m[XCUITestDriver@55eb (24b485ec)]&amp#27;[0m       },
[debug] &amp#27;[38;5;32m[XCUITestDriver@55eb (24b485ec)]&amp#27;[0m       {
[debug] &amp#27;[38;5;32m[XCUITestDriver@55eb (24b485ec)]&amp#27;[0m         "duration": 200,
[debug] &amp#27;[38;5;32m[XCUITestDriver@55eb (24b485ec)]&amp#27;[0m         "type": "pause"
[debug] &amp#27;[38;5;32m[XCUITestDriver@55eb (24b485ec)]&amp#27;[0m       },
[debug] &amp#27;[38;5;32m[XCUITestDriver@55eb (24b485ec)]&amp#27;[0m       {
[debug] &amp#27;[38;5;32m[XCUITestDriver@55eb (24b485ec)]&amp#27;[0m         "button": 0,
[debug] &amp#27;[38;5;32m[XCUITestDriver@55eb (24b485ec)]&amp#27;[0m         "type": "pointerUp"
[debug] &amp#27;[38;5;32m[XCUITestDriver@55eb (24b485ec)]&amp#27;[0m       }
[debug] &amp#27;[38;5;32m[XCUITestDriver@55eb (24b485ec)]&amp#27;[0m     ]
[debug] &amp#27;[38;5;32m[XCUITestDriver@55eb (24b485ec)]&amp#27;[0m   }
[debug] &amp#27;[38;5;32m[XCUITestDriver@55eb (24b485ec)]&amp#27;[0m ]
[debug] &amp#27;[38;5;32m[XCUITestDriver@55eb (24b485ec)]&amp#27;[0m Preprocessed actions: [
[debug] &amp#27;[38;5;32m[XCUITestDriver@55eb (24b485ec)]&amp#27;[0m   {
[debug] &amp#27;[38;5;32m[XCUITestDriver@55eb (24b485ec)]&amp#27;[0m     "id": "finger1",
[debug] &amp#27;[38;5;32m[XCUITestDriver@55eb (24b485ec)]&amp#27;[0m     "type": "pointer",
[debug] &amp#27;[38;5;32m[XCUITestDriver@55eb (24b485ec)]&amp#27;[0m     "parameters": {
[debug] &amp#27;[38;5;32m[XCUITestDriver@55eb (24b485ec)]&amp#27;[0m       "pointerType": "touch"
[debug] &amp#27;[38;5;32m[XCUITestDriver@55eb (24b485ec)]&amp#27;[0m     },
[debug] &amp#27;[38;5;32m[XCUITestDriver@55eb (24b485ec)]&amp#27;[0m     "actions": [
[debug] &amp#27;[38;5;32m[XCUITestDriver@55eb (24b485ec)]&amp#27;[0m       {
[debug] &amp#27;[38;5;32m[XCUITestDriver@55eb (24b485ec)]&amp#27;[0m         "duration": 0,
[debug] &amp#27;[38;5;32m[XCUITestDriver@55eb (24b485ec)]&amp#27;[0m         "x": 65,
[debug] &amp#27;[38;5;32m[XCUITestDriver@55eb (24b485ec)]&amp#27;[0m         "y": 790,
[debug] &amp#27;[38;5;32m[XCUITestDriver@55eb (24b485ec)]&amp#27;[0m         "type": "pointerMove",
[debug] &amp#27;[38;5;32m[XCUITestDriver@55eb (24b485ec)]&amp#27;[0m         "origin": "viewport"
[debug] &amp#27;[38;5;32m[XCUITestDriver@55eb (24b485ec)]&amp#27;[0m       },
[debug] &amp#27;[38;5;32m[XCUITestDriver@55eb (24b485ec)]&amp#27;[0m       {
[debug] &amp#27;[38;5;32m[XCUITestDriver@55eb (24b485ec)]&amp#27;[0m         "button": 0,
[debug] &amp#27;[38;5;32m[XCUITestDriver@55eb (24b485ec)]&amp#27;[0m         "type": "pointerDown"
[debug] &amp#27;[38;5;32m[XCUITestDriver@55eb (24b485ec)]&amp#27;[0m       },
[debug] &amp#27;[38;5;32m[XCUITestDriver@55eb (24b485ec)]&amp#27;[0m       {
[debug] &amp#27;[38;5;32m[XCUITestDriver@55eb (24b485ec)]&amp#27;[0m         "duration": 200,
[debug] &amp#27;[38;5;32m[XCUITestDriver@55eb (24b485ec)]&amp#27;[0m         "type": "pause"
[debug] &amp#27;[38;5;32m[XCUITestDriver@55eb (24b485ec)]&amp#27;[0m       },
[debug] &amp#27;[38;5;32m[XCUITestDriver@55eb (24b485ec)]&amp#27;[0m       {
[debug] &amp#27;[38;5;32m[XCUITestDriver@55eb (24b485ec)]&amp#27;[0m         "button": 0,
[debug] &amp#27;[38;5;32m[XCUITestDriver@55eb (24b485ec)]&amp#27;[0m         "type": "pointerUp"
[debug] &amp#27;[38;5;32m[XCUITestDriver@55eb (24b485ec)]&amp#27;[0m       }
[debug] &amp#27;[38;5;32m[XCUITestDriver@55eb (24b485ec)]&amp#27;[0m     ]
[debug] &amp#27;[38;5;32m[XCUITestDriver@55eb (24b485ec)]&amp#27;[0m   }
[debug] &amp#27;[38;5;32m[XCUITestDriver@55eb (24b485ec)]&amp#27;[0m ]
[debug] &amp#27;[38;5;32m[XCUITestDriver@55eb (24b485ec)]&amp#27;[0m Matched '/actions' to command name 'performActions'
[debug] &amp#27;[38;5;32m[XCUITestDriver@55eb (24b485ec)]&amp#27;[0m Proxying [POST /actions] to [POST http://127.0.0.1:8100/session/56D70ACD-A8F3-4900-A498-C9E849921D48/actions] with body: {"actions":[{"id":"finger1","type":"pointer","parameters":{"pointerType":"touch"},"actions":[{"duration":0,"x":65,"y":790,"type":"pointerMove","origin":"viewport"},{"button":0,"type":"pointerDown"},{"duration":200,"type":"pause"},{"button":0,"type":"pointerUp"}]}]}
[debug] &amp#27;[38;5;32m[XCUITestDriver@55eb (24b485ec)]&amp#27;[0m Got response with status 200: {"value":null,"sessionId":"56D70ACD-A8F3-4900-A498-C9E849921D48"}
[debug] &amp#27;[38;5;32m[XCUITestDriver@55eb (24b485ec)]&amp#27;[0m Responding to client with driver.performActions() result: null
&amp#27;[38;5;0m[HTTP]&amp#27;[0m &amp#27;[37m<-- POST /session/24b485ec-92a7-408e-ba56-78682df800a3/actions &amp#27;[39m&amp#27;[32m200&amp#27;[39m &amp#27;[90m863 ms - 14&amp#27;[39m
&amp#27;[38;5;0m[HTTP]&amp#27;[0m &amp#27;[90m&amp#27;[39m
&amp#27;[38;5;0m[HTTP]&amp#27;[0m &amp#27;[37m-->&amp#27;[39m &amp#27;[37mPOST&amp#27;[39m &amp#27;[37m/session/24b485ec-92a7-408e-ba56-78682df800a3/element&amp#27;[39m
&amp#27;[38;5;0m[HTTP]&amp#27;[0m &amp#27;[90m{"using":"xpath","value":"//XCUIElementTypeStaticText[@name='Products']"}&amp#27;[39m
[debug] &amp#27;[38;5;32m[XCUITestDriver@55eb (24b485ec)]&amp#27;[0m Calling AppiumDriver.findElement() with args: ["xpath","//XCUIElementTypeStaticText[@name='Products']","24b485ec-92a7-408e-ba56-78682df800a3"]
[debug] &amp#27;[38;5;32m[XCUITestDriver@55eb (24b485ec)]&amp#27;[0m Executing command 'findElement'
[debug] &amp#27;[38;5;32m[XCUITestDriver@55eb (24b485ec)]&amp#27;[0m Valid locator strategies for this request: xpath, id, name, class name, -ios predicate string, -ios class chain, accessibility id, css selector
[debug] &amp#27;[38;5;32m[XCUITestDriver@55eb (24b485ec)]&amp#27;[0m Waiting up to 0 ms for condition
[debug] &amp#27;[38;5;32m[XCUITestDriver@55eb (24b485ec)]&amp#27;[0m Matched '/element' to command name 'findElement'
[debug] &amp#27;[38;5;32m[XCUITestDriver@55eb (24b485ec)]&amp#27;[0m Proxying [POST /element] to [POST http://127.0.0.1:8100/session/56D70ACD-A8F3-4900-A498-C9E849921D48/element] with body: {"using":"xpath","value":"//XCUIElementTypeStaticText[@name='Products']"}
[debug] &amp#27;[38;5;32m[XCUITestDriver@55eb (24b485ec)]&amp#27;[0m Got response with status 200: {"value":{"ELEMENT":"5B000000-0000-0000-1421-010000000000","element-6066-11e4-a52e-4f735466cecf":"5B000000-0000-0000-1421-010000000000"},"sessionId":"56D70ACD-A8F3-4900-A498-C9E849921D48"}
[debug] &amp#27;[38;5;32m[XCUITestDriver@55eb (24b485ec)]&amp#27;[0m Responding to client with driver.findElement() result: {"element-6066-11e4-a52e-4f735466cecf":"5B000000-0000-0000-1421-010000000000","ELEMENT":"5B000000-0000-0000-1421-010000000000"}
&amp#27;[38;5;0m[HTTP]&amp#27;[0m &amp#27;[37m<-- POST /session/24b485ec-92a7-408e-ba56-78682df800a3/element &amp#27;[39m&amp#27;[32m200&amp#27;[39m &amp#27;[90m3104 ms - 137&amp#27;[39m
&amp#27;[38;5;0m[HTTP]&amp#27;[0m &amp#27;[90m&amp#27;[39m
&amp#27;[38;5;0m[HTTP]&amp#27;[0m &amp#27;[37m-->&amp#27;[39m &amp#27;[37mGET&amp#27;[39m &amp#27;[37m/session/24b485ec-92a7-408e-ba56-78682df800a3/element/5B000000-0000-0000-1421-010000000000/displayed&amp#27;[39m
&amp#27;[38;5;0m[HTTP]&amp#27;[0m &amp#27;[90m{}&amp#27;[39m
&amp#27;[38;5;32m[XCUITestDriver@55eb (24b485ec)]&amp#27;[0m Driver proxy active, passing request on via HTTP proxy
[debug] &amp#27;[38;5;32m[XCUITestDriver@55eb (24b485ec)]&amp#27;[0m Executing command 'proxyReqRes'
[debug] &amp#27;[38;5;32m[XCUITestDriver@55eb (24b485ec)]&amp#27;[0m Matched '/session/24b485ec-92a7-408e-ba56-78682df800a3/element/5B000000-0000-0000-1421-010000000000/displayed' to command name 'elementDisplayed'
[debug] &amp#27;[38;5;32m[XCUITestDriver@55eb (24b485ec)]&amp#27;[0m Proxying [GET /session/24b485ec-92a7-408e-ba56-78682df800a3/element/5B000000-0000-0000-1421-010000000000/displayed] to [GET http://127.0.0.1:8100/session/56D70ACD-A8F3-4900-A498-C9E849921D48/element/5B000000-0000-0000-1421-010000000000/displayed] with no body
[debug] &amp#27;[38;5;32m[XCUITestDriver@55eb (24b485ec)]&amp#27;[0m Got response with status 200: {"value":true,"sessionId":"56D70ACD-A8F3-4900-A498-C9E849921D48"}
&amp#27;[38;5;32m[XCUITestDriver@55eb (24b485ec)]&amp#27;[0m Replacing sessionId 56D70ACD-A8F3-4900-A498-C9E849921D48 with 24b485ec-92a7-408e-ba56-78682df800a3
&amp#27;[38;5;0m[HTTP]&amp#27;[0m &amp#27;[37m<-- GET /session/24b485ec-92a7-408e-ba56-78682df800a3/element/5B000000-0000-0000-1421-010000000000/displayed &amp#27;[39m&amp#27;[32m200&amp#27;[39m &amp#27;[90m183 ms - 65&amp#27;[39m
&amp#27;[38;5;0m[HTTP]&amp#27;[0m &amp#27;[90m&amp#27;[39m
  Given User is on Cataloge page                        # StepDefinations.NavigationSteps.user_is_on_cataloge_page()
&amp#27;[38;5;0m[HTTP]&amp#27;[0m &amp#27;[37m-->&amp#27;[39m &amp#27;[37mGET&amp#27;[39m &amp#27;[37m/session/24b485ec-92a7-408e-ba56-78682df800a3/screenshot&amp#27;[39m
&amp#27;[38;5;0m[HTTP]&amp#27;[0m &amp#27;[90m{}&amp#27;[39m
[debug] &amp#27;[38;5;32m[XCUITestDriver@55eb (24b485ec)]&amp#27;[0m Calling AppiumDriver.getScreenshot() with args: ["24b485ec-92a7-408e-ba56-78682df800a3"]
[debug] &amp#27;[38;5;32m[XCUITestDriver@55eb (24b485ec)]&amp#27;[0m Executing command 'getScreenshot'
[debug] &amp#27;[38;5;32m[XCUITestDriver@55eb (24b485ec)]&amp#27;[0m Taking screenshot with WDA
[debug] &amp#27;[38;5;32m[XCUITestDriver@55eb (24b485ec)]&amp#27;[0m Matched '/screenshot' to command name 'getScreenshot'
[debug] &amp#27;[38;5;32m[XCUITestDriver@55eb (24b485ec)]&amp#27;[0m Proxying [GET /screenshot] to [GET http://127.0.0.1:8100/session/56D70ACD-A8F3-4900-A498-C9E849921D48/screenshot] with no body
[debug] &amp#27;[38;5;32m[XCUITestDriver@55eb (24b485ec)]&amp#27;[0m Got response with status 200: {"value":"iVBORw0KGgoAAAANSUhEUgAABJIAAAnkCAYAAABWQUsDAAAAAXNSR0IArs4c6QAAADhlWElmTU0AKgAAAAgAAYdpAAQAAAABAAAAGgAAAAAAAqACAAQAAAABAAAEkqADAAQAAAABAAAJ5AAAAADoPni0AAAAHGlET1QAAAACAAAAAAAABPIAAAAoAAAE8gAABPIADaSoOJE+ZgAAQABJREFUeAHs3Qm8XGd533FT2tDSFpqmIZCwBEIJCWnaBBpIGpImEJKSkEBoQz5sIaFN2hISICl4B1uy5F2WLcmWJduyZVuWd8v7vq+ysbzv8i5Z3mRtd/Z5+/yfO+/4zNwz975n7syde8XvfD7Dla7OPefMd94ZfP73fZ53j8CGAAIIIIAAAggggAACCCCAAAIIIIBAgsAeCfuwCwIIIIAAAggggAACCCCAAAIIIIAAAoEgiUGAAAIIIIAAAggggAACCCCAAAIIIJAkQJCUxMROCCCAAAIIIIAAAggggAACCCCAAAIESYwBBBBAAAEEEEAAAQQQQAABBBBAAIEkAYKkJCZ2QgABBBBAAAEEEEAAAQQQQAABBBAgSGIMIIAAAggggAACCCCAAAIIIIAAAggkCRAkJTGxEwIIIIAAAggggAACCCCAAAIIIIAAQRJjAAEEEEAAAQQQQAABBBBAAAEEEEAgSYAgKYmJnRBAAAEEEEAAAQQQQAABBBBAAAEECJIYAwgggAACCCCAAAIIIIAAAggggAACSQIESUlM7IQAAggggAACCCCAAAIIIIAAAgggQJDEGEAAAQQQQAABBBBAAAEEEEAAAQQQSBIgSEpiYicEEEAAAQQQQAABBBBAAAEEEEAAAYIkxgACCCCAAAIIIIAAAggggAACCCCAQJIAQVISEzshgAACCCCAAAIIIIAAAggggAACCBAkMQYQQAABBBBAAAEEEEAAAQQQQAABBJIECJKSmNgJAQQQQAABBBBAAAEEEEAAAQQQQIAgiTGAAAIIIIAAAgg...
[debug] &amp#27;[38;5;32m[XCUITestDriver@55eb (24b485ec)]&amp#27;[0m Responding to client with driver.getScreenshot() result: "iVBORw0KGgoAAAANSUhEUgAABJIAAAnkCAYAAABWQUsDAAAAAXNSR0IArs4c6QAAADhlWElmTU0AKgAAAAgAAYdpAAQAAAABAAAAGgAAAAAAAqACAAQAAAABAAAEkqADAAQAAAABAAAJ5AAAAADoPni0AAAAHGlET1QAAAACAAAAAAAABPIAAAAoAAAE8gAABPIADaSoOJE+ZgAAQABJREFUeAHs3Qm8XGd533FT2tDSFpqmIZCwBEIJCWnaBBpIGpImEJKSkEBoQz5sIaFN2hISICl4B1uy5F2WLcmWJduyZVuWd8v7vq+ysbzv8i5Z3mRtd/Z5+/yfO+/4zNwz975n7syde8XvfD7Dla7OPefMd94ZfP73fZ53j8CGAAIIIIAAAggggAACCCCAAAIIIIBAgsAeCfuwCwIIIIAAAggggAACCCCAAAIIIIAAAoEgiUGAAAIIIIAAAggggAACCCCAAAIIIJAkQJCUxMROCCCAAAIIIIAAAggggAACCCCAAAIESYwBBBBAAAEEEEAAAQQQQAABBBBAAIEkAYKkJCZ2QgABBBBAAAEEEEAAAQQQQAABBBAgSGIMIIAAAggggAACCCCAAAIIIIAAAggkCRAkJTGxEwIIIIAAAggggAACCCCAAAIIIIAAQRJjAAEEEEAAAQQQQAABBBBAAAEEEEAgSYAgKYmJnRBAAAEEEEAAAQQQQAABBBBAAAEECJIYAwgggAACCCCAAAIIIIAAAggggAACSQIESUlM7IQAAggggAACCCCAAAIIIIAAAgggQJDEGEAAAQQQQAABBBBAAAEEEEAAAQQQSBIgSEpiYicEEEAAAQQQQAABBBBAAAEEEEAAAYIkxgACCCCAAAIIIIAAAggggAACCCCAQJIAQVISEzshgAACCCCAAAIIIIAAAggggAACCBAkMQYQQAABBBBAAAEEEEAAAQQQQAABBJIECJKSmNgJAQQQQAABBBBAAAEEEEAAAQQQQIAgiTGAAAIIIIAAAggggAACCCCA...
&amp#27;[38;5;0m[HTTP]&amp#27;[0m &amp#27;[37m<-- GET /session/24b485ec-92a7-408e-ba56-78682df800a3/screenshot &amp#27;[39m&amp#27;[32m200&amp#27;[39m &amp#27;[90m722 ms - 2231128&amp#27;[39m
&amp#27;[38;5;0m[HTTP]&amp#27;[0m &amp#27;[90m&amp#27;[39m

    Embedding screenshot [image/png 1673336 bytes]

&amp#27;[38;5;0m[HTTP]&amp#27;[0m &amp#27;[37m-->&amp#27;[39m &amp#27;[37mPOST&amp#27;[39m &amp#27;[37m/session/24b485ec-92a7-408e-ba56-78682df800a3/element&amp#27;[39m
&amp#27;[38;5;0m[HTTP]&amp#27;[0m &amp#27;[90m{"using":"xpath","value":"//XCUIElementTypeButton[@name='tab bar option cart']"}&amp#27;[39m
[debug] &amp#27;[38;5;32m[XCUITestDriver@55eb (24b485ec)]&amp#27;[0m Calling AppiumDriver.findElement() with args: ["xpath","//XCUIElementTypeButton[@name='tab bar option cart']","24b485ec-92a7-408e-ba56-78682df800a3"]
[debug] &amp#27;[38;5;32m[XCUITestDriver@55eb (24b485ec)]&amp#27;[0m Executing command 'findElement'
[debug] &amp#27;[38;5;32m[XCUITestDriver@55eb (24b485ec)]&amp#27;[0m Valid locator strategies for this request: xpath, id, name, class name, -ios predicate string, -ios class chain, accessibility id, css selector
[debug] &amp#27;[38;5;32m[XCUITestDriver@55eb (24b485ec)]&amp#27;[0m Waiting up to 0 ms for condition
[debug] &amp#27;[38;5;32m[XCUITestDriver@55eb (24b485ec)]&amp#27;[0m Matched '/element' to command name 'findElement'
[debug] &amp#27;[38;5;32m[XCUITestDriver@55eb (24b485ec)]&amp#27;[0m Proxying [POST /element] to [POST http://127.0.0.1:8100/session/56D70ACD-A8F3-4900-A498-C9E849921D48/element] with body: {"using":"xpath","value":"//XCUIElementTypeButton[@name='tab bar option cart']"}
[debug] &amp#27;[38;5;32m[XCUITestDriver@55eb (24b485ec)]&amp#27;[0m Got response with status 200: {"value":{"ELEMENT":"34000000-0000-0000-1421-010000000000","element-6066-11e4-a52e-4f735466cecf":"34000000-0000-0000-1421-010000000000"},"sessionId":"56D70ACD-A8F3-4900-A498-C9E849921D48"}
[debug] &amp#27;[38;5;32m[XCUITestDriver@55eb (24b485ec)]&amp#27;[0m Responding to client with driver.findElement() result: {"element-6066-11e4-a52e-4f735466cecf":"34000000-0000-0000-1421-010000000000","ELEMENT":"34000000-0000-0000-1421-010000000000"}
&amp#27;[38;5;0m[HTTP]&amp#27;[0m &amp#27;[37m<-- POST /session/24b485ec-92a7-408e-ba56-78682df800a3/element &amp#27;[39m&amp#27;[32m200&amp#27;[39m &amp#27;[90m2756 ms - 137&amp#27;[39m
&amp#27;[38;5;0m[HTTP]&amp#27;[0m &amp#27;[90m&amp#27;[39m
&amp#27;[38;5;0m[HTTP]&amp#27;[0m &amp#27;[37m-->&amp#27;[39m &amp#27;[37mGET&amp#27;[39m &amp#27;[37m/session/24b485ec-92a7-408e-ba56-78682df800a3/element/34000000-0000-0000-1421-010000000000/displayed&amp#27;[39m
&amp#27;[38;5;0m[HTTP]&amp#27;[0m &amp#27;[90m{}&amp#27;[39m
&amp#27;[38;5;32m[XCUITestDriver@55eb (24b485ec)]&amp#27;[0m Driver proxy active, passing request on via HTTP proxy
[debug] &amp#27;[38;5;32m[XCUITestDriver@55eb (24b485ec)]&amp#27;[0m Executing command 'proxyReqRes'
[debug] &amp#27;[38;5;32m[XCUITestDriver@55eb (24b485ec)]&amp#27;[0m Matched '/session/24b485ec-92a7-408e-ba56-78682df800a3/element/34000000-0000-0000-1421-010000000000/displayed' to command name 'elementDisplayed'
[debug] &amp#27;[38;5;32m[XCUITestDriver@55eb (24b485ec)]&amp#27;[0m Proxying [GET /session/24b485ec-92a7-408e-ba56-78682df800a3/element/34000000-0000-0000-1421-010000000000/displayed] to [GET http://127.0.0.1:8100/session/56D70ACD-A8F3-4900-A498-C9E849921D48/element/34000000-0000-0000-1421-010000000000/displayed] with no body
[debug] &amp#27;[38;5;32m[XCUITestDriver@55eb (24b485ec)]&amp#27;[0m Got response with status 200: {"value":true,"sessionId":"56D70ACD-A8F3-4900-A498-C9E849921D48"}
&amp#27;[38;5;32m[XCUITestDriver@55eb (24b485ec)]&amp#27;[0m Replacing sessionId 56D70ACD-A8F3-4900-A498-C9E849921D48 with 24b485ec-92a7-408e-ba56-78682df800a3
&amp#27;[38;5;0m[HTTP]&amp#27;[0m &amp#27;[37m<-- GET /session/24b485ec-92a7-408e-ba56-78682df800a3/element/34000000-0000-0000-1421-010000000000/displayed &amp#27;[39m&amp#27;[32m200&amp#27;[39m &amp#27;[90m197 ms - 65&amp#27;[39m
&amp#27;[38;5;0m[HTTP]&amp#27;[0m &amp#27;[90m&amp#27;[39m
&amp#27;[38;5;0m[HTTP]&amp#27;[0m &amp#27;[37m-->&amp#27;[39m &amp#27;[37mPOST&amp#27;[39m &amp#27;[37m/session/24b485ec-92a7-408e-ba56-78682df800a3/element&amp#27;[39m
&amp#27;[38;5;0m[HTTP]&amp#27;[0m &amp#27;[90m{"using":"xpath","value":"//XCUIElementTypeButton[@name='tab bar option cart']"}&amp#27;[39m
[debug] &amp#27;[38;5;32m[XCUITestDriver@55eb (24b485ec)]&amp#27;[0m Calling AppiumDriver.findElement() with args: ["xpath","//XCUIElementTypeButton[@name='tab bar option cart']","24b485ec-92a7-408e-ba56-78682df800a3"]
[debug] &amp#27;[38;5;32m[XCUITestDriver@55eb (24b485ec)]&amp#27;[0m Executing command 'findElement'
[debug] &amp#27;[38;5;32m[XCUITestDriver@55eb (24b485ec)]&amp#27;[0m Valid locator strategies for this request: xpath, id, name, class name, -ios predicate string, -ios class chain, accessibility id, css selector
[debug] &amp#27;[38;5;32m[XCUITestDriver@55eb (24b485ec)]&amp#27;[0m Waiting up to 0 ms for condition
[debug] &amp#27;[38;5;32m[XCUITestDriver@55eb (24b485ec)]&amp#27;[0m Matched '/element' to command name 'findElement'
[debug] &amp#27;[38;5;32m[XCUITestDriver@55eb (24b485ec)]&amp#27;[0m Proxying [POST /element] to [POST http://127.0.0.1:8100/session/56D70ACD-A8F3-4900-A498-C9E849921D48/element] with body: {"using":"xpath","value":"//XCUIElementTypeButton[@name='tab bar option cart']"}
[debug] &amp#27;[38;5;32m[XCUITestDriver@55eb (24b485ec)]&amp#27;[0m Got response with status 200: {"value":{"ELEMENT":"34000000-0000-0000-1421-010000000000","element-6066-11e4-a52e-4f735466cecf":"34000000-0000-0000-1421-010000000000"},"sessionId":"56D70ACD-A8F3-4900-A498-C9E849921D48"}
[debug] &amp#27;[38;5;32m[XCUITestDriver@55eb (24b485ec)]&amp#27;[0m Responding to client with driver.findElement() result: {"element-6066-11e4-a52e-4f735466cecf":"34000000-0000-0000-1421-010000000000","ELEMENT":"34000000-0000-0000-1421-010000000000"}
&amp#27;[38;5;0m[HTTP]&amp#27;[0m &amp#27;[37m<-- POST /session/24b485ec-92a7-408e-ba56-78682df800a3/element &amp#27;[39m&amp#27;[32m200&amp#27;[39m &amp#27;[90m2584 ms - 137&amp#27;[39m
&amp#27;[38;5;0m[HTTP]&amp#27;[0m &amp#27;[90m&amp#27;[39m
&amp#27;[38;5;0m[HTTP]&amp#27;[0m &amp#27;[37m-->&amp#27;[39m &amp#27;[37mGET&amp#27;[39m &amp#27;[37m/session/24b485ec-92a7-408e-ba56-78682df800a3/element/34000000-0000-0000-1421-010000000000/rect&amp#27;[39m
&amp#27;[38;5;0m[HTTP]&amp#27;[0m &amp#27;[90m{}&amp#27;[39m
&amp#27;[38;5;32m[XCUITestDriver@55eb (24b485ec)]&amp#27;[0m Driver proxy active, passing request on via HTTP proxy
[debug] &amp#27;[38;5;32m[XCUITestDriver@55eb (24b485ec)]&amp#27;[0m Executing command 'proxyReqRes'
[debug] &amp#27;[38;5;32m[XCUITestDriver@55eb (24b485ec)]&amp#27;[0m Matched '/session/24b485ec-92a7-408e-ba56-78682df800a3/element/34000000-0000-0000-1421-010000000000/rect' to command name 'getElementRect'
[debug] &amp#27;[38;5;32m[XCUITestDriver@55eb (24b485ec)]&amp#27;[0m Proxying [GET /session/24b485ec-92a7-408e-ba56-78682df800a3/element/34000000-0000-0000-1421-010000000000/rect] to [GET http://127.0.0.1:8100/session/56D70ACD-A8F3-4900-A498-C9E849921D48/element/34000000-0000-0000-1421-010000000000/rect] with no body
[debug] &amp#27;[38;5;32m[XCUITestDriver@55eb (24b485ec)]&amp#27;[0m Got response with status 200: {"value":{"y":765,"x":130,"width":130,"height":50},"sessionId":"56D70ACD-A8F3-4900-A498-C9E849921D48"}
&amp#27;[38;5;32m[XCUITestDriver@55eb (24b485ec)]&amp#27;[0m Replacing sessionId 56D70ACD-A8F3-4900-A498-C9E849921D48 with 24b485ec-92a7-408e-ba56-78682df800a3
&amp#27;[38;5;0m[HTTP]&amp#27;[0m &amp#27;[37m<-- GET /session/24b485ec-92a7-408e-ba56-78682df800a3/element/34000000-0000-0000-1421-010000000000/rect &amp#27;[39m&amp#27;[32m200&amp#27;[39m &amp#27;[90m194 ms - 102&amp#27;[39m
&amp#27;[38;5;0m[HTTP]&amp#27;[0m &amp#27;[90m&amp#27;[39m
&amp#27;[38;5;0m[HTTP]&amp#27;[0m &amp#27;[37m-->&amp#27;[39m &amp#27;[37mGET&amp#27;[39m &amp#27;[37m/session/24b485ec-92a7-408e-ba56-78682df800a3/element/34000000-0000-0000-1421-010000000000/rect&amp#27;[39m
&amp#27;[38;5;0m[HTTP]&amp#27;[0m &amp#27;[90m{}&amp#27;[39m
&amp#27;[38;5;32m[XCUITestDriver@55eb (24b485ec)]&amp#27;[0m Driver proxy active, passing request on via HTTP proxy
[debug] &amp#27;[38;5;32m[XCUITestDriver@55eb (24b485ec)]&amp#27;[0m Executing command 'proxyReqRes'
[debug] &amp#27;[38;5;32m[XCUITestDriver@55eb (24b485ec)]&amp#27;[0m Matched '/session/24b485ec-92a7-408e-ba56-78682df800a3/element/34000000-0000-0000-1421-010000000000/rect' to command name 'getElementRect'
[debug] &amp#27;[38;5;32m[XCUITestDriver@55eb (24b485ec)]&amp#27;[0m Proxying [GET /session/24b485ec-92a7-408e-ba56-78682df800a3/element/34000000-0000-0000-1421-010000000000/rect] to [GET http://127.0.0.1:8100/session/56D70ACD-A8F3-4900-A498-C9E849921D48/element/34000000-0000-0000-1421-010000000000/rect] with no body
[debug] &amp#27;[38;5;32m[XCUITestDriver@55eb (24b485ec)]&amp#27;[0m Got response with status 200: {"value":{"y":765,"x":130,"width":130,"height":50},"sessionId":"56D70ACD-A8F3-4900-A498-C9E849921D48"}
&amp#27;[38;5;32m[XCUITestDriver@55eb (24b485ec)]&amp#27;[0m Replacing sessionId 56D70ACD-A8F3-4900-A498-C9E849921D48 with 24b485ec-92a7-408e-ba56-78682df800a3
&amp#27;[38;5;0m[HTTP]&amp#27;[0m &amp#27;[37m<-- GET /session/24b485ec-92a7-408e-ba56-78682df800a3/element/34000000-0000-0000-1421-010000000000/rect &amp#27;[39m&amp#27;[32m200&amp#27;[39m &amp#27;[90m227 ms - 102&amp#27;[39m
&amp#27;[38;5;0m[HTTP]&amp#27;[0m &amp#27;[90m&amp#27;[39m
&amp#27;[38;5;0m[HTTP]&amp#27;[0m &amp#27;[37m-->&amp#27;[39m &amp#27;[37mPOST&amp#27;[39m &amp#27;[37m/session/24b485ec-92a7-408e-ba56-78682df800a3/actions&amp#27;[39m
&amp#27;[38;5;0m[HTTP]&amp#27;[0m &amp#27;[90m{"actions":[{"id":"finger1","type":"pointer","parameters":{"pointerType":"touch"},"actions":[{"duration":0,"type":"pause"},{"duration":0,"x":195,"y":790,"type":"pointerMove","origin":"viewport"},{"button":0,"type":"pointerDown"},{"duration":200,"type":"pause"},{"button":0,"type":"pointerUp"}]}]}&amp#27;[39m
[debug] &amp#27;[38;5;32m[XCUITestDriver@55eb (24b485ec)]&amp#27;[0m Calling AppiumDriver.performActions() with args: [[{"id":"finger1","type":"pointer","parameters":{"pointerType":"touch"},"actions":[{"duration":0,"type":"pause"},{"duration":0,"x":195,"y":790,"type":"pointerMove","origin":"viewport"},{"button":0,"type":"pointerDown"},{"duration":200,"type":"pause"},{"button":0,"type":"pointerUp"}]}],"24b485ec-92a7-408e-ba56-78682df800a3"]
[debug] &amp#27;[38;5;32m[XCUITestDriver@55eb (24b485ec)]&amp#27;[0m Executing command 'performActions'
[debug] &amp#27;[38;5;32m[XCUITestDriver@55eb (24b485ec)]&amp#27;[0m Received the following W3C actions: [
[debug] &amp#27;[38;5;32m[XCUITestDriver@55eb (24b485ec)]&amp#27;[0m   {
[debug] &amp#27;[38;5;32m[XCUITestDriver@55eb (24b485ec)]&amp#27;[0m     "id": "finger1",
[debug] &amp#27;[38;5;32m[XCUITestDriver@55eb (24b485ec)]&amp#27;[0m     "type": "pointer",
[debug] &amp#27;[38;5;32m[XCUITestDriver@55eb (24b485ec)]&amp#27;[0m     "parameters": {
[debug] &amp#27;[38;5;32m[XCUITestDriver@55eb (24b485ec)]&amp#27;[0m       "pointerType": "touch"
[debug] &amp#27;[38;5;32m[XCUITestDriver@55eb (24b485ec)]&amp#27;[0m     },
[debug] &amp#27;[38;5;32m[XCUITestDriver@55eb (24b485ec)]&amp#27;[0m     "actions": [
[debug] &amp#27;[38;5;32m[XCUITestDriver@55eb (24b485ec)]&amp#27;[0m       {
[debug] &amp#27;[38;5;32m[XCUITestDriver@55eb (24b485ec)]&amp#27;[0m         "duration": 0,
[debug] &amp#27;[38;5;32m[XCUITestDriver@55eb (24b485ec)]&amp#27;[0m         "type": "pause"
[debug] &amp#27;[38;5;32m[XCUITestDriver@55eb (24b485ec)]&amp#27;[0m       },
[debug] &amp#27;[38;5;32m[XCUITestDriver@55eb (24b485ec)]&amp#27;[0m       {
[debug] &amp#27;[38;5;32m[XCUITestDriver@55eb (24b485ec)]&amp#27;[0m         "duration": 0,
[debug] &amp#27;[38;5;32m[XCUITestDriver@55eb (24b485ec)]&amp#27;[0m         "x": 195,
[debug] &amp#27;[38;5;32m[XCUITestDriver@55eb (24b485ec)]&amp#27;[0m         "y": 790,
[debug] &amp#27;[38;5;32m[XCUITestDriver@55eb (24b485ec)]&amp#27;[0m         "type": "pointerMove",
[debug] &amp#27;[38;5;32m[XCUITestDriver@55eb (24b485ec)]&amp#27;[0m         "origin": "viewport"
[debug] &amp#27;[38;5;32m[XCUITestDriver@55eb (24b485ec)]&amp#27;[0m       },
[debug] &amp#27;[38;5;32m[XCUITestDriver@55eb (24b485ec)]&amp#27;[0m       {
[debug] &amp#27;[38;5;32m[XCUITestDriver@55eb (24b485ec)]&amp#27;[0m         "button": 0,
[debug] &amp#27;[38;5;32m[XCUITestDriver@55eb (24b485ec)]&amp#27;[0m         "type": "pointerDown"
[debug] &amp#27;[38;5;32m[XCUITestDriver@55eb (24b485ec)]&amp#27;[0m       },
[debug] &amp#27;[38;5;32m[XCUITestDriver@55eb (24b485ec)]&amp#27;[0m       {
[debug] &amp#27;[38;5;32m[XCUITestDriver@55eb (24b485ec)]&amp#27;[0m         "duration": 200,
[debug] &amp#27;[38;5;32m[XCUITestDriver@55eb (24b485ec)]&amp#27;[0m         "type": "pause"
[debug] &amp#27;[38;5;32m[XCUITestDriver@55eb (24b485ec)]&amp#27;[0m       },
[debug] &amp#27;[38;5;32m[XCUITestDriver@55eb (24b485ec)]&amp#27;[0m       {
[debug] &amp#27;[38;5;32m[XCUITestDriver@55eb (24b485ec)]&amp#27;[0m         "button": 0,
[debug] &amp#27;[38;5;32m[XCUITestDriver@55eb (24b485ec)]&amp#27;[0m         "type": "pointerUp"
[debug] &amp#27;[38;5;32m[XCUITestDriver@55eb (24b485ec)]&amp#27;[0m       }
[debug] &amp#27;[38;5;32m[XCUITestDriver@55eb (24b485ec)]&amp#27;[0m     ]
[debug] &amp#27;[38;5;32m[XCUITestDriver@55eb (24b485ec)]&amp#27;[0m   }
[debug] &amp#27;[38;5;32m[XCUITestDriver@55eb (24b485ec)]&amp#27;[0m ]
[debug] &amp#27;[38;5;32m[XCUITestDriver@55eb (24b485ec)]&amp#27;[0m Preprocessed actions: [
[debug] &amp#27;[38;5;32m[XCUITestDriver@55eb (24b485ec)]&amp#27;[0m   {
[debug] &amp#27;[38;5;32m[XCUITestDriver@55eb (24b485ec)]&amp#27;[0m     "id": "finger1",
[debug] &amp#27;[38;5;32m[XCUITestDriver@55eb (24b485ec)]&amp#27;[0m     "type": "pointer",
[debug] &amp#27;[38;5;32m[XCUITestDriver@55eb (24b485ec)]&amp#27;[0m     "parameters": {
[debug] &amp#27;[38;5;32m[XCUITestDriver@55eb (24b485ec)]&amp#27;[0m       "pointerType": "touch"
[debug] &amp#27;[38;5;32m[XCUITestDriver@55eb (24b485ec)]&amp#27;[0m     },
[debug] &amp#27;[38;5;32m[XCUITestDriver@55eb (24b485ec)]&amp#27;[0m     "actions": [
[debug] &amp#27;[38;5;32m[XCUITestDriver@55eb (24b485ec)]&amp#27;[0m       {
[debug] &amp#27;[38;5;32m[XCUITestDriver@55eb (24b485ec)]&amp#27;[0m         "duration": 0,
[debug] &amp#27;[38;5;32m[XCUITestDriver@55eb (24b485ec)]&amp#27;[0m         "x": 195,
[debug] &amp#27;[38;5;32m[XCUITestDriver@55eb (24b485ec)]&amp#27;[0m         "y": 790,
[debug] &amp#27;[38;5;32m[XCUITestDriver@55eb (24b485ec)]&amp#27;[0m         "type": "pointerMove",
[debug] &amp#27;[38;5;32m[XCUITestDriver@55eb (24b485ec)]&amp#27;[0m         "origin": "viewport"
[debug] &amp#27;[38;5;32m[XCUITestDriver@55eb (24b485ec)]&amp#27;[0m       },
[debug] &amp#27;[38;5;32m[XCUITestDriver@55eb (24b485ec)]&amp#27;[0m       {
[debug] &amp#27;[38;5;32m[XCUITestDriver@55eb (24b485ec)]&amp#27;[0m         "button": 0,
[debug] &amp#27;[38;5;32m[XCUITestDriver@55eb (24b485ec)]&amp#27;[0m         "type": "pointerDown"
[debug] &amp#27;[38;5;32m[XCUITestDriver@55eb (24b485ec)]&amp#27;[0m       },
[debug] &amp#27;[38;5;32m[XCUITestDriver@55eb (24b485ec)]&amp#27;[0m       {
[debug] &amp#27;[38;5;32m[XCUITestDriver@55eb (24b485ec)]&amp#27;[0m         "duration": 200,
[debug] &amp#27;[38;5;32m[XCUITestDriver@55eb (24b485ec)]&amp#27;[0m         "type": "pause"
[debug] &amp#27;[38;5;32m[XCUITestDriver@55eb (24b485ec)]&amp#27;[0m       },
[debug] &amp#27;[38;5;32m[XCUITestDriver@55eb (24b485ec)]&amp#27;[0m       {
[debug] &amp#27;[38;5;32m[XCUITestDriver@55eb (24b485ec)]&amp#27;[0m         "button": 0,
[debug] &amp#27;[38;5;32m[XCUITestDriver@55eb (24b485ec)]&amp#27;[0m         "type": "pointerUp"
[debug] &amp#27;[38;5;32m[XCUITestDriver@55eb (24b485ec)]&amp#27;[0m       }
[debug] &amp#27;[38;5;32m[XCUITestDriver@55eb (24b485ec)]&amp#27;[0m     ]
[debug] &amp#27;[38;5;32m[XCUITestDriver@55eb (24b485ec)]&amp#27;[0m   }
[debug] &amp#27;[38;5;32m[XCUITestDriver@55eb (24b485ec)]&amp#27;[0m ]
[debug] &amp#27;[38;5;32m[XCUITestDriver@55eb (24b485ec)]&amp#27;[0m Matched '/actions' to command name 'performActions'
[debug] &amp#27;[38;5;32m[XCUITestDriver@55eb (24b485ec)]&amp#27;[0m Proxying [POST /actions] to [POST http://127.0.0.1:8100/session/56D70ACD-A8F3-4900-A498-C9E849921D48/actions] with body: {"actions":[{"id":"finger1","type":"pointer","parameters":{"pointerType":"touch"},"actions":[{"duration":0,"x":195,"y":790,"type":"pointerMove","origin":"viewport"},{"button":0,"type":"pointerDown"},{"duration":200,"type":"pause"},{"button":0,"type":"pointerUp"}]}]}
[debug] &amp#27;[38;5;32m[XCUITestDriver@55eb (24b485ec)]&amp#27;[0m Got response with status 200: {"value":null,"sessionId":"56D70ACD-A8F3-4900-A498-C9E849921D48"}
[debug] &amp#27;[38;5;32m[XCUITestDriver@55eb (24b485ec)]&amp#27;[0m Responding to client with driver.performActions() result: null
&amp#27;[38;5;0m[HTTP]&amp#27;[0m &amp#27;[37m<-- POST /session/24b485ec-92a7-408e-ba56-78682df800a3/actions &amp#27;[39m&amp#27;[32m200&amp#27;[39m &amp#27;[90m919 ms - 14&amp#27;[39m
&amp#27;[38;5;0m[HTTP]&amp#27;[0m &amp#27;[90m&amp#27;[39m
&amp#27;[38;5;0m[HTTP]&amp#27;[0m &amp#27;[37m-->&amp#27;[39m &amp#27;[37mPOST&amp#27;[39m &amp#27;[37m/session/24b485ec-92a7-408e-ba56-78682df800a3/element&amp#27;[39m
&amp#27;[38;5;0m[HTTP]&amp#27;[0m &amp#27;[90m{"using":"xpath","value":"//XCUIElementTypeButton[@name='tab bar option cart']"}&amp#27;[39m
[debug] &amp#27;[38;5;32m[XCUITestDriver@55eb (24b485ec)]&amp#27;[0m Calling AppiumDriver.findElement() with args: ["xpath","//XCUIElementTypeButton[@name='tab bar option cart']","24b485ec-92a7-408e-ba56-78682df800a3"]
[debug] &amp#27;[38;5;32m[XCUITestDriver@55eb (24b485ec)]&amp#27;[0m Executing command 'findElement'
[debug] &amp#27;[38;5;32m[XCUITestDriver@55eb (24b485ec)]&amp#27;[0m Valid locator strategies for this request: xpath, id, name, class name, -ios predicate string, -ios class chain, accessibility id, css selector
[debug] &amp#27;[38;5;32m[XCUITestDriver@55eb (24b485ec)]&amp#27;[0m Waiting up to 0 ms for condition
[debug] &amp#27;[38;5;32m[XCUITestDriver@55eb (24b485ec)]&amp#27;[0m Matched '/element' to command name 'findElement'
[debug] &amp#27;[38;5;32m[XCUITestDriver@55eb (24b485ec)]&amp#27;[0m Proxying [POST /element] to [POST http://127.0.0.1:8100/session/56D70ACD-A8F3-4900-A498-C9E849921D48/element] with body: {"using":"xpath","value":"//XCUIElementTypeButton[@name='tab bar option cart']"}
[debug] &amp#27;[38;5;32m[XCUITestDriver@55eb (24b485ec)]&amp#27;[0m Got response with status 200: {"value":{"ELEMENT":"34000000-0000-0000-1421-010000000000","element-6066-11e4-a52e-4f735466cecf":"34000000-0000-0000-1421-010000000000"},"sessionId":"56D70ACD-A8F3-4900-A498-C9E849921D48"}
[debug] &amp#27;[38;5;32m[XCUITestDriver@55eb (24b485ec)]&amp#27;[0m Responding to client with driver.findElement() result: {"element-6066-11e4-a52e-4f735466cecf":"34000000-0000-0000-1421-010000000000","ELEMENT":"34000000-0000-0000-1421-010000000000"}
&amp#27;[38;5;0m[HTTP]&amp#27;[0m &amp#27;[37m<-- POST /session/24b485ec-92a7-408e-ba56-78682df800a3/element &amp#27;[39m&amp#27;[32m200&amp#27;[39m &amp#27;[90m1839 ms - 137&amp#27;[39m
&amp#27;[38;5;0m[HTTP]&amp#27;[0m &amp#27;[90m&amp#27;[39m
&amp#27;[38;5;0m[HTTP]&amp#27;[0m &amp#27;[37m-->&amp#27;[39m &amp#27;[37mGET&amp#27;[39m &amp#27;[37m/session/24b485ec-92a7-408e-ba56-78682df800a3/element/34000000-0000-0000-1421-010000000000/displayed&amp#27;[39m
&amp#27;[38;5;0m[HTTP]&amp#27;[0m &amp#27;[90m{}&amp#27;[39m
&amp#27;[38;5;32m[XCUITestDriver@55eb (24b485ec)]&amp#27;[0m Driver proxy active, passing request on via HTTP proxy
[debug] &amp#27;[38;5;32m[XCUITestDriver@55eb (24b485ec)]&amp#27;[0m Executing command 'proxyReqRes'
[debug] &amp#27;[38;5;32m[XCUITestDriver@55eb (24b485ec)]&amp#27;[0m Matched '/session/24b485ec-92a7-408e-ba56-78682df800a3/element/34000000-0000-0000-1421-010000000000/displayed' to command name 'elementDisplayed'
[debug] &amp#27;[38;5;32m[XCUITestDriver@55eb (24b485ec)]&amp#27;[0m Proxying [GET /session/24b485ec-92a7-408e-ba56-78682df800a3/element/34000000-0000-0000-1421-010000000000/displayed] to [GET http://127.0.0.1:8100/session/56D70ACD-A8F3-4900-A498-C9E849921D48/element/34000000-0000-0000-1421-010000000000/displayed] with no body
[debug] &amp#27;[38;5;32m[XCUITestDriver@55eb (24b485ec)]&amp#27;[0m Got response with status 200: {"value":true,"sessionId":"56D70ACD-A8F3-4900-A498-C9E849921D48"}
&amp#27;[38;5;32m[XCUITestDriver@55eb (24b485ec)]&amp#27;[0m Replacing sessionId 56D70ACD-A8F3-4900-A498-C9E849921D48 with 24b485ec-92a7-408e-ba56-78682df800a3
&amp#27;[38;5;0m[HTTP]&amp#27;[0m &amp#27;[37m<-- GET /session/24b485ec-92a7-408e-ba56-78682df800a3/element/34000000-0000-0000-1421-010000000000/displayed &amp#27;[39m&amp#27;[32m200&amp#27;[39m &amp#27;[90m126 ms - 65&amp#27;[39m
&amp#27;[38;5;0m[HTTP]&amp#27;[0m &amp#27;[90m&amp#27;[39m
&amp#27;[38;5;0m[HTTP]&amp#27;[0m &amp#27;[37m-->&amp#27;[39m &amp#27;[37mPOST&amp#27;[39m &amp#27;[37m/session/24b485ec-92a7-408e-ba56-78682df800a3/element&amp#27;[39m
&amp#27;[38;5;0m[HTTP]&amp#27;[0m &amp#27;[90m{"using":"xpath","value":"//XCUIElementTypeButton[@name='tab bar option cart']"}&amp#27;[39m
[debug] &amp#27;[38;5;32m[XCUITestDriver@55eb (24b485ec)]&amp#27;[0m Calling AppiumDriver.findElement() with args: ["xpath","//XCUIElementTypeButton[@name='tab bar option cart']","24b485ec-92a7-408e-ba56-78682df800a3"]
[debug] &amp#27;[38;5;32m[XCUITestDriver@55eb (24b485ec)]&amp#27;[0m Executing command 'findElement'
[debug] &amp#27;[38;5;32m[XCUITestDriver@55eb (24b485ec)]&amp#27;[0m Valid locator strategies for this request: xpath, id, name, class name, -ios predicate string, -ios class chain, accessibility id, css selector
[debug] &amp#27;[38;5;32m[XCUITestDriver@55eb (24b485ec)]&amp#27;[0m Waiting up to 0 ms for condition
[debug] &amp#27;[38;5;32m[XCUITestDriver@55eb (24b485ec)]&amp#27;[0m Matched '/element' to command name 'findElement'
[debug] &amp#27;[38;5;32m[XCUITestDriver@55eb (24b485ec)]&amp#27;[0m Proxying [POST /element] to [POST http://127.0.0.1:8100/session/56D70ACD-A8F3-4900-A498-C9E849921D48/element] with body: {"using":"xpath","value":"//XCUIElementTypeButton[@name='tab bar option cart']"}
[debug] &amp#27;[38;5;32m[XCUITestDriver@55eb (24b485ec)]&amp#27;[0m Got response with status 200: {"value":{"ELEMENT":"34000000-0000-0000-1421-010000000000","element-6066-11e4-a52e-4f735466cecf":"34000000-0000-0000-1421-010000000000"},"sessionId":"56D70ACD-A8F3-4900-A498-C9E849921D48"}
[debug] &amp#27;[38;5;32m[XCUITestDriver@55eb (24b485ec)]&amp#27;[0m Responding to client with driver.findElement() result: {"element-6066-11e4-a52e-4f735466cecf":"34000000-0000-0000-1421-010000000000","ELEMENT":"34000000-0000-0000-1421-010000000000"}
&amp#27;[38;5;0m[HTTP]&amp#27;[0m &amp#27;[37m<-- POST /session/24b485ec-92a7-408e-ba56-78682df800a3/element &amp#27;[39m&amp#27;[32m200&amp#27;[39m &amp#27;[90m2051 ms - 137&amp#27;[39m
&amp#27;[38;5;0m[HTTP]&amp#27;[0m &amp#27;[90m&amp#27;[39m
&amp#27;[38;5;0m[HTTP]&amp#27;[0m &amp#27;[37m-->&amp#27;[39m &amp#27;[37mGET&amp#27;[39m &amp#27;[37m/session/24b485ec-92a7-408e-ba56-78682df800a3/element/34000000-0000-0000-1421-010000000000/rect&amp#27;[39m
&amp#27;[38;5;0m[HTTP]&amp#27;[0m &amp#27;[90m{}&amp#27;[39m
&amp#27;[38;5;32m[XCUITestDriver@55eb (24b485ec)]&amp#27;[0m Driver proxy active, passing request on via HTTP proxy
[debug] &amp#27;[38;5;32m[XCUITestDriver@55eb (24b485ec)]&amp#27;[0m Executing command 'proxyReqRes'
[debug] &amp#27;[38;5;32m[XCUITestDriver@55eb (24b485ec)]&amp#27;[0m Matched '/session/24b485ec-92a7-408e-ba56-78682df800a3/element/34000000-0000-0000-1421-010000000000/rect' to command name 'getElementRect'
[debug] &amp#27;[38;5;32m[XCUITestDriver@55eb (24b485ec)]&amp#27;[0m Proxying [GET /session/24b485ec-92a7-408e-ba56-78682df800a3/element/34000000-0000-0000-1421-010000000000/rect] to [GET http://127.0.0.1:8100/session/56D70ACD-A8F3-4900-A498-C9E849921D48/element/34000000-0000-0000-1421-010000000000/rect] with no body
[debug] &amp#27;[38;5;32m[XCUITestDriver@55eb (24b485ec)]&amp#27;[0m Got response with status 200: {"value":{"y":765,"x":130,"width":130,"height":50},"sessionId":"56D70ACD-A8F3-4900-A498-C9E849921D48"}
&amp#27;[38;5;32m[XCUITestDriver@55eb (24b485ec)]&amp#27;[0m Replacing sessionId 56D70ACD-A8F3-4900-A498-C9E849921D48 with 24b485ec-92a7-408e-ba56-78682df800a3
&amp#27;[38;5;0m[HTTP]&amp#27;[0m &amp#27;[37m<-- GET /session/24b485ec-92a7-408e-ba56-78682df800a3/element/34000000-0000-0000-1421-010000000000/rect &amp#27;[39m&amp#27;[32m200&amp#27;[39m &amp#27;[90m127 ms - 102&amp#27;[39m
&amp#27;[38;5;0m[HTTP]&amp#27;[0m &amp#27;[90m&amp#27;[39m
&amp#27;[38;5;0m[HTTP]&amp#27;[0m &amp#27;[37m-->&amp#27;[39m &amp#27;[37mGET&amp#27;[39m &amp#27;[37m/session/24b485ec-92a7-408e-ba56-78682df800a3/element/34000000-0000-0000-1421-010000000000/rect&amp#27;[39m
&amp#27;[38;5;0m[HTTP]&amp#27;[0m &amp#27;[90m{}&amp#27;[39m
&amp#27;[38;5;32m[XCUITestDriver@55eb (24b485ec)]&amp#27;[0m Driver proxy active, passing request on via HTTP proxy
[debug] &amp#27;[38;5;32m[XCUITestDriver@55eb (24b485ec)]&amp#27;[0m Executing command 'proxyReqRes'
[debug] &amp#27;[38;5;32m[XCUITestDriver@55eb (24b485ec)]&amp#27;[0m Matched '/session/24b485ec-92a7-408e-ba56-78682df800a3/element/34000000-0000-0000-1421-010000000000/rect' to command name 'getElementRect'
[debug] &amp#27;[38;5;32m[XCUITestDriver@55eb (24b485ec)]&amp#27;[0m Proxying [GET /session/24b485ec-92a7-408e-ba56-78682df800a3/element/34000000-0000-0000-1421-010000000000/rect] to [GET http://127.0.0.1:8100/session/56D70ACD-A8F3-4900-A498-C9E849921D48/element/34000000-0000-0000-1421-010000000000/rect] with no body
[debug] &amp#27;[38;5;32m[XCUITestDriver@55eb (24b485ec)]&amp#27;[0m Got response with status 200: {"value":{"y":765,"x":130,"width":130,"height":50},"sessionId":"56D70ACD-A8F3-4900-A498-C9E849921D48"}
&amp#27;[38;5;32m[XCUITestDriver@55eb (24b485ec)]&amp#27;[0m Replacing sessionId 56D70ACD-A8F3-4900-A498-C9E849921D48 with 24b485ec-92a7-408e-ba56-78682df800a3
&amp#27;[38;5;0m[HTTP]&amp#27;[0m &amp#27;[37m<-- GET /session/24b485ec-92a7-408e-ba56-78682df800a3/element/34000000-0000-0000-1421-010000000000/rect &amp#27;[39m&amp#27;[32m200&amp#27;[39m &amp#27;[90m118 ms - 102&amp#27;[39m
&amp#27;[38;5;0m[HTTP]&amp#27;[0m &amp#27;[90m&amp#27;[39m
&amp#27;[38;5;0m[HTTP]&amp#27;[0m &amp#27;[37m-->&amp#27;[39m &amp#27;[37mPOST&amp#27;[39m &amp#27;[37m/session/24b485ec-92a7-408e-ba56-78682df800a3/actions&amp#27;[39m
&amp#27;[38;5;0m[HTTP]&amp#27;[0m &amp#27;[90m{"actions":[{"id":"finger1","type":"pointer","parameters":{"pointerType":"touch"},"actions":[{"duration":0,"type":"pause"},{"duration":0,"x":195,"y":790,"type":"pointerMove","origin":"viewport"},{"button":0,"type":"pointerDown"},{"duration":200,"type":"pause"},{"button":0,"type":"pointerUp"}]}]}&amp#27;[39m
[debug] &amp#27;[38;5;32m[XCUITestDriver@55eb (24b485ec)]&amp#27;[0m Calling AppiumDriver.performActions() with args: [[{"id":"finger1","type":"pointer","parameters":{"pointerType":"touch"},"actions":[{"duration":0,"type":"pause"},{"duration":0,"x":195,"y":790,"type":"pointerMove","origin":"viewport"},{"button":0,"type":"pointerDown"},{"duration":200,"type":"pause"},{"button":0,"type":"pointerUp"}]}],"24b485ec-92a7-408e-ba56-78682df800a3"]
[debug] &amp#27;[38;5;32m[XCUITestDriver@55eb (24b485ec)]&amp#27;[0m Executing command 'performActions'
[debug] &amp#27;[38;5;32m[XCUITestDriver@55eb (24b485ec)]&amp#27;[0m Received the following W3C actions: [
[debug] &amp#27;[38;5;32m[XCUITestDriver@55eb (24b485ec)]&amp#27;[0m   {
[debug] &amp#27;[38;5;32m[XCUITestDriver@55eb (24b485ec)]&amp#27;[0m     "id": "finger1",
[debug] &amp#27;[38;5;32m[XCUITestDriver@55eb (24b485ec)]&amp#27;[0m     "type": "pointer",
[debug] &amp#27;[38;5;32m[XCUITestDriver@55eb (24b485ec)]&amp#27;[0m     "parameters": {
[debug] &amp#27;[38;5;32m[XCUITestDriver@55eb (24b485ec)]&amp#27;[0m       "pointerType": "touch"
[debug] &amp#27;[38;5;32m[XCUITestDriver@55eb (24b485ec)]&amp#27;[0m     },
[debug] &amp#27;[38;5;32m[XCUITestDriver@55eb (24b485ec)]&amp#27;[0m     "actions": [
[debug] &amp#27;[38;5;32m[XCUITestDriver@55eb (24b485ec)]&amp#27;[0m       {
[debug] &amp#27;[38;5;32m[XCUITestDriver@55eb (24b485ec)]&amp#27;[0m         "duration": 0,
[debug] &amp#27;[38;5;32m[XCUITestDriver@55eb (24b485ec)]&amp#27;[0m         "type": "pause"
[debug] &amp#27;[38;5;32m[XCUITestDriver@55eb (24b485ec)]&amp#27;[0m       },
[debug] &amp#27;[38;5;32m[XCUITestDriver@55eb (24b485ec)]&amp#27;[0m       {
[debug] &amp#27;[38;5;32m[XCUITestDriver@55eb (24b485ec)]&amp#27;[0m         "duration": 0,
[debug] &amp#27;[38;5;32m[XCUITestDriver@55eb (24b485ec)]&amp#27;[0m         "x": 195,
[debug] &amp#27;[38;5;32m[XCUITestDriver@55eb (24b485ec)]&amp#27;[0m         "y": 790,
[debug] &amp#27;[38;5;32m[XCUITestDriver@55eb (24b485ec)]&amp#27;[0m         "type": "pointerMove",
[debug] &amp#27;[38;5;32m[XCUITestDriver@55eb (24b485ec)]&amp#27;[0m         "origin": "viewport"
[debug] &amp#27;[38;5;32m[XCUITestDriver@55eb (24b485ec)]&amp#27;[0m       },
[debug] &amp#27;[38;5;32m[XCUITestDriver@55eb (24b485ec)]&amp#27;[0m       {
[debug] &amp#27;[38;5;32m[XCUITestDriver@55eb (24b485ec)]&amp#27;[0m         "button": 0,
[debug] &amp#27;[38;5;32m[XCUITestDriver@55eb (24b485ec)]&amp#27;[0m         "type": "pointerDown"
[debug] &amp#27;[38;5;32m[XCUITestDriver@55eb (24b485ec)]&amp#27;[0m       },
[debug] &amp#27;[38;5;32m[XCUITestDriver@55eb (24b485ec)]&amp#27;[0m       {
[debug] &amp#27;[38;5;32m[XCUITestDriver@55eb (24b485ec)]&amp#27;[0m         "duration": 200,
[debug] &amp#27;[38;5;32m[XCUITestDriver@55eb (24b485ec)]&amp#27;[0m         "type": "pause"
[debug] &amp#27;[38;5;32m[XCUITestDriver@55eb (24b485ec)]&amp#27;[0m       },
[debug] &amp#27;[38;5;32m[XCUITestDriver@55eb (24b485ec)]&amp#27;[0m       {
[debug] &amp#27;[38;5;32m[XCUITestDriver@55eb (24b485ec)]&amp#27;[0m         "button": 0,
[debug] &amp#27;[38;5;32m[XCUITestDriver@55eb (24b485ec)]&amp#27;[0m         "type": "pointerUp"
[debug] &amp#27;[38;5;32m[XCUITestDriver@55eb (24b485ec)]&amp#27;[0m       }
[debug] &amp#27;[38;5;32m[XCUITestDriver@55eb (24b485ec)]&amp#27;[0m     ]
[debug] &amp#27;[38;5;32m[XCUITestDriver@55eb (24b485ec)]&amp#27;[0m   }
[debug] &amp#27;[38;5;32m[XCUITestDriver@55eb (24b485ec)]&amp#27;[0m ]
[debug] &amp#27;[38;5;32m[XCUITestDriver@55eb (24b485ec)]&amp#27;[0m Preprocessed actions: [
[debug] &amp#27;[38;5;32m[XCUITestDriver@55eb (24b485ec)]&amp#27;[0m   {
[debug] &amp#27;[38;5;32m[XCUITestDriver@55eb (24b485ec)]&amp#27;[0m     "id": "finger1",
[debug] &amp#27;[38;5;32m[XCUITestDriver@55eb (24b485ec)]&amp#27;[0m     "type": "pointer",
[debug] &amp#27;[38;5;32m[XCUITestDriver@55eb (24b485ec)]&amp#27;[0m     "parameters": {
[debug] &amp#27;[38;5;32m[XCUITestDriver@55eb (24b485ec)]&amp#27;[0m       "pointerType": "touch"
[debug] &amp#27;[38;5;32m[XCUITestDriver@55eb (24b485ec)]&amp#27;[0m     },
[debug] &amp#27;[38;5;32m[XCUITestDriver@55eb (24b485ec)]&amp#27;[0m     "actions": [
[debug] &amp#27;[38;5;32m[XCUITestDriver@55eb (24b485ec)]&amp#27;[0m       {
[debug] &amp#27;[38;5;32m[XCUITestDriver@55eb (24b485ec)]&amp#27;[0m         "duration": 0,
[debug] &amp#27;[38;5;32m[XCUITestDriver@55eb (24b485ec)]&amp#27;[0m         "x": 195,
[debug] &amp#27;[38;5;32m[XCUITestDriver@55eb (24b485ec)]&amp#27;[0m         "y": 790,
[debug] &amp#27;[38;5;32m[XCUITestDriver@55eb (24b485ec)]&amp#27;[0m         "type": "pointerMove",
[debug] &amp#27;[38;5;32m[XCUITestDriver@55eb (24b485ec)]&amp#27;[0m         "origin": "viewport"
[debug] &amp#27;[38;5;32m[XCUITestDriver@55eb (24b485ec)]&amp#27;[0m       },
[debug] &amp#27;[38;5;32m[XCUITestDriver@55eb (24b485ec)]&amp#27;[0m       {
[debug] &amp#27;[38;5;32m[XCUITestDriver@55eb (24b485ec)]&amp#27;[0m         "button": 0,
[debug] &amp#27;[38;5;32m[XCUITestDriver@55eb (24b485ec)]&amp#27;[0m         "type": "pointerDown"
[debug] &amp#27;[38;5;32m[XCUITestDriver@55eb (24b485ec)]&amp#27;[0m       },
[debug] &amp#27;[38;5;32m[XCUITestDriver@55eb (24b485ec)]&amp#27;[0m       {
[debug] &amp#27;[38;5;32m[XCUITestDriver@55eb (24b485ec)]&amp#27;[0m         "duration": 200,
[debug] &amp#27;[38;5;32m[XCUITestDriver@55eb (24b485ec)]&amp#27;[0m         "type": "pause"
[debug] &amp#27;[38;5;32m[XCUITestDriver@55eb (24b485ec)]&amp#27;[0m       },
[debug] &amp#27;[38;5;32m[XCUITestDriver@55eb (24b485ec)]&amp#27;[0m       {
[debug] &amp#27;[38;5;32m[XCUITestDriver@55eb (24b485ec)]&amp#27;[0m         "button": 0,
[debug] &amp#27;[38;5;32m[XCUITestDriver@55eb (24b485ec)]&amp#27;[0m         "type": "pointerUp"
[debug] &amp#27;[38;5;32m[XCUITestDriver@55eb (24b485ec)]&amp#27;[0m       }
[debug] &amp#27;[38;5;32m[XCUITestDriver@55eb (24b485ec)]&amp#27;[0m     ]
[debug] &amp#27;[38;5;32m[XCUITestDriver@55eb (24b485ec)]&amp#27;[0m   }
[debug] &amp#27;[38;5;32m[XCUITestDriver@55eb (24b485ec)]&amp#27;[0m ]
[debug] &amp#27;[38;5;32m[XCUITestDriver@55eb (24b485ec)]&amp#27;[0m Matched '/actions' to command name 'performActions'
[debug] &amp#27;[38;5;32m[XCUITestDriver@55eb (24b485ec)]&amp#27;[0m Proxying [POST /actions] to [POST http://127.0.0.1:8100/session/56D70ACD-A8F3-4900-A498-C9E849921D48/actions] with body: {"actions":[{"id":"finger1","type":"pointer","parameters":{"pointerType":"touch"},"actions":[{"duration":0,"x":195,"y":790,"type":"pointerMove","origin":"viewport"},{"button":0,"type":"pointerDown"},{"duration":200,"type":"pause"},{"button":0,"type":"pointerUp"}]}]}
[debug] &amp#27;[38;5;32m[XCUITestDriver@55eb (24b485ec)]&amp#27;[0m Got response with status 200: {"value":null,"sessionId":"56D70ACD-A8F3-4900-A498-C9E849921D48"}
[debug] &amp#27;[38;5;32m[XCUITestDriver@55eb (24b485ec)]&amp#27;[0m Responding to client with driver.performActions() result: null
&amp#27;[38;5;0m[HTTP]&amp#27;[0m &amp#27;[37m<-- POST /session/24b485ec-92a7-408e-ba56-78682df800a3/actions &amp#27;[39m&amp#27;[32m200&amp#27;[39m &amp#27;[90m820 ms - 14&amp#27;[39m
&amp#27;[38;5;0m[HTTP]&amp#27;[0m &amp#27;[90m&amp#27;[39m
  When user clicks on Cart button                       # StepDefinations.NavigationSteps.user_clicks_on_cart_button()
&amp#27;[38;5;0m[HTTP]&amp#27;[0m &amp#27;[37m-->&amp#27;[39m &amp#27;[37mGET&amp#27;[39m &amp#27;[37m/session/24b485ec-92a7-408e-ba56-78682df800a3/screenshot&amp#27;[39m
&amp#27;[38;5;0m[HTTP]&amp#27;[0m &amp#27;[90m{}&amp#27;[39m
[debug] &amp#27;[38;5;32m[XCUITestDriver@55eb (24b485ec)]&amp#27;[0m Calling AppiumDriver.getScreenshot() with args: ["24b485ec-92a7-408e-ba56-78682df800a3"]
[debug] &amp#27;[38;5;32m[XCUITestDriver@55eb (24b485ec)]&amp#27;[0m Executing command 'getScreenshot'
[debug] &amp#27;[38;5;32m[XCUITestDriver@55eb (24b485ec)]&amp#27;[0m Taking screenshot with WDA
[debug] &amp#27;[38;5;32m[XCUITestDriver@55eb (24b485ec)]&amp#27;[0m Matched '/screenshot' to command name 'getScreenshot'
[debug] &amp#27;[38;5;32m[XCUITestDriver@55eb (24b485ec)]&amp#27;[0m Proxying [GET /screenshot] to [GET http://127.0.0.1:8100/session/56D70ACD-A8F3-4900-A498-C9E849921D48/screenshot] with no body
[debug] &amp#27;[38;5;32m[XCUITestDriver@55eb (24b485ec)]&amp#27;[0m Got response with status 200: {"value":"iVBORw0KGgoAAAANSUhEUgAABJIAAAnkCAYAAABWQUsDAAAAAXNSR0IArs4c6QAAADhlWElmTU0AKgAAAAgAAYdpAAQAAAABAAAAGgAAAAAAAqACAAQAAAABAAAEkqADAAQAAAABAAAJ5AAAAADoPni0AAAAHGlET1QAAAACAAAAAAAABPIAAAAoAAAE8gAABPIAAW2MF7BP1AAAQABJREFUeAHs3Qmcte09H/C31VapalVQJcQSJAjViD0EUfsSaonaSWyxBbUTIlISS+1rlBBiS0RRSoskltqJIBq7SOSNhHjmrHP3/7vm3PPeZ+bM/dxnZp73fZbv/flMzjxzzpxzn++5znlz/eb6/6/bOgcBAgQIECBAgAABAgQIECBAgACBCQK3TbiNmxAgQIAAAQIECBAgQIAAAQIECBDoBEkGAQECBAgQIECAAAECBAgQIECAwCQBQdIkJjciQIAAAQIECBAgQIAAAQIECBAQJBkDBAgQIECAAAECBAgQIECAAAECkwQESZOY3IgAAQIECBAgQIAAAQIECBAgQECQZAwQIECAAAECBAgQIECAAAECBAhMEhAkTWJyIwIECBAgQIAAAQIECBAgQIAAAUGSMUCAAAECBAgQIECAAAECBAgQIDBJQJA0icmNCBAgQIAAAQIECBAgQIAAAQIEBEnGAAECBAgQIECAAAECBAgQIECAwCQBQdIkJjciQIAAAQIECBAgQIAAAQIECBAQJBkDBAgQIECAAAECBAgQIECAAAECkwQESZOY3IgAAQIECBAgQIAAAQIECBAgQECQZAwQIECAAAECBAgQIECAAAECBAhMEhAkTWJyIwIECBAgQIAAAQIECBAgQIAAAUGSMUCAAAECBAgQIECAAAECBAgQIDBJQJA0icmNCBAgQIAAAQIECBAgQIAAAQIEBEnGAAECBAgQIECAAAECBAgQIECAwCQBQdIkJjciQIAAAQIECBAgQIAAAQIECBAQJBkDBAgQIECAAAECBAg...
[debug] &amp#27;[38;5;32m[XCUITestDriver@55eb (24b485ec)]&amp#27;[0m Responding to client with driver.getScreenshot() result: "iVBORw0KGgoAAAANSUhEUgAABJIAAAnkCAYAAABWQUsDAAAAAXNSR0IArs4c6QAAADhlWElmTU0AKgAAAAgAAYdpAAQAAAABAAAAGgAAAAAAAqACAAQAAAABAAAEkqADAAQAAAABAAAJ5AAAAADoPni0AAAAHGlET1QAAAACAAAAAAAABPIAAAAoAAAE8gAABPIAAW2MF7BP1AAAQABJREFUeAHs3Qmcte09H/C31VapalVQJcQSJAjViD0EUfsSaonaSWyxBbUTIlISS+1rlBBiS0RRSoskltqJIBq7SOSNhHjmrHP3/7vm3PPeZ+bM/dxnZp73fZbv/flMzjxzzpxzn++5znlz/eb6/6/bOgcBAgQIECBAgAABAgQIECBAgACBCQK3TbiNmxAgQIAAAQIECBAgQIAAAQIECBDoBEkGAQECBAgQIECAAAECBAgQIECAwCQBQdIkJjciQIAAAQIECBAgQIAAAQIECBAQJBkDBAgQIECAAAECBAgQIECAAAECkwQESZOY3IgAAQIECBAgQIAAAQIECBAgQECQZAwQIECAAAECBAgQIECAAAECBAhMEhAkTWJyIwIECBAgQIAAAQIECBAgQIAAAUGSMUCAAAECBAgQIECAAAECBAgQIDBJQJA0icmNCBAgQIAAAQIECBAgQIAAAQIEBEnGAAECBAgQIECAAAECBAgQIECAwCQBQdIkJjciQIAAAQIECBAgQIAAAQIECBAQJBkDBAgQIECAAAECBAgQIECAAAECkwQESZOY3IgAAQIECBAgQIAAAQIECBAgQECQZAwQIECAAAECBAgQIECAAAECBAhMEhAkTWJyIwIECBAgQIAAAQIECBAgQIAAAUGSMUCAAAECBAgQIECAAAECBAgQIDBJQJA0icmNCBAgQIAAAQIECBAgQIAAAQIEBEnGAAECBAgQIECAAAECBAgQIECAwCQBQdIkJjciQIAAAQIECBAgQIAAAQIECBAQJBkDBAgQIECAAAECBAgQIECAAAEC...
&amp#27;[38;5;0m[HTTP]&amp#27;[0m &amp#27;[37m<-- GET /session/24b485ec-92a7-408e-ba56-78682df800a3/screenshot &amp#27;[39m&amp#27;[32m200&amp#27;[39m &amp#27;[90m456 ms - 200388&amp#27;[39m
&amp#27;[38;5;0m[HTTP]&amp#27;[0m &amp#27;[90m&amp#27;[39m

    Embedding screenshot [image/png 150282 bytes]

&amp#27;[38;5;0m[HTTP]&amp#27;[0m &amp#27;[37m-->&amp#27;[39m &amp#27;[37mPOST&amp#27;[39m &amp#27;[37m/session/24b485ec-92a7-408e-ba56-78682df800a3/element&amp#27;[39m
&amp#27;[38;5;0m[HTTP]&amp#27;[0m &amp#27;[90m{"using":"xpath","value":"//XCUIElementTypeStaticText[@name='No Items']"}&amp#27;[39m
[debug] &amp#27;[38;5;32m[XCUITestDriver@55eb (24b485ec)]&amp#27;[0m Calling AppiumDriver.findElement() with args: ["xpath","//XCUIElementTypeStaticText[@name='No Items']","24b485ec-92a7-408e-ba56-78682df800a3"]
[debug] &amp#27;[38;5;32m[XCUITestDriver@55eb (24b485ec)]&amp#27;[0m Executing command 'findElement'
[debug] &amp#27;[38;5;32m[XCUITestDriver@55eb (24b485ec)]&amp#27;[0m Valid locator strategies for this request: xpath, id, name, class name, -ios predicate string, -ios class chain, accessibility id, css selector
[debug] &amp#27;[38;5;32m[XCUITestDriver@55eb (24b485ec)]&amp#27;[0m Waiting up to 0 ms for condition
[debug] &amp#27;[38;5;32m[XCUITestDriver@55eb (24b485ec)]&amp#27;[0m Matched '/element' to command name 'findElement'
[debug] &amp#27;[38;5;32m[XCUITestDriver@55eb (24b485ec)]&amp#27;[0m Proxying [POST /element] to [POST http://127.0.0.1:8100/session/56D70ACD-A8F3-4900-A498-C9E849921D48/element] with body: {"using":"xpath","value":"//XCUIElementTypeStaticText[@name='No Items']"}
[debug] &amp#27;[38;5;32m[XCUITestDriver@55eb (24b485ec)]&amp#27;[0m Got response with status 200: {"value":{"ELEMENT":"A7010000-0000-0000-1421-010000000000","element-6066-11e4-a52e-4f735466cecf":"A7010000-0000-0000-1421-010000000000"},"sessionId":"56D70ACD-A8F3-4900-A498-C9E849921D48"}
[debug] &amp#27;[38;5;32m[XCUITestDriver@55eb (24b485ec)]&amp#27;[0m Responding to client with driver.findElement() result: {"element-6066-11e4-a52e-4f735466cecf":"A7010000-0000-0000-1421-010000000000","ELEMENT":"A7010000-0000-0000-1421-010000000000"}
&amp#27;[38;5;0m[HTTP]&amp#27;[0m &amp#27;[37m<-- POST /session/24b485ec-92a7-408e-ba56-78682df800a3/element &amp#27;[39m&amp#27;[32m200&amp#27;[39m &amp#27;[90m1505 ms - 137&amp#27;[39m
&amp#27;[38;5;0m[HTTP]&amp#27;[0m &amp#27;[90m&amp#27;[39m
&amp#27;[38;5;0m[HTTP]&amp#27;[0m &amp#27;[37m-->&amp#27;[39m &amp#27;[37mGET&amp#27;[39m &amp#27;[37m/session/24b485ec-92a7-408e-ba56-78682df800a3/element/A7010000-0000-0000-1421-010000000000/displayed&amp#27;[39m
&amp#27;[38;5;0m[HTTP]&amp#27;[0m &amp#27;[90m{}&amp#27;[39m
&amp#27;[38;5;32m[XCUITestDriver@55eb (24b485ec)]&amp#27;[0m Driver proxy active, passing request on via HTTP proxy
[debug] &amp#27;[38;5;32m[XCUITestDriver@55eb (24b485ec)]&amp#27;[0m Executing command 'proxyReqRes'
[debug] &amp#27;[38;5;32m[XCUITestDriver@55eb (24b485ec)]&amp#27;[0m Matched '/session/24b485ec-92a7-408e-ba56-78682df800a3/element/A7010000-0000-0000-1421-010000000000/displayed' to command name 'elementDisplayed'
[debug] &amp#27;[38;5;32m[XCUITestDriver@55eb (24b485ec)]&amp#27;[0m Proxying [GET /session/24b485ec-92a7-408e-ba56-78682df800a3/element/A7010000-0000-0000-1421-010000000000/displayed] to [GET http://127.0.0.1:8100/session/56D70ACD-A8F3-4900-A498-C9E849921D48/element/A7010000-0000-0000-1421-010000000000/displayed] with no body
[debug] &amp#27;[38;5;32m[XCUITestDriver@55eb (24b485ec)]&amp#27;[0m Got response with status 200: {"value":true,"sessionId":"56D70ACD-A8F3-4900-A498-C9E849921D48"}
&amp#27;[38;5;32m[XCUITestDriver@55eb (24b485ec)]&amp#27;[0m Replacing sessionId 56D70ACD-A8F3-4900-A498-C9E849921D48 with 24b485ec-92a7-408e-ba56-78682df800a3
cart page is empty
Done
  Then user lands on cart page                          # StepDefinations.NavigationSteps.user_lands_on_cart_page()
&amp#27;[38;5;0m[HTTP]&amp#27;[0m &amp#27;[37m<-- GET /session/24b485ec-92a7-408e-ba56-78682df800a3/element/A7010000-0000-0000-1421-010000000000/displayed &amp#27;[39m&amp#27;[32m200&amp#27;[39m &amp#27;[90m108 ms - 65&amp#27;[39m
&amp#27;[38;5;0m[HTTP]&amp#27;[0m &amp#27;[90m&amp#27;[39m
&amp#27;[38;5;0m[HTTP]&amp#27;[0m &amp#27;[37m-->&amp#27;[39m &amp#27;[37mGET&amp#27;[39m &amp#27;[37m/session/24b485ec-92a7-408e-ba56-78682df800a3/screenshot&amp#27;[39m
&amp#27;[38;5;0m[HTTP]&amp#27;[0m &amp#27;[90m{}&amp#27;[39m
[debug] &amp#27;[38;5;32m[XCUITestDriver@55eb (24b485ec)]&amp#27;[0m Calling AppiumDriver.getScreenshot() with args: ["24b485ec-92a7-408e-ba56-78682df800a3"]
[debug] &amp#27;[38;5;32m[XCUITestDriver@55eb (24b485ec)]&amp#27;[0m Executing command 'getScreenshot'
[debug] &amp#27;[38;5;32m[XCUITestDriver@55eb (24b485ec)]&amp#27;[0m Taking screenshot with WDA
[debug] &amp#27;[38;5;32m[XCUITestDriver@55eb (24b485ec)]&amp#27;[0m Matched '/screenshot' to command name 'getScreenshot'
[debug] &amp#27;[38;5;32m[XCUITestDriver@55eb (24b485ec)]&amp#27;[0m Proxying [GET /screenshot] to [GET http://127.0.0.1:8100/session/56D70ACD-A8F3-4900-A498-C9E849921D48/screenshot] with no body
[debug] &amp#27;[38;5;32m[XCUITestDriver@55eb (24b485ec)]&amp#27;[0m Got response with status 200: {"value":"iVBORw0KGgoAAAANSUhEUgAABJIAAAnkCAYAAABWQUsDAAAAAXNSR0IArs4c6QAAADhlWElmTU0AKgAAAAgAAYdpAAQAAAABAAAAGgAAAAAAAqACAAQAAAABAAAEkqADAAQAAAABAAAJ5AAAAADoPni0AAAAHGlET1QAAAACAAAAAAAABPIAAAAoAAAE8gAABPIAAVoOhAEN7AAAQABJREFUeAHs3QmYbNtZFuAbUVDURERCgIRZpiDKIJOAAmEQCKMCT5hBQQ1TAJlBIWEIUwgzMigJEhlUZI5AAEEEAQkBGZRE5iRkTsjprqm3/7e6dt3qOlXdq/p0n1vn3nc/T6X6dO+u2vXuvyp3f73+te4abAQIECBAgAABAgQIECBAgAABAgQ6BO7q2McuBAgQIECAAAECBAgQIECAAAECBAZBkiIgQIAAAQIECBAgQIAAAQIECBDoEhAkdTHZiQABAgQIECBAgAABAgQIECBAQJCkBggQIECAAAECBAgQIECAAAECBLoEBEldTHYiQIAAAQIECBAgQIAAAQIECBAQJKkBAgQIECBAgAABAgQIECBAgACBLgFBUheTnQgQIECAAAECBAgQIECAAAECBARJaoAAAQIECBAgQIAAAQIECBAgQKBLQJDUxWQnAgQIECBAgAABAgQIECBAgAABQZIaIECAAAECBAgQIECAAAECBAgQ6BIQJHUx2YkAAQIECBAgQIAAAQIECBAgQECQpAYIECBAgAABAgQIECBAgAABAgS6BARJXUx2IkCAAAECBAgQIECAAAECBAgQECSpAQIECBAgQIAAAQIECBAgQIAAgS4BQVIXk50IECBAgAABAgQIECBAgAABAgQESWqAAAECBAgQIECAAAECBAgQIECgS0CQ1MVkJwIECBAgQIAAAQIECBAgQIAAAUGSGiBAgAABAgQIECBAgAABAgQIEOgSECR1MdmJAAECBAgQIECAAAECBAgQIEBAkKQGCBAgQIAAAQIECBAgQIA...
[debug] &amp#27;[38;5;32m[XCUITestDriver@55eb (24b485ec)]&amp#27;[0m Responding to client with driver.getScreenshot() result: "iVBORw0KGgoAAAANSUhEUgAABJIAAAnkCAYAAABWQUsDAAAAAXNSR0IArs4c6QAAADhlWElmTU0AKgAAAAgAAYdpAAQAAAABAAAAGgAAAAAAAqACAAQAAAABAAAEkqADAAQAAAABAAAJ5AAAAADoPni0AAAAHGlET1QAAAACAAAAAAAABPIAAAAoAAAE8gAABPIAAVoOhAEN7AAAQABJREFUeAHs3QmYbNtZFuAbUVDURERCgIRZpiDKIJOAAmEQCKMCT5hBQQ1TAJlBIWEIUwgzMigJEhlUZI5AAEEEAQkBGZRE5iRkTsjprqm3/7e6dt3qOlXdq/p0n1vn3nc/T6X6dO+u2vXuvyp3f73+te4abAQIECBAgAABAgQIECBAgAABAgQ6BO7q2McuBAgQIECAAAECBAgQIECAAAECBAZBkiIgQIAAAQIECBAgQIAAAQIECBDoEhAkdTHZiQABAgQIECBAgAABAgQIECBAQJCkBggQIECAAAECBAgQIECAAAECBLoEBEldTHYiQIAAAQIECBAgQIAAAQIECBAQJKkBAgQIECBAgAABAgQIECBAgACBLgFBUheTnQgQIECAAAECBAgQIECAAAECBARJaoAAAQIECBAgQIAAAQIECBAgQKBLQJDUxWQnAgQIECBAgAABAgQIECBAgAABQZIaIECAAAECBAgQIECAAAECBAgQ6BIQJHUx2YkAAQIECBAgQIAAAQIECBAgQECQpAYIECBAgAABAgQIECBAgAABAgS6BARJXUx2IkCAAAECBAgQIECAAAECBAgQECSpAQIECBAgQIAAAQIECBAgQIAAgS4BQVIXk50IECBAgAABAgQIECBAgAABAgQESWqAAAECBAgQIECAAAECBAgQIECgS0CQ1MVkJwIECBAgQIAAAQIECBAgQIAAAUGSGiBAgAABAgQIECBAgAABAgQIEOgSECR1MdmJAAECBAgQIECAAAECBAgQIEBAkKQGCBAgQIAAAQIECBAgQIAAAQIEugQE...
&amp#27;[38;5;0m[HTTP]&amp#27;[0m &amp#27;[37m<-- GET /session/24b485ec-92a7-408e-ba56-78682df800a3/screenshot &amp#27;[39m&amp#27;[32m200&amp#27;[39m &amp#27;[90m320 ms - 191852&amp#27;[39m
&amp#27;[38;5;0m[HTTP]&amp#27;[0m &amp#27;[90m&amp#27;[39m

    Embedding screenshot [image/png 143879 bytes]

&amp#27;[38;5;0m[HTTP]&amp#27;[0m &amp#27;[37m-->&amp#27;[39m &amp#27;[37mGET&amp#27;[39m &amp#27;[37m/session/24b485ec-92a7-408e-ba56-78682df800a3/screenshot&amp#27;[39m
&amp#27;[38;5;0m[HTTP]&amp#27;[0m &amp#27;[90m{}&amp#27;[39m
[debug] &amp#27;[38;5;32m[XCUITestDriver@55eb (24b485ec)]&amp#27;[0m Calling AppiumDriver.getScreenshot() with args: ["24b485ec-92a7-408e-ba56-78682df800a3"]
[debug] &amp#27;[38;5;32m[XCUITestDriver@55eb (24b485ec)]&amp#27;[0m Executing command 'getScreenshot'
[debug] &amp#27;[38;5;32m[XCUITestDriver@55eb (24b485ec)]&amp#27;[0m Taking screenshot with WDA
[debug] &amp#27;[38;5;32m[XCUITestDriver@55eb (24b485ec)]&amp#27;[0m Matched '/screenshot' to command name 'getScreenshot'
[debug] &amp#27;[38;5;32m[XCUITestDriver@55eb (24b485ec)]&amp#27;[0m Proxying [GET /screenshot] to [GET http://127.0.0.1:8100/session/56D70ACD-A8F3-4900-A498-C9E849921D48/screenshot] with no body
[debug] &amp#27;[38;5;32m[XCUITestDriver@55eb (24b485ec)]&amp#27;[0m Got response with status 200: {"value":"iVBORw0KGgoAAAANSUhEUgAABJIAAAnkCAYAAABWQUsDAAAAAXNSR0IArs4c6QAAADhlWElmTU0AKgAAAAgAAYdpAAQAAAABAAAAGgAAAAAAAqACAAQAAAABAAAEkqADAAQAAAABAAAJ5AAAAADoPni0AAAAHGlET1QAAAACAAAAAAAABPIAAAAoAAAE8gAABPIAAVoOhAEN7AAAQABJREFUeAHs3QmYbNtZFuAbUVDURERCgIRZpiDKIJOAAmEQCKMCT5hBQQ1TAJlBIWEIUwgzMigJEhlUZI5AAEEEAQkBGZRE5iRkTsjprqm3/7e6dt3qOlXdq/p0n1vn3nc/T6X6dO+u2vXuvyp3f73+te4abAQIECBAgAABAgQIECBAgAABAgQ6BO7q2McuBAgQIECAAAECBAgQIECAAAECBAZBkiIgQIAAAQIECBAgQIAAAQIECBDoEhAkdTHZiQABAgQIECBAgAABAgQIECBAQJCkBggQIECAAAECBAgQIECAAAECBLoEBEldTHYiQIAAAQIECBAgQIAAAQIECBAQJKkBAgQIECBAgAABAgQIECBAgACBLgFBUheTnQgQIECAAAECBAgQIECAAAECBARJaoAAAQIECBAgQIAAAQIECBAgQKBLQJDUxWQnAgQIECBAgAABAgQIECBAgAABQZIaIECAAAECBAgQIECAAAECBAgQ6BIQJHUx2YkAAQIECBAgQIAAAQIECBAgQECQpAYIECBAgAABAgQIECBAgAABAgS6BARJXUx2IkCAAAECBAgQIECAAAECBAgQECSpAQIECBAgQIAAAQIECBAgQIAAgS4BQVIXk50IECBAgAABAgQIECBAgAABAgQESWqAAAECBAgQIECAAAECBAgQIECgS0CQ1MVkJwIECBAgQIAAAQIECBAgQIAAAUGSGiBAgAABAgQIECBAgAABAgQIEOgSECR1MdmJAAECBAgQIECAAAECBAgQIEBAkKQGCBAgQIAAAQIECBAgQIA...
[debug] &amp#27;[38;5;32m[XCUITestDriver@55eb (24b485ec)]&amp#27;[0m Responding to client with driver.getScreenshot() result: "iVBORw0KGgoAAAANSUhEUgAABJIAAAnkCAYAAABWQUsDAAAAAXNSR0IArs4c6QAAADhlWElmTU0AKgAAAAgAAYdpAAQAAAABAAAAGgAAAAAAAqACAAQAAAABAAAEkqADAAQAAAABAAAJ5AAAAADoPni0AAAAHGlET1QAAAACAAAAAAAABPIAAAAoAAAE8gAABPIAAVoOhAEN7AAAQABJREFUeAHs3QmYbNtZFuAbUVDURERCgIRZpiDKIJOAAmEQCKMCT5hBQQ1TAJlBIWEIUwgzMigJEhlUZI5AAEEEAQkBGZRE5iRkTsjprqm3/7e6dt3qOlXdq/p0n1vn3nc/T6X6dO+u2vXuvyp3f73+te4abAQIECBAgAABAgQIECBAgAABAgQ6BO7q2McuBAgQIECAAAECBAgQIECAAAECBAZBkiIgQIAAAQIECBAgQIAAAQIECBDoEhAkdTHZiQABAgQIECBAgAABAgQIECBAQJCkBggQIECAAAECBAgQIECAAAECBLoEBEldTHYiQIAAAQIECBAgQIAAAQIECBAQJKkBAgQIECBAgAABAgQIECBAgACBLgFBUheTnQgQIECAAAECBAgQIECAAAECBARJaoAAAQIECBAgQIAAAQIECBAgQKBLQJDUxWQnAgQIECBAgAABAgQIECBAgAABQZIaIECAAAECBAgQIECAAAECBAgQ6BIQJHUx2YkAAQIECBAgQIAAAQIECBAgQECQpAYIECBAgAABAgQIECBAgAABAgS6BARJXUx2IkCAAAECBAgQIECAAAECBAgQECSpAQIECBAgQIAAAQIECBAgQIAAgS4BQVIXk50IECBAgAABAgQIECBAgAABAgQESWqAAAECBAgQIECAAAECBAgQIECgS0CQ1MVkJwIECBAgQIAAAQIECBAgQIAAAUGSGiBAgAABAgQIECBAgAABAgQIEOgSECR1MdmJAAECBAgQIECAAAECBAgQIEBAkKQGCBAgQIAAAQIECBAgQIAAAQIEugQE...
&amp#27;[38;5;0m[HTTP]&amp#27;[0m &amp#27;[37m<-- GET /session/24b485ec-92a7-408e-ba56-78682df800a3/screenshot &amp#27;[39m&amp#27;[32m200&amp#27;[39m &amp#27;[90m315 ms - 191852&amp#27;[39m
&amp#27;[38;5;0m[HTTP]&amp#27;[0m &amp#27;[90m&amp#27;[39m

    Embedding screenshot [image/png 143879 bytes]

]]></system-out>
  </testcase>
  <testcase name="runScenario[&quot;validate add to cart functionality&quot;, &quot;verify user able to add and remove product in cart in application&quot;](4)" classname="TestRunners.TestRunner" time="66.811">
    <system-out><![CDATA[
@Smoke @Product
Scenario: validate add to cart functionality         # src/test/resources/Features/Product.feature:5
&amp#27;[38;5;0m[HTTP]&amp#27;[0m &amp#27;[37m-->&amp#27;[39m &amp#27;[37mPOST&amp#27;[39m &amp#27;[37m/session/24b485ec-92a7-408e-ba56-78682df800a3/element&amp#27;[39m
&amp#27;[38;5;0m[HTTP]&amp#27;[0m &amp#27;[90m{"using":"xpath","value":"//XCUIElementTypeButton[@name='tab bar option catalog']"}&amp#27;[39m
[debug] &amp#27;[38;5;32m[XCUITestDriver@55eb (24b485ec)]&amp#27;[0m Calling AppiumDriver.findElement() with args: ["xpath","//XCUIElementTypeButton[@name='tab bar option catalog']","24b485ec-92a7-408e-ba56-78682df800a3"]
[debug] &amp#27;[38;5;32m[XCUITestDriver@55eb (24b485ec)]&amp#27;[0m Executing command 'findElement'
[debug] &amp#27;[38;5;32m[XCUITestDriver@55eb (24b485ec)]&amp#27;[0m Valid locator strategies for this request: xpath, id, name, class name, -ios predicate string, -ios class chain, accessibility id, css selector
[debug] &amp#27;[38;5;32m[XCUITestDriver@55eb (24b485ec)]&amp#27;[0m Waiting up to 0 ms for condition
[debug] &amp#27;[38;5;32m[XCUITestDriver@55eb (24b485ec)]&amp#27;[0m Matched '/element' to command name 'findElement'
[debug] &amp#27;[38;5;32m[XCUITestDriver@55eb (24b485ec)]&amp#27;[0m Proxying [POST /element] to [POST http://127.0.0.1:8100/session/56D70ACD-A8F3-4900-A498-C9E849921D48/element] with body: {"using":"xpath","value":"//XCUIElementTypeButton[@name='tab bar option catalog']"}
[debug] &amp#27;[38;5;32m[XCUITestDriver@55eb (24b485ec)]&amp#27;[0m Got response with status 200: {"value":{"ELEMENT":"33000000-0000-0000-1421-010000000000","element-6066-11e4-a52e-4f735466cecf":"33000000-0000-0000-1421-010000000000"},"sessionId":"56D70ACD-A8F3-4900-A498-C9E849921D48"}
[debug] &amp#27;[38;5;32m[XCUITestDriver@55eb (24b485ec)]&amp#27;[0m Responding to client with driver.findElement() result: {"element-6066-11e4-a52e-4f735466cecf":"33000000-0000-0000-1421-010000000000","ELEMENT":"33000000-0000-0000-1421-010000000000"}
&amp#27;[38;5;0m[HTTP]&amp#27;[0m &amp#27;[37m<-- POST /session/24b485ec-92a7-408e-ba56-78682df800a3/element &amp#27;[39m&amp#27;[32m200&amp#27;[39m &amp#27;[90m1736 ms - 137&amp#27;[39m
&amp#27;[38;5;0m[HTTP]&amp#27;[0m &amp#27;[90m&amp#27;[39m
&amp#27;[38;5;0m[HTTP]&amp#27;[0m &amp#27;[37m-->&amp#27;[39m &amp#27;[37mGET&amp#27;[39m &amp#27;[37m/session/24b485ec-92a7-408e-ba56-78682df800a3/element/33000000-0000-0000-1421-010000000000/displayed&amp#27;[39m
&amp#27;[38;5;0m[HTTP]&amp#27;[0m &amp#27;[90m{}&amp#27;[39m
&amp#27;[38;5;32m[XCUITestDriver@55eb (24b485ec)]&amp#27;[0m Driver proxy active, passing request on via HTTP proxy
[debug] &amp#27;[38;5;32m[XCUITestDriver@55eb (24b485ec)]&amp#27;[0m Executing command 'proxyReqRes'
[debug] &amp#27;[38;5;32m[XCUITestDriver@55eb (24b485ec)]&amp#27;[0m Matched '/session/24b485ec-92a7-408e-ba56-78682df800a3/element/33000000-0000-0000-1421-010000000000/displayed' to command name 'elementDisplayed'
[debug] &amp#27;[38;5;32m[XCUITestDriver@55eb (24b485ec)]&amp#27;[0m Proxying [GET /session/24b485ec-92a7-408e-ba56-78682df800a3/element/33000000-0000-0000-1421-010000000000/displayed] to [GET http://127.0.0.1:8100/session/56D70ACD-A8F3-4900-A498-C9E849921D48/element/33000000-0000-0000-1421-010000000000/displayed] with no body
[debug] &amp#27;[38;5;32m[XCUITestDriver@55eb (24b485ec)]&amp#27;[0m Got response with status 200: {"value":true,"sessionId":"56D70ACD-A8F3-4900-A498-C9E849921D48"}
&amp#27;[38;5;32m[XCUITestDriver@55eb (24b485ec)]&amp#27;[0m Replacing sessionId 56D70ACD-A8F3-4900-A498-C9E849921D48 with 24b485ec-92a7-408e-ba56-78682df800a3
&amp#27;[38;5;0m[HTTP]&amp#27;[0m &amp#27;[37m<-- GET /session/24b485ec-92a7-408e-ba56-78682df800a3/element/33000000-0000-0000-1421-010000000000/displayed &amp#27;[39m&amp#27;[32m200&amp#27;[39m &amp#27;[90m116 ms - 65&amp#27;[39m
&amp#27;[38;5;0m[HTTP]&amp#27;[0m &amp#27;[90m&amp#27;[39m
&amp#27;[38;5;0m[HTTP]&amp#27;[0m &amp#27;[37m-->&amp#27;[39m &amp#27;[37mPOST&amp#27;[39m &amp#27;[37m/session/24b485ec-92a7-408e-ba56-78682df800a3/element&amp#27;[39m
&amp#27;[38;5;0m[HTTP]&amp#27;[0m &amp#27;[90m{"using":"xpath","value":"//XCUIElementTypeButton[@name='tab bar option catalog']"}&amp#27;[39m
[debug] &amp#27;[38;5;32m[XCUITestDriver@55eb (24b485ec)]&amp#27;[0m Calling AppiumDriver.findElement() with args: ["xpath","//XCUIElementTypeButton[@name='tab bar option catalog']","24b485ec-92a7-408e-ba56-78682df800a3"]
[debug] &amp#27;[38;5;32m[XCUITestDriver@55eb (24b485ec)]&amp#27;[0m Executing command 'findElement'
[debug] &amp#27;[38;5;32m[XCUITestDriver@55eb (24b485ec)]&amp#27;[0m Valid locator strategies for this request: xpath, id, name, class name, -ios predicate string, -ios class chain, accessibility id, css selector
[debug] &amp#27;[38;5;32m[XCUITestDriver@55eb (24b485ec)]&amp#27;[0m Waiting up to 0 ms for condition
[debug] &amp#27;[38;5;32m[XCUITestDriver@55eb (24b485ec)]&amp#27;[0m Matched '/element' to command name 'findElement'
[debug] &amp#27;[38;5;32m[XCUITestDriver@55eb (24b485ec)]&amp#27;[0m Proxying [POST /element] to [POST http://127.0.0.1:8100/session/56D70ACD-A8F3-4900-A498-C9E849921D48/element] with body: {"using":"xpath","value":"//XCUIElementTypeButton[@name='tab bar option catalog']"}
[debug] &amp#27;[38;5;32m[XCUITestDriver@55eb (24b485ec)]&amp#27;[0m Got response with status 200: {"value":{"ELEMENT":"33000000-0000-0000-1421-010000000000","element-6066-11e4-a52e-4f735466cecf":"33000000-0000-0000-1421-010000000000"},"sessionId":"56D70ACD-A8F3-4900-A498-C9E849921D48"}
[debug] &amp#27;[38;5;32m[XCUITestDriver@55eb (24b485ec)]&amp#27;[0m Responding to client with driver.findElement() result: {"element-6066-11e4-a52e-4f735466cecf":"33000000-0000-0000-1421-010000000000","ELEMENT":"33000000-0000-0000-1421-010000000000"}
&amp#27;[38;5;0m[HTTP]&amp#27;[0m &amp#27;[37m<-- POST /session/24b485ec-92a7-408e-ba56-78682df800a3/element &amp#27;[39m&amp#27;[32m200&amp#27;[39m &amp#27;[90m1589 ms - 137&amp#27;[39m
&amp#27;[38;5;0m[HTTP]&amp#27;[0m &amp#27;[90m&amp#27;[39m
&amp#27;[38;5;0m[HTTP]&amp#27;[0m &amp#27;[37m-->&amp#27;[39m &amp#27;[37mGET&amp#27;[39m &amp#27;[37m/session/24b485ec-92a7-408e-ba56-78682df800a3/element/33000000-0000-0000-1421-010000000000/rect&amp#27;[39m
&amp#27;[38;5;0m[HTTP]&amp#27;[0m &amp#27;[90m{}&amp#27;[39m
&amp#27;[38;5;32m[XCUITestDriver@55eb (24b485ec)]&amp#27;[0m Driver proxy active, passing request on via HTTP proxy
[debug] &amp#27;[38;5;32m[XCUITestDriver@55eb (24b485ec)]&amp#27;[0m Executing command 'proxyReqRes'
[debug] &amp#27;[38;5;32m[XCUITestDriver@55eb (24b485ec)]&amp#27;[0m Matched '/session/24b485ec-92a7-408e-ba56-78682df800a3/element/33000000-0000-0000-1421-010000000000/rect' to command name 'getElementRect'
[debug] &amp#27;[38;5;32m[XCUITestDriver@55eb (24b485ec)]&amp#27;[0m Proxying [GET /session/24b485ec-92a7-408e-ba56-78682df800a3/element/33000000-0000-0000-1421-010000000000/rect] to [GET http://127.0.0.1:8100/session/56D70ACD-A8F3-4900-A498-C9E849921D48/element/33000000-0000-0000-1421-010000000000/rect] with no body
[debug] &amp#27;[38;5;32m[XCUITestDriver@55eb (24b485ec)]&amp#27;[0m Got response with status 200: {"value":{"y":765,"x":0,"width":130,"height":50},"sessionId":"56D70ACD-A8F3-4900-A498-C9E849921D48"}
&amp#27;[38;5;32m[XCUITestDriver@55eb (24b485ec)]&amp#27;[0m Replacing sessionId 56D70ACD-A8F3-4900-A498-C9E849921D48 with 24b485ec-92a7-408e-ba56-78682df800a3
&amp#27;[38;5;0m[HTTP]&amp#27;[0m &amp#27;[37m<-- GET /session/24b485ec-92a7-408e-ba56-78682df800a3/element/33000000-0000-0000-1421-010000000000/rect &amp#27;[39m&amp#27;[32m200&amp#27;[39m &amp#27;[90m105 ms - 100&amp#27;[39m
&amp#27;[38;5;0m[HTTP]&amp#27;[0m &amp#27;[90m&amp#27;[39m
&amp#27;[38;5;0m[HTTP]&amp#27;[0m &amp#27;[37m-->&amp#27;[39m &amp#27;[37mGET&amp#27;[39m &amp#27;[37m/session/24b485ec-92a7-408e-ba56-78682df800a3/element/33000000-0000-0000-1421-010000000000/rect&amp#27;[39m
&amp#27;[38;5;0m[HTTP]&amp#27;[0m &amp#27;[90m{}&amp#27;[39m
&amp#27;[38;5;32m[XCUITestDriver@55eb (24b485ec)]&amp#27;[0m Driver proxy active, passing request on via HTTP proxy
[debug] &amp#27;[38;5;32m[XCUITestDriver@55eb (24b485ec)]&amp#27;[0m Executing command 'proxyReqRes'
[debug] &amp#27;[38;5;32m[XCUITestDriver@55eb (24b485ec)]&amp#27;[0m Matched '/session/24b485ec-92a7-408e-ba56-78682df800a3/element/33000000-0000-0000-1421-010000000000/rect' to command name 'getElementRect'
[debug] &amp#27;[38;5;32m[XCUITestDriver@55eb (24b485ec)]&amp#27;[0m Proxying [GET /session/24b485ec-92a7-408e-ba56-78682df800a3/element/33000000-0000-0000-1421-010000000000/rect] to [GET http://127.0.0.1:8100/session/56D70ACD-A8F3-4900-A498-C9E849921D48/element/33000000-0000-0000-1421-010000000000/rect] with no body
[debug] &amp#27;[38;5;32m[XCUITestDriver@55eb (24b485ec)]&amp#27;[0m Got response with status 200: {"value":{"y":765,"x":0,"width":130,"height":50},"sessionId":"56D70ACD-A8F3-4900-A498-C9E849921D48"}
&amp#27;[38;5;32m[XCUITestDriver@55eb (24b485ec)]&amp#27;[0m Replacing sessionId 56D70ACD-A8F3-4900-A498-C9E849921D48 with 24b485ec-92a7-408e-ba56-78682df800a3
&amp#27;[38;5;0m[HTTP]&amp#27;[0m &amp#27;[37m<-- GET /session/24b485ec-92a7-408e-ba56-78682df800a3/element/33000000-0000-0000-1421-010000000000/rect &amp#27;[39m&amp#27;[32m200&amp#27;[39m &amp#27;[90m94 ms - 100&amp#27;[39m
&amp#27;[38;5;0m[HTTP]&amp#27;[0m &amp#27;[90m&amp#27;[39m
&amp#27;[38;5;0m[HTTP]&amp#27;[0m &amp#27;[37m-->&amp#27;[39m &amp#27;[37mPOST&amp#27;[39m &amp#27;[37m/session/24b485ec-92a7-408e-ba56-78682df800a3/actions&amp#27;[39m
&amp#27;[38;5;0m[HTTP]&amp#27;[0m &amp#27;[90m{"actions":[{"id":"finger1","type":"pointer","parameters":{"pointerType":"touch"},"actions":[{"duration":0,"type":"pause"},{"duration":0,"x":65,"y":790,"type":"pointerMove","origin":"viewport"},{"button":0,"type":"pointerDown"},{"duration":200,"type":"pause"},{"button":0,"type":"pointerUp"}]}]}&amp#27;[39m
[debug] &amp#27;[38;5;32m[XCUITestDriver@55eb (24b485ec)]&amp#27;[0m Calling AppiumDriver.performActions() with args: [[{"id":"finger1","type":"pointer","parameters":{"pointerType":"touch"},"actions":[{"duration":0,"type":"pause"},{"duration":0,"x":65,"y":790,"type":"pointerMove","origin":"viewport"},{"button":0,"type":"pointerDown"},{"duration":200,"type":"pause"},{"button":0,"type":"pointerUp"}]}],"24b485ec-92a7-408e-ba56-78682df800a3"]
[debug] &amp#27;[38;5;32m[XCUITestDriver@55eb (24b485ec)]&amp#27;[0m Executing command 'performActions'
[debug] &amp#27;[38;5;32m[XCUITestDriver@55eb (24b485ec)]&amp#27;[0m Received the following W3C actions: [
[debug] &amp#27;[38;5;32m[XCUITestDriver@55eb (24b485ec)]&amp#27;[0m   {
[debug] &amp#27;[38;5;32m[XCUITestDriver@55eb (24b485ec)]&amp#27;[0m     "id": "finger1",
[debug] &amp#27;[38;5;32m[XCUITestDriver@55eb (24b485ec)]&amp#27;[0m     "type": "pointer",
[debug] &amp#27;[38;5;32m[XCUITestDriver@55eb (24b485ec)]&amp#27;[0m     "parameters": {
[debug] &amp#27;[38;5;32m[XCUITestDriver@55eb (24b485ec)]&amp#27;[0m       "pointerType": "touch"
[debug] &amp#27;[38;5;32m[XCUITestDriver@55eb (24b485ec)]&amp#27;[0m     },
[debug] &amp#27;[38;5;32m[XCUITestDriver@55eb (24b485ec)]&amp#27;[0m     "actions": [
[debug] &amp#27;[38;5;32m[XCUITestDriver@55eb (24b485ec)]&amp#27;[0m       {
[debug] &amp#27;[38;5;32m[XCUITestDriver@55eb (24b485ec)]&amp#27;[0m         "duration": 0,
[debug] &amp#27;[38;5;32m[XCUITestDriver@55eb (24b485ec)]&amp#27;[0m         "type": "pause"
[debug] &amp#27;[38;5;32m[XCUITestDriver@55eb (24b485ec)]&amp#27;[0m       },
[debug] &amp#27;[38;5;32m[XCUITestDriver@55eb (24b485ec)]&amp#27;[0m       {
[debug] &amp#27;[38;5;32m[XCUITestDriver@55eb (24b485ec)]&amp#27;[0m         "duration": 0,
[debug] &amp#27;[38;5;32m[XCUITestDriver@55eb (24b485ec)]&amp#27;[0m         "x": 65,
[debug] &amp#27;[38;5;32m[XCUITestDriver@55eb (24b485ec)]&amp#27;[0m         "y": 790,
[debug] &amp#27;[38;5;32m[XCUITestDriver@55eb (24b485ec)]&amp#27;[0m         "type": "pointerMove",
[debug] &amp#27;[38;5;32m[XCUITestDriver@55eb (24b485ec)]&amp#27;[0m         "origin": "viewport"
[debug] &amp#27;[38;5;32m[XCUITestDriver@55eb (24b485ec)]&amp#27;[0m       },
[debug] &amp#27;[38;5;32m[XCUITestDriver@55eb (24b485ec)]&amp#27;[0m       {
[debug] &amp#27;[38;5;32m[XCUITestDriver@55eb (24b485ec)]&amp#27;[0m         "button": 0,
[debug] &amp#27;[38;5;32m[XCUITestDriver@55eb (24b485ec)]&amp#27;[0m         "type": "pointerDown"
[debug] &amp#27;[38;5;32m[XCUITestDriver@55eb (24b485ec)]&amp#27;[0m       },
[debug] &amp#27;[38;5;32m[XCUITestDriver@55eb (24b485ec)]&amp#27;[0m       {
[debug] &amp#27;[38;5;32m[XCUITestDriver@55eb (24b485ec)]&amp#27;[0m         "duration": 200,
[debug] &amp#27;[38;5;32m[XCUITestDriver@55eb (24b485ec)]&amp#27;[0m         "type": "pause"
[debug] &amp#27;[38;5;32m[XCUITestDriver@55eb (24b485ec)]&amp#27;[0m       },
[debug] &amp#27;[38;5;32m[XCUITestDriver@55eb (24b485ec)]&amp#27;[0m       {
[debug] &amp#27;[38;5;32m[XCUITestDriver@55eb (24b485ec)]&amp#27;[0m         "button": 0,
[debug] &amp#27;[38;5;32m[XCUITestDriver@55eb (24b485ec)]&amp#27;[0m         "type": "pointerUp"
[debug] &amp#27;[38;5;32m[XCUITestDriver@55eb (24b485ec)]&amp#27;[0m       }
[debug] &amp#27;[38;5;32m[XCUITestDriver@55eb (24b485ec)]&amp#27;[0m     ]
[debug] &amp#27;[38;5;32m[XCUITestDriver@55eb (24b485ec)]&amp#27;[0m   }
[debug] &amp#27;[38;5;32m[XCUITestDriver@55eb (24b485ec)]&amp#27;[0m ]
[debug] &amp#27;[38;5;32m[XCUITestDriver@55eb (24b485ec)]&amp#27;[0m Preprocessed actions: [
[debug] &amp#27;[38;5;32m[XCUITestDriver@55eb (24b485ec)]&amp#27;[0m   {
[debug] &amp#27;[38;5;32m[XCUITestDriver@55eb (24b485ec)]&amp#27;[0m     "id": "finger1",
[debug] &amp#27;[38;5;32m[XCUITestDriver@55eb (24b485ec)]&amp#27;[0m     "type": "pointer",
[debug] &amp#27;[38;5;32m[XCUITestDriver@55eb (24b485ec)]&amp#27;[0m     "parameters": {
[debug] &amp#27;[38;5;32m[XCUITestDriver@55eb (24b485ec)]&amp#27;[0m       "pointerType": "touch"
[debug] &amp#27;[38;5;32m[XCUITestDriver@55eb (24b485ec)]&amp#27;[0m     },
[debug] &amp#27;[38;5;32m[XCUITestDriver@55eb (24b485ec)]&amp#27;[0m     "actions": [
[debug] &amp#27;[38;5;32m[XCUITestDriver@55eb (24b485ec)]&amp#27;[0m       {
[debug] &amp#27;[38;5;32m[XCUITestDriver@55eb (24b485ec)]&amp#27;[0m         "duration": 0,
[debug] &amp#27;[38;5;32m[XCUITestDriver@55eb (24b485ec)]&amp#27;[0m         "x": 65,
[debug] &amp#27;[38;5;32m[XCUITestDriver@55eb (24b485ec)]&amp#27;[0m         "y": 790,
[debug] &amp#27;[38;5;32m[XCUITestDriver@55eb (24b485ec)]&amp#27;[0m         "type": "pointerMove",
[debug] &amp#27;[38;5;32m[XCUITestDriver@55eb (24b485ec)]&amp#27;[0m         "origin": "viewport"
[debug] &amp#27;[38;5;32m[XCUITestDriver@55eb (24b485ec)]&amp#27;[0m       },
[debug] &amp#27;[38;5;32m[XCUITestDriver@55eb (24b485ec)]&amp#27;[0m       {
[debug] &amp#27;[38;5;32m[XCUITestDriver@55eb (24b485ec)]&amp#27;[0m         "button": 0,
[debug] &amp#27;[38;5;32m[XCUITestDriver@55eb (24b485ec)]&amp#27;[0m         "type": "pointerDown"
[debug] &amp#27;[38;5;32m[XCUITestDriver@55eb (24b485ec)]&amp#27;[0m       },
[debug] &amp#27;[38;5;32m[XCUITestDriver@55eb (24b485ec)]&amp#27;[0m       {
[debug] &amp#27;[38;5;32m[XCUITestDriver@55eb (24b485ec)]&amp#27;[0m         "duration": 200,
[debug] &amp#27;[38;5;32m[XCUITestDriver@55eb (24b485ec)]&amp#27;[0m         "type": "pause"
[debug] &amp#27;[38;5;32m[XCUITestDriver@55eb (24b485ec)]&amp#27;[0m       },
[debug] &amp#27;[38;5;32m[XCUITestDriver@55eb (24b485ec)]&amp#27;[0m       {
[debug] &amp#27;[38;5;32m[XCUITestDriver@55eb (24b485ec)]&amp#27;[0m         "button": 0,
[debug] &amp#27;[38;5;32m[XCUITestDriver@55eb (24b485ec)]&amp#27;[0m         "type": "pointerUp"
[debug] &amp#27;[38;5;32m[XCUITestDriver@55eb (24b485ec)]&amp#27;[0m       }
[debug] &amp#27;[38;5;32m[XCUITestDriver@55eb (24b485ec)]&amp#27;[0m     ]
[debug] &amp#27;[38;5;32m[XCUITestDriver@55eb (24b485ec)]&amp#27;[0m   }
[debug] &amp#27;[38;5;32m[XCUITestDriver@55eb (24b485ec)]&amp#27;[0m ]
[debug] &amp#27;[38;5;32m[XCUITestDriver@55eb (24b485ec)]&amp#27;[0m Matched '/actions' to command name 'performActions'
[debug] &amp#27;[38;5;32m[XCUITestDriver@55eb (24b485ec)]&amp#27;[0m Proxying [POST /actions] to [POST http://127.0.0.1:8100/session/56D70ACD-A8F3-4900-A498-C9E849921D48/actions] with body: {"actions":[{"id":"finger1","type":"pointer","parameters":{"pointerType":"touch"},"actions":[{"duration":0,"x":65,"y":790,"type":"pointerMove","origin":"viewport"},{"button":0,"type":"pointerDown"},{"duration":200,"type":"pause"},{"button":0,"type":"pointerUp"}]}]}
[debug] &amp#27;[38;5;32m[XCUITestDriver@55eb (24b485ec)]&amp#27;[0m Got response with status 200: {"value":null,"sessionId":"56D70ACD-A8F3-4900-A498-C9E849921D48"}
[debug] &amp#27;[38;5;32m[XCUITestDriver@55eb (24b485ec)]&amp#27;[0m Responding to client with driver.performActions() result: null
&amp#27;[38;5;0m[HTTP]&amp#27;[0m &amp#27;[37m<-- POST /session/24b485ec-92a7-408e-ba56-78682df800a3/actions &amp#27;[39m&amp#27;[32m200&amp#27;[39m &amp#27;[90m759 ms - 14&amp#27;[39m
&amp#27;[38;5;0m[HTTP]&amp#27;[0m &amp#27;[90m&amp#27;[39m
&amp#27;[38;5;0m[HTTP]&amp#27;[0m &amp#27;[37m-->&amp#27;[39m &amp#27;[37mPOST&amp#27;[39m &amp#27;[37m/session/24b485ec-92a7-408e-ba56-78682df800a3/element&amp#27;[39m
&amp#27;[38;5;0m[HTTP]&amp#27;[0m &amp#27;[90m{"using":"xpath","value":"//XCUIElementTypeStaticText[@name='Products']"}&amp#27;[39m
[debug] &amp#27;[38;5;32m[XCUITestDriver@55eb (24b485ec)]&amp#27;[0m Calling AppiumDriver.findElement() with args: ["xpath","//XCUIElementTypeStaticText[@name='Products']","24b485ec-92a7-408e-ba56-78682df800a3"]
[debug] &amp#27;[38;5;32m[XCUITestDriver@55eb (24b485ec)]&amp#27;[0m Executing command 'findElement'
[debug] &amp#27;[38;5;32m[XCUITestDriver@55eb (24b485ec)]&amp#27;[0m Valid locator strategies for this request: xpath, id, name, class name, -ios predicate string, -ios class chain, accessibility id, css selector
[debug] &amp#27;[38;5;32m[XCUITestDriver@55eb (24b485ec)]&amp#27;[0m Waiting up to 0 ms for condition
[debug] &amp#27;[38;5;32m[XCUITestDriver@55eb (24b485ec)]&amp#27;[0m Matched '/element' to command name 'findElement'
[debug] &amp#27;[38;5;32m[XCUITestDriver@55eb (24b485ec)]&amp#27;[0m Proxying [POST /element] to [POST http://127.0.0.1:8100/session/56D70ACD-A8F3-4900-A498-C9E849921D48/element] with body: {"using":"xpath","value":"//XCUIElementTypeStaticText[@name='Products']"}
[debug] &amp#27;[38;5;32m[XCUITestDriver@55eb (24b485ec)]&amp#27;[0m Got response with status 200: {"value":{"ELEMENT":"5B000000-0000-0000-1421-010000000000","element-6066-11e4-a52e-4f735466cecf":"5B000000-0000-0000-1421-010000000000"},"sessionId":"56D70ACD-A8F3-4900-A498-C9E849921D48"}
[debug] &amp#27;[38;5;32m[XCUITestDriver@55eb (24b485ec)]&amp#27;[0m Responding to client with driver.findElement() result: {"element-6066-11e4-a52e-4f735466cecf":"5B000000-0000-0000-1421-010000000000","ELEMENT":"5B000000-0000-0000-1421-010000000000"}
&amp#27;[38;5;0m[HTTP]&amp#27;[0m &amp#27;[37m<-- POST /session/24b485ec-92a7-408e-ba56-78682df800a3/element &amp#27;[39m&amp#27;[32m200&amp#27;[39m &amp#27;[90m2961 ms - 137&amp#27;[39m
&amp#27;[38;5;0m[HTTP]&amp#27;[0m &amp#27;[90m&amp#27;[39m
&amp#27;[38;5;0m[HTTP]&amp#27;[0m &amp#27;[37m-->&amp#27;[39m &amp#27;[37mGET&amp#27;[39m &amp#27;[37m/session/24b485ec-92a7-408e-ba56-78682df800a3/element/5B000000-0000-0000-1421-010000000000/displayed&amp#27;[39m
&amp#27;[38;5;0m[HTTP]&amp#27;[0m &amp#27;[90m{}&amp#27;[39m
&amp#27;[38;5;32m[XCUITestDriver@55eb (24b485ec)]&amp#27;[0m Driver proxy active, passing request on via HTTP proxy
[debug] &amp#27;[38;5;32m[XCUITestDriver@55eb (24b485ec)]&amp#27;[0m Executing command 'proxyReqRes'
[debug] &amp#27;[38;5;32m[XCUITestDriver@55eb (24b485ec)]&amp#27;[0m Matched '/session/24b485ec-92a7-408e-ba56-78682df800a3/element/5B000000-0000-0000-1421-010000000000/displayed' to command name 'elementDisplayed'
[debug] &amp#27;[38;5;32m[XCUITestDriver@55eb (24b485ec)]&amp#27;[0m Proxying [GET /session/24b485ec-92a7-408e-ba56-78682df800a3/element/5B000000-0000-0000-1421-010000000000/displayed] to [GET http://127.0.0.1:8100/session/56D70ACD-A8F3-4900-A498-C9E849921D48/element/5B000000-0000-0000-1421-010000000000/displayed] with no body
[debug] &amp#27;[38;5;32m[XCUITestDriver@55eb (24b485ec)]&amp#27;[0m Got response with status 200: {"value":true,"sessionId":"56D70ACD-A8F3-4900-A498-C9E849921D48"}
&amp#27;[38;5;32m[XCUITestDriver@55eb (24b485ec)]&amp#27;[0m Replacing sessionId 56D70ACD-A8F3-4900-A498-C9E849921D48 with 24b485ec-92a7-408e-ba56-78682df800a3
&amp#27;[38;5;0m[HTTP]&amp#27;[0m &amp#27;[37m<-- GET /session/24b485ec-92a7-408e-ba56-78682df800a3/element/5B000000-0000-0000-1421-010000000000/displayed &amp#27;[39m&amp#27;[32m200&amp#27;[39m &amp#27;[90m196 ms - 65&amp#27;[39m
  Given User is on Cataloge page                     # StepDefinations.NavigationSteps.user_is_on_cataloge_page()
&amp#27;[38;5;0m[HTTP]&amp#27;[0m &amp#27;[90m&amp#27;[39m
&amp#27;[38;5;0m[HTTP]&amp#27;[0m &amp#27;[37m-->&amp#27;[39m &amp#27;[37mGET&amp#27;[39m &amp#27;[37m/session/24b485ec-92a7-408e-ba56-78682df800a3/screenshot&amp#27;[39m
&amp#27;[38;5;0m[HTTP]&amp#27;[0m &amp#27;[90m{}&amp#27;[39m
[debug] &amp#27;[38;5;32m[XCUITestDriver@55eb (24b485ec)]&amp#27;[0m Calling AppiumDriver.getScreenshot() with args: ["24b485ec-92a7-408e-ba56-78682df800a3"]
[debug] &amp#27;[38;5;32m[XCUITestDriver@55eb (24b485ec)]&amp#27;[0m Executing command 'getScreenshot'
[debug] &amp#27;[38;5;32m[XCUITestDriver@55eb (24b485ec)]&amp#27;[0m Taking screenshot with WDA
[debug] &amp#27;[38;5;32m[XCUITestDriver@55eb (24b485ec)]&amp#27;[0m Matched '/screenshot' to command name 'getScreenshot'
[debug] &amp#27;[38;5;32m[XCUITestDriver@55eb (24b485ec)]&amp#27;[0m Proxying [GET /screenshot] to [GET http://127.0.0.1:8100/session/56D70ACD-A8F3-4900-A498-C9E849921D48/screenshot] with no body
[debug] &amp#27;[38;5;32m[XCUITestDriver@55eb (24b485ec)]&amp#27;[0m Got response with status 200: {"value":"iVBORw0KGgoAAAANSUhEUgAABJIAAAnkCAYAAABWQUsDAAAAAXNSR0IArs4c6QAAADhlWElmTU0AKgAAAAgAAYdpAAQAAAABAAAAGgAAAAAAAqACAAQAAAABAAAEkqADAAQAAAABAAAJ5AAAAADoPni0AAAAHGlET1QAAAACAAAAAAAABPIAAAAoAAAE8gAABPIADaSoOJE+ZgAAQABJREFUeAHs3Qm8XGd533FT2tDSFpqmIZCwBEIJCWnaBBpIGpImEJKSkEBoQz5sIaFN2hISICl4B1uy5F2WLcmWJduyZVuWd8v7vq+ysbzv8i5Z3mRtd/Z5+/yfO+/4zNwz975n7syde8XvfD7Dla7OPefMd94ZfP73fZ53j8CGAAIIIIAAAggggAACCCCAAAIIIIBAgsAeCfuwCwIIIIAAAggggAACCCCAAAIIIIAAAoEgiUGAAAIIIIAAAggggAACCCCAAAIIIJAkQJCUxMROCCCAAAIIIIAAAggggAACCCCAAAIESYwBBBBAAAEEEEAAAQQQQAABBBBAAIEkAYKkJCZ2QgABBBBAAAEEEEAAAQQQQAABBBAgSGIMIIAAAggggAACCCCAAAIIIIAAAggkCRAkJTGxEwIIIIAAAggggAACCCCAAAIIIIAAQRJjAAEEEEAAAQQQQAABBBBAAAEEEEAgSYAgKYmJnRBAAAEEEEAAAQQQQAABBBBAAAEECJIYAwgggAACCCCAAAIIIIAAAggggAACSQIESUlM7IQAAggggAACCCCAAAIIIIAAAgggQJDEGEAAAQQQQAABBBBAAAEEEEAAAQQQSBIgSEpiYicEEEAAAQQQQAABBBBAAAEEEEAAAYIkxgACCCCAAAIIIIAAAggggAACCCCAQJIAQVISEzshgAACCCCAAAIIIIAAAggggAACCBAkMQYQQAABBBBAAAEEEEAAAQQQQAABBJIECJKSmNgJAQQQQAABBBBAAAEEEEAAAQQQQIAgiTGAAAIIIIAAAgg...
[debug] &amp#27;[38;5;32m[XCUITestDriver@55eb (24b485ec)]&amp#27;[0m Responding to client with driver.getScreenshot() result: "iVBORw0KGgoAAAANSUhEUgAABJIAAAnkCAYAAABWQUsDAAAAAXNSR0IArs4c6QAAADhlWElmTU0AKgAAAAgAAYdpAAQAAAABAAAAGgAAAAAAAqACAAQAAAABAAAEkqADAAQAAAABAAAJ5AAAAADoPni0AAAAHGlET1QAAAACAAAAAAAABPIAAAAoAAAE8gAABPIADaSoOJE+ZgAAQABJREFUeAHs3Qm8XGd533FT2tDSFpqmIZCwBEIJCWnaBBpIGpImEJKSkEBoQz5sIaFN2hISICl4B1uy5F2WLcmWJduyZVuWd8v7vq+ysbzv8i5Z3mRtd/Z5+/yfO+/4zNwz975n7syde8XvfD7Dla7OPefMd94ZfP73fZ53j8CGAAIIIIAAAggggAACCCCAAAIIIIBAgsAeCfuwCwIIIIAAAggggAACCCCAAAIIIIAAAoEgiUGAAAIIIIAAAggggAACCCCAAAIIIJAkQJCUxMROCCCAAAIIIIAAAggggAACCCCAAAIESYwBBBBAAAEEEEAAAQQQQAABBBBAAIEkAYKkJCZ2QgABBBBAAAEEEEAAAQQQQAABBBAgSGIMIIAAAggggAACCCCAAAIIIIAAAggkCRAkJTGxEwIIIIAAAggggAACCCCAAAIIIIAAQRJjAAEEEEAAAQQQQAABBBBAAAEEEEAgSYAgKYmJnRBAAAEEEEAAAQQQQAABBBBAAAEECJIYAwgggAACCCCAAAIIIIAAAggggAACSQIESUlM7IQAAggggAACCCCAAAIIIIAAAgggQJDEGEAAAQQQQAABBBBAAAEEEEAAAQQQSBIgSEpiYicEEEAAAQQQQAABBBBAAAEEEEAAAYIkxgACCCCAAAIIIIAAAggggAACCCCAQJIAQVISEzshgAACCCCAAAIIIIAAAggggAACCBAkMQYQQAABBBBAAAEEEEAAAQQQQAABBJIECJKSmNgJAQQQQAABBBBAAAEEEEAAAQQQQIAgiTGAAAIIIIAAAggggAACCCCA...
&amp#27;[38;5;0m[HTTP]&amp#27;[0m &amp#27;[37m<-- GET /session/24b485ec-92a7-408e-ba56-78682df800a3/screenshot &amp#27;[39m&amp#27;[32m200&amp#27;[39m &amp#27;[90m553 ms - 2231128&amp#27;[39m
&amp#27;[38;5;0m[HTTP]&amp#27;[0m &amp#27;[90m&amp#27;[39m

    Embedding screenshot [image/png 1673336 bytes]

Inside scrollUntilElement
Inside isElementVisibleOnScreen
&amp#27;[38;5;0m[HTTP]&amp#27;[0m &amp#27;[37m-->&amp#27;[39m &amp#27;[37mPOST&amp#27;[39m &amp#27;[37m/session/24b485ec-92a7-408e-ba56-78682df800a3/element&amp#27;[39m
&amp#27;[38;5;0m[HTTP]&amp#27;[0m &amp#27;[90m{"using":"xpath","value":"//XCUIElementTypeOther[@name=\"Test.allTheThings() T-Shirt\"]"}&amp#27;[39m
[debug] &amp#27;[38;5;32m[XCUITestDriver@55eb (24b485ec)]&amp#27;[0m Calling AppiumDriver.findElement() with args: ["xpath","//XCUIElementTypeOther[@name=\"Test.allTheThings() T-Shirt\"]","24b485ec-92a7-408e-ba56-78682df800a3"]
[debug] &amp#27;[38;5;32m[XCUITestDriver@55eb (24b485ec)]&amp#27;[0m Executing command 'findElement'
[debug] &amp#27;[38;5;32m[XCUITestDriver@55eb (24b485ec)]&amp#27;[0m Valid locator strategies for this request: xpath, id, name, class name, -ios predicate string, -ios class chain, accessibility id, css selector
[debug] &amp#27;[38;5;32m[XCUITestDriver@55eb (24b485ec)]&amp#27;[0m Waiting up to 0 ms for condition
[debug] &amp#27;[38;5;32m[XCUITestDriver@55eb (24b485ec)]&amp#27;[0m Matched '/element' to command name 'findElement'
[debug] &amp#27;[38;5;32m[XCUITestDriver@55eb (24b485ec)]&amp#27;[0m Proxying [POST /element] to [POST http://127.0.0.1:8100/session/56D70ACD-A8F3-4900-A498-C9E849921D48/element] with body: {"using":"xpath","value":"//XCUIElementTypeOther[@name=\"Test.allTheThings() T-Shirt\"]"}
[debug] &amp#27;[38;5;32m[XCUITestDriver@55eb (24b485ec)]&amp#27;[0m Got response with status 200: {"value":{"ELEMENT":"6E000000-0000-0000-1421-010000000000","element-6066-11e4-a52e-4f735466cecf":"6E000000-0000-0000-1421-010000000000"},"sessionId":"56D70ACD-A8F3-4900-A498-C9E849921D48"}
[debug] &amp#27;[38;5;32m[XCUITestDriver@55eb (24b485ec)]&amp#27;[0m Responding to client with driver.findElement() result: {"element-6066-11e4-a52e-4f735466cecf":"6E000000-0000-0000-1421-010000000000","ELEMENT":"6E000000-0000-0000-1421-010000000000"}
&amp#27;[38;5;0m[HTTP]&amp#27;[0m &amp#27;[37m<-- POST /session/24b485ec-92a7-408e-ba56-78682df800a3/element &amp#27;[39m&amp#27;[32m200&amp#27;[39m &amp#27;[90m2889 ms - 137&amp#27;[39m
&amp#27;[38;5;0m[HTTP]&amp#27;[0m &amp#27;[90m&amp#27;[39m
Inside isElementVisibleOnScreen - visible
&amp#27;[38;5;0m[HTTP]&amp#27;[0m &amp#27;[37m-->&amp#27;[39m &amp#27;[37mGET&amp#27;[39m &amp#27;[37m/session/24b485ec-92a7-408e-ba56-78682df800a3/element/6E000000-0000-0000-1421-010000000000/displayed&amp#27;[39m
&amp#27;[38;5;0m[HTTP]&amp#27;[0m &amp#27;[90m{}&amp#27;[39m
&amp#27;[38;5;32m[XCUITestDriver@55eb (24b485ec)]&amp#27;[0m Driver proxy active, passing request on via HTTP proxy
[debug] &amp#27;[38;5;32m[XCUITestDriver@55eb (24b485ec)]&amp#27;[0m Executing command 'proxyReqRes'
[debug] &amp#27;[38;5;32m[XCUITestDriver@55eb (24b485ec)]&amp#27;[0m Matched '/session/24b485ec-92a7-408e-ba56-78682df800a3/element/6E000000-0000-0000-1421-010000000000/displayed' to command name 'elementDisplayed'
[debug] &amp#27;[38;5;32m[XCUITestDriver@55eb (24b485ec)]&amp#27;[0m Proxying [GET /session/24b485ec-92a7-408e-ba56-78682df800a3/element/6E000000-0000-0000-1421-010000000000/displayed] to [GET http://127.0.0.1:8100/session/56D70ACD-A8F3-4900-A498-C9E849921D48/element/6E000000-0000-0000-1421-010000000000/displayed] with no body
[debug] &amp#27;[38;5;32m[XCUITestDriver@55eb (24b485ec)]&amp#27;[0m Got response with status 200: {"value":true,"sessionId":"56D70ACD-A8F3-4900-A498-C9E849921D48"}
&amp#27;[38;5;32m[XCUITestDriver@55eb (24b485ec)]&amp#27;[0m Replacing sessionId 56D70ACD-A8F3-4900-A498-C9E849921D48 with 24b485ec-92a7-408e-ba56-78682df800a3
&amp#27;[38;5;0m[HTTP]&amp#27;[0m &amp#27;[37m<-- GET /session/24b485ec-92a7-408e-ba56-78682df800a3/element/6E000000-0000-0000-1421-010000000000/displayed &amp#27;[39m&amp#27;[32m200&amp#27;[39m &amp#27;[90m259 ms - 65&amp#27;[39m
&amp#27;[38;5;0m[HTTP]&amp#27;[0m &amp#27;[90m&amp#27;[39m
&amp#27;[38;5;0m[HTTP]&amp#27;[0m &amp#27;[37m-->&amp#27;[39m &amp#27;[37mGET&amp#27;[39m &amp#27;[37m/session/24b485ec-92a7-408e-ba56-78682df800a3/window/rect&amp#27;[39m
&amp#27;[38;5;0m[HTTP]&amp#27;[0m &amp#27;[90m{}&amp#27;[39m
[debug] &amp#27;[38;5;32m[XCUITestDriver@55eb (24b485ec)]&amp#27;[0m Calling AppiumDriver.getWindowRect() with args: ["24b485ec-92a7-408e-ba56-78682df800a3"]
[debug] &amp#27;[38;5;32m[XCUITestDriver@55eb (24b485ec)]&amp#27;[0m Executing command 'getWindowRect'
[debug] &amp#27;[38;5;32m[XCUITestDriver@55eb (24b485ec)]&amp#27;[0m Proxying [GET /window/size] to [GET http://127.0.0.1:8100/session/56D70ACD-A8F3-4900-A498-C9E849921D48/window/size] with no body
[debug] &amp#27;[38;5;32m[XCUITestDriver@55eb (24b485ec)]&amp#27;[0m Got response with status 200: {"value":{"width":390,"height":844},"sessionId":"56D70ACD-A8F3-4900-A498-C9E849921D48"}
[debug] &amp#27;[38;5;32m[XCUITestDriver@55eb (24b485ec)]&amp#27;[0m Responding to client with driver.getWindowRect() result: {"width":390,"height":844,"x":0,"y":0}
&amp#27;[38;5;0m[HTTP]&amp#27;[0m &amp#27;[37m<-- GET /session/24b485ec-92a7-408e-ba56-78682df800a3/window/rect &amp#27;[39m&amp#27;[32m200&amp#27;[39m &amp#27;[90m148 ms - 48&amp#27;[39m
&amp#27;[38;5;0m[HTTP]&amp#27;[0m &amp#27;[90m&amp#27;[39m
&amp#27;[38;5;0m[HTTP]&amp#27;[0m &amp#27;[37m-->&amp#27;[39m &amp#27;[37mPOST&amp#27;[39m &amp#27;[37m/session/24b485ec-92a7-408e-ba56-78682df800a3/actions&amp#27;[39m
&amp#27;[38;5;0m[HTTP]&amp#27;[0m &amp#27;[90m{"actions":[{"id":"finger1","type":"pointer","parameters":{"pointerType":"touch"},"actions":[{"duration":0,"type":"pause"},{"duration":0,"x":195,"y":422,"type":"pointerMove","origin":"viewport"},{"button":0,"type":"pointerDown"},{"duration":200,"type":"pause"},{"duration":100,"x":195,"y":84,"type":"pointerMove","origin":"viewport"},{"button":0,"type":"pointerUp"}]}]}&amp#27;[39m
[debug] &amp#27;[38;5;32m[XCUITestDriver@55eb (24b485ec)]&amp#27;[0m Calling AppiumDriver.performActions() with args: [[{"id":"finger1","type":"pointer","parameters":{"pointerType":"touch"},"actions":[{"duration":0,"type":"pause"},{"duration":0,"x":195,"y":422,"type":"pointerMove","origin":"viewport"},{"button":0,"type":"pointerDown"},{"duration":200,"type":"pause"},{"duration":100,"x":195,"y":84,"type":"pointerMove","origin":"viewport"},{"button":0,"type":"pointerUp"}]}],"24b485ec-92a7-408e-ba56-78682df800a3"]
[debug] &amp#27;[38;5;32m[XCUITestDriver@55eb (24b485ec)]&amp#27;[0m Executing command 'performActions'
[debug] &amp#27;[38;5;32m[XCUITestDriver@55eb (24b485ec)]&amp#27;[0m Received the following W3C actions: [
[debug] &amp#27;[38;5;32m[XCUITestDriver@55eb (24b485ec)]&amp#27;[0m   {
[debug] &amp#27;[38;5;32m[XCUITestDriver@55eb (24b485ec)]&amp#27;[0m     "id": "finger1",
[debug] &amp#27;[38;5;32m[XCUITestDriver@55eb (24b485ec)]&amp#27;[0m     "type": "pointer",
[debug] &amp#27;[38;5;32m[XCUITestDriver@55eb (24b485ec)]&amp#27;[0m     "parameters": {
[debug] &amp#27;[38;5;32m[XCUITestDriver@55eb (24b485ec)]&amp#27;[0m       "pointerType": "touch"
[debug] &amp#27;[38;5;32m[XCUITestDriver@55eb (24b485ec)]&amp#27;[0m     },
[debug] &amp#27;[38;5;32m[XCUITestDriver@55eb (24b485ec)]&amp#27;[0m     "actions": [
[debug] &amp#27;[38;5;32m[XCUITestDriver@55eb (24b485ec)]&amp#27;[0m       {
[debug] &amp#27;[38;5;32m[XCUITestDriver@55eb (24b485ec)]&amp#27;[0m         "duration": 0,
[debug] &amp#27;[38;5;32m[XCUITestDriver@55eb (24b485ec)]&amp#27;[0m         "type": "pause"
[debug] &amp#27;[38;5;32m[XCUITestDriver@55eb (24b485ec)]&amp#27;[0m       },
[debug] &amp#27;[38;5;32m[XCUITestDriver@55eb (24b485ec)]&amp#27;[0m       {
[debug] &amp#27;[38;5;32m[XCUITestDriver@55eb (24b485ec)]&amp#27;[0m         "duration": 0,
[debug] &amp#27;[38;5;32m[XCUITestDriver@55eb (24b485ec)]&amp#27;[0m         "x": 195,
[debug] &amp#27;[38;5;32m[XCUITestDriver@55eb (24b485ec)]&amp#27;[0m         "y": 422,
[debug] &amp#27;[38;5;32m[XCUITestDriver@55eb (24b485ec)]&amp#27;[0m         "type": "pointerMove",
[debug] &amp#27;[38;5;32m[XCUITestDriver@55eb (24b485ec)]&amp#27;[0m         "origin": "viewport"
[debug] &amp#27;[38;5;32m[XCUITestDriver@55eb (24b485ec)]&amp#27;[0m       },
[debug] &amp#27;[38;5;32m[XCUITestDriver@55eb (24b485ec)]&amp#27;[0m       {
[debug] &amp#27;[38;5;32m[XCUITestDriver@55eb (24b485ec)]&amp#27;[0m         "button": 0,
[debug] &amp#27;[38;5;32m[XCUITestDriver@55eb (24b485ec)]&amp#27;[0m         "type": "pointerDown"
[debug] &amp#27;[38;5;32m[XCUITestDriver@55eb (24b485ec)]&amp#27;[0m       },
[debug] &amp#27;[38;5;32m[XCUITestDriver@55eb (24b485ec)]&amp#27;[0m       {
[debug] &amp#27;[38;5;32m[XCUITestDriver@55eb (24b485ec)]&amp#27;[0m         "duration": 200,
[debug] &amp#27;[38;5;32m[XCUITestDriver@55eb (24b485ec)]&amp#27;[0m         "type": "pause"
[debug] &amp#27;[38;5;32m[XCUITestDriver@55eb (24b485ec)]&amp#27;[0m       },
[debug] &amp#27;[38;5;32m[XCUITestDriver@55eb (24b485ec)]&amp#27;[0m       {
[debug] &amp#27;[38;5;32m[XCUITestDriver@55eb (24b485ec)]&amp#27;[0m         "duration": 100,
[debug] &amp#27;[38;5;32m[XCUITestDriver@55eb (24b485ec)]&amp#27;[0m         "x": 195,
[debug] &amp#27;[38;5;32m[XCUITestDriver@55eb (24b485ec)]&amp#27;[0m         "y": 84,
[debug] &amp#27;[38;5;32m[XCUITestDriver@55eb (24b485ec)]&amp#27;[0m         "type": "pointerMove",
[debug] &amp#27;[38;5;32m[XCUITestDriver@55eb (24b485ec)]&amp#27;[0m         "origin": "viewport"
[debug] &amp#27;[38;5;32m[XCUITestDriver@55eb (24b485ec)]&amp#27;[0m       },
[debug] &amp#27;[38;5;32m[XCUITestDriver@55eb (24b485ec)]&amp#27;[0m       {
[debug] &amp#27;[38;5;32m[XCUITestDriver@55eb (24b485ec)]&amp#27;[0m         "button": 0,
[debug] &amp#27;[38;5;32m[XCUITestDriver@55eb (24b485ec)]&amp#27;[0m         "type": "pointerUp"
[debug] &amp#27;[38;5;32m[XCUITestDriver@55eb (24b485ec)]&amp#27;[0m       }
[debug] &amp#27;[38;5;32m[XCUITestDriver@55eb (24b485ec)]&amp#27;[0m     ]
[debug] &amp#27;[38;5;32m[XCUITestDriver@55eb (24b485ec)]&amp#27;[0m   }
[debug] &amp#27;[38;5;32m[XCUITestDriver@55eb (24b485ec)]&amp#27;[0m ]
[debug] &amp#27;[38;5;32m[XCUITestDriver@55eb (24b485ec)]&amp#27;[0m Preprocessed actions: [
[debug] &amp#27;[38;5;32m[XCUITestDriver@55eb (24b485ec)]&amp#27;[0m   {
[debug] &amp#27;[38;5;32m[XCUITestDriver@55eb (24b485ec)]&amp#27;[0m     "id": "finger1",
[debug] &amp#27;[38;5;32m[XCUITestDriver@55eb (24b485ec)]&amp#27;[0m     "type": "pointer",
[debug] &amp#27;[38;5;32m[XCUITestDriver@55eb (24b485ec)]&amp#27;[0m     "parameters": {
[debug] &amp#27;[38;5;32m[XCUITestDriver@55eb (24b485ec)]&amp#27;[0m       "pointerType": "touch"
[debug] &amp#27;[38;5;32m[XCUITestDriver@55eb (24b485ec)]&amp#27;[0m     },
[debug] &amp#27;[38;5;32m[XCUITestDriver@55eb (24b485ec)]&amp#27;[0m     "actions": [
[debug] &amp#27;[38;5;32m[XCUITestDriver@55eb (24b485ec)]&amp#27;[0m       {
[debug] &amp#27;[38;5;32m[XCUITestDriver@55eb (24b485ec)]&amp#27;[0m         "duration": 0,
[debug] &amp#27;[38;5;32m[XCUITestDriver@55eb (24b485ec)]&amp#27;[0m         "x": 195,
[debug] &amp#27;[38;5;32m[XCUITestDriver@55eb (24b485ec)]&amp#27;[0m         "y": 422,
[debug] &amp#27;[38;5;32m[XCUITestDriver@55eb (24b485ec)]&amp#27;[0m         "type": "pointerMove",
[debug] &amp#27;[38;5;32m[XCUITestDriver@55eb (24b485ec)]&amp#27;[0m         "origin": "viewport"
[debug] &amp#27;[38;5;32m[XCUITestDriver@55eb (24b485ec)]&amp#27;[0m       },
[debug] &amp#27;[38;5;32m[XCUITestDriver@55eb (24b485ec)]&amp#27;[0m       {
[debug] &amp#27;[38;5;32m[XCUITestDriver@55eb (24b485ec)]&amp#27;[0m         "button": 0,
[debug] &amp#27;[38;5;32m[XCUITestDriver@55eb (24b485ec)]&amp#27;[0m         "type": "pointerDown"
[debug] &amp#27;[38;5;32m[XCUITestDriver@55eb (24b485ec)]&amp#27;[0m       },
[debug] &amp#27;[38;5;32m[XCUITestDriver@55eb (24b485ec)]&amp#27;[0m       {
[debug] &amp#27;[38;5;32m[XCUITestDriver@55eb (24b485ec)]&amp#27;[0m         "duration": 200,
[debug] &amp#27;[38;5;32m[XCUITestDriver@55eb (24b485ec)]&amp#27;[0m         "type": "pause"
[debug] &amp#27;[38;5;32m[XCUITestDriver@55eb (24b485ec)]&amp#27;[0m       },
[debug] &amp#27;[38;5;32m[XCUITestDriver@55eb (24b485ec)]&amp#27;[0m       {
[debug] &amp#27;[38;5;32m[XCUITestDriver@55eb (24b485ec)]&amp#27;[0m         "duration": 100,
[debug] &amp#27;[38;5;32m[XCUITestDriver@55eb (24b485ec)]&amp#27;[0m         "x": 195,
[debug] &amp#27;[38;5;32m[XCUITestDriver@55eb (24b485ec)]&amp#27;[0m         "y": 84,
[debug] &amp#27;[38;5;32m[XCUITestDriver@55eb (24b485ec)]&amp#27;[0m         "type": "pointerMove",
[debug] &amp#27;[38;5;32m[XCUITestDriver@55eb (24b485ec)]&amp#27;[0m         "origin": "viewport"
[debug] &amp#27;[38;5;32m[XCUITestDriver@55eb (24b485ec)]&amp#27;[0m       },
[debug] &amp#27;[38;5;32m[XCUITestDriver@55eb (24b485ec)]&amp#27;[0m       {
[debug] &amp#27;[38;5;32m[XCUITestDriver@55eb (24b485ec)]&amp#27;[0m         "button": 0,
[debug] &amp#27;[38;5;32m[XCUITestDriver@55eb (24b485ec)]&amp#27;[0m         "type": "pointerUp"
[debug] &amp#27;[38;5;32m[XCUITestDriver@55eb (24b485ec)]&amp#27;[0m       }
[debug] &amp#27;[38;5;32m[XCUITestDriver@55eb (24b485ec)]&amp#27;[0m     ]
[debug] &amp#27;[38;5;32m[XCUITestDriver@55eb (24b485ec)]&amp#27;[0m   }
[debug] &amp#27;[38;5;32m[XCUITestDriver@55eb (24b485ec)]&amp#27;[0m ]
[debug] &amp#27;[38;5;32m[XCUITestDriver@55eb (24b485ec)]&amp#27;[0m Matched '/actions' to command name 'performActions'
[debug] &amp#27;[38;5;32m[XCUITestDriver@55eb (24b485ec)]&amp#27;[0m Proxying [POST /actions] to [POST http://127.0.0.1:8100/session/56D70ACD-A8F3-4900-A498-C9E849921D48/actions] with body: {"actions":[{"id":"finger1","type":"pointer","parameters":{"pointerType":"touch"},"actions":[{"duration":0,"x":195,"y":422,"type":"pointerMove","origin":"viewport"},{"button":0,"type":"pointerDown"},{"duration":200,"type":"pause"},{"duration":100,"x":195,"y":84,"type":"pointerMove","origin":"viewport"},{"button":0,"type":"pointerUp"}]}]}
[debug] &amp#27;[38;5;32m[XCUITestDriver@55eb (24b485ec)]&amp#27;[0m Got response with status 200: {"value":null,"sessionId":"56D70ACD-A8F3-4900-A498-C9E849921D48"}
[debug] &amp#27;[38;5;32m[XCUITestDriver@55eb (24b485ec)]&amp#27;[0m Responding to client with driver.performActions() result: null
Inside scrollUntilElement - Completed
&amp#27;[38;5;0m[HTTP]&amp#27;[0m &amp#27;[37m<-- POST /session/24b485ec-92a7-408e-ba56-78682df800a3/actions &amp#27;[39m&amp#27;[32m200&amp#27;[39m &amp#27;[90m1619 ms - 14&amp#27;[39m
&amp#27;[38;5;0m[HTTP]&amp#27;[0m &amp#27;[90m&amp#27;[39m
  When User navigates to the product                 # StepDefinations.ProductSteps.user_navigates_to_the_product()
&amp#27;[38;5;0m[HTTP]&amp#27;[0m &amp#27;[37m-->&amp#27;[39m &amp#27;[37mGET&amp#27;[39m &amp#27;[37m/session/24b485ec-92a7-408e-ba56-78682df800a3/screenshot&amp#27;[39m
&amp#27;[38;5;0m[HTTP]&amp#27;[0m &amp#27;[90m{}&amp#27;[39m
[debug] &amp#27;[38;5;32m[XCUITestDriver@55eb (24b485ec)]&amp#27;[0m Calling AppiumDriver.getScreenshot() with args: ["24b485ec-92a7-408e-ba56-78682df800a3"]
[debug] &amp#27;[38;5;32m[XCUITestDriver@55eb (24b485ec)]&amp#27;[0m Executing command 'getScreenshot'
[debug] &amp#27;[38;5;32m[XCUITestDriver@55eb (24b485ec)]&amp#27;[0m Taking screenshot with WDA
[debug] &amp#27;[38;5;32m[XCUITestDriver@55eb (24b485ec)]&amp#27;[0m Matched '/screenshot' to command name 'getScreenshot'
[debug] &amp#27;[38;5;32m[XCUITestDriver@55eb (24b485ec)]&amp#27;[0m Proxying [GET /screenshot] to [GET http://127.0.0.1:8100/session/56D70ACD-A8F3-4900-A498-C9E849921D48/screenshot] with no body
[debug] &amp#27;[38;5;32m[XCUITestDriver@55eb (24b485ec)]&amp#27;[0m Got response with status 200: {"value":"iVBORw0KGgoAAAANSUhEUgAABJIAAAnkCAYAAABWQUsDAAAAAXNSR0IArs4c6QAAADhlWElmTU0AKgAAAAgAAYdpAAQAAAABAAAAGgAAAAAAAqACAAQAAAABAAAEkqADAAQAAAABAAAJ5AAAAADoPni0AAAAHGlET1QAAAACAAAAAAAABPIAAAAoAAAE8gAABPIADXo2MJ1otAAAQABJREFUeAHs3QeYHPWZ5/H1+W5957uzb3dvvfY6YILJYHLGEXu93vU67dleB2yv12GNI7bJYEBCIkhIQiAJRE4iB4kgkkSQACEwOeecg4Q0nfu99/dOV1PT0z1T3dOT8Leep56e6amu8Knqlurt933/f2FMCCCAAAIIIIAAAggggAACCCCAAAIIZBD4iwzLsAgCCCCAAAIIIIAAAggggAACCCCAAAJGIImLAAEEEEAAAQQQQAABBBBAAAEEEEAgkwCBpExMLIQAAggggAACCCCAAAIIIIAAAgggQCCJawABBBBAAAEEEEAAAQQQQAABBBBAIJMAgaRMTCyEAAIIIIAAAggggAACCCCAAAIIIEAgiWsAAQQQQAABBBBAAAEEEEAAAQQQQCCTAIGkTEwshAACCCCAAAIIIIAAAggggAACCCBAIIlrAAEEEEAAAQQQQAABBBBAAAEEEEAgkwCBpExMLIQAAggggAACCCCAAAIIIIAAAgggQCCJawABBBBAAAEEEEAAAQQQQAABBBBAIJMAgaRMTCyEAAIIIIAAAggggAACCCCAAAIIIEAgiWsAAQQQQAABBBBAAAEEEEAAAQQQQCCTAIGkTEwshAACCCCAAAIIIIAAAggggAACCCBAIIlrAAEEEEAAAQQQQAABBBBAAAEEEEAgkwCBpExMLIQAAggggAACCCCAAAIIIIAAAgggQCCJawABBBBAAAEEEEAAAQQQQAABBBBAIJMAgaRMTCyEAAIIIIAAAggggAACCCCAAAIIIEAgiWsAAQQQQAABBBBAAAEEEEA...
[debug] &amp#27;[38;5;32m[XCUITestDriver@55eb (24b485ec)]&amp#27;[0m Responding to client with driver.getScreenshot() result: "iVBORw0KGgoAAAANSUhEUgAABJIAAAnkCAYAAABWQUsDAAAAAXNSR0IArs4c6QAAADhlWElmTU0AKgAAAAgAAYdpAAQAAAABAAAAGgAAAAAAAqACAAQAAAABAAAEkqADAAQAAAABAAAJ5AAAAADoPni0AAAAHGlET1QAAAACAAAAAAAABPIAAAAoAAAE8gAABPIADXo2MJ1otAAAQABJREFUeAHs3QeYHPWZ5/H1+W5957uzb3dvvfY6YILJYHLGEXu93vU67dleB2yv12GNI7bJYEBCIkhIQiAJRE4iB4kgkkSQACEwOeecg4Q0nfu99/dOV1PT0z1T3dOT8Leep56e6amu8Knqlurt933/f2FMCCCAAAIIIIAAAggggAACCCCAAAIIZBD4iwzLsAgCCCCAAAIIIIAAAggggAACCCCAAAJGIImLAAEEEEAAAQQQQAABBBBAAAEEEEAgkwCBpExMLIQAAggggAACCCCAAAIIIIAAAgggQCCJawABBBBAAAEEEEAAAQQQQAABBBBAIJMAgaRMTCyEAAIIIIAAAggggAACCCCAAAIIIEAgiWsAAQQQQAABBBBAAAEEEEAAAQQQQCCTAIGkTEwshAACCCCAAAIIIIAAAggggAACCCBAIIlrAAEEEEAAAQQQQAABBBBAAAEEEEAgkwCBpExMLIQAAggggAACCCCAAAIIIIAAAgggQCCJawABBBBAAAEEEEAAAQQQQAABBBBAIJMAgaRMTCyEAAIIIIAAAggggAACCCCAAAIIIEAgiWsAAQQQQAABBBBAAAEEEEAAAQQQQCCTAIGkTEwshAACCCCAAAIIIIAAAggggAACCCBAIIlrAAEEEEAAAQQQQAABBBBAAAEEEEAgkwCBpExMLIQAAggggAACCCCAAAIIIIAAAgggQCCJawABBBBAAAEEEEAAAQQQQAABBBBAIJMAgaRMTCyEAAIIIIAAAggggAACCCCAAAIIIEAgiWsAAQQQQAABBBBAAAEEEEAAAQQQQCCT...
&amp#27;[38;5;0m[HTTP]&amp#27;[0m &amp#27;[37m<-- GET /session/24b485ec-92a7-408e-ba56-78682df800a3/screenshot &amp#27;[39m&amp#27;[32m200&amp#27;[39m &amp#27;[90m496 ms - 1866252&amp#27;[39m
&amp#27;[38;5;0m[HTTP]&amp#27;[0m &amp#27;[90m&amp#27;[39m

    Embedding screenshot [image/png 1399678 bytes]

&amp#27;[38;5;0m[HTTP]&amp#27;[0m &amp#27;[37m-->&amp#27;[39m &amp#27;[37mPOST&amp#27;[39m &amp#27;[37m/session/24b485ec-92a7-408e-ba56-78682df800a3/element&amp#27;[39m
&amp#27;[38;5;0m[HTTP]&amp#27;[0m &amp#27;[90m{"using":"xpath","value":"//XCUIElementTypeOther[@name=\"Test.allTheThings() T-Shirt\"]"}&amp#27;[39m
[debug] &amp#27;[38;5;32m[XCUITestDriver@55eb (24b485ec)]&amp#27;[0m Calling AppiumDriver.findElement() with args: ["xpath","//XCUIElementTypeOther[@name=\"Test.allTheThings() T-Shirt\"]","24b485ec-92a7-408e-ba56-78682df800a3"]
[debug] &amp#27;[38;5;32m[XCUITestDriver@55eb (24b485ec)]&amp#27;[0m Executing command 'findElement'
[debug] &amp#27;[38;5;32m[XCUITestDriver@55eb (24b485ec)]&amp#27;[0m Valid locator strategies for this request: xpath, id, name, class name, -ios predicate string, -ios class chain, accessibility id, css selector
[debug] &amp#27;[38;5;32m[XCUITestDriver@55eb (24b485ec)]&amp#27;[0m Waiting up to 0 ms for condition
[debug] &amp#27;[38;5;32m[XCUITestDriver@55eb (24b485ec)]&amp#27;[0m Matched '/element' to command name 'findElement'
[debug] &amp#27;[38;5;32m[XCUITestDriver@55eb (24b485ec)]&amp#27;[0m Proxying [POST /element] to [POST http://127.0.0.1:8100/session/56D70ACD-A8F3-4900-A498-C9E849921D48/element] with body: {"using":"xpath","value":"//XCUIElementTypeOther[@name=\"Test.allTheThings() T-Shirt\"]"}
[debug] &amp#27;[38;5;32m[XCUITestDriver@55eb (24b485ec)]&amp#27;[0m Got response with status 200: {"value":{"ELEMENT":"6E000000-0000-0000-1421-010000000000","element-6066-11e4-a52e-4f735466cecf":"6E000000-0000-0000-1421-010000000000"},"sessionId":"56D70ACD-A8F3-4900-A498-C9E849921D48"}
[debug] &amp#27;[38;5;32m[XCUITestDriver@55eb (24b485ec)]&amp#27;[0m Responding to client with driver.findElement() result: {"element-6066-11e4-a52e-4f735466cecf":"6E000000-0000-0000-1421-010000000000","ELEMENT":"6E000000-0000-0000-1421-010000000000"}
&amp#27;[38;5;0m[HTTP]&amp#27;[0m &amp#27;[37m<-- POST /session/24b485ec-92a7-408e-ba56-78682df800a3/element &amp#27;[39m&amp#27;[32m200&amp#27;[39m &amp#27;[90m2744 ms - 137&amp#27;[39m
&amp#27;[38;5;0m[HTTP]&amp#27;[0m &amp#27;[90m&amp#27;[39m
&amp#27;[38;5;0m[HTTP]&amp#27;[0m &amp#27;[37m-->&amp#27;[39m &amp#27;[37mGET&amp#27;[39m &amp#27;[37m/session/24b485ec-92a7-408e-ba56-78682df800a3/element/6E000000-0000-0000-1421-010000000000/displayed&amp#27;[39m
&amp#27;[38;5;0m[HTTP]&amp#27;[0m &amp#27;[90m{}&amp#27;[39m
&amp#27;[38;5;32m[XCUITestDriver@55eb (24b485ec)]&amp#27;[0m Driver proxy active, passing request on via HTTP proxy
[debug] &amp#27;[38;5;32m[XCUITestDriver@55eb (24b485ec)]&amp#27;[0m Executing command 'proxyReqRes'
[debug] &amp#27;[38;5;32m[XCUITestDriver@55eb (24b485ec)]&amp#27;[0m Matched '/session/24b485ec-92a7-408e-ba56-78682df800a3/element/6E000000-0000-0000-1421-010000000000/displayed' to command name 'elementDisplayed'
[debug] &amp#27;[38;5;32m[XCUITestDriver@55eb (24b485ec)]&amp#27;[0m Proxying [GET /session/24b485ec-92a7-408e-ba56-78682df800a3/element/6E000000-0000-0000-1421-010000000000/displayed] to [GET http://127.0.0.1:8100/session/56D70ACD-A8F3-4900-A498-C9E849921D48/element/6E000000-0000-0000-1421-010000000000/displayed] with no body
[debug] &amp#27;[38;5;32m[XCUITestDriver@55eb (24b485ec)]&amp#27;[0m Got response with status 200: {"value":true,"sessionId":"56D70ACD-A8F3-4900-A498-C9E849921D48"}
&amp#27;[38;5;32m[XCUITestDriver@55eb (24b485ec)]&amp#27;[0m Replacing sessionId 56D70ACD-A8F3-4900-A498-C9E849921D48 with 24b485ec-92a7-408e-ba56-78682df800a3
&amp#27;[38;5;0m[HTTP]&amp#27;[0m &amp#27;[37m<-- GET /session/24b485ec-92a7-408e-ba56-78682df800a3/element/6E000000-0000-0000-1421-010000000000/displayed &amp#27;[39m&amp#27;[32m200&amp#27;[39m &amp#27;[90m186 ms - 65&amp#27;[39m
&amp#27;[38;5;0m[HTTP]&amp#27;[0m &amp#27;[90m&amp#27;[39m
&amp#27;[38;5;0m[HTTP]&amp#27;[0m &amp#27;[37m-->&amp#27;[39m &amp#27;[37mPOST&amp#27;[39m &amp#27;[37m/session/24b485ec-92a7-408e-ba56-78682df800a3/element&amp#27;[39m
&amp#27;[38;5;0m[HTTP]&amp#27;[0m &amp#27;[90m{"using":"xpath","value":"//XCUIElementTypeOther[@name=\"Test.allTheThings() T-Shirt\"]"}&amp#27;[39m
[debug] &amp#27;[38;5;32m[XCUITestDriver@55eb (24b485ec)]&amp#27;[0m Calling AppiumDriver.findElement() with args: ["xpath","//XCUIElementTypeOther[@name=\"Test.allTheThings() T-Shirt\"]","24b485ec-92a7-408e-ba56-78682df800a3"]
[debug] &amp#27;[38;5;32m[XCUITestDriver@55eb (24b485ec)]&amp#27;[0m Executing command 'findElement'
[debug] &amp#27;[38;5;32m[XCUITestDriver@55eb (24b485ec)]&amp#27;[0m Valid locator strategies for this request: xpath, id, name, class name, -ios predicate string, -ios class chain, accessibility id, css selector
[debug] &amp#27;[38;5;32m[XCUITestDriver@55eb (24b485ec)]&amp#27;[0m Waiting up to 0 ms for condition
[debug] &amp#27;[38;5;32m[XCUITestDriver@55eb (24b485ec)]&amp#27;[0m Matched '/element' to command name 'findElement'
[debug] &amp#27;[38;5;32m[XCUITestDriver@55eb (24b485ec)]&amp#27;[0m Proxying [POST /element] to [POST http://127.0.0.1:8100/session/56D70ACD-A8F3-4900-A498-C9E849921D48/element] with body: {"using":"xpath","value":"//XCUIElementTypeOther[@name=\"Test.allTheThings() T-Shirt\"]"}
[debug] &amp#27;[38;5;32m[XCUITestDriver@55eb (24b485ec)]&amp#27;[0m Got response with status 200: {"value":{"ELEMENT":"6E000000-0000-0000-1421-010000000000","element-6066-11e4-a52e-4f735466cecf":"6E000000-0000-0000-1421-010000000000"},"sessionId":"56D70ACD-A8F3-4900-A498-C9E849921D48"}
[debug] &amp#27;[38;5;32m[XCUITestDriver@55eb (24b485ec)]&amp#27;[0m Responding to client with driver.findElement() result: {"element-6066-11e4-a52e-4f735466cecf":"6E000000-0000-0000-1421-010000000000","ELEMENT":"6E000000-0000-0000-1421-010000000000"}
&amp#27;[38;5;0m[HTTP]&amp#27;[0m &amp#27;[37m<-- POST /session/24b485ec-92a7-408e-ba56-78682df800a3/element &amp#27;[39m&amp#27;[32m200&amp#27;[39m &amp#27;[90m3644 ms - 137&amp#27;[39m
&amp#27;[38;5;0m[HTTP]&amp#27;[0m &amp#27;[90m&amp#27;[39m
&amp#27;[38;5;0m[HTTP]&amp#27;[0m &amp#27;[37m-->&amp#27;[39m &amp#27;[37mGET&amp#27;[39m &amp#27;[37m/session/24b485ec-92a7-408e-ba56-78682df800a3/element/6E000000-0000-0000-1421-010000000000/rect&amp#27;[39m
&amp#27;[38;5;0m[HTTP]&amp#27;[0m &amp#27;[90m{}&amp#27;[39m
&amp#27;[38;5;32m[XCUITestDriver@55eb (24b485ec)]&amp#27;[0m Driver proxy active, passing request on via HTTP proxy
[debug] &amp#27;[38;5;32m[XCUITestDriver@55eb (24b485ec)]&amp#27;[0m Executing command 'proxyReqRes'
[debug] &amp#27;[38;5;32m[XCUITestDriver@55eb (24b485ec)]&amp#27;[0m Matched '/session/24b485ec-92a7-408e-ba56-78682df800a3/element/6E000000-0000-0000-1421-010000000000/rect' to command name 'getElementRect'
[debug] &amp#27;[38;5;32m[XCUITestDriver@55eb (24b485ec)]&amp#27;[0m Proxying [GET /session/24b485ec-92a7-408e-ba56-78682df800a3/element/6E000000-0000-0000-1421-010000000000/rect] to [GET http://127.0.0.1:8100/session/56D70ACD-A8F3-4900-A498-C9E849921D48/element/6E000000-0000-0000-1421-010000000000/rect] with no body
[debug] &amp#27;[38;5;32m[XCUITestDriver@55eb (24b485ec)]&amp#27;[0m Got response with status 200: {"value":{"y":377,"x":205,"width":165,"height":210},"sessionId":"56D70ACD-A8F3-4900-A498-C9E849921D48"}
&amp#27;[38;5;32m[XCUITestDriver@55eb (24b485ec)]&amp#27;[0m Replacing sessionId 56D70ACD-A8F3-4900-A498-C9E849921D48 with 24b485ec-92a7-408e-ba56-78682df800a3
&amp#27;[38;5;0m[HTTP]&amp#27;[0m &amp#27;[37m<-- GET /session/24b485ec-92a7-408e-ba56-78682df800a3/element/6E000000-0000-0000-1421-010000000000/rect &amp#27;[39m&amp#27;[32m200&amp#27;[39m &amp#27;[90m183 ms - 103&amp#27;[39m
&amp#27;[38;5;0m[HTTP]&amp#27;[0m &amp#27;[90m&amp#27;[39m
&amp#27;[38;5;0m[HTTP]&amp#27;[0m &amp#27;[37m-->&amp#27;[39m &amp#27;[37mGET&amp#27;[39m &amp#27;[37m/session/24b485ec-92a7-408e-ba56-78682df800a3/element/6E000000-0000-0000-1421-010000000000/rect&amp#27;[39m
&amp#27;[38;5;0m[HTTP]&amp#27;[0m &amp#27;[90m{}&amp#27;[39m
&amp#27;[38;5;32m[XCUITestDriver@55eb (24b485ec)]&amp#27;[0m Driver proxy active, passing request on via HTTP proxy
[debug] &amp#27;[38;5;32m[XCUITestDriver@55eb (24b485ec)]&amp#27;[0m Executing command 'proxyReqRes'
[debug] &amp#27;[38;5;32m[XCUITestDriver@55eb (24b485ec)]&amp#27;[0m Matched '/session/24b485ec-92a7-408e-ba56-78682df800a3/element/6E000000-0000-0000-1421-010000000000/rect' to command name 'getElementRect'
[debug] &amp#27;[38;5;32m[XCUITestDriver@55eb (24b485ec)]&amp#27;[0m Proxying [GET /session/24b485ec-92a7-408e-ba56-78682df800a3/element/6E000000-0000-0000-1421-010000000000/rect] to [GET http://127.0.0.1:8100/session/56D70ACD-A8F3-4900-A498-C9E849921D48/element/6E000000-0000-0000-1421-010000000000/rect] with no body
[debug] &amp#27;[38;5;32m[XCUITestDriver@55eb (24b485ec)]&amp#27;[0m Got response with status 200: {"value":{"y":377,"x":205,"width":165,"height":210},"sessionId":"56D70ACD-A8F3-4900-A498-C9E849921D48"}
&amp#27;[38;5;32m[XCUITestDriver@55eb (24b485ec)]&amp#27;[0m Replacing sessionId 56D70ACD-A8F3-4900-A498-C9E849921D48 with 24b485ec-92a7-408e-ba56-78682df800a3
&amp#27;[38;5;0m[HTTP]&amp#27;[0m &amp#27;[37m<-- GET /session/24b485ec-92a7-408e-ba56-78682df800a3/element/6E000000-0000-0000-1421-010000000000/rect &amp#27;[39m&amp#27;[32m200&amp#27;[39m &amp#27;[90m184 ms - 103&amp#27;[39m
&amp#27;[38;5;0m[HTTP]&amp#27;[0m &amp#27;[90m&amp#27;[39m
&amp#27;[38;5;0m[HTTP]&amp#27;[0m &amp#27;[37m-->&amp#27;[39m &amp#27;[37mPOST&amp#27;[39m &amp#27;[37m/session/24b485ec-92a7-408e-ba56-78682df800a3/actions&amp#27;[39m
&amp#27;[38;5;0m[HTTP]&amp#27;[0m &amp#27;[90m{"actions":[{"id":"finger1","type":"pointer","parameters":{"pointerType":"touch"},"actions":[{"duration":0,"type":"pause"},{"duration":0,"x":287,"y":482,"type":"pointerMove","origin":"viewport"},{"button":0,"type":"pointerDown"},{"duration":200,"type":"pause"},{"button":0,"type":"pointerUp"}]}]}&amp#27;[39m
[debug] &amp#27;[38;5;32m[XCUITestDriver@55eb (24b485ec)]&amp#27;[0m Calling AppiumDriver.performActions() with args: [[{"id":"finger1","type":"pointer","parameters":{"pointerType":"touch"},"actions":[{"duration":0,"type":"pause"},{"duration":0,"x":287,"y":482,"type":"pointerMove","origin":"viewport"},{"button":0,"type":"pointerDown"},{"duration":200,"type":"pause"},{"button":0,"type":"pointerUp"}]}],"24b485ec-92a7-408e-ba56-78682df800a3"]
[debug] &amp#27;[38;5;32m[XCUITestDriver@55eb (24b485ec)]&amp#27;[0m Executing command 'performActions'
[debug] &amp#27;[38;5;32m[XCUITestDriver@55eb (24b485ec)]&amp#27;[0m Received the following W3C actions: [
[debug] &amp#27;[38;5;32m[XCUITestDriver@55eb (24b485ec)]&amp#27;[0m   {
[debug] &amp#27;[38;5;32m[XCUITestDriver@55eb (24b485ec)]&amp#27;[0m     "id": "finger1",
[debug] &amp#27;[38;5;32m[XCUITestDriver@55eb (24b485ec)]&amp#27;[0m     "type": "pointer",
[debug] &amp#27;[38;5;32m[XCUITestDriver@55eb (24b485ec)]&amp#27;[0m     "parameters": {
[debug] &amp#27;[38;5;32m[XCUITestDriver@55eb (24b485ec)]&amp#27;[0m       "pointerType": "touch"
[debug] &amp#27;[38;5;32m[XCUITestDriver@55eb (24b485ec)]&amp#27;[0m     },
[debug] &amp#27;[38;5;32m[XCUITestDriver@55eb (24b485ec)]&amp#27;[0m     "actions": [
[debug] &amp#27;[38;5;32m[XCUITestDriver@55eb (24b485ec)]&amp#27;[0m       {
[debug] &amp#27;[38;5;32m[XCUITestDriver@55eb (24b485ec)]&amp#27;[0m         "duration": 0,
[debug] &amp#27;[38;5;32m[XCUITestDriver@55eb (24b485ec)]&amp#27;[0m         "type": "pause"
[debug] &amp#27;[38;5;32m[XCUITestDriver@55eb (24b485ec)]&amp#27;[0m       },
[debug] &amp#27;[38;5;32m[XCUITestDriver@55eb (24b485ec)]&amp#27;[0m       {
[debug] &amp#27;[38;5;32m[XCUITestDriver@55eb (24b485ec)]&amp#27;[0m         "duration": 0,
[debug] &amp#27;[38;5;32m[XCUITestDriver@55eb (24b485ec)]&amp#27;[0m         "x": 287,
[debug] &amp#27;[38;5;32m[XCUITestDriver@55eb (24b485ec)]&amp#27;[0m         "y": 482,
[debug] &amp#27;[38;5;32m[XCUITestDriver@55eb (24b485ec)]&amp#27;[0m         "type": "pointerMove",
[debug] &amp#27;[38;5;32m[XCUITestDriver@55eb (24b485ec)]&amp#27;[0m         "origin": "viewport"
[debug] &amp#27;[38;5;32m[XCUITestDriver@55eb (24b485ec)]&amp#27;[0m       },
[debug] &amp#27;[38;5;32m[XCUITestDriver@55eb (24b485ec)]&amp#27;[0m       {
[debug] &amp#27;[38;5;32m[XCUITestDriver@55eb (24b485ec)]&amp#27;[0m         "button": 0,
[debug] &amp#27;[38;5;32m[XCUITestDriver@55eb (24b485ec)]&amp#27;[0m         "type": "pointerDown"
[debug] &amp#27;[38;5;32m[XCUITestDriver@55eb (24b485ec)]&amp#27;[0m       },
[debug] &amp#27;[38;5;32m[XCUITestDriver@55eb (24b485ec)]&amp#27;[0m       {
[debug] &amp#27;[38;5;32m[XCUITestDriver@55eb (24b485ec)]&amp#27;[0m         "duration": 200,
[debug] &amp#27;[38;5;32m[XCUITestDriver@55eb (24b485ec)]&amp#27;[0m         "type": "pause"
[debug] &amp#27;[38;5;32m[XCUITestDriver@55eb (24b485ec)]&amp#27;[0m       },
[debug] &amp#27;[38;5;32m[XCUITestDriver@55eb (24b485ec)]&amp#27;[0m       {
[debug] &amp#27;[38;5;32m[XCUITestDriver@55eb (24b485ec)]&amp#27;[0m         "button": 0,
[debug] &amp#27;[38;5;32m[XCUITestDriver@55eb (24b485ec)]&amp#27;[0m         "type": "pointerUp"
[debug] &amp#27;[38;5;32m[XCUITestDriver@55eb (24b485ec)]&amp#27;[0m       }
[debug] &amp#27;[38;5;32m[XCUITestDriver@55eb (24b485ec)]&amp#27;[0m     ]
[debug] &amp#27;[38;5;32m[XCUITestDriver@55eb (24b485ec)]&amp#27;[0m   }
[debug] &amp#27;[38;5;32m[XCUITestDriver@55eb (24b485ec)]&amp#27;[0m ]
[debug] &amp#27;[38;5;32m[XCUITestDriver@55eb (24b485ec)]&amp#27;[0m Preprocessed actions: [
[debug] &amp#27;[38;5;32m[XCUITestDriver@55eb (24b485ec)]&amp#27;[0m   {
[debug] &amp#27;[38;5;32m[XCUITestDriver@55eb (24b485ec)]&amp#27;[0m     "id": "finger1",
[debug] &amp#27;[38;5;32m[XCUITestDriver@55eb (24b485ec)]&amp#27;[0m     "type": "pointer",
[debug] &amp#27;[38;5;32m[XCUITestDriver@55eb (24b485ec)]&amp#27;[0m     "parameters": {
[debug] &amp#27;[38;5;32m[XCUITestDriver@55eb (24b485ec)]&amp#27;[0m       "pointerType": "touch"
[debug] &amp#27;[38;5;32m[XCUITestDriver@55eb (24b485ec)]&amp#27;[0m     },
[debug] &amp#27;[38;5;32m[XCUITestDriver@55eb (24b485ec)]&amp#27;[0m     "actions": [
[debug] &amp#27;[38;5;32m[XCUITestDriver@55eb (24b485ec)]&amp#27;[0m       {
[debug] &amp#27;[38;5;32m[XCUITestDriver@55eb (24b485ec)]&amp#27;[0m         "duration": 0,
[debug] &amp#27;[38;5;32m[XCUITestDriver@55eb (24b485ec)]&amp#27;[0m         "x": 287,
[debug] &amp#27;[38;5;32m[XCUITestDriver@55eb (24b485ec)]&amp#27;[0m         "y": 482,
[debug] &amp#27;[38;5;32m[XCUITestDriver@55eb (24b485ec)]&amp#27;[0m         "type": "pointerMove",
[debug] &amp#27;[38;5;32m[XCUITestDriver@55eb (24b485ec)]&amp#27;[0m         "origin": "viewport"
[debug] &amp#27;[38;5;32m[XCUITestDriver@55eb (24b485ec)]&amp#27;[0m       },
[debug] &amp#27;[38;5;32m[XCUITestDriver@55eb (24b485ec)]&amp#27;[0m       {
[debug] &amp#27;[38;5;32m[XCUITestDriver@55eb (24b485ec)]&amp#27;[0m         "button": 0,
[debug] &amp#27;[38;5;32m[XCUITestDriver@55eb (24b485ec)]&amp#27;[0m         "type": "pointerDown"
[debug] &amp#27;[38;5;32m[XCUITestDriver@55eb (24b485ec)]&amp#27;[0m       },
[debug] &amp#27;[38;5;32m[XCUITestDriver@55eb (24b485ec)]&amp#27;[0m       {
[debug] &amp#27;[38;5;32m[XCUITestDriver@55eb (24b485ec)]&amp#27;[0m         "duration": 200,
[debug] &amp#27;[38;5;32m[XCUITestDriver@55eb (24b485ec)]&amp#27;[0m         "type": "pause"
[debug] &amp#27;[38;5;32m[XCUITestDriver@55eb (24b485ec)]&amp#27;[0m       },
[debug] &amp#27;[38;5;32m[XCUITestDriver@55eb (24b485ec)]&amp#27;[0m       {
[debug] &amp#27;[38;5;32m[XCUITestDriver@55eb (24b485ec)]&amp#27;[0m         "button": 0,
[debug] &amp#27;[38;5;32m[XCUITestDriver@55eb (24b485ec)]&amp#27;[0m         "type": "pointerUp"
[debug] &amp#27;[38;5;32m[XCUITestDriver@55eb (24b485ec)]&amp#27;[0m       }
[debug] &amp#27;[38;5;32m[XCUITestDriver@55eb (24b485ec)]&amp#27;[0m     ]
[debug] &amp#27;[38;5;32m[XCUITestDriver@55eb (24b485ec)]&amp#27;[0m   }
[debug] &amp#27;[38;5;32m[XCUITestDriver@55eb (24b485ec)]&amp#27;[0m ]
[debug] &amp#27;[38;5;32m[XCUITestDriver@55eb (24b485ec)]&amp#27;[0m Matched '/actions' to command name 'performActions'
[debug] &amp#27;[38;5;32m[XCUITestDriver@55eb (24b485ec)]&amp#27;[0m Proxying [POST /actions] to [POST http://127.0.0.1:8100/session/56D70ACD-A8F3-4900-A498-C9E849921D48/actions] with body: {"actions":[{"id":"finger1","type":"pointer","parameters":{"pointerType":"touch"},"actions":[{"duration":0,"x":287,"y":482,"type":"pointerMove","origin":"viewport"},{"button":0,"type":"pointerDown"},{"duration":200,"type":"pause"},{"button":0,"type":"pointerUp"}]}]}
[debug] &amp#27;[38;5;32m[XCUITestDriver@55eb (24b485ec)]&amp#27;[0m Got response with status 200: {"value":null,"sessionId":"56D70ACD-A8F3-4900-A498-C9E849921D48"}
[debug] &amp#27;[38;5;32m[XCUITestDriver@55eb (24b485ec)]&amp#27;[0m Responding to client with driver.performActions() result: null
&amp#27;[38;5;0m[HTTP]&amp#27;[0m &amp#27;[37m<-- POST /session/24b485ec-92a7-408e-ba56-78682df800a3/actions &amp#27;[39m&amp#27;[32m200&amp#27;[39m &amp#27;[90m876 ms - 14&amp#27;[39m
&amp#27;[38;5;0m[HTTP]&amp#27;[0m &amp#27;[90m&amp#27;[39m
  And user clicks on the product                     # StepDefinations.ProductSteps.user_clicks_on_the_product()
&amp#27;[38;5;0m[HTTP]&amp#27;[0m &amp#27;[37m-->&amp#27;[39m &amp#27;[37mGET&amp#27;[39m &amp#27;[37m/session/24b485ec-92a7-408e-ba56-78682df800a3/screenshot&amp#27;[39m
&amp#27;[38;5;0m[HTTP]&amp#27;[0m &amp#27;[90m{}&amp#27;[39m
[debug] &amp#27;[38;5;32m[XCUITestDriver@55eb (24b485ec)]&amp#27;[0m Calling AppiumDriver.getScreenshot() with args: ["24b485ec-92a7-408e-ba56-78682df800a3"]
[debug] &amp#27;[38;5;32m[XCUITestDriver@55eb (24b485ec)]&amp#27;[0m Executing command 'getScreenshot'
[debug] &amp#27;[38;5;32m[XCUITestDriver@55eb (24b485ec)]&amp#27;[0m Taking screenshot with WDA
[debug] &amp#27;[38;5;32m[XCUITestDriver@55eb (24b485ec)]&amp#27;[0m Matched '/screenshot' to command name 'getScreenshot'
[debug] &amp#27;[38;5;32m[XCUITestDriver@55eb (24b485ec)]&amp#27;[0m Proxying [GET /screenshot] to [GET http://127.0.0.1:8100/session/56D70ACD-A8F3-4900-A498-C9E849921D48/screenshot] with no body
[debug] &amp#27;[38;5;32m[XCUITestDriver@55eb (24b485ec)]&amp#27;[0m Got response with status 200: {"value":"iVBORw0KGgoAAAANSUhEUgAABJIAAAnkCAYAAABWQUsDAAAAAXNSR0IArs4c6QAAADhlWElmTU0AKgAAAAgAAYdpAAQAAAABAAAAGgAAAAAAAqACAAQAAAABAAAEkqADAAQAAAABAAAJ5AAAAADoPni0AAAAHGlET1QAAAACAAAAAAAABPIAAAAoAAAE8gAABPIADVs6tbQxfAAAQABJREFUeAHs3QecdFlZJ+AZSRIkyJKzARFcd0EEQdRVkoKIyCoIEsdVV0RAEZCkwJCzEpewCwgsJlxQwkpcXETJQcFFkJzDDDBfd6W++76n69bcrq7qPlVd3V/1N8/9/eqr/qpv3br13FPVdf913nNOaywECBAgQIAAAQIECBAgQIAAAQIEKgROq1jHKgQIECBAgAABAgQIECBAgAABAgQaQZJGQIAAAQIECBAgQIAAAQIECBAgUCUgSKpishIBAgQIECBAgAABAgQIECBAgIAgSRsgQIAAAQIECBAgQIAAAQIECBCoEhAkVTFZiQABAgQIECBAgAABAgQIECBAQJCkDRAgQIAAAQIECBAgQIAAAQIECFQJCJKqmKxEgAABAgQIECBAgAABAgQIECAgSNIGCBAgQIAAAQIECBAgQIAAAQIEqgQESVVMViJAgAABAgQIECBAgAABAgQIEBAkaQMECBAgQIAAAQIECBAgQIAAAQJVAoKkKiYrESBAgAABAgQIECBAgAABAgQICJK0AQIECBAgQIAAAQIECBAgQIAAgSoBQVIVk5UIECBAgAABAgQIECBAgAABAgQESdoAAQIECBAgQIAAAQIECBAgQIBAlYAgqYrJSgQIECBAgAABAgQIECBAgAABAoIkbYAAAQIECBAgQIAAAQIECBAgQKBKQJBUxWQlAgQIECBAgAABAgQIECBAgAABQZI2QIAAAQIECBAgQIAAAQIECBAgUCUgSKpishIBAgQIECBAgAABAgQIECBAgIAgSRsgQIAAAQIECBAgQIAAAQI...
[debug] &amp#27;[38;5;32m[XCUITestDriver@55eb (24b485ec)]&amp#27;[0m Responding to client with driver.getScreenshot() result: "iVBORw0KGgoAAAANSUhEUgAABJIAAAnkCAYAAABWQUsDAAAAAXNSR0IArs4c6QAAADhlWElmTU0AKgAAAAgAAYdpAAQAAAABAAAAGgAAAAAAAqACAAQAAAABAAAEkqADAAQAAAABAAAJ5AAAAADoPni0AAAAHGlET1QAAAACAAAAAAAABPIAAAAoAAAE8gAABPIADVs6tbQxfAAAQABJREFUeAHs3QecdFlZJ+AZSRIkyJKzARFcd0EEQdRVkoKIyCoIEsdVV0RAEZCkwJCzEpewCwgsJlxQwkpcXETJQcFFkJzDDDBfd6W++76n69bcrq7qPlVd3V/1N8/9/eqr/qpv3br13FPVdf913nNOaywECBAgQIAAAQIECBAgQIAAAQIEKgROq1jHKgQIECBAgAABAgQIECBAgAABAgQaQZJGQIAAAQIECBAgQIAAAQIECBAgUCUgSKpishIBAgQIECBAgAABAgQIECBAgIAgSRsgQIAAAQIECBAgQIAAAQIECBCoEhAkVTFZiQABAgQIECBAgAABAgQIECBAQJCkDRAgQIAAAQIECBAgQIAAAQIECFQJCJKqmKxEgAABAgQIECBAgAABAgQIECAgSNIGCBAgQIAAAQIECBAgQIAAAQIEqgQESVVMViJAgAABAgQIECBAgAABAgQIEBAkaQMECBAgQIAAAQIECBAgQIAAAQJVAoKkKiYrESBAgAABAgQIECBAgAABAgQICJK0AQIECBAgQIAAAQIECBAgQIAAgSoBQVIVk5UIECBAgAABAgQIECBAgAABAgQESdoAAQIECBAgQIAAAQIECBAgQIBAlYAgqYrJSgQIECBAgAABAgQIECBAgAABAoIkbYAAAQIECBAgQIAAAQIECBAgQKBKQJBUxWQlAgQIECBAgAABAgQIECBAgAABQZI2QIAAAQIECBAgQIAAAQIECBAgUCUgSKpishIBAgQIECBAgAABAgQIECBAgIAgSRsgQIAAAQIECBAgQIAAAQIECBCoEhAk...
&amp#27;[38;5;0m[HTTP]&amp#27;[0m &amp#27;[37m<-- GET /session/24b485ec-92a7-408e-ba56-78682df800a3/screenshot &amp#27;[39m&amp#27;[32m200&amp#27;[39m &amp#27;[90m672 ms - 1855472&amp#27;[39m
&amp#27;[38;5;0m[HTTP]&amp#27;[0m &amp#27;[90m&amp#27;[39m

    Embedding screenshot [image/png 1391593 bytes]

&amp#27;[38;5;0m[HTTP]&amp#27;[0m &amp#27;[37m-->&amp#27;[39m &amp#27;[37mPOST&amp#27;[39m &amp#27;[37m/session/24b485ec-92a7-408e-ba56-78682df800a3/element&amp#27;[39m
&amp#27;[38;5;0m[HTTP]&amp#27;[0m &amp#27;[90m{"using":"xpath","value":"//XCUIElementTypeOther[@name=\"counter plus button\"]"}&amp#27;[39m
[debug] &amp#27;[38;5;32m[XCUITestDriver@55eb (24b485ec)]&amp#27;[0m Calling AppiumDriver.findElement() with args: ["xpath","//XCUIElementTypeOther[@name=\"counter plus button\"]","24b485ec-92a7-408e-ba56-78682df800a3"]
[debug] &amp#27;[38;5;32m[XCUITestDriver@55eb (24b485ec)]&amp#27;[0m Executing command 'findElement'
[debug] &amp#27;[38;5;32m[XCUITestDriver@55eb (24b485ec)]&amp#27;[0m Valid locator strategies for this request: xpath, id, name, class name, -ios predicate string, -ios class chain, accessibility id, css selector
[debug] &amp#27;[38;5;32m[XCUITestDriver@55eb (24b485ec)]&amp#27;[0m Waiting up to 0 ms for condition
[debug] &amp#27;[38;5;32m[XCUITestDriver@55eb (24b485ec)]&amp#27;[0m Matched '/element' to command name 'findElement'
[debug] &amp#27;[38;5;32m[XCUITestDriver@55eb (24b485ec)]&amp#27;[0m Proxying [POST /element] to [POST http://127.0.0.1:8100/session/56D70ACD-A8F3-4900-A498-C9E849921D48/element] with body: {"using":"xpath","value":"//XCUIElementTypeOther[@name=\"counter plus button\"]"}
[debug] &amp#27;[38;5;32m[XCUITestDriver@55eb (24b485ec)]&amp#27;[0m Got response with status 200: {"value":{"ELEMENT":"D5010000-0000-0000-1421-010000000000","element-6066-11e4-a52e-4f735466cecf":"D5010000-0000-0000-1421-010000000000"},"sessionId":"56D70ACD-A8F3-4900-A498-C9E849921D48"}
[debug] &amp#27;[38;5;32m[XCUITestDriver@55eb (24b485ec)]&amp#27;[0m Responding to client with driver.findElement() result: {"element-6066-11e4-a52e-4f735466cecf":"D5010000-0000-0000-1421-010000000000","ELEMENT":"D5010000-0000-0000-1421-010000000000"}
&amp#27;[38;5;0m[HTTP]&amp#27;[0m &amp#27;[37m<-- POST /session/24b485ec-92a7-408e-ba56-78682df800a3/element &amp#27;[39m&amp#27;[32m200&amp#27;[39m &amp#27;[90m2264 ms - 137&amp#27;[39m
&amp#27;[38;5;0m[HTTP]&amp#27;[0m &amp#27;[90m&amp#27;[39m
&amp#27;[38;5;0m[HTTP]&amp#27;[0m &amp#27;[37m-->&amp#27;[39m &amp#27;[37mGET&amp#27;[39m &amp#27;[37m/session/24b485ec-92a7-408e-ba56-78682df800a3/element/D5010000-0000-0000-1421-010000000000/displayed&amp#27;[39m
&amp#27;[38;5;0m[HTTP]&amp#27;[0m &amp#27;[90m{}&amp#27;[39m
&amp#27;[38;5;32m[XCUITestDriver@55eb (24b485ec)]&amp#27;[0m Driver proxy active, passing request on via HTTP proxy
[debug] &amp#27;[38;5;32m[XCUITestDriver@55eb (24b485ec)]&amp#27;[0m Executing command 'proxyReqRes'
[debug] &amp#27;[38;5;32m[XCUITestDriver@55eb (24b485ec)]&amp#27;[0m Matched '/session/24b485ec-92a7-408e-ba56-78682df800a3/element/D5010000-0000-0000-1421-010000000000/displayed' to command name 'elementDisplayed'
[debug] &amp#27;[38;5;32m[XCUITestDriver@55eb (24b485ec)]&amp#27;[0m Proxying [GET /session/24b485ec-92a7-408e-ba56-78682df800a3/element/D5010000-0000-0000-1421-010000000000/displayed] to [GET http://127.0.0.1:8100/session/56D70ACD-A8F3-4900-A498-C9E849921D48/element/D5010000-0000-0000-1421-010000000000/displayed] with no body
[debug] &amp#27;[38;5;32m[XCUITestDriver@55eb (24b485ec)]&amp#27;[0m Got response with status 200: {"value":true,"sessionId":"56D70ACD-A8F3-4900-A498-C9E849921D48"}
&amp#27;[38;5;32m[XCUITestDriver@55eb (24b485ec)]&amp#27;[0m Replacing sessionId 56D70ACD-A8F3-4900-A498-C9E849921D48 with 24b485ec-92a7-408e-ba56-78682df800a3
&amp#27;[38;5;0m[HTTP]&amp#27;[0m &amp#27;[37m<-- GET /session/24b485ec-92a7-408e-ba56-78682df800a3/element/D5010000-0000-0000-1421-010000000000/displayed &amp#27;[39m&amp#27;[32m200&amp#27;[39m &amp#27;[90m220 ms - 65&amp#27;[39m
&amp#27;[38;5;0m[HTTP]&amp#27;[0m &amp#27;[90m&amp#27;[39m
&amp#27;[38;5;0m[HTTP]&amp#27;[0m &amp#27;[37m-->&amp#27;[39m &amp#27;[37mPOST&amp#27;[39m &amp#27;[37m/session/24b485ec-92a7-408e-ba56-78682df800a3/element&amp#27;[39m
&amp#27;[38;5;0m[HTTP]&amp#27;[0m &amp#27;[90m{"using":"xpath","value":"//XCUIElementTypeOther[@name=\"counter plus button\"]"}&amp#27;[39m
[debug] &amp#27;[38;5;32m[XCUITestDriver@55eb (24b485ec)]&amp#27;[0m Calling AppiumDriver.findElement() with args: ["xpath","//XCUIElementTypeOther[@name=\"counter plus button\"]","24b485ec-92a7-408e-ba56-78682df800a3"]
[debug] &amp#27;[38;5;32m[XCUITestDriver@55eb (24b485ec)]&amp#27;[0m Executing command 'findElement'
[debug] &amp#27;[38;5;32m[XCUITestDriver@55eb (24b485ec)]&amp#27;[0m Valid locator strategies for this request: xpath, id, name, class name, -ios predicate string, -ios class chain, accessibility id, css selector
[debug] &amp#27;[38;5;32m[XCUITestDriver@55eb (24b485ec)]&amp#27;[0m Waiting up to 0 ms for condition
[debug] &amp#27;[38;5;32m[XCUITestDriver@55eb (24b485ec)]&amp#27;[0m Matched '/element' to command name 'findElement'
[debug] &amp#27;[38;5;32m[XCUITestDriver@55eb (24b485ec)]&amp#27;[0m Proxying [POST /element] to [POST http://127.0.0.1:8100/session/56D70ACD-A8F3-4900-A498-C9E849921D48/element] with body: {"using":"xpath","value":"//XCUIElementTypeOther[@name=\"counter plus button\"]"}
[debug] &amp#27;[38;5;32m[XCUITestDriver@55eb (24b485ec)]&amp#27;[0m Got response with status 200: {"value":{"ELEMENT":"D5010000-0000-0000-1421-010000000000","element-6066-11e4-a52e-4f735466cecf":"D5010000-0000-0000-1421-010000000000"},"sessionId":"56D70ACD-A8F3-4900-A498-C9E849921D48"}
[debug] &amp#27;[38;5;32m[XCUITestDriver@55eb (24b485ec)]&amp#27;[0m Responding to client with driver.findElement() result: {"element-6066-11e4-a52e-4f735466cecf":"D5010000-0000-0000-1421-010000000000","ELEMENT":"D5010000-0000-0000-1421-010000000000"}
&amp#27;[38;5;0m[HTTP]&amp#27;[0m &amp#27;[37m<-- POST /session/24b485ec-92a7-408e-ba56-78682df800a3/element &amp#27;[39m&amp#27;[32m200&amp#27;[39m &amp#27;[90m1940 ms - 137&amp#27;[39m
&amp#27;[38;5;0m[HTTP]&amp#27;[0m &amp#27;[90m&amp#27;[39m
&amp#27;[38;5;0m[HTTP]&amp#27;[0m &amp#27;[37m-->&amp#27;[39m &amp#27;[37mGET&amp#27;[39m &amp#27;[37m/session/24b485ec-92a7-408e-ba56-78682df800a3/element/D5010000-0000-0000-1421-010000000000/displayed&amp#27;[39m
&amp#27;[38;5;0m[HTTP]&amp#27;[0m &amp#27;[90m{}&amp#27;[39m
&amp#27;[38;5;32m[XCUITestDriver@55eb (24b485ec)]&amp#27;[0m Driver proxy active, passing request on via HTTP proxy
[debug] &amp#27;[38;5;32m[XCUITestDriver@55eb (24b485ec)]&amp#27;[0m Executing command 'proxyReqRes'
[debug] &amp#27;[38;5;32m[XCUITestDriver@55eb (24b485ec)]&amp#27;[0m Matched '/session/24b485ec-92a7-408e-ba56-78682df800a3/element/D5010000-0000-0000-1421-010000000000/displayed' to command name 'elementDisplayed'
[debug] &amp#27;[38;5;32m[XCUITestDriver@55eb (24b485ec)]&amp#27;[0m Proxying [GET /session/24b485ec-92a7-408e-ba56-78682df800a3/element/D5010000-0000-0000-1421-010000000000/displayed] to [GET http://127.0.0.1:8100/session/56D70ACD-A8F3-4900-A498-C9E849921D48/element/D5010000-0000-0000-1421-010000000000/displayed] with no body
[debug] &amp#27;[38;5;32m[XCUITestDriver@55eb (24b485ec)]&amp#27;[0m Got response with status 200: {"value":true,"sessionId":"56D70ACD-A8F3-4900-A498-C9E849921D48"}
&amp#27;[38;5;32m[XCUITestDriver@55eb (24b485ec)]&amp#27;[0m Replacing sessionId 56D70ACD-A8F3-4900-A498-C9E849921D48 with 24b485ec-92a7-408e-ba56-78682df800a3
&amp#27;[38;5;0m[HTTP]&amp#27;[0m &amp#27;[37m<-- GET /session/24b485ec-92a7-408e-ba56-78682df800a3/element/D5010000-0000-0000-1421-010000000000/displayed &amp#27;[39m&amp#27;[32m200&amp#27;[39m &amp#27;[90m131 ms - 65&amp#27;[39m
&amp#27;[38;5;0m[HTTP]&amp#27;[0m &amp#27;[90m&amp#27;[39m
&amp#27;[38;5;0m[HTTP]&amp#27;[0m &amp#27;[37m-->&amp#27;[39m &amp#27;[37mPOST&amp#27;[39m &amp#27;[37m/session/24b485ec-92a7-408e-ba56-78682df800a3/element&amp#27;[39m
&amp#27;[38;5;0m[HTTP]&amp#27;[0m &amp#27;[90m{"using":"xpath","value":"//XCUIElementTypeOther[@name=\"counter plus button\"]"}&amp#27;[39m
[debug] &amp#27;[38;5;32m[XCUITestDriver@55eb (24b485ec)]&amp#27;[0m Calling AppiumDriver.findElement() with args: ["xpath","//XCUIElementTypeOther[@name=\"counter plus button\"]","24b485ec-92a7-408e-ba56-78682df800a3"]
[debug] &amp#27;[38;5;32m[XCUITestDriver@55eb (24b485ec)]&amp#27;[0m Executing command 'findElement'
[debug] &amp#27;[38;5;32m[XCUITestDriver@55eb (24b485ec)]&amp#27;[0m Valid locator strategies for this request: xpath, id, name, class name, -ios predicate string, -ios class chain, accessibility id, css selector
[debug] &amp#27;[38;5;32m[XCUITestDriver@55eb (24b485ec)]&amp#27;[0m Waiting up to 0 ms for condition
[debug] &amp#27;[38;5;32m[XCUITestDriver@55eb (24b485ec)]&amp#27;[0m Matched '/element' to command name 'findElement'
[debug] &amp#27;[38;5;32m[XCUITestDriver@55eb (24b485ec)]&amp#27;[0m Proxying [POST /element] to [POST http://127.0.0.1:8100/session/56D70ACD-A8F3-4900-A498-C9E849921D48/element] with body: {"using":"xpath","value":"//XCUIElementTypeOther[@name=\"counter plus button\"]"}
[debug] &amp#27;[38;5;32m[XCUITestDriver@55eb (24b485ec)]&amp#27;[0m Got response with status 200: {"value":{"ELEMENT":"D5010000-0000-0000-1421-010000000000","element-6066-11e4-a52e-4f735466cecf":"D5010000-0000-0000-1421-010000000000"},"sessionId":"56D70ACD-A8F3-4900-A498-C9E849921D48"}
[debug] &amp#27;[38;5;32m[XCUITestDriver@55eb (24b485ec)]&amp#27;[0m Responding to client with driver.findElement() result: {"element-6066-11e4-a52e-4f735466cecf":"D5010000-0000-0000-1421-010000000000","ELEMENT":"D5010000-0000-0000-1421-010000000000"}
&amp#27;[38;5;0m[HTTP]&amp#27;[0m &amp#27;[37m<-- POST /session/24b485ec-92a7-408e-ba56-78682df800a3/element &amp#27;[39m&amp#27;[32m200&amp#27;[39m &amp#27;[90m1759 ms - 137&amp#27;[39m
&amp#27;[38;5;0m[HTTP]&amp#27;[0m &amp#27;[90m&amp#27;[39m
&amp#27;[38;5;0m[HTTP]&amp#27;[0m &amp#27;[37m-->&amp#27;[39m &amp#27;[37mGET&amp#27;[39m &amp#27;[37m/session/24b485ec-92a7-408e-ba56-78682df800a3/element/D5010000-0000-0000-1421-010000000000/rect&amp#27;[39m
&amp#27;[38;5;0m[HTTP]&amp#27;[0m &amp#27;[90m{}&amp#27;[39m
&amp#27;[38;5;32m[XCUITestDriver@55eb (24b485ec)]&amp#27;[0m Driver proxy active, passing request on via HTTP proxy
[debug] &amp#27;[38;5;32m[XCUITestDriver@55eb (24b485ec)]&amp#27;[0m Executing command 'proxyReqRes'
[debug] &amp#27;[38;5;32m[XCUITestDriver@55eb (24b485ec)]&amp#27;[0m Matched '/session/24b485ec-92a7-408e-ba56-78682df800a3/element/D5010000-0000-0000-1421-010000000000/rect' to command name 'getElementRect'
[debug] &amp#27;[38;5;32m[XCUITestDriver@55eb (24b485ec)]&amp#27;[0m Proxying [GET /session/24b485ec-92a7-408e-ba56-78682df800a3/element/D5010000-0000-0000-1421-010000000000/rect] to [GET http://127.0.0.1:8100/session/56D70ACD-A8F3-4900-A498-C9E849921D48/element/D5010000-0000-0000-1421-010000000000/rect] with no body
[debug] &amp#27;[38;5;32m[XCUITestDriver@55eb (24b485ec)]&amp#27;[0m Got response with status 200: {"value":{"y":689,"x":100,"width":40,"height":40},"sessionId":"56D70ACD-A8F3-4900-A498-C9E849921D48"}
&amp#27;[38;5;32m[XCUITestDriver@55eb (24b485ec)]&amp#27;[0m Replacing sessionId 56D70ACD-A8F3-4900-A498-C9E849921D48 with 24b485ec-92a7-408e-ba56-78682df800a3
&amp#27;[38;5;0m[HTTP]&amp#27;[0m &amp#27;[37m<-- GET /session/24b485ec-92a7-408e-ba56-78682df800a3/element/D5010000-0000-0000-1421-010000000000/rect &amp#27;[39m&amp#27;[32m200&amp#27;[39m &amp#27;[90m140 ms - 101&amp#27;[39m
&amp#27;[38;5;0m[HTTP]&amp#27;[0m &amp#27;[90m&amp#27;[39m
&amp#27;[38;5;0m[HTTP]&amp#27;[0m &amp#27;[37m-->&amp#27;[39m &amp#27;[37mGET&amp#27;[39m &amp#27;[37m/session/24b485ec-92a7-408e-ba56-78682df800a3/element/D5010000-0000-0000-1421-010000000000/rect&amp#27;[39m
&amp#27;[38;5;0m[HTTP]&amp#27;[0m &amp#27;[90m{}&amp#27;[39m
&amp#27;[38;5;32m[XCUITestDriver@55eb (24b485ec)]&amp#27;[0m Driver proxy active, passing request on via HTTP proxy
[debug] &amp#27;[38;5;32m[XCUITestDriver@55eb (24b485ec)]&amp#27;[0m Executing command 'proxyReqRes'
[debug] &amp#27;[38;5;32m[XCUITestDriver@55eb (24b485ec)]&amp#27;[0m Matched '/session/24b485ec-92a7-408e-ba56-78682df800a3/element/D5010000-0000-0000-1421-010000000000/rect' to command name 'getElementRect'
[debug] &amp#27;[38;5;32m[XCUITestDriver@55eb (24b485ec)]&amp#27;[0m Proxying [GET /session/24b485ec-92a7-408e-ba56-78682df800a3/element/D5010000-0000-0000-1421-010000000000/rect] to [GET http://127.0.0.1:8100/session/56D70ACD-A8F3-4900-A498-C9E849921D48/element/D5010000-0000-0000-1421-010000000000/rect] with no body
[debug] &amp#27;[38;5;32m[XCUITestDriver@55eb (24b485ec)]&amp#27;[0m Got response with status 200: {"value":{"y":689,"x":100,"width":40,"height":40},"sessionId":"56D70ACD-A8F3-4900-A498-C9E849921D48"}
&amp#27;[38;5;32m[XCUITestDriver@55eb (24b485ec)]&amp#27;[0m Replacing sessionId 56D70ACD-A8F3-4900-A498-C9E849921D48 with 24b485ec-92a7-408e-ba56-78682df800a3
&amp#27;[38;5;0m[HTTP]&amp#27;[0m &amp#27;[37m<-- GET /session/24b485ec-92a7-408e-ba56-78682df800a3/element/D5010000-0000-0000-1421-010000000000/rect &amp#27;[39m&amp#27;[32m200&amp#27;[39m &amp#27;[90m129 ms - 101&amp#27;[39m
&amp#27;[38;5;0m[HTTP]&amp#27;[0m &amp#27;[90m&amp#27;[39m
&amp#27;[38;5;0m[HTTP]&amp#27;[0m &amp#27;[37m-->&amp#27;[39m &amp#27;[37mPOST&amp#27;[39m &amp#27;[37m/session/24b485ec-92a7-408e-ba56-78682df800a3/actions&amp#27;[39m
&amp#27;[38;5;0m[HTTP]&amp#27;[0m &amp#27;[90m{"actions":[{"id":"finger1","type":"pointer","parameters":{"pointerType":"touch"},"actions":[{"duration":0,"type":"pause"},{"duration":0,"x":120,"y":709,"type":"pointerMove","origin":"viewport"},{"button":0,"type":"pointerDown"},{"duration":200,"type":"pause"},{"button":0,"type":"pointerUp"}]}]}&amp#27;[39m
[debug] &amp#27;[38;5;32m[XCUITestDriver@55eb (24b485ec)]&amp#27;[0m Calling AppiumDriver.performActions() with args: [[{"id":"finger1","type":"pointer","parameters":{"pointerType":"touch"},"actions":[{"duration":0,"type":"pause"},{"duration":0,"x":120,"y":709,"type":"pointerMove","origin":"viewport"},{"button":0,"type":"pointerDown"},{"duration":200,"type":"pause"},{"button":0,"type":"pointerUp"}]}],"24b485ec-92a7-408e-ba56-78682df800a3"]
[debug] &amp#27;[38;5;32m[XCUITestDriver@55eb (24b485ec)]&amp#27;[0m Executing command 'performActions'
[debug] &amp#27;[38;5;32m[XCUITestDriver@55eb (24b485ec)]&amp#27;[0m Received the following W3C actions: [
[debug] &amp#27;[38;5;32m[XCUITestDriver@55eb (24b485ec)]&amp#27;[0m   {
[debug] &amp#27;[38;5;32m[XCUITestDriver@55eb (24b485ec)]&amp#27;[0m     "id": "finger1",
[debug] &amp#27;[38;5;32m[XCUITestDriver@55eb (24b485ec)]&amp#27;[0m     "type": "pointer",
[debug] &amp#27;[38;5;32m[XCUITestDriver@55eb (24b485ec)]&amp#27;[0m     "parameters": {
[debug] &amp#27;[38;5;32m[XCUITestDriver@55eb (24b485ec)]&amp#27;[0m       "pointerType": "touch"
[debug] &amp#27;[38;5;32m[XCUITestDriver@55eb (24b485ec)]&amp#27;[0m     },
[debug] &amp#27;[38;5;32m[XCUITestDriver@55eb (24b485ec)]&amp#27;[0m     "actions": [
[debug] &amp#27;[38;5;32m[XCUITestDriver@55eb (24b485ec)]&amp#27;[0m       {
[debug] &amp#27;[38;5;32m[XCUITestDriver@55eb (24b485ec)]&amp#27;[0m         "duration": 0,
[debug] &amp#27;[38;5;32m[XCUITestDriver@55eb (24b485ec)]&amp#27;[0m         "type": "pause"
[debug] &amp#27;[38;5;32m[XCUITestDriver@55eb (24b485ec)]&amp#27;[0m       },
[debug] &amp#27;[38;5;32m[XCUITestDriver@55eb (24b485ec)]&amp#27;[0m       {
[debug] &amp#27;[38;5;32m[XCUITestDriver@55eb (24b485ec)]&amp#27;[0m         "duration": 0,
[debug] &amp#27;[38;5;32m[XCUITestDriver@55eb (24b485ec)]&amp#27;[0m         "x": 120,
[debug] &amp#27;[38;5;32m[XCUITestDriver@55eb (24b485ec)]&amp#27;[0m         "y": 709,
[debug] &amp#27;[38;5;32m[XCUITestDriver@55eb (24b485ec)]&amp#27;[0m         "type": "pointerMove",
[debug] &amp#27;[38;5;32m[XCUITestDriver@55eb (24b485ec)]&amp#27;[0m         "origin": "viewport"
[debug] &amp#27;[38;5;32m[XCUITestDriver@55eb (24b485ec)]&amp#27;[0m       },
[debug] &amp#27;[38;5;32m[XCUITestDriver@55eb (24b485ec)]&amp#27;[0m       {
[debug] &amp#27;[38;5;32m[XCUITestDriver@55eb (24b485ec)]&amp#27;[0m         "button": 0,
[debug] &amp#27;[38;5;32m[XCUITestDriver@55eb (24b485ec)]&amp#27;[0m         "type": "pointerDown"
[debug] &amp#27;[38;5;32m[XCUITestDriver@55eb (24b485ec)]&amp#27;[0m       },
[debug] &amp#27;[38;5;32m[XCUITestDriver@55eb (24b485ec)]&amp#27;[0m       {
[debug] &amp#27;[38;5;32m[XCUITestDriver@55eb (24b485ec)]&amp#27;[0m         "duration": 200,
[debug] &amp#27;[38;5;32m[XCUITestDriver@55eb (24b485ec)]&amp#27;[0m         "type": "pause"
[debug] &amp#27;[38;5;32m[XCUITestDriver@55eb (24b485ec)]&amp#27;[0m       },
[debug] &amp#27;[38;5;32m[XCUITestDriver@55eb (24b485ec)]&amp#27;[0m       {
[debug] &amp#27;[38;5;32m[XCUITestDriver@55eb (24b485ec)]&amp#27;[0m         "button": 0,
[debug] &amp#27;[38;5;32m[XCUITestDriver@55eb (24b485ec)]&amp#27;[0m         "type": "pointerUp"
[debug] &amp#27;[38;5;32m[XCUITestDriver@55eb (24b485ec)]&amp#27;[0m       }
[debug] &amp#27;[38;5;32m[XCUITestDriver@55eb (24b485ec)]&amp#27;[0m     ]
[debug] &amp#27;[38;5;32m[XCUITestDriver@55eb (24b485ec)]&amp#27;[0m   }
[debug] &amp#27;[38;5;32m[XCUITestDriver@55eb (24b485ec)]&amp#27;[0m ]
[debug] &amp#27;[38;5;32m[XCUITestDriver@55eb (24b485ec)]&amp#27;[0m Preprocessed actions: [
[debug] &amp#27;[38;5;32m[XCUITestDriver@55eb (24b485ec)]&amp#27;[0m   {
[debug] &amp#27;[38;5;32m[XCUITestDriver@55eb (24b485ec)]&amp#27;[0m     "id": "finger1",
[debug] &amp#27;[38;5;32m[XCUITestDriver@55eb (24b485ec)]&amp#27;[0m     "type": "pointer",
[debug] &amp#27;[38;5;32m[XCUITestDriver@55eb (24b485ec)]&amp#27;[0m     "parameters": {
[debug] &amp#27;[38;5;32m[XCUITestDriver@55eb (24b485ec)]&amp#27;[0m       "pointerType": "touch"
[debug] &amp#27;[38;5;32m[XCUITestDriver@55eb (24b485ec)]&amp#27;[0m     },
[debug] &amp#27;[38;5;32m[XCUITestDriver@55eb (24b485ec)]&amp#27;[0m     "actions": [
[debug] &amp#27;[38;5;32m[XCUITestDriver@55eb (24b485ec)]&amp#27;[0m       {
[debug] &amp#27;[38;5;32m[XCUITestDriver@55eb (24b485ec)]&amp#27;[0m         "duration": 0,
[debug] &amp#27;[38;5;32m[XCUITestDriver@55eb (24b485ec)]&amp#27;[0m         "x": 120,
[debug] &amp#27;[38;5;32m[XCUITestDriver@55eb (24b485ec)]&amp#27;[0m         "y": 709,
[debug] &amp#27;[38;5;32m[XCUITestDriver@55eb (24b485ec)]&amp#27;[0m         "type": "pointerMove",
[debug] &amp#27;[38;5;32m[XCUITestDriver@55eb (24b485ec)]&amp#27;[0m         "origin": "viewport"
[debug] &amp#27;[38;5;32m[XCUITestDriver@55eb (24b485ec)]&amp#27;[0m       },
[debug] &amp#27;[38;5;32m[XCUITestDriver@55eb (24b485ec)]&amp#27;[0m       {
[debug] &amp#27;[38;5;32m[XCUITestDriver@55eb (24b485ec)]&amp#27;[0m         "button": 0,
[debug] &amp#27;[38;5;32m[XCUITestDriver@55eb (24b485ec)]&amp#27;[0m         "type": "pointerDown"
[debug] &amp#27;[38;5;32m[XCUITestDriver@55eb (24b485ec)]&amp#27;[0m       },
[debug] &amp#27;[38;5;32m[XCUITestDriver@55eb (24b485ec)]&amp#27;[0m       {
[debug] &amp#27;[38;5;32m[XCUITestDriver@55eb (24b485ec)]&amp#27;[0m         "duration": 200,
[debug] &amp#27;[38;5;32m[XCUITestDriver@55eb (24b485ec)]&amp#27;[0m         "type": "pause"
[debug] &amp#27;[38;5;32m[XCUITestDriver@55eb (24b485ec)]&amp#27;[0m       },
[debug] &amp#27;[38;5;32m[XCUITestDriver@55eb (24b485ec)]&amp#27;[0m       {
[debug] &amp#27;[38;5;32m[XCUITestDriver@55eb (24b485ec)]&amp#27;[0m         "button": 0,
[debug] &amp#27;[38;5;32m[XCUITestDriver@55eb (24b485ec)]&amp#27;[0m         "type": "pointerUp"
[debug] &amp#27;[38;5;32m[XCUITestDriver@55eb (24b485ec)]&amp#27;[0m       }
[debug] &amp#27;[38;5;32m[XCUITestDriver@55eb (24b485ec)]&amp#27;[0m     ]
[debug] &amp#27;[38;5;32m[XCUITestDriver@55eb (24b485ec)]&amp#27;[0m   }
[debug] &amp#27;[38;5;32m[XCUITestDriver@55eb (24b485ec)]&amp#27;[0m ]
[debug] &amp#27;[38;5;32m[XCUITestDriver@55eb (24b485ec)]&amp#27;[0m Matched '/actions' to command name 'performActions'
[debug] &amp#27;[38;5;32m[XCUITestDriver@55eb (24b485ec)]&amp#27;[0m Proxying [POST /actions] to [POST http://127.0.0.1:8100/session/56D70ACD-A8F3-4900-A498-C9E849921D48/actions] with body: {"actions":[{"id":"finger1","type":"pointer","parameters":{"pointerType":"touch"},"actions":[{"duration":0,"x":120,"y":709,"type":"pointerMove","origin":"viewport"},{"button":0,"type":"pointerDown"},{"duration":200,"type":"pause"},{"button":0,"type":"pointerUp"}]}]}
[debug] &amp#27;[38;5;32m[XCUITestDriver@55eb (24b485ec)]&amp#27;[0m Got response with status 200: {"value":null,"sessionId":"56D70ACD-A8F3-4900-A498-C9E849921D48"}
[debug] &amp#27;[38;5;32m[XCUITestDriver@55eb (24b485ec)]&amp#27;[0m Responding to client with driver.performActions() result: null
&amp#27;[38;5;0m[HTTP]&amp#27;[0m &amp#27;[37m<-- POST /session/24b485ec-92a7-408e-ba56-78682df800a3/actions &amp#27;[39m&amp#27;[32m200&amp#27;[39m &amp#27;[90m805 ms - 14&amp#27;[39m
&amp#27;[38;5;0m[HTTP]&amp#27;[0m &amp#27;[90m&amp#27;[39m
here
  And user add 2 quantity of product                 # StepDefinations.ProductSteps.user_add_quantity_of_product(int)
&amp#27;[38;5;0m[HTTP]&amp#27;[0m &amp#27;[37m-->&amp#27;[39m &amp#27;[37mGET&amp#27;[39m &amp#27;[37m/session/24b485ec-92a7-408e-ba56-78682df800a3/screenshot&amp#27;[39m
&amp#27;[38;5;0m[HTTP]&amp#27;[0m &amp#27;[90m{}&amp#27;[39m
[debug] &amp#27;[38;5;32m[XCUITestDriver@55eb (24b485ec)]&amp#27;[0m Calling AppiumDriver.getScreenshot() with args: ["24b485ec-92a7-408e-ba56-78682df800a3"]
[debug] &amp#27;[38;5;32m[XCUITestDriver@55eb (24b485ec)]&amp#27;[0m Executing command 'getScreenshot'
[debug] &amp#27;[38;5;32m[XCUITestDriver@55eb (24b485ec)]&amp#27;[0m Taking screenshot with WDA
[debug] &amp#27;[38;5;32m[XCUITestDriver@55eb (24b485ec)]&amp#27;[0m Matched '/screenshot' to command name 'getScreenshot'
[debug] &amp#27;[38;5;32m[XCUITestDriver@55eb (24b485ec)]&amp#27;[0m Proxying [GET /screenshot] to [GET http://127.0.0.1:8100/session/56D70ACD-A8F3-4900-A498-C9E849921D48/screenshot] with no body
[debug] &amp#27;[38;5;32m[XCUITestDriver@55eb (24b485ec)]&amp#27;[0m Got response with status 200: {"value":"iVBORw0KGgoAAAANSUhEUgAABJIAAAnkCAYAAABWQUsDAAAAAXNSR0IArs4c6QAAADhlWElmTU0AKgAAAAgAAYdpAAQAAAABAAAAGgAAAAAAAqACAAQAAAABAAAEkqADAAQAAAABAAAJ5AAAAADoPni0AAAAHGlET1QAAAACAAAAAAAABPIAAAAoAAAE8gAABPIADVs6tbQxfAAAQABJREFUeAHs3QecdFlZJ+AZSRIkyJKzARFcd0EEQdRVkoKIyCoIEsdVV0RAEZCkwJCzEpewCwgsJlxQwkpcXETJQcFFkJzDDDBfd6W++76n69bcrq7qPlVd3V/1N8/9/eqr/qpv3br13FPVdf913nNOaywECBAgQIAAAQIECBAgQIAAAQIEKgROq1jHKgQIECBAgAABAgQIECBAgAABAgQaQZJGQIAAAQIECBAgQIAAAQIECBAgUCUgSKpishIBAgQIECBAgAABAgQIECBAgIAgSRsgQIAAAQIECBAgQIAAAQIECBCoEhAkVTFZiQABAgQIECBAgAABAgQIECBAQJCkDRAgQIAAAQIECBAgQIAAAQIECFQJCJKqmKxEgAABAgQIECBAgAABAgQIECAgSNIGCBAgQIAAAQIECBAgQIAAAQIEqgQESVVMViJAgAABAgQIECBAgAABAgQIEBAkaQMECBAgQIAAAQIECBAgQIAAAQJVAoKkKiYrESBAgAABAgQIECBAgAABAgQICJK0AQIECBAgQIAAAQIECBAgQIAAgSoBQVIVk5UIECBAgAABAgQIECBAgAABAgQESdoAAQIECBAgQIAAAQIECBAgQIBAlYAgqYrJSgQIECBAgAABAgQIECBAgAABAoIkbYAAAQIECBAgQIAAAQIECBAgQKBKQJBUxWQlAgQIECBAgAABAgQIECBAgAABQZI2QIAAAQIECBAgQIAAAQIECBAgUCUgSKpishIBAgQIECBAgAABAgQIECBAgIAgSRsgQIAAAQIECBAgQIAAAQI...
[debug] &amp#27;[38;5;32m[XCUITestDriver@55eb (24b485ec)]&amp#27;[0m Responding to client with driver.getScreenshot() result: "iVBORw0KGgoAAAANSUhEUgAABJIAAAnkCAYAAABWQUsDAAAAAXNSR0IArs4c6QAAADhlWElmTU0AKgAAAAgAAYdpAAQAAAABAAAAGgAAAAAAAqACAAQAAAABAAAEkqADAAQAAAABAAAJ5AAAAADoPni0AAAAHGlET1QAAAACAAAAAAAABPIAAAAoAAAE8gAABPIADVs6tbQxfAAAQABJREFUeAHs3QecdFlZJ+AZSRIkyJKzARFcd0EEQdRVkoKIyCoIEsdVV0RAEZCkwJCzEpewCwgsJlxQwkpcXETJQcFFkJzDDDBfd6W++76n69bcrq7qPlVd3V/1N8/9/eqr/qpv3br13FPVdf913nNOaywECBAgQIAAAQIECBAgQIAAAQIEKgROq1jHKgQIECBAgAABAgQIECBAgAABAgQaQZJGQIAAAQIECBAgQIAAAQIECBAgUCUgSKpishIBAgQIECBAgAABAgQIECBAgIAgSRsgQIAAAQIECBAgQIAAAQIECBCoEhAkVTFZiQABAgQIECBAgAABAgQIECBAQJCkDRAgQIAAAQIECBAgQIAAAQIECFQJCJKqmKxEgAABAgQIECBAgAABAgQIECAgSNIGCBAgQIAAAQIECBAgQIAAAQIEqgQESVVMViJAgAABAgQIECBAgAABAgQIEBAkaQMECBAgQIAAAQIECBAgQIAAAQJVAoKkKiYrESBAgAABAgQIECBAgAABAgQICJK0AQIECBAgQIAAAQIECBAgQIAAgSoBQVIVk5UIECBAgAABAgQIECBAgAABAgQESdoAAQIECBAgQIAAAQIECBAgQIBAlYAgqYrJSgQIECBAgAABAgQIECBAgAABAoIkbYAAAQIECBAgQIAAAQIECBAgQKBKQJBUxWQlAgQIECBAgAABAgQIECBAgAABQZI2QIAAAQIECBAgQIAAAQIECBAgUCUgSKpishIBAgQIECBAgAABAgQIECBAgIAgSRsgQIAAAQIECBAgQIAAAQIECBCoEhAk...
&amp#27;[38;5;0m[HTTP]&amp#27;[0m &amp#27;[37m<-- GET /session/24b485ec-92a7-408e-ba56-78682df800a3/screenshot &amp#27;[39m&amp#27;[32m200&amp#27;[39m &amp#27;[90m475 ms - 1856148&amp#27;[39m
&amp#27;[38;5;0m[HTTP]&amp#27;[0m &amp#27;[90m&amp#27;[39m

    Embedding screenshot [image/png 1392101 bytes]

&amp#27;[38;5;0m[HTTP]&amp#27;[0m &amp#27;[37m-->&amp#27;[39m &amp#27;[37mPOST&amp#27;[39m &amp#27;[37m/session/24b485ec-92a7-408e-ba56-78682df800a3/element&amp#27;[39m
&amp#27;[38;5;0m[HTTP]&amp#27;[0m &amp#27;[90m{"using":"xpath","value":"//XCUIElementTypeOther[@name=\"Add To Cart button\"]"}&amp#27;[39m
[debug] &amp#27;[38;5;32m[XCUITestDriver@55eb (24b485ec)]&amp#27;[0m Calling AppiumDriver.findElement() with args: ["xpath","//XCUIElementTypeOther[@name=\"Add To Cart button\"]","24b485ec-92a7-408e-ba56-78682df800a3"]
[debug] &amp#27;[38;5;32m[XCUITestDriver@55eb (24b485ec)]&amp#27;[0m Executing command 'findElement'
[debug] &amp#27;[38;5;32m[XCUITestDriver@55eb (24b485ec)]&amp#27;[0m Valid locator strategies for this request: xpath, id, name, class name, -ios predicate string, -ios class chain, accessibility id, css selector
[debug] &amp#27;[38;5;32m[XCUITestDriver@55eb (24b485ec)]&amp#27;[0m Waiting up to 0 ms for condition
[debug] &amp#27;[38;5;32m[XCUITestDriver@55eb (24b485ec)]&amp#27;[0m Matched '/element' to command name 'findElement'
[debug] &amp#27;[38;5;32m[XCUITestDriver@55eb (24b485ec)]&amp#27;[0m Proxying [POST /element] to [POST http://127.0.0.1:8100/session/56D70ACD-A8F3-4900-A498-C9E849921D48/element] with body: {"using":"xpath","value":"//XCUIElementTypeOther[@name=\"Add To Cart button\"]"}
[debug] &amp#27;[38;5;32m[XCUITestDriver@55eb (24b485ec)]&amp#27;[0m Got response with status 200: {"value":{"ELEMENT":"CB010000-0000-0000-1421-010000000000","element-6066-11e4-a52e-4f735466cecf":"CB010000-0000-0000-1421-010000000000"},"sessionId":"56D70ACD-A8F3-4900-A498-C9E849921D48"}
[debug] &amp#27;[38;5;32m[XCUITestDriver@55eb (24b485ec)]&amp#27;[0m Responding to client with driver.findElement() result: {"element-6066-11e4-a52e-4f735466cecf":"CB010000-0000-0000-1421-010000000000","ELEMENT":"CB010000-0000-0000-1421-010000000000"}
&amp#27;[38;5;0m[HTTP]&amp#27;[0m &amp#27;[37m<-- POST /session/24b485ec-92a7-408e-ba56-78682df800a3/element &amp#27;[39m&amp#27;[32m200&amp#27;[39m &amp#27;[90m1780 ms - 137&amp#27;[39m
&amp#27;[38;5;0m[HTTP]&amp#27;[0m &amp#27;[90m&amp#27;[39m
&amp#27;[38;5;0m[HTTP]&amp#27;[0m &amp#27;[37m-->&amp#27;[39m &amp#27;[37mGET&amp#27;[39m &amp#27;[37m/session/24b485ec-92a7-408e-ba56-78682df800a3/element/CB010000-0000-0000-1421-010000000000/displayed&amp#27;[39m
&amp#27;[38;5;0m[HTTP]&amp#27;[0m &amp#27;[90m{}&amp#27;[39m
&amp#27;[38;5;32m[XCUITestDriver@55eb (24b485ec)]&amp#27;[0m Driver proxy active, passing request on via HTTP proxy
[debug] &amp#27;[38;5;32m[XCUITestDriver@55eb (24b485ec)]&amp#27;[0m Executing command 'proxyReqRes'
[debug] &amp#27;[38;5;32m[XCUITestDriver@55eb (24b485ec)]&amp#27;[0m Matched '/session/24b485ec-92a7-408e-ba56-78682df800a3/element/CB010000-0000-0000-1421-010000000000/displayed' to command name 'elementDisplayed'
[debug] &amp#27;[38;5;32m[XCUITestDriver@55eb (24b485ec)]&amp#27;[0m Proxying [GET /session/24b485ec-92a7-408e-ba56-78682df800a3/element/CB010000-0000-0000-1421-010000000000/displayed] to [GET http://127.0.0.1:8100/session/56D70ACD-A8F3-4900-A498-C9E849921D48/element/CB010000-0000-0000-1421-010000000000/displayed] with no body
[debug] &amp#27;[38;5;32m[XCUITestDriver@55eb (24b485ec)]&amp#27;[0m Got response with status 200: {"value":true,"sessionId":"56D70ACD-A8F3-4900-A498-C9E849921D48"}
&amp#27;[38;5;32m[XCUITestDriver@55eb (24b485ec)]&amp#27;[0m Replacing sessionId 56D70ACD-A8F3-4900-A498-C9E849921D48 with 24b485ec-92a7-408e-ba56-78682df800a3
&amp#27;[38;5;0m[HTTP]&amp#27;[0m &amp#27;[37m<-- GET /session/24b485ec-92a7-408e-ba56-78682df800a3/element/CB010000-0000-0000-1421-010000000000/displayed &amp#27;[39m&amp#27;[32m200&amp#27;[39m &amp#27;[90m125 ms - 65&amp#27;[39m
&amp#27;[38;5;0m[HTTP]&amp#27;[0m &amp#27;[90m&amp#27;[39m
&amp#27;[38;5;0m[HTTP]&amp#27;[0m &amp#27;[37m-->&amp#27;[39m &amp#27;[37mPOST&amp#27;[39m &amp#27;[37m/session/24b485ec-92a7-408e-ba56-78682df800a3/element&amp#27;[39m
&amp#27;[38;5;0m[HTTP]&amp#27;[0m &amp#27;[90m{"using":"xpath","value":"//XCUIElementTypeOther[@name=\"Add To Cart button\"]"}&amp#27;[39m
[debug] &amp#27;[38;5;32m[XCUITestDriver@55eb (24b485ec)]&amp#27;[0m Calling AppiumDriver.findElement() with args: ["xpath","//XCUIElementTypeOther[@name=\"Add To Cart button\"]","24b485ec-92a7-408e-ba56-78682df800a3"]
[debug] &amp#27;[38;5;32m[XCUITestDriver@55eb (24b485ec)]&amp#27;[0m Executing command 'findElement'
[debug] &amp#27;[38;5;32m[XCUITestDriver@55eb (24b485ec)]&amp#27;[0m Valid locator strategies for this request: xpath, id, name, class name, -ios predicate string, -ios class chain, accessibility id, css selector
[debug] &amp#27;[38;5;32m[XCUITestDriver@55eb (24b485ec)]&amp#27;[0m Waiting up to 0 ms for condition
[debug] &amp#27;[38;5;32m[XCUITestDriver@55eb (24b485ec)]&amp#27;[0m Matched '/element' to command name 'findElement'
[debug] &amp#27;[38;5;32m[XCUITestDriver@55eb (24b485ec)]&amp#27;[0m Proxying [POST /element] to [POST http://127.0.0.1:8100/session/56D70ACD-A8F3-4900-A498-C9E849921D48/element] with body: {"using":"xpath","value":"//XCUIElementTypeOther[@name=\"Add To Cart button\"]"}
[debug] &amp#27;[38;5;32m[XCUITestDriver@55eb (24b485ec)]&amp#27;[0m Got response with status 200: {"value":{"ELEMENT":"CB010000-0000-0000-1421-010000000000","element-6066-11e4-a52e-4f735466cecf":"CB010000-0000-0000-1421-010000000000"},"sessionId":"56D70ACD-A8F3-4900-A498-C9E849921D48"}
[debug] &amp#27;[38;5;32m[XCUITestDriver@55eb (24b485ec)]&amp#27;[0m Responding to client with driver.findElement() result: {"element-6066-11e4-a52e-4f735466cecf":"CB010000-0000-0000-1421-010000000000","ELEMENT":"CB010000-0000-0000-1421-010000000000"}
&amp#27;[38;5;0m[HTTP]&amp#27;[0m &amp#27;[37m<-- POST /session/24b485ec-92a7-408e-ba56-78682df800a3/element &amp#27;[39m&amp#27;[32m200&amp#27;[39m &amp#27;[90m1663 ms - 137&amp#27;[39m
&amp#27;[38;5;0m[HTTP]&amp#27;[0m &amp#27;[90m&amp#27;[39m
&amp#27;[38;5;0m[HTTP]&amp#27;[0m &amp#27;[37m-->&amp#27;[39m &amp#27;[37mGET&amp#27;[39m &amp#27;[37m/session/24b485ec-92a7-408e-ba56-78682df800a3/element/CB010000-0000-0000-1421-010000000000/displayed&amp#27;[39m
&amp#27;[38;5;0m[HTTP]&amp#27;[0m &amp#27;[90m{}&amp#27;[39m
&amp#27;[38;5;32m[XCUITestDriver@55eb (24b485ec)]&amp#27;[0m Driver proxy active, passing request on via HTTP proxy
[debug] &amp#27;[38;5;32m[XCUITestDriver@55eb (24b485ec)]&amp#27;[0m Executing command 'proxyReqRes'
[debug] &amp#27;[38;5;32m[XCUITestDriver@55eb (24b485ec)]&amp#27;[0m Matched '/session/24b485ec-92a7-408e-ba56-78682df800a3/element/CB010000-0000-0000-1421-010000000000/displayed' to command name 'elementDisplayed'
[debug] &amp#27;[38;5;32m[XCUITestDriver@55eb (24b485ec)]&amp#27;[0m Proxying [GET /session/24b485ec-92a7-408e-ba56-78682df800a3/element/CB010000-0000-0000-1421-010000000000/displayed] to [GET http://127.0.0.1:8100/session/56D70ACD-A8F3-4900-A498-C9E849921D48/element/CB010000-0000-0000-1421-010000000000/displayed] with no body
[debug] &amp#27;[38;5;32m[XCUITestDriver@55eb (24b485ec)]&amp#27;[0m Got response with status 200: {"value":true,"sessionId":"56D70ACD-A8F3-4900-A498-C9E849921D48"}
&amp#27;[38;5;32m[XCUITestDriver@55eb (24b485ec)]&amp#27;[0m Replacing sessionId 56D70ACD-A8F3-4900-A498-C9E849921D48 with 24b485ec-92a7-408e-ba56-78682df800a3
&amp#27;[38;5;0m[HTTP]&amp#27;[0m &amp#27;[37m<-- GET /session/24b485ec-92a7-408e-ba56-78682df800a3/element/CB010000-0000-0000-1421-010000000000/displayed &amp#27;[39m&amp#27;[32m200&amp#27;[39m &amp#27;[90m134 ms - 65&amp#27;[39m
&amp#27;[38;5;0m[HTTP]&amp#27;[0m &amp#27;[90m&amp#27;[39m
&amp#27;[38;5;0m[HTTP]&amp#27;[0m &amp#27;[37m-->&amp#27;[39m &amp#27;[37mPOST&amp#27;[39m &amp#27;[37m/session/24b485ec-92a7-408e-ba56-78682df800a3/element&amp#27;[39m
&amp#27;[38;5;0m[HTTP]&amp#27;[0m &amp#27;[90m{"using":"xpath","value":"//XCUIElementTypeOther[@name=\"Add To Cart button\"]"}&amp#27;[39m
[debug] &amp#27;[38;5;32m[XCUITestDriver@55eb (24b485ec)]&amp#27;[0m Calling AppiumDriver.findElement() with args: ["xpath","//XCUIElementTypeOther[@name=\"Add To Cart button\"]","24b485ec-92a7-408e-ba56-78682df800a3"]
[debug] &amp#27;[38;5;32m[XCUITestDriver@55eb (24b485ec)]&amp#27;[0m Executing command 'findElement'
[debug] &amp#27;[38;5;32m[XCUITestDriver@55eb (24b485ec)]&amp#27;[0m Valid locator strategies for this request: xpath, id, name, class name, -ios predicate string, -ios class chain, accessibility id, css selector
[debug] &amp#27;[38;5;32m[XCUITestDriver@55eb (24b485ec)]&amp#27;[0m Waiting up to 0 ms for condition
[debug] &amp#27;[38;5;32m[XCUITestDriver@55eb (24b485ec)]&amp#27;[0m Matched '/element' to command name 'findElement'
[debug] &amp#27;[38;5;32m[XCUITestDriver@55eb (24b485ec)]&amp#27;[0m Proxying [POST /element] to [POST http://127.0.0.1:8100/session/56D70ACD-A8F3-4900-A498-C9E849921D48/element] with body: {"using":"xpath","value":"//XCUIElementTypeOther[@name=\"Add To Cart button\"]"}
[debug] &amp#27;[38;5;32m[XCUITestDriver@55eb (24b485ec)]&amp#27;[0m Got response with status 200: {"value":{"ELEMENT":"CB010000-0000-0000-1421-010000000000","element-6066-11e4-a52e-4f735466cecf":"CB010000-0000-0000-1421-010000000000"},"sessionId":"56D70ACD-A8F3-4900-A498-C9E849921D48"}
[debug] &amp#27;[38;5;32m[XCUITestDriver@55eb (24b485ec)]&amp#27;[0m Responding to client with driver.findElement() result: {"element-6066-11e4-a52e-4f735466cecf":"CB010000-0000-0000-1421-010000000000","ELEMENT":"CB010000-0000-0000-1421-010000000000"}
&amp#27;[38;5;0m[HTTP]&amp#27;[0m &amp#27;[37m<-- POST /session/24b485ec-92a7-408e-ba56-78682df800a3/element &amp#27;[39m&amp#27;[32m200&amp#27;[39m &amp#27;[90m1804 ms - 137&amp#27;[39m
&amp#27;[38;5;0m[HTTP]&amp#27;[0m &amp#27;[90m&amp#27;[39m
&amp#27;[38;5;0m[HTTP]&amp#27;[0m &amp#27;[37m-->&amp#27;[39m &amp#27;[37mPOST&amp#27;[39m &amp#27;[37m/session/24b485ec-92a7-408e-ba56-78682df800a3/element/CB010000-0000-0000-1421-010000000000/value&amp#27;[39m
&amp#27;[38;5;0m[HTTP]&amp#27;[0m &amp#27;[90m{"id":"CB010000-0000-0000-1421-010000000000","text":"���","value":["���"]}&amp#27;[39m
[debug] &amp#27;[38;5;32m[XCUITestDriver@55eb (24b485ec)]&amp#27;[0m Calling AppiumDriver.setValue() with args: [["���"],"CB010000-0000-0000-1421-010000000000","24b485ec-92a7-408e-ba56-78682df800a3"]
[debug] &amp#27;[38;5;32m[XCUITestDriver@55eb (24b485ec)]&amp#27;[0m Executing command 'setValue'
[debug] &amp#27;[38;5;32m[XCUITestDriver@55eb (24b485ec)]&amp#27;[0m Matched '/element/CB010000-0000-0000-1421-010000000000/value' to command name 'setValue'
[debug] &amp#27;[38;5;32m[XCUITestDriver@55eb (24b485ec)]&amp#27;[0m Added 'text' property "\n" to 'setValue' request body
[debug] &amp#27;[38;5;32m[XCUITestDriver@55eb (24b485ec)]&amp#27;[0m Proxying [POST /element/CB010000-0000-0000-1421-010000000000/value] to [POST http://127.0.0.1:8100/session/56D70ACD-A8F3-4900-A498-C9E849921D48/element/CB010000-0000-0000-1421-010000000000/value] with body: {"value":["\n"],"text":"\n"}
[debug] &amp#27;[38;5;32m[XCUITestDriver@55eb (24b485ec)]&amp#27;[0m Got response with status 200: {"value":null,"sessionId":"56D70ACD-A8F3-4900-A498-C9E849921D48"}
[debug] &amp#27;[38;5;32m[XCUITestDriver@55eb (24b485ec)]&amp#27;[0m Responding to client with driver.setValue() result: null
&amp#27;[38;5;0m[HTTP]&amp#27;[0m &amp#27;[37m<-- POST /session/24b485ec-92a7-408e-ba56-78682df800a3/element/CB010000-0000-0000-1421-010000000000/value &amp#27;[39m&amp#27;[32m200&amp#27;[39m &amp#27;[90m999 ms - 14&amp#27;[39m
&amp#27;[38;5;0m[HTTP]&amp#27;[0m &amp#27;[90m&amp#27;[39m
  And user clicks on add to cart button              # StepDefinations.ProductSteps.user_clicks_on_add_to_cart_button()
&amp#27;[38;5;0m[HTTP]&amp#27;[0m &amp#27;[37m-->&amp#27;[39m &amp#27;[37mGET&amp#27;[39m &amp#27;[37m/session/24b485ec-92a7-408e-ba56-78682df800a3/screenshot&amp#27;[39m
&amp#27;[38;5;0m[HTTP]&amp#27;[0m &amp#27;[90m{}&amp#27;[39m
[debug] &amp#27;[38;5;32m[XCUITestDriver@55eb (24b485ec)]&amp#27;[0m Calling AppiumDriver.getScreenshot() with args: ["24b485ec-92a7-408e-ba56-78682df800a3"]
[debug] &amp#27;[38;5;32m[XCUITestDriver@55eb (24b485ec)]&amp#27;[0m Executing command 'getScreenshot'
[debug] &amp#27;[38;5;32m[XCUITestDriver@55eb (24b485ec)]&amp#27;[0m Taking screenshot with WDA
[debug] &amp#27;[38;5;32m[XCUITestDriver@55eb (24b485ec)]&amp#27;[0m Matched '/screenshot' to command name 'getScreenshot'
[debug] &amp#27;[38;5;32m[XCUITestDriver@55eb (24b485ec)]&amp#27;[0m Proxying [GET /screenshot] to [GET http://127.0.0.1:8100/session/56D70ACD-A8F3-4900-A498-C9E849921D48/screenshot] with no body
[debug] &amp#27;[38;5;32m[XCUITestDriver@55eb (24b485ec)]&amp#27;[0m Got response with status 200: {"value":"iVBORw0KGgoAAAANSUhEUgAABJIAAAnkCAYAAABWQUsDAAAAAXNSR0IArs4c6QAAADhlWElmTU0AKgAAAAgAAYdpAAQAAAABAAAAGgAAAAAAAqACAAQAAAABAAAEkqADAAQAAAABAAAJ5AAAAADoPni0AAAAHGlET1QAAAACAAAAAAAABPIAAAAoAAAE8gAABPIADVs6tbQxfAAAQABJREFUeAHs3QecdFlZJ+AZSRIkyJKzARFcd0EEQdRVkoKIyCoIEsdVV0RAEZCkwJCzEpewCwgsJlxQwkpcXETJQcFFkJzDDDBfd6W++76n69bcrq7qPlVd3V/1N8/9/eqr/qpv3br13FPVdf913nNOaywECBAgQIAAAQIECBAgQIAAAQIEKgROq1jHKgQIECBAgAABAgQIECBAgAABAgQaQZJGQIAAAQIECBAgQIAAAQIECBAgUCUgSKpishIBAgQIECBAgAABAgQIECBAgIAgSRsgQIAAAQIECBAgQIAAAQIECBCoEhAkVTFZiQABAgQIECBAgAABAgQIECBAQJCkDRAgQIAAAQIECBAgQIAAAQIECFQJCJKqmKxEgAABAgQIECBAgAABAgQIECAgSNIGCBAgQIAAAQIECBAgQIAAAQIEqgQESVVMViJAgAABAgQIECBAgAABAgQIEBAkaQMECBAgQIAAAQIECBAgQIAAAQJVAoKkKiYrESBAgAABAgQIECBAgAABAgQICJK0AQIECBAgQIAAAQIECBAgQIAAgSoBQVIVk5UIECBAgAABAgQIECBAgAABAgQESdoAAQIECBAgQIAAAQIECBAgQIBAlYAgqYrJSgQIECBAgAABAgQIECBAgAABAoIkbYAAAQIECBAgQIAAAQIECBAgQKBKQJBUxWQlAgQIECBAgAABAgQIECBAgAABQZI2QIAAAQIECBAgQIAAAQIECBAgUCUgSKpishIBAgQIECBAgAABAgQIECBAgIAgSRsgQIAAAQIECBAgQIAAAQI...
[debug] &amp#27;[38;5;32m[XCUITestDriver@55eb (24b485ec)]&amp#27;[0m Responding to client with driver.getScreenshot() result: "iVBORw0KGgoAAAANSUhEUgAABJIAAAnkCAYAAABWQUsDAAAAAXNSR0IArs4c6QAAADhlWElmTU0AKgAAAAgAAYdpAAQAAAABAAAAGgAAAAAAAqACAAQAAAABAAAEkqADAAQAAAABAAAJ5AAAAADoPni0AAAAHGlET1QAAAACAAAAAAAABPIAAAAoAAAE8gAABPIADVs6tbQxfAAAQABJREFUeAHs3QecdFlZJ+AZSRIkyJKzARFcd0EEQdRVkoKIyCoIEsdVV0RAEZCkwJCzEpewCwgsJlxQwkpcXETJQcFFkJzDDDBfd6W++76n69bcrq7qPlVd3V/1N8/9/eqr/qpv3br13FPVdf913nNOaywECBAgQIAAAQIECBAgQIAAAQIEKgROq1jHKgQIECBAgAABAgQIECBAgAABAgQaQZJGQIAAAQIECBAgQIAAAQIECBAgUCUgSKpishIBAgQIECBAgAABAgQIECBAgIAgSRsgQIAAAQIECBAgQIAAAQIECBCoEhAkVTFZiQABAgQIECBAgAABAgQIECBAQJCkDRAgQIAAAQIECBAgQIAAAQIECFQJCJKqmKxEgAABAgQIECBAgAABAgQIECAgSNIGCBAgQIAAAQIECBAgQIAAAQIEqgQESVVMViJAgAABAgQIECBAgAABAgQIEBAkaQMECBAgQIAAAQIECBAgQIAAAQJVAoKkKiYrESBAgAABAgQIECBAgAABAgQICJK0AQIECBAgQIAAAQIECBAgQIAAgSoBQVIVk5UIECBAgAABAgQIECBAgAABAgQESdoAAQIECBAgQIAAAQIECBAgQIBAlYAgqYrJSgQIECBAgAABAgQIECBAgAABAoIkbYAAAQIECBAgQIAAAQIECBAgQKBKQJBUxWQlAgQIECBAgAABAgQIECBAgAABQZI2QIAAAQIECBAgQIAAAQIECBAgUCUgSKpishIBAgQIECBAgAABAgQIECBAgIAgSRsgQIAAAQIECBAgQIAAAQIECBCoEhAk...
&amp#27;[38;5;0m[HTTP]&amp#27;[0m &amp#27;[37m<-- GET /session/24b485ec-92a7-408e-ba56-78682df800a3/screenshot &amp#27;[39m&amp#27;[32m200&amp#27;[39m &amp#27;[90m523 ms - 1859264&amp#27;[39m
&amp#27;[38;5;0m[HTTP]&amp#27;[0m &amp#27;[90m&amp#27;[39m

    Embedding screenshot [image/png 1394437 bytes]

&amp#27;[38;5;0m[HTTP]&amp#27;[0m &amp#27;[37m-->&amp#27;[39m &amp#27;[37mPOST&amp#27;[39m &amp#27;[37m/session/24b485ec-92a7-408e-ba56-78682df800a3/element&amp#27;[39m
&amp#27;[38;5;0m[HTTP]&amp#27;[0m &amp#27;[90m{"using":"xpath","value":"//XCUIElementTypeButton[@name='tab bar option cart']"}&amp#27;[39m
[debug] &amp#27;[38;5;32m[XCUITestDriver@55eb (24b485ec)]&amp#27;[0m Calling AppiumDriver.findElement() with args: ["xpath","//XCUIElementTypeButton[@name='tab bar option cart']","24b485ec-92a7-408e-ba56-78682df800a3"]
[debug] &amp#27;[38;5;32m[XCUITestDriver@55eb (24b485ec)]&amp#27;[0m Executing command 'findElement'
[debug] &amp#27;[38;5;32m[XCUITestDriver@55eb (24b485ec)]&amp#27;[0m Valid locator strategies for this request: xpath, id, name, class name, -ios predicate string, -ios class chain, accessibility id, css selector
[debug] &amp#27;[38;5;32m[XCUITestDriver@55eb (24b485ec)]&amp#27;[0m Waiting up to 0 ms for condition
[debug] &amp#27;[38;5;32m[XCUITestDriver@55eb (24b485ec)]&amp#27;[0m Matched '/element' to command name 'findElement'
[debug] &amp#27;[38;5;32m[XCUITestDriver@55eb (24b485ec)]&amp#27;[0m Proxying [POST /element] to [POST http://127.0.0.1:8100/session/56D70ACD-A8F3-4900-A498-C9E849921D48/element] with body: {"using":"xpath","value":"//XCUIElementTypeButton[@name='tab bar option cart']"}
[debug] &amp#27;[38;5;32m[XCUITestDriver@55eb (24b485ec)]&amp#27;[0m Got response with status 200: {"value":{"ELEMENT":"34000000-0000-0000-1421-010000000000","element-6066-11e4-a52e-4f735466cecf":"34000000-0000-0000-1421-010000000000"},"sessionId":"56D70ACD-A8F3-4900-A498-C9E849921D48"}
[debug] &amp#27;[38;5;32m[XCUITestDriver@55eb (24b485ec)]&amp#27;[0m Responding to client with driver.findElement() result: {"element-6066-11e4-a52e-4f735466cecf":"34000000-0000-0000-1421-010000000000","ELEMENT":"34000000-0000-0000-1421-010000000000"}
&amp#27;[38;5;0m[HTTP]&amp#27;[0m &amp#27;[37m<-- POST /session/24b485ec-92a7-408e-ba56-78682df800a3/element &amp#27;[39m&amp#27;[32m200&amp#27;[39m &amp#27;[90m1672 ms - 137&amp#27;[39m
&amp#27;[38;5;0m[HTTP]&amp#27;[0m &amp#27;[90m&amp#27;[39m
&amp#27;[38;5;0m[HTTP]&amp#27;[0m &amp#27;[37m-->&amp#27;[39m &amp#27;[37mGET&amp#27;[39m &amp#27;[37m/session/24b485ec-92a7-408e-ba56-78682df800a3/element/34000000-0000-0000-1421-010000000000/displayed&amp#27;[39m
&amp#27;[38;5;0m[HTTP]&amp#27;[0m &amp#27;[90m{}&amp#27;[39m
&amp#27;[38;5;32m[XCUITestDriver@55eb (24b485ec)]&amp#27;[0m Driver proxy active, passing request on via HTTP proxy
[debug] &amp#27;[38;5;32m[XCUITestDriver@55eb (24b485ec)]&amp#27;[0m Executing command 'proxyReqRes'
[debug] &amp#27;[38;5;32m[XCUITestDriver@55eb (24b485ec)]&amp#27;[0m Matched '/session/24b485ec-92a7-408e-ba56-78682df800a3/element/34000000-0000-0000-1421-010000000000/displayed' to command name 'elementDisplayed'
[debug] &amp#27;[38;5;32m[XCUITestDriver@55eb (24b485ec)]&amp#27;[0m Proxying [GET /session/24b485ec-92a7-408e-ba56-78682df800a3/element/34000000-0000-0000-1421-010000000000/displayed] to [GET http://127.0.0.1:8100/session/56D70ACD-A8F3-4900-A498-C9E849921D48/element/34000000-0000-0000-1421-010000000000/displayed] with no body
[debug] &amp#27;[38;5;32m[XCUITestDriver@55eb (24b485ec)]&amp#27;[0m Got response with status 200: {"value":true,"sessionId":"56D70ACD-A8F3-4900-A498-C9E849921D48"}
&amp#27;[38;5;32m[XCUITestDriver@55eb (24b485ec)]&amp#27;[0m Replacing sessionId 56D70ACD-A8F3-4900-A498-C9E849921D48 with 24b485ec-92a7-408e-ba56-78682df800a3
&amp#27;[38;5;0m[HTTP]&amp#27;[0m &amp#27;[37m<-- GET /session/24b485ec-92a7-408e-ba56-78682df800a3/element/34000000-0000-0000-1421-010000000000/displayed &amp#27;[39m&amp#27;[32m200&amp#27;[39m &amp#27;[90m128 ms - 65&amp#27;[39m
&amp#27;[38;5;0m[HTTP]&amp#27;[0m &amp#27;[90m&amp#27;[39m
&amp#27;[38;5;0m[HTTP]&amp#27;[0m &amp#27;[37m-->&amp#27;[39m &amp#27;[37mPOST&amp#27;[39m &amp#27;[37m/session/24b485ec-92a7-408e-ba56-78682df800a3/element&amp#27;[39m
&amp#27;[38;5;0m[HTTP]&amp#27;[0m &amp#27;[90m{"using":"xpath","value":"//XCUIElementTypeButton[@name='tab bar option cart']"}&amp#27;[39m
[debug] &amp#27;[38;5;32m[XCUITestDriver@55eb (24b485ec)]&amp#27;[0m Calling AppiumDriver.findElement() with args: ["xpath","//XCUIElementTypeButton[@name='tab bar option cart']","24b485ec-92a7-408e-ba56-78682df800a3"]
[debug] &amp#27;[38;5;32m[XCUITestDriver@55eb (24b485ec)]&amp#27;[0m Executing command 'findElement'
[debug] &amp#27;[38;5;32m[XCUITestDriver@55eb (24b485ec)]&amp#27;[0m Valid locator strategies for this request: xpath, id, name, class name, -ios predicate string, -ios class chain, accessibility id, css selector
[debug] &amp#27;[38;5;32m[XCUITestDriver@55eb (24b485ec)]&amp#27;[0m Waiting up to 0 ms for condition
[debug] &amp#27;[38;5;32m[XCUITestDriver@55eb (24b485ec)]&amp#27;[0m Matched '/element' to command name 'findElement'
[debug] &amp#27;[38;5;32m[XCUITestDriver@55eb (24b485ec)]&amp#27;[0m Proxying [POST /element] to [POST http://127.0.0.1:8100/session/56D70ACD-A8F3-4900-A498-C9E849921D48/element] with body: {"using":"xpath","value":"//XCUIElementTypeButton[@name='tab bar option cart']"}
[debug] &amp#27;[38;5;32m[XCUITestDriver@55eb (24b485ec)]&amp#27;[0m Got response with status 200: {"value":{"ELEMENT":"34000000-0000-0000-1421-010000000000","element-6066-11e4-a52e-4f735466cecf":"34000000-0000-0000-1421-010000000000"},"sessionId":"56D70ACD-A8F3-4900-A498-C9E849921D48"}
[debug] &amp#27;[38;5;32m[XCUITestDriver@55eb (24b485ec)]&amp#27;[0m Responding to client with driver.findElement() result: {"element-6066-11e4-a52e-4f735466cecf":"34000000-0000-0000-1421-010000000000","ELEMENT":"34000000-0000-0000-1421-010000000000"}
&amp#27;[38;5;0m[HTTP]&amp#27;[0m &amp#27;[37m<-- POST /session/24b485ec-92a7-408e-ba56-78682df800a3/element &amp#27;[39m&amp#27;[32m200&amp#27;[39m &amp#27;[90m1696 ms - 137&amp#27;[39m
&amp#27;[38;5;0m[HTTP]&amp#27;[0m &amp#27;[90m&amp#27;[39m
&amp#27;[38;5;0m[HTTP]&amp#27;[0m &amp#27;[37m-->&amp#27;[39m &amp#27;[37mGET&amp#27;[39m &amp#27;[37m/session/24b485ec-92a7-408e-ba56-78682df800a3/element/34000000-0000-0000-1421-010000000000/rect&amp#27;[39m
&amp#27;[38;5;0m[HTTP]&amp#27;[0m &amp#27;[90m{}&amp#27;[39m
&amp#27;[38;5;32m[XCUITestDriver@55eb (24b485ec)]&amp#27;[0m Driver proxy active, passing request on via HTTP proxy
[debug] &amp#27;[38;5;32m[XCUITestDriver@55eb (24b485ec)]&amp#27;[0m Executing command 'proxyReqRes'
[debug] &amp#27;[38;5;32m[XCUITestDriver@55eb (24b485ec)]&amp#27;[0m Matched '/session/24b485ec-92a7-408e-ba56-78682df800a3/element/34000000-0000-0000-1421-010000000000/rect' to command name 'getElementRect'
[debug] &amp#27;[38;5;32m[XCUITestDriver@55eb (24b485ec)]&amp#27;[0m Proxying [GET /session/24b485ec-92a7-408e-ba56-78682df800a3/element/34000000-0000-0000-1421-010000000000/rect] to [GET http://127.0.0.1:8100/session/56D70ACD-A8F3-4900-A498-C9E849921D48/element/34000000-0000-0000-1421-010000000000/rect] with no body
[debug] &amp#27;[38;5;32m[XCUITestDriver@55eb (24b485ec)]&amp#27;[0m Got response with status 200: {"value":{"y":765,"x":130,"width":130,"height":50},"sessionId":"56D70ACD-A8F3-4900-A498-C9E849921D48"}
&amp#27;[38;5;32m[XCUITestDriver@55eb (24b485ec)]&amp#27;[0m Replacing sessionId 56D70ACD-A8F3-4900-A498-C9E849921D48 with 24b485ec-92a7-408e-ba56-78682df800a3
&amp#27;[38;5;0m[HTTP]&amp#27;[0m &amp#27;[37m<-- GET /session/24b485ec-92a7-408e-ba56-78682df800a3/element/34000000-0000-0000-1421-010000000000/rect &amp#27;[39m&amp#27;[32m200&amp#27;[39m &amp#27;[90m126 ms - 102&amp#27;[39m
&amp#27;[38;5;0m[HTTP]&amp#27;[0m &amp#27;[90m&amp#27;[39m
&amp#27;[38;5;0m[HTTP]&amp#27;[0m &amp#27;[37m-->&amp#27;[39m &amp#27;[37mGET&amp#27;[39m &amp#27;[37m/session/24b485ec-92a7-408e-ba56-78682df800a3/element/34000000-0000-0000-1421-010000000000/rect&amp#27;[39m
&amp#27;[38;5;0m[HTTP]&amp#27;[0m &amp#27;[90m{}&amp#27;[39m
&amp#27;[38;5;32m[XCUITestDriver@55eb (24b485ec)]&amp#27;[0m Driver proxy active, passing request on via HTTP proxy
[debug] &amp#27;[38;5;32m[XCUITestDriver@55eb (24b485ec)]&amp#27;[0m Executing command 'proxyReqRes'
[debug] &amp#27;[38;5;32m[XCUITestDriver@55eb (24b485ec)]&amp#27;[0m Matched '/session/24b485ec-92a7-408e-ba56-78682df800a3/element/34000000-0000-0000-1421-010000000000/rect' to command name 'getElementRect'
[debug] &amp#27;[38;5;32m[XCUITestDriver@55eb (24b485ec)]&amp#27;[0m Proxying [GET /session/24b485ec-92a7-408e-ba56-78682df800a3/element/34000000-0000-0000-1421-010000000000/rect] to [GET http://127.0.0.1:8100/session/56D70ACD-A8F3-4900-A498-C9E849921D48/element/34000000-0000-0000-1421-010000000000/rect] with no body
[debug] &amp#27;[38;5;32m[XCUITestDriver@55eb (24b485ec)]&amp#27;[0m Got response with status 200: {"value":{"y":765,"x":130,"width":130,"height":50},"sessionId":"56D70ACD-A8F3-4900-A498-C9E849921D48"}
&amp#27;[38;5;32m[XCUITestDriver@55eb (24b485ec)]&amp#27;[0m Replacing sessionId 56D70ACD-A8F3-4900-A498-C9E849921D48 with 24b485ec-92a7-408e-ba56-78682df800a3
&amp#27;[38;5;0m[HTTP]&amp#27;[0m &amp#27;[37m<-- GET /session/24b485ec-92a7-408e-ba56-78682df800a3/element/34000000-0000-0000-1421-010000000000/rect &amp#27;[39m&amp#27;[32m200&amp#27;[39m &amp#27;[90m122 ms - 102&amp#27;[39m
&amp#27;[38;5;0m[HTTP]&amp#27;[0m &amp#27;[90m&amp#27;[39m
&amp#27;[38;5;0m[HTTP]&amp#27;[0m &amp#27;[37m-->&amp#27;[39m &amp#27;[37mPOST&amp#27;[39m &amp#27;[37m/session/24b485ec-92a7-408e-ba56-78682df800a3/actions&amp#27;[39m
&amp#27;[38;5;0m[HTTP]&amp#27;[0m &amp#27;[90m{"actions":[{"id":"finger1","type":"pointer","parameters":{"pointerType":"touch"},"actions":[{"duration":0,"type":"pause"},{"duration":0,"x":195,"y":790,"type":"pointerMove","origin":"viewport"},{"button":0,"type":"pointerDown"},{"duration":200,"type":"pause"},{"button":0,"type":"pointerUp"}]}]}&amp#27;[39m
[debug] &amp#27;[38;5;32m[XCUITestDriver@55eb (24b485ec)]&amp#27;[0m Calling AppiumDriver.performActions() with args: [[{"id":"finger1","type":"pointer","parameters":{"pointerType":"touch"},"actions":[{"duration":0,"type":"pause"},{"duration":0,"x":195,"y":790,"type":"pointerMove","origin":"viewport"},{"button":0,"type":"pointerDown"},{"duration":200,"type":"pause"},{"button":0,"type":"pointerUp"}]}],"24b485ec-92a7-408e-ba56-78682df800a3"]
[debug] &amp#27;[38;5;32m[XCUITestDriver@55eb (24b485ec)]&amp#27;[0m Executing command 'performActions'
[debug] &amp#27;[38;5;32m[XCUITestDriver@55eb (24b485ec)]&amp#27;[0m Received the following W3C actions: [
[debug] &amp#27;[38;5;32m[XCUITestDriver@55eb (24b485ec)]&amp#27;[0m   {
[debug] &amp#27;[38;5;32m[XCUITestDriver@55eb (24b485ec)]&amp#27;[0m     "id": "finger1",
[debug] &amp#27;[38;5;32m[XCUITestDriver@55eb (24b485ec)]&amp#27;[0m     "type": "pointer",
[debug] &amp#27;[38;5;32m[XCUITestDriver@55eb (24b485ec)]&amp#27;[0m     "parameters": {
[debug] &amp#27;[38;5;32m[XCUITestDriver@55eb (24b485ec)]&amp#27;[0m       "pointerType": "touch"
[debug] &amp#27;[38;5;32m[XCUITestDriver@55eb (24b485ec)]&amp#27;[0m     },
[debug] &amp#27;[38;5;32m[XCUITestDriver@55eb (24b485ec)]&amp#27;[0m     "actions": [
[debug] &amp#27;[38;5;32m[XCUITestDriver@55eb (24b485ec)]&amp#27;[0m       {
[debug] &amp#27;[38;5;32m[XCUITestDriver@55eb (24b485ec)]&amp#27;[0m         "duration": 0,
[debug] &amp#27;[38;5;32m[XCUITestDriver@55eb (24b485ec)]&amp#27;[0m         "type": "pause"
[debug] &amp#27;[38;5;32m[XCUITestDriver@55eb (24b485ec)]&amp#27;[0m       },
[debug] &amp#27;[38;5;32m[XCUITestDriver@55eb (24b485ec)]&amp#27;[0m       {
[debug] &amp#27;[38;5;32m[XCUITestDriver@55eb (24b485ec)]&amp#27;[0m         "duration": 0,
[debug] &amp#27;[38;5;32m[XCUITestDriver@55eb (24b485ec)]&amp#27;[0m         "x": 195,
[debug] &amp#27;[38;5;32m[XCUITestDriver@55eb (24b485ec)]&amp#27;[0m         "y": 790,
[debug] &amp#27;[38;5;32m[XCUITestDriver@55eb (24b485ec)]&amp#27;[0m         "type": "pointerMove",
[debug] &amp#27;[38;5;32m[XCUITestDriver@55eb (24b485ec)]&amp#27;[0m         "origin": "viewport"
[debug] &amp#27;[38;5;32m[XCUITestDriver@55eb (24b485ec)]&amp#27;[0m       },
[debug] &amp#27;[38;5;32m[XCUITestDriver@55eb (24b485ec)]&amp#27;[0m       {
[debug] &amp#27;[38;5;32m[XCUITestDriver@55eb (24b485ec)]&amp#27;[0m         "button": 0,
[debug] &amp#27;[38;5;32m[XCUITestDriver@55eb (24b485ec)]&amp#27;[0m         "type": "pointerDown"
[debug] &amp#27;[38;5;32m[XCUITestDriver@55eb (24b485ec)]&amp#27;[0m       },
[debug] &amp#27;[38;5;32m[XCUITestDriver@55eb (24b485ec)]&amp#27;[0m       {
[debug] &amp#27;[38;5;32m[XCUITestDriver@55eb (24b485ec)]&amp#27;[0m         "duration": 200,
[debug] &amp#27;[38;5;32m[XCUITestDriver@55eb (24b485ec)]&amp#27;[0m         "type": "pause"
[debug] &amp#27;[38;5;32m[XCUITestDriver@55eb (24b485ec)]&amp#27;[0m       },
[debug] &amp#27;[38;5;32m[XCUITestDriver@55eb (24b485ec)]&amp#27;[0m       {
[debug] &amp#27;[38;5;32m[XCUITestDriver@55eb (24b485ec)]&amp#27;[0m         "button": 0,
[debug] &amp#27;[38;5;32m[XCUITestDriver@55eb (24b485ec)]&amp#27;[0m         "type": "pointerUp"
[debug] &amp#27;[38;5;32m[XCUITestDriver@55eb (24b485ec)]&amp#27;[0m       }
[debug] &amp#27;[38;5;32m[XCUITestDriver@55eb (24b485ec)]&amp#27;[0m     ]
[debug] &amp#27;[38;5;32m[XCUITestDriver@55eb (24b485ec)]&amp#27;[0m   }
[debug] &amp#27;[38;5;32m[XCUITestDriver@55eb (24b485ec)]&amp#27;[0m ]
[debug] &amp#27;[38;5;32m[XCUITestDriver@55eb (24b485ec)]&amp#27;[0m Preprocessed actions: [
[debug] &amp#27;[38;5;32m[XCUITestDriver@55eb (24b485ec)]&amp#27;[0m   {
[debug] &amp#27;[38;5;32m[XCUITestDriver@55eb (24b485ec)]&amp#27;[0m     "id": "finger1",
[debug] &amp#27;[38;5;32m[XCUITestDriver@55eb (24b485ec)]&amp#27;[0m     "type": "pointer",
[debug] &amp#27;[38;5;32m[XCUITestDriver@55eb (24b485ec)]&amp#27;[0m     "parameters": {
[debug] &amp#27;[38;5;32m[XCUITestDriver@55eb (24b485ec)]&amp#27;[0m       "pointerType": "touch"
[debug] &amp#27;[38;5;32m[XCUITestDriver@55eb (24b485ec)]&amp#27;[0m     },
[debug] &amp#27;[38;5;32m[XCUITestDriver@55eb (24b485ec)]&amp#27;[0m     "actions": [
[debug] &amp#27;[38;5;32m[XCUITestDriver@55eb (24b485ec)]&amp#27;[0m       {
[debug] &amp#27;[38;5;32m[XCUITestDriver@55eb (24b485ec)]&amp#27;[0m         "duration": 0,
[debug] &amp#27;[38;5;32m[XCUITestDriver@55eb (24b485ec)]&amp#27;[0m         "x": 195,
[debug] &amp#27;[38;5;32m[XCUITestDriver@55eb (24b485ec)]&amp#27;[0m         "y": 790,
[debug] &amp#27;[38;5;32m[XCUITestDriver@55eb (24b485ec)]&amp#27;[0m         "type": "pointerMove",
[debug] &amp#27;[38;5;32m[XCUITestDriver@55eb (24b485ec)]&amp#27;[0m         "origin": "viewport"
[debug] &amp#27;[38;5;32m[XCUITestDriver@55eb (24b485ec)]&amp#27;[0m       },
[debug] &amp#27;[38;5;32m[XCUITestDriver@55eb (24b485ec)]&amp#27;[0m       {
[debug] &amp#27;[38;5;32m[XCUITestDriver@55eb (24b485ec)]&amp#27;[0m         "button": 0,
[debug] &amp#27;[38;5;32m[XCUITestDriver@55eb (24b485ec)]&amp#27;[0m         "type": "pointerDown"
[debug] &amp#27;[38;5;32m[XCUITestDriver@55eb (24b485ec)]&amp#27;[0m       },
[debug] &amp#27;[38;5;32m[XCUITestDriver@55eb (24b485ec)]&amp#27;[0m       {
[debug] &amp#27;[38;5;32m[XCUITestDriver@55eb (24b485ec)]&amp#27;[0m         "duration": 200,
[debug] &amp#27;[38;5;32m[XCUITestDriver@55eb (24b485ec)]&amp#27;[0m         "type": "pause"
[debug] &amp#27;[38;5;32m[XCUITestDriver@55eb (24b485ec)]&amp#27;[0m       },
[debug] &amp#27;[38;5;32m[XCUITestDriver@55eb (24b485ec)]&amp#27;[0m       {
[debug] &amp#27;[38;5;32m[XCUITestDriver@55eb (24b485ec)]&amp#27;[0m         "button": 0,
[debug] &amp#27;[38;5;32m[XCUITestDriver@55eb (24b485ec)]&amp#27;[0m         "type": "pointerUp"
[debug] &amp#27;[38;5;32m[XCUITestDriver@55eb (24b485ec)]&amp#27;[0m       }
[debug] &amp#27;[38;5;32m[XCUITestDriver@55eb (24b485ec)]&amp#27;[0m     ]
[debug] &amp#27;[38;5;32m[XCUITestDriver@55eb (24b485ec)]&amp#27;[0m   }
[debug] &amp#27;[38;5;32m[XCUITestDriver@55eb (24b485ec)]&amp#27;[0m ]
[debug] &amp#27;[38;5;32m[XCUITestDriver@55eb (24b485ec)]&amp#27;[0m Matched '/actions' to command name 'performActions'
[debug] &amp#27;[38;5;32m[XCUITestDriver@55eb (24b485ec)]&amp#27;[0m Proxying [POST /actions] to [POST http://127.0.0.1:8100/session/56D70ACD-A8F3-4900-A498-C9E849921D48/actions] with body: {"actions":[{"id":"finger1","type":"pointer","parameters":{"pointerType":"touch"},"actions":[{"duration":0,"x":195,"y":790,"type":"pointerMove","origin":"viewport"},{"button":0,"type":"pointerDown"},{"duration":200,"type":"pause"},{"button":0,"type":"pointerUp"}]}]}
[debug] &amp#27;[38;5;32m[XCUITestDriver@55eb (24b485ec)]&amp#27;[0m Got response with status 200: {"value":null,"sessionId":"56D70ACD-A8F3-4900-A498-C9E849921D48"}
[debug] &amp#27;[38;5;32m[XCUITestDriver@55eb (24b485ec)]&amp#27;[0m Responding to client with driver.performActions() result: null
&amp#27;[38;5;0m[HTTP]&amp#27;[0m &amp#27;[37m<-- POST /session/24b485ec-92a7-408e-ba56-78682df800a3/actions &amp#27;[39m&amp#27;[32m200&amp#27;[39m &amp#27;[90m788 ms - 14&amp#27;[39m
&amp#27;[38;5;0m[HTTP]&amp#27;[0m &amp#27;[90m&amp#27;[39m
&amp#27;[38;5;0m[HTTP]&amp#27;[0m &amp#27;[37m-->&amp#27;[39m &amp#27;[37mPOST&amp#27;[39m &amp#27;[37m/session/24b485ec-92a7-408e-ba56-78682df800a3/element&amp#27;[39m
&amp#27;[38;5;0m[HTTP]&amp#27;[0m &amp#27;[90m{"using":"xpath","value":"//XCUIElementTypeOther[@name=\"counter amount\"]"}&amp#27;[39m
[debug] &amp#27;[38;5;32m[XCUITestDriver@55eb (24b485ec)]&amp#27;[0m Calling AppiumDriver.findElement() with args: ["xpath","//XCUIElementTypeOther[@name=\"counter amount\"]","24b485ec-92a7-408e-ba56-78682df800a3"]
[debug] &amp#27;[38;5;32m[XCUITestDriver@55eb (24b485ec)]&amp#27;[0m Executing command 'findElement'
[debug] &amp#27;[38;5;32m[XCUITestDriver@55eb (24b485ec)]&amp#27;[0m Valid locator strategies for this request: xpath, id, name, class name, -ios predicate string, -ios class chain, accessibility id, css selector
[debug] &amp#27;[38;5;32m[XCUITestDriver@55eb (24b485ec)]&amp#27;[0m Waiting up to 0 ms for condition
[debug] &amp#27;[38;5;32m[XCUITestDriver@55eb (24b485ec)]&amp#27;[0m Matched '/element' to command name 'findElement'
[debug] &amp#27;[38;5;32m[XCUITestDriver@55eb (24b485ec)]&amp#27;[0m Proxying [POST /element] to [POST http://127.0.0.1:8100/session/56D70ACD-A8F3-4900-A498-C9E849921D48/element] with body: {"using":"xpath","value":"//XCUIElementTypeOther[@name=\"counter amount\"]"}
[debug] &amp#27;[38;5;32m[XCUITestDriver@55eb (24b485ec)]&amp#27;[0m Got response with status 200: {"value":{"ELEMENT":"F1010000-0000-0000-1421-010000000000","element-6066-11e4-a52e-4f735466cecf":"F1010000-0000-0000-1421-010000000000"},"sessionId":"56D70ACD-A8F3-4900-A498-C9E849921D48"}
[debug] &amp#27;[38;5;32m[XCUITestDriver@55eb (24b485ec)]&amp#27;[0m Responding to client with driver.findElement() result: {"element-6066-11e4-a52e-4f735466cecf":"F1010000-0000-0000-1421-010000000000","ELEMENT":"F1010000-0000-0000-1421-010000000000"}
&amp#27;[38;5;0m[HTTP]&amp#27;[0m &amp#27;[37m<-- POST /session/24b485ec-92a7-408e-ba56-78682df800a3/element &amp#27;[39m&amp#27;[32m200&amp#27;[39m &amp#27;[90m2078 ms - 137&amp#27;[39m
&amp#27;[38;5;0m[HTTP]&amp#27;[0m &amp#27;[90m&amp#27;[39m
&amp#27;[38;5;0m[HTTP]&amp#27;[0m &amp#27;[37m-->&amp#27;[39m &amp#27;[37mGET&amp#27;[39m &amp#27;[37m/session/24b485ec-92a7-408e-ba56-78682df800a3/element/F1010000-0000-0000-1421-010000000000/displayed&amp#27;[39m
&amp#27;[38;5;0m[HTTP]&amp#27;[0m &amp#27;[90m{}&amp#27;[39m
&amp#27;[38;5;32m[XCUITestDriver@55eb (24b485ec)]&amp#27;[0m Driver proxy active, passing request on via HTTP proxy
[debug] &amp#27;[38;5;32m[XCUITestDriver@55eb (24b485ec)]&amp#27;[0m Executing command 'proxyReqRes'
[debug] &amp#27;[38;5;32m[XCUITestDriver@55eb (24b485ec)]&amp#27;[0m Matched '/session/24b485ec-92a7-408e-ba56-78682df800a3/element/F1010000-0000-0000-1421-010000000000/displayed' to command name 'elementDisplayed'
[debug] &amp#27;[38;5;32m[XCUITestDriver@55eb (24b485ec)]&amp#27;[0m Proxying [GET /session/24b485ec-92a7-408e-ba56-78682df800a3/element/F1010000-0000-0000-1421-010000000000/displayed] to [GET http://127.0.0.1:8100/session/56D70ACD-A8F3-4900-A498-C9E849921D48/element/F1010000-0000-0000-1421-010000000000/displayed] with no body
[debug] &amp#27;[38;5;32m[XCUITestDriver@55eb (24b485ec)]&amp#27;[0m Got response with status 200: {"value":true,"sessionId":"56D70ACD-A8F3-4900-A498-C9E849921D48"}
&amp#27;[38;5;32m[XCUITestDriver@55eb (24b485ec)]&amp#27;[0m Replacing sessionId 56D70ACD-A8F3-4900-A498-C9E849921D48 with 24b485ec-92a7-408e-ba56-78682df800a3
&amp#27;[38;5;0m[HTTP]&amp#27;[0m &amp#27;[37m<-- GET /session/24b485ec-92a7-408e-ba56-78682df800a3/element/F1010000-0000-0000-1421-010000000000/displayed &amp#27;[39m&amp#27;[32m200&amp#27;[39m &amp#27;[90m135 ms - 65&amp#27;[39m
&amp#27;[38;5;0m[HTTP]&amp#27;[0m &amp#27;[90m&amp#27;[39m
&amp#27;[38;5;0m[HTTP]&amp#27;[0m &amp#27;[37m-->&amp#27;[39m &amp#27;[37mPOST&amp#27;[39m &amp#27;[37m/session/24b485ec-92a7-408e-ba56-78682df800a3/element&amp#27;[39m
&amp#27;[38;5;0m[HTTP]&amp#27;[0m &amp#27;[90m{"using":"xpath","value":"//XCUIElementTypeOther[@name=\"counter amount\"]"}&amp#27;[39m
[debug] &amp#27;[38;5;32m[XCUITestDriver@55eb (24b485ec)]&amp#27;[0m Calling AppiumDriver.findElement() with args: ["xpath","//XCUIElementTypeOther[@name=\"counter amount\"]","24b485ec-92a7-408e-ba56-78682df800a3"]
[debug] &amp#27;[38;5;32m[XCUITestDriver@55eb (24b485ec)]&amp#27;[0m Executing command 'findElement'
[debug] &amp#27;[38;5;32m[XCUITestDriver@55eb (24b485ec)]&amp#27;[0m Valid locator strategies for this request: xpath, id, name, class name, -ios predicate string, -ios class chain, accessibility id, css selector
[debug] &amp#27;[38;5;32m[XCUITestDriver@55eb (24b485ec)]&amp#27;[0m Waiting up to 0 ms for condition
[debug] &amp#27;[38;5;32m[XCUITestDriver@55eb (24b485ec)]&amp#27;[0m Matched '/element' to command name 'findElement'
[debug] &amp#27;[38;5;32m[XCUITestDriver@55eb (24b485ec)]&amp#27;[0m Proxying [POST /element] to [POST http://127.0.0.1:8100/session/56D70ACD-A8F3-4900-A498-C9E849921D48/element] with body: {"using":"xpath","value":"//XCUIElementTypeOther[@name=\"counter amount\"]"}
[debug] &amp#27;[38;5;32m[XCUITestDriver@55eb (24b485ec)]&amp#27;[0m Got response with status 200: {"value":{"ELEMENT":"F1010000-0000-0000-1421-010000000000","element-6066-11e4-a52e-4f735466cecf":"F1010000-0000-0000-1421-010000000000"},"sessionId":"56D70ACD-A8F3-4900-A498-C9E849921D48"}
[debug] &amp#27;[38;5;32m[XCUITestDriver@55eb (24b485ec)]&amp#27;[0m Responding to client with driver.findElement() result: {"element-6066-11e4-a52e-4f735466cecf":"F1010000-0000-0000-1421-010000000000","ELEMENT":"F1010000-0000-0000-1421-010000000000"}
&amp#27;[38;5;0m[HTTP]&amp#27;[0m &amp#27;[37m<-- POST /session/24b485ec-92a7-408e-ba56-78682df800a3/element &amp#27;[39m&amp#27;[32m200&amp#27;[39m &amp#27;[90m1991 ms - 137&amp#27;[39m
&amp#27;[38;5;0m[HTTP]&amp#27;[0m &amp#27;[90m&amp#27;[39m
&amp#27;[38;5;0m[HTTP]&amp#27;[0m &amp#27;[37m-->&amp#27;[39m &amp#27;[37mGET&amp#27;[39m &amp#27;[37m/session/24b485ec-92a7-408e-ba56-78682df800a3/element/F1010000-0000-0000-1421-010000000000/text&amp#27;[39m
&amp#27;[38;5;0m[HTTP]&amp#27;[0m &amp#27;[90m{}&amp#27;[39m
&amp#27;[38;5;32m[XCUITestDriver@55eb (24b485ec)]&amp#27;[0m Driver proxy active, passing request on via HTTP proxy
[debug] &amp#27;[38;5;32m[XCUITestDriver@55eb (24b485ec)]&amp#27;[0m Executing command 'proxyReqRes'
[debug] &amp#27;[38;5;32m[XCUITestDriver@55eb (24b485ec)]&amp#27;[0m Matched '/session/24b485ec-92a7-408e-ba56-78682df800a3/element/F1010000-0000-0000-1421-010000000000/text' to command name 'getText'
[debug] &amp#27;[38;5;32m[XCUITestDriver@55eb (24b485ec)]&amp#27;[0m Proxying [GET /session/24b485ec-92a7-408e-ba56-78682df800a3/element/F1010000-0000-0000-1421-010000000000/text] to [GET http://127.0.0.1:8100/session/56D70ACD-A8F3-4900-A498-C9E849921D48/element/F1010000-0000-0000-1421-010000000000/text] with no body
[debug] &amp#27;[38;5;32m[XCUITestDriver@55eb (24b485ec)]&amp#27;[0m Got response with status 200: {"value":"2","sessionId":"56D70ACD-A8F3-4900-A498-C9E849921D48"}
&amp#27;[38;5;32m[XCUITestDriver@55eb (24b485ec)]&amp#27;[0m Replacing sessionId 56D70ACD-A8F3-4900-A498-C9E849921D48 with 24b485ec-92a7-408e-ba56-78682df800a3
required amount:- 2 & page Amount:- 2
&amp#27;[38;5;0m[HTTP]&amp#27;[0m &amp#27;[37m<-- GET /session/24b485ec-92a7-408e-ba56-78682df800a3/element/F1010000-0000-0000-1421-010000000000/text &amp#27;[39m&amp#27;[32m200&amp#27;[39m &amp#27;[90m128 ms - 64&amp#27;[39m
&amp#27;[38;5;0m[HTTP]&amp#27;[0m &amp#27;[90m&amp#27;[39m
&amp#27;[38;5;0m[HTTP]&amp#27;[0m &amp#27;[37m-->&amp#27;[39m &amp#27;[37mPOST&amp#27;[39m &amp#27;[37m/session/24b485ec-92a7-408e-ba56-78682df800a3/element&amp#27;[39m
&amp#27;[38;5;0m[HTTP]&amp#27;[0m &amp#27;[90m{"using":"xpath","value":"//XCUIElementTypeButton[@name='tab bar option catalog']"}&amp#27;[39m
[debug] &amp#27;[38;5;32m[XCUITestDriver@55eb (24b485ec)]&amp#27;[0m Calling AppiumDriver.findElement() with args: ["xpath","//XCUIElementTypeButton[@name='tab bar option catalog']","24b485ec-92a7-408e-ba56-78682df800a3"]
[debug] &amp#27;[38;5;32m[XCUITestDriver@55eb (24b485ec)]&amp#27;[0m Executing command 'findElement'
[debug] &amp#27;[38;5;32m[XCUITestDriver@55eb (24b485ec)]&amp#27;[0m Valid locator strategies for this request: xpath, id, name, class name, -ios predicate string, -ios class chain, accessibility id, css selector
[debug] &amp#27;[38;5;32m[XCUITestDriver@55eb (24b485ec)]&amp#27;[0m Waiting up to 0 ms for condition
[debug] &amp#27;[38;5;32m[XCUITestDriver@55eb (24b485ec)]&amp#27;[0m Matched '/element' to command name 'findElement'
[debug] &amp#27;[38;5;32m[XCUITestDriver@55eb (24b485ec)]&amp#27;[0m Proxying [POST /element] to [POST http://127.0.0.1:8100/session/56D70ACD-A8F3-4900-A498-C9E849921D48/element] with body: {"using":"xpath","value":"//XCUIElementTypeButton[@name='tab bar option catalog']"}
[debug] &amp#27;[38;5;32m[XCUITestDriver@55eb (24b485ec)]&amp#27;[0m Got response with status 200: {"value":{"ELEMENT":"33000000-0000-0000-1421-010000000000","element-6066-11e4-a52e-4f735466cecf":"33000000-0000-0000-1421-010000000000"},"sessionId":"56D70ACD-A8F3-4900-A498-C9E849921D48"}
[debug] &amp#27;[38;5;32m[XCUITestDriver@55eb (24b485ec)]&amp#27;[0m Responding to client with driver.findElement() result: {"element-6066-11e4-a52e-4f735466cecf":"33000000-0000-0000-1421-010000000000","ELEMENT":"33000000-0000-0000-1421-010000000000"}
&amp#27;[38;5;0m[HTTP]&amp#27;[0m &amp#27;[37m<-- POST /session/24b485ec-92a7-408e-ba56-78682df800a3/element &amp#27;[39m&amp#27;[32m200&amp#27;[39m &amp#27;[90m2001 ms - 137&amp#27;[39m
&amp#27;[38;5;0m[HTTP]&amp#27;[0m &amp#27;[90m&amp#27;[39m
&amp#27;[38;5;0m[HTTP]&amp#27;[0m &amp#27;[37m-->&amp#27;[39m &amp#27;[37mGET&amp#27;[39m &amp#27;[37m/session/24b485ec-92a7-408e-ba56-78682df800a3/element/33000000-0000-0000-1421-010000000000/displayed&amp#27;[39m
&amp#27;[38;5;0m[HTTP]&amp#27;[0m &amp#27;[90m{}&amp#27;[39m
&amp#27;[38;5;32m[XCUITestDriver@55eb (24b485ec)]&amp#27;[0m Driver proxy active, passing request on via HTTP proxy
[debug] &amp#27;[38;5;32m[XCUITestDriver@55eb (24b485ec)]&amp#27;[0m Executing command 'proxyReqRes'
[debug] &amp#27;[38;5;32m[XCUITestDriver@55eb (24b485ec)]&amp#27;[0m Matched '/session/24b485ec-92a7-408e-ba56-78682df800a3/element/33000000-0000-0000-1421-010000000000/displayed' to command name 'elementDisplayed'
[debug] &amp#27;[38;5;32m[XCUITestDriver@55eb (24b485ec)]&amp#27;[0m Proxying [GET /session/24b485ec-92a7-408e-ba56-78682df800a3/element/33000000-0000-0000-1421-010000000000/displayed] to [GET http://127.0.0.1:8100/session/56D70ACD-A8F3-4900-A498-C9E849921D48/element/33000000-0000-0000-1421-010000000000/displayed] with no body
[debug] &amp#27;[38;5;32m[XCUITestDriver@55eb (24b485ec)]&amp#27;[0m Got response with status 200: {"value":true,"sessionId":"56D70ACD-A8F3-4900-A498-C9E849921D48"}
&amp#27;[38;5;32m[XCUITestDriver@55eb (24b485ec)]&amp#27;[0m Replacing sessionId 56D70ACD-A8F3-4900-A498-C9E849921D48 with 24b485ec-92a7-408e-ba56-78682df800a3
&amp#27;[38;5;0m[HTTP]&amp#27;[0m &amp#27;[37m<-- GET /session/24b485ec-92a7-408e-ba56-78682df800a3/element/33000000-0000-0000-1421-010000000000/displayed &amp#27;[39m&amp#27;[32m200&amp#27;[39m &amp#27;[90m153 ms - 65&amp#27;[39m
&amp#27;[38;5;0m[HTTP]&amp#27;[0m &amp#27;[90m&amp#27;[39m
&amp#27;[38;5;0m[HTTP]&amp#27;[0m &amp#27;[37m-->&amp#27;[39m &amp#27;[37mPOST&amp#27;[39m &amp#27;[37m/session/24b485ec-92a7-408e-ba56-78682df800a3/element&amp#27;[39m
&amp#27;[38;5;0m[HTTP]&amp#27;[0m &amp#27;[90m{"using":"xpath","value":"//XCUIElementTypeButton[@name='tab bar option catalog']"}&amp#27;[39m
[debug] &amp#27;[38;5;32m[XCUITestDriver@55eb (24b485ec)]&amp#27;[0m Calling AppiumDriver.findElement() with args: ["xpath","//XCUIElementTypeButton[@name='tab bar option catalog']","24b485ec-92a7-408e-ba56-78682df800a3"]
[debug] &amp#27;[38;5;32m[XCUITestDriver@55eb (24b485ec)]&amp#27;[0m Executing command 'findElement'
[debug] &amp#27;[38;5;32m[XCUITestDriver@55eb (24b485ec)]&amp#27;[0m Valid locator strategies for this request: xpath, id, name, class name, -ios predicate string, -ios class chain, accessibility id, css selector
[debug] &amp#27;[38;5;32m[XCUITestDriver@55eb (24b485ec)]&amp#27;[0m Waiting up to 0 ms for condition
[debug] &amp#27;[38;5;32m[XCUITestDriver@55eb (24b485ec)]&amp#27;[0m Matched '/element' to command name 'findElement'
[debug] &amp#27;[38;5;32m[XCUITestDriver@55eb (24b485ec)]&amp#27;[0m Proxying [POST /element] to [POST http://127.0.0.1:8100/session/56D70ACD-A8F3-4900-A498-C9E849921D48/element] with body: {"using":"xpath","value":"//XCUIElementTypeButton[@name='tab bar option catalog']"}
[debug] &amp#27;[38;5;32m[XCUITestDriver@55eb (24b485ec)]&amp#27;[0m Got response with status 200: {"value":{"ELEMENT":"33000000-0000-0000-1421-010000000000","element-6066-11e4-a52e-4f735466cecf":"33000000-0000-0000-1421-010000000000"},"sessionId":"56D70ACD-A8F3-4900-A498-C9E849921D48"}
[debug] &amp#27;[38;5;32m[XCUITestDriver@55eb (24b485ec)]&amp#27;[0m Responding to client with driver.findElement() result: {"element-6066-11e4-a52e-4f735466cecf":"33000000-0000-0000-1421-010000000000","ELEMENT":"33000000-0000-0000-1421-010000000000"}
&amp#27;[38;5;0m[HTTP]&amp#27;[0m &amp#27;[37m<-- POST /session/24b485ec-92a7-408e-ba56-78682df800a3/element &amp#27;[39m&amp#27;[32m200&amp#27;[39m &amp#27;[90m1905 ms - 137&amp#27;[39m
&amp#27;[38;5;0m[HTTP]&amp#27;[0m &amp#27;[90m&amp#27;[39m
&amp#27;[38;5;0m[HTTP]&amp#27;[0m &amp#27;[37m-->&amp#27;[39m &amp#27;[37mGET&amp#27;[39m &amp#27;[37m/session/24b485ec-92a7-408e-ba56-78682df800a3/element/33000000-0000-0000-1421-010000000000/rect&amp#27;[39m
&amp#27;[38;5;0m[HTTP]&amp#27;[0m &amp#27;[90m{}&amp#27;[39m
&amp#27;[38;5;32m[XCUITestDriver@55eb (24b485ec)]&amp#27;[0m Driver proxy active, passing request on via HTTP proxy
[debug] &amp#27;[38;5;32m[XCUITestDriver@55eb (24b485ec)]&amp#27;[0m Executing command 'proxyReqRes'
[debug] &amp#27;[38;5;32m[XCUITestDriver@55eb (24b485ec)]&amp#27;[0m Matched '/session/24b485ec-92a7-408e-ba56-78682df800a3/element/33000000-0000-0000-1421-010000000000/rect' to command name 'getElementRect'
[debug] &amp#27;[38;5;32m[XCUITestDriver@55eb (24b485ec)]&amp#27;[0m Proxying [GET /session/24b485ec-92a7-408e-ba56-78682df800a3/element/33000000-0000-0000-1421-010000000000/rect] to [GET http://127.0.0.1:8100/session/56D70ACD-A8F3-4900-A498-C9E849921D48/element/33000000-0000-0000-1421-010000000000/rect] with no body
[debug] &amp#27;[38;5;32m[XCUITestDriver@55eb (24b485ec)]&amp#27;[0m Got response with status 200: {"value":{"y":765,"x":0,"width":130,"height":50},"sessionId":"56D70ACD-A8F3-4900-A498-C9E849921D48"}
&amp#27;[38;5;32m[XCUITestDriver@55eb (24b485ec)]&amp#27;[0m Replacing sessionId 56D70ACD-A8F3-4900-A498-C9E849921D48 with 24b485ec-92a7-408e-ba56-78682df800a3
&amp#27;[38;5;0m[HTTP]&amp#27;[0m &amp#27;[37m<-- GET /session/24b485ec-92a7-408e-ba56-78682df800a3/element/33000000-0000-0000-1421-010000000000/rect &amp#27;[39m&amp#27;[32m200&amp#27;[39m &amp#27;[90m127 ms - 100&amp#27;[39m
&amp#27;[38;5;0m[HTTP]&amp#27;[0m &amp#27;[90m&amp#27;[39m
&amp#27;[38;5;0m[HTTP]&amp#27;[0m &amp#27;[37m-->&amp#27;[39m &amp#27;[37mGET&amp#27;[39m &amp#27;[37m/session/24b485ec-92a7-408e-ba56-78682df800a3/element/33000000-0000-0000-1421-010000000000/rect&amp#27;[39m
&amp#27;[38;5;0m[HTTP]&amp#27;[0m &amp#27;[90m{}&amp#27;[39m
&amp#27;[38;5;32m[XCUITestDriver@55eb (24b485ec)]&amp#27;[0m Driver proxy active, passing request on via HTTP proxy
[debug] &amp#27;[38;5;32m[XCUITestDriver@55eb (24b485ec)]&amp#27;[0m Executing command 'proxyReqRes'
[debug] &amp#27;[38;5;32m[XCUITestDriver@55eb (24b485ec)]&amp#27;[0m Matched '/session/24b485ec-92a7-408e-ba56-78682df800a3/element/33000000-0000-0000-1421-010000000000/rect' to command name 'getElementRect'
[debug] &amp#27;[38;5;32m[XCUITestDriver@55eb (24b485ec)]&amp#27;[0m Proxying [GET /session/24b485ec-92a7-408e-ba56-78682df800a3/element/33000000-0000-0000-1421-010000000000/rect] to [GET http://127.0.0.1:8100/session/56D70ACD-A8F3-4900-A498-C9E849921D48/element/33000000-0000-0000-1421-010000000000/rect] with no body
[debug] &amp#27;[38;5;32m[XCUITestDriver@55eb (24b485ec)]&amp#27;[0m Got response with status 200: {"value":{"y":765,"x":0,"width":130,"height":50},"sessionId":"56D70ACD-A8F3-4900-A498-C9E849921D48"}
&amp#27;[38;5;32m[XCUITestDriver@55eb (24b485ec)]&amp#27;[0m Replacing sessionId 56D70ACD-A8F3-4900-A498-C9E849921D48 with 24b485ec-92a7-408e-ba56-78682df800a3
&amp#27;[38;5;0m[HTTP]&amp#27;[0m &amp#27;[37m<-- GET /session/24b485ec-92a7-408e-ba56-78682df800a3/element/33000000-0000-0000-1421-010000000000/rect &amp#27;[39m&amp#27;[32m200&amp#27;[39m &amp#27;[90m140 ms - 100&amp#27;[39m
&amp#27;[38;5;0m[HTTP]&amp#27;[0m &amp#27;[90m&amp#27;[39m
&amp#27;[38;5;0m[HTTP]&amp#27;[0m &amp#27;[37m-->&amp#27;[39m &amp#27;[37mPOST&amp#27;[39m &amp#27;[37m/session/24b485ec-92a7-408e-ba56-78682df800a3/actions&amp#27;[39m
&amp#27;[38;5;0m[HTTP]&amp#27;[0m &amp#27;[90m{"actions":[{"id":"finger1","type":"pointer","parameters":{"pointerType":"touch"},"actions":[{"duration":0,"type":"pause"},{"duration":0,"x":65,"y":790,"type":"pointerMove","origin":"viewport"},{"button":0,"type":"pointerDown"},{"duration":200,"type":"pause"},{"button":0,"type":"pointerUp"}]}]}&amp#27;[39m
[debug] &amp#27;[38;5;32m[XCUITestDriver@55eb (24b485ec)]&amp#27;[0m Calling AppiumDriver.performActions() with args: [[{"id":"finger1","type":"pointer","parameters":{"pointerType":"touch"},"actions":[{"duration":0,"type":"pause"},{"duration":0,"x":65,"y":790,"type":"pointerMove","origin":"viewport"},{"button":0,"type":"pointerDown"},{"duration":200,"type":"pause"},{"button":0,"type":"pointerUp"}]}],"24b485ec-92a7-408e-ba56-78682df800a3"]
[debug] &amp#27;[38;5;32m[XCUITestDriver@55eb (24b485ec)]&amp#27;[0m Executing command 'performActions'
[debug] &amp#27;[38;5;32m[XCUITestDriver@55eb (24b485ec)]&amp#27;[0m Received the following W3C actions: [
[debug] &amp#27;[38;5;32m[XCUITestDriver@55eb (24b485ec)]&amp#27;[0m   {
[debug] &amp#27;[38;5;32m[XCUITestDriver@55eb (24b485ec)]&amp#27;[0m     "id": "finger1",
[debug] &amp#27;[38;5;32m[XCUITestDriver@55eb (24b485ec)]&amp#27;[0m     "type": "pointer",
[debug] &amp#27;[38;5;32m[XCUITestDriver@55eb (24b485ec)]&amp#27;[0m     "parameters": {
[debug] &amp#27;[38;5;32m[XCUITestDriver@55eb (24b485ec)]&amp#27;[0m       "pointerType": "touch"
[debug] &amp#27;[38;5;32m[XCUITestDriver@55eb (24b485ec)]&amp#27;[0m     },
[debug] &amp#27;[38;5;32m[XCUITestDriver@55eb (24b485ec)]&amp#27;[0m     "actions": [
[debug] &amp#27;[38;5;32m[XCUITestDriver@55eb (24b485ec)]&amp#27;[0m       {
[debug] &amp#27;[38;5;32m[XCUITestDriver@55eb (24b485ec)]&amp#27;[0m         "duration": 0,
[debug] &amp#27;[38;5;32m[XCUITestDriver@55eb (24b485ec)]&amp#27;[0m         "type": "pause"
[debug] &amp#27;[38;5;32m[XCUITestDriver@55eb (24b485ec)]&amp#27;[0m       },
[debug] &amp#27;[38;5;32m[XCUITestDriver@55eb (24b485ec)]&amp#27;[0m       {
[debug] &amp#27;[38;5;32m[XCUITestDriver@55eb (24b485ec)]&amp#27;[0m         "duration": 0,
[debug] &amp#27;[38;5;32m[XCUITestDriver@55eb (24b485ec)]&amp#27;[0m         "x": 65,
[debug] &amp#27;[38;5;32m[XCUITestDriver@55eb (24b485ec)]&amp#27;[0m         "y": 790,
[debug] &amp#27;[38;5;32m[XCUITestDriver@55eb (24b485ec)]&amp#27;[0m         "type": "pointerMove",
[debug] &amp#27;[38;5;32m[XCUITestDriver@55eb (24b485ec)]&amp#27;[0m         "origin": "viewport"
[debug] &amp#27;[38;5;32m[XCUITestDriver@55eb (24b485ec)]&amp#27;[0m       },
[debug] &amp#27;[38;5;32m[XCUITestDriver@55eb (24b485ec)]&amp#27;[0m       {
[debug] &amp#27;[38;5;32m[XCUITestDriver@55eb (24b485ec)]&amp#27;[0m         "button": 0,
[debug] &amp#27;[38;5;32m[XCUITestDriver@55eb (24b485ec)]&amp#27;[0m         "type": "pointerDown"
[debug] &amp#27;[38;5;32m[XCUITestDriver@55eb (24b485ec)]&amp#27;[0m       },
[debug] &amp#27;[38;5;32m[XCUITestDriver@55eb (24b485ec)]&amp#27;[0m       {
[debug] &amp#27;[38;5;32m[XCUITestDriver@55eb (24b485ec)]&amp#27;[0m         "duration": 200,
[debug] &amp#27;[38;5;32m[XCUITestDriver@55eb (24b485ec)]&amp#27;[0m         "type": "pause"
[debug] &amp#27;[38;5;32m[XCUITestDriver@55eb (24b485ec)]&amp#27;[0m       },
[debug] &amp#27;[38;5;32m[XCUITestDriver@55eb (24b485ec)]&amp#27;[0m       {
[debug] &amp#27;[38;5;32m[XCUITestDriver@55eb (24b485ec)]&amp#27;[0m         "button": 0,
[debug] &amp#27;[38;5;32m[XCUITestDriver@55eb (24b485ec)]&amp#27;[0m         "type": "pointerUp"
[debug] &amp#27;[38;5;32m[XCUITestDriver@55eb (24b485ec)]&amp#27;[0m       }
[debug] &amp#27;[38;5;32m[XCUITestDriver@55eb (24b485ec)]&amp#27;[0m     ]
[debug] &amp#27;[38;5;32m[XCUITestDriver@55eb (24b485ec)]&amp#27;[0m   }
[debug] &amp#27;[38;5;32m[XCUITestDriver@55eb (24b485ec)]&amp#27;[0m ]
[debug] &amp#27;[38;5;32m[XCUITestDriver@55eb (24b485ec)]&amp#27;[0m Preprocessed actions: [
[debug] &amp#27;[38;5;32m[XCUITestDriver@55eb (24b485ec)]&amp#27;[0m   {
[debug] &amp#27;[38;5;32m[XCUITestDriver@55eb (24b485ec)]&amp#27;[0m     "id": "finger1",
[debug] &amp#27;[38;5;32m[XCUITestDriver@55eb (24b485ec)]&amp#27;[0m     "type": "pointer",
[debug] &amp#27;[38;5;32m[XCUITestDriver@55eb (24b485ec)]&amp#27;[0m     "parameters": {
[debug] &amp#27;[38;5;32m[XCUITestDriver@55eb (24b485ec)]&amp#27;[0m       "pointerType": "touch"
[debug] &amp#27;[38;5;32m[XCUITestDriver@55eb (24b485ec)]&amp#27;[0m     },
[debug] &amp#27;[38;5;32m[XCUITestDriver@55eb (24b485ec)]&amp#27;[0m     "actions": [
[debug] &amp#27;[38;5;32m[XCUITestDriver@55eb (24b485ec)]&amp#27;[0m       {
[debug] &amp#27;[38;5;32m[XCUITestDriver@55eb (24b485ec)]&amp#27;[0m         "duration": 0,
[debug] &amp#27;[38;5;32m[XCUITestDriver@55eb (24b485ec)]&amp#27;[0m         "x": 65,
[debug] &amp#27;[38;5;32m[XCUITestDriver@55eb (24b485ec)]&amp#27;[0m         "y": 790,
[debug] &amp#27;[38;5;32m[XCUITestDriver@55eb (24b485ec)]&amp#27;[0m         "type": "pointerMove",
[debug] &amp#27;[38;5;32m[XCUITestDriver@55eb (24b485ec)]&amp#27;[0m         "origin": "viewport"
[debug] &amp#27;[38;5;32m[XCUITestDriver@55eb (24b485ec)]&amp#27;[0m       },
[debug] &amp#27;[38;5;32m[XCUITestDriver@55eb (24b485ec)]&amp#27;[0m       {
[debug] &amp#27;[38;5;32m[XCUITestDriver@55eb (24b485ec)]&amp#27;[0m         "button": 0,
[debug] &amp#27;[38;5;32m[XCUITestDriver@55eb (24b485ec)]&amp#27;[0m         "type": "pointerDown"
[debug] &amp#27;[38;5;32m[XCUITestDriver@55eb (24b485ec)]&amp#27;[0m       },
[debug] &amp#27;[38;5;32m[XCUITestDriver@55eb (24b485ec)]&amp#27;[0m       {
[debug] &amp#27;[38;5;32m[XCUITestDriver@55eb (24b485ec)]&amp#27;[0m         "duration": 200,
[debug] &amp#27;[38;5;32m[XCUITestDriver@55eb (24b485ec)]&amp#27;[0m         "type": "pause"
[debug] &amp#27;[38;5;32m[XCUITestDriver@55eb (24b485ec)]&amp#27;[0m       },
[debug] &amp#27;[38;5;32m[XCUITestDriver@55eb (24b485ec)]&amp#27;[0m       {
[debug] &amp#27;[38;5;32m[XCUITestDriver@55eb (24b485ec)]&amp#27;[0m         "button": 0,
[debug] &amp#27;[38;5;32m[XCUITestDriver@55eb (24b485ec)]&amp#27;[0m         "type": "pointerUp"
[debug] &amp#27;[38;5;32m[XCUITestDriver@55eb (24b485ec)]&amp#27;[0m       }
[debug] &amp#27;[38;5;32m[XCUITestDriver@55eb (24b485ec)]&amp#27;[0m     ]
[debug] &amp#27;[38;5;32m[XCUITestDriver@55eb (24b485ec)]&amp#27;[0m   }
[debug] &amp#27;[38;5;32m[XCUITestDriver@55eb (24b485ec)]&amp#27;[0m ]
[debug] &amp#27;[38;5;32m[XCUITestDriver@55eb (24b485ec)]&amp#27;[0m Matched '/actions' to command name 'performActions'
[debug] &amp#27;[38;5;32m[XCUITestDriver@55eb (24b485ec)]&amp#27;[0m Proxying [POST /actions] to [POST http://127.0.0.1:8100/session/56D70ACD-A8F3-4900-A498-C9E849921D48/actions] with body: {"actions":[{"id":"finger1","type":"pointer","parameters":{"pointerType":"touch"},"actions":[{"duration":0,"x":65,"y":790,"type":"pointerMove","origin":"viewport"},{"button":0,"type":"pointerDown"},{"duration":200,"type":"pause"},{"button":0,"type":"pointerUp"}]}]}
[debug] &amp#27;[38;5;32m[XCUITestDriver@55eb (24b485ec)]&amp#27;[0m Got response with status 200: {"value":null,"sessionId":"56D70ACD-A8F3-4900-A498-C9E849921D48"}
[debug] &amp#27;[38;5;32m[XCUITestDriver@55eb (24b485ec)]&amp#27;[0m Responding to client with driver.performActions() result: null
&amp#27;[38;5;0m[HTTP]&amp#27;[0m &amp#27;[37m<-- POST /session/24b485ec-92a7-408e-ba56-78682df800a3/actions &amp#27;[39m&amp#27;[32m200&amp#27;[39m &amp#27;[90m758 ms - 14&amp#27;[39m
&amp#27;[38;5;0m[HTTP]&amp#27;[0m &amp#27;[90m&amp#27;[39m
  Then Product with 2 quantity visible in cart page. # StepDefinations.ProductSteps.product_with_quantity_visible_in_cart_page(int)
&amp#27;[38;5;0m[HTTP]&amp#27;[0m &amp#27;[37m-->&amp#27;[39m &amp#27;[37mGET&amp#27;[39m &amp#27;[37m/session/24b485ec-92a7-408e-ba56-78682df800a3/screenshot&amp#27;[39m
&amp#27;[38;5;0m[HTTP]&amp#27;[0m &amp#27;[90m{}&amp#27;[39m
[debug] &amp#27;[38;5;32m[XCUITestDriver@55eb (24b485ec)]&amp#27;[0m Calling AppiumDriver.getScreenshot() with args: ["24b485ec-92a7-408e-ba56-78682df800a3"]
[debug] &amp#27;[38;5;32m[XCUITestDriver@55eb (24b485ec)]&amp#27;[0m Executing command 'getScreenshot'
[debug] &amp#27;[38;5;32m[XCUITestDriver@55eb (24b485ec)]&amp#27;[0m Taking screenshot with WDA
[debug] &amp#27;[38;5;32m[XCUITestDriver@55eb (24b485ec)]&amp#27;[0m Matched '/screenshot' to command name 'getScreenshot'
[debug] &amp#27;[38;5;32m[XCUITestDriver@55eb (24b485ec)]&amp#27;[0m Proxying [GET /screenshot] to [GET http://127.0.0.1:8100/session/56D70ACD-A8F3-4900-A498-C9E849921D48/screenshot] with no body
[debug] &amp#27;[38;5;32m[XCUITestDriver@55eb (24b485ec)]&amp#27;[0m Got response with status 200: {"value":"iVBORw0KGgoAAAANSUhEUgAABJIAAAnkCAYAAABWQUsDAAAAAXNSR0IArs4c6QAAADhlWElmTU0AKgAAAAgAAYdpAAQAAAABAAAAGgAAAAAAAqACAAQAAAABAAAEkqADAAQAAAABAAAJ5AAAAADoPni0AAAAHGlET1QAAAACAAAAAAAABPIAAAAoAAAE8gAABPIADVs6tbQxfAAAQABJREFUeAHs3QecdFlZJ+AZSRIkyJKzARFcd0EEQdRVkoKIyCoIEsdVV0RAEZCkwJCzEpewCwgsJlxQwkpcXETJQcFFkJzDDDBfd6W++76n69bcrq7qPlVd3V/1N8/9/eqr/qpv3br13FPVdf913nNOaywECBAgQIAAAQIECBAgQIAAAQIEKgROq1jHKgQIECBAgAABAgQIECBAgAABAgQaQZJGQIAAAQIECBAgQIAAAQIECBAgUCUgSKpishIBAgQIECBAgAABAgQIECBAgIAgSRsgQIAAAQIECBAgQIAAAQIECBCoEhAkVTFZiQABAgQIECBAgAABAgQIECBAQJCkDRAgQIAAAQIECBAgQIAAAQIECFQJCJKqmKxEgAABAgQIECBAgAABAgQIECAgSNIGCBAgQIAAAQIECBAgQIAAAQIEqgQESVVMViJAgAABAgQIECBAgAABAgQIEBAkaQMECBAgQIAAAQIECBAgQIAAAQJVAoKkKiYrESBAgAABAgQIECBAgAABAgQICJK0AQIECBAgQIAAAQIECBAgQIAAgSoBQVIVk5UIECBAgAABAgQIECBAgAABAgQESdoAAQIECBAgQIAAAQIECBAgQIBAlYAgqYrJSgQIECBAgAABAgQIECBAgAABAoIkbYAAAQIECBAgQIAAAQIECBAgQKBKQJBUxWQlAgQIECBAgAABAgQIECBAgAABQZI2QIAAAQIECBAgQIAAAQIECBAgUCUgSKpishIBAgQIECBAgAABAgQIECBAgIAgSRsgQIAAAQIECBAgQIAAAQI...
[debug] &amp#27;[38;5;32m[XCUITestDriver@55eb (24b485ec)]&amp#27;[0m Responding to client with driver.getScreenshot() result: "iVBORw0KGgoAAAANSUhEUgAABJIAAAnkCAYAAABWQUsDAAAAAXNSR0IArs4c6QAAADhlWElmTU0AKgAAAAgAAYdpAAQAAAABAAAAGgAAAAAAAqACAAQAAAABAAAEkqADAAQAAAABAAAJ5AAAAADoPni0AAAAHGlET1QAAAACAAAAAAAABPIAAAAoAAAE8gAABPIADVs6tbQxfAAAQABJREFUeAHs3QecdFlZJ+AZSRIkyJKzARFcd0EEQdRVkoKIyCoIEsdVV0RAEZCkwJCzEpewCwgsJlxQwkpcXETJQcFFkJzDDDBfd6W++76n69bcrq7qPlVd3V/1N8/9/eqr/qpv3br13FPVdf913nNOaywECBAgQIAAAQIECBAgQIAAAQIEKgROq1jHKgQIECBAgAABAgQIECBAgAABAgQaQZJGQIAAAQIECBAgQIAAAQIECBAgUCUgSKpishIBAgQIECBAgAABAgQIECBAgIAgSRsgQIAAAQIECBAgQIAAAQIECBCoEhAkVTFZiQABAgQIECBAgAABAgQIECBAQJCkDRAgQIAAAQIECBAgQIAAAQIECFQJCJKqmKxEgAABAgQIECBAgAABAgQIECAgSNIGCBAgQIAAAQIECBAgQIAAAQIEqgQESVVMViJAgAABAgQIECBAgAABAgQIEBAkaQMECBAgQIAAAQIECBAgQIAAAQJVAoKkKiYrESBAgAABAgQIECBAgAABAgQICJK0AQIECBAgQIAAAQIECBAgQIAAgSoBQVIVk5UIECBAgAABAgQIECBAgAABAgQESdoAAQIECBAgQIAAAQIECBAgQIBAlYAgqYrJSgQIECBAgAABAgQIECBAgAABAoIkbYAAAQIECBAgQIAAAQIECBAgQKBKQJBUxWQlAgQIECBAgAABAgQIECBAgAABQZI2QIAAAQIECBAgQIAAAQIECBAgUCUgSKpishIBAgQIECBAgAABAgQIECBAgIAgSRsgQIAAAQIECBAgQIAAAQIECBCoEhAk...
&amp#27;[38;5;0m[HTTP]&amp#27;[0m &amp#27;[37m<-- GET /session/24b485ec-92a7-408e-ba56-78682df800a3/screenshot &amp#27;[39m&amp#27;[32m200&amp#27;[39m &amp#27;[90m445 ms - 1857360&amp#27;[39m
&amp#27;[38;5;0m[HTTP]&amp#27;[0m &amp#27;[90m&amp#27;[39m

    Embedding screenshot [image/png 1393010 bytes]

&amp#27;[38;5;0m[HTTP]&amp#27;[0m &amp#27;[37m-->&amp#27;[39m &amp#27;[37mGET&amp#27;[39m &amp#27;[37m/session/24b485ec-92a7-408e-ba56-78682df800a3/screenshot&amp#27;[39m
&amp#27;[38;5;0m[HTTP]&amp#27;[0m &amp#27;[90m{}&amp#27;[39m
[debug] &amp#27;[38;5;32m[XCUITestDriver@55eb (24b485ec)]&amp#27;[0m Calling AppiumDriver.getScreenshot() with args: ["24b485ec-92a7-408e-ba56-78682df800a3"]
[debug] &amp#27;[38;5;32m[XCUITestDriver@55eb (24b485ec)]&amp#27;[0m Executing command 'getScreenshot'
[debug] &amp#27;[38;5;32m[XCUITestDriver@55eb (24b485ec)]&amp#27;[0m Taking screenshot with WDA
[debug] &amp#27;[38;5;32m[XCUITestDriver@55eb (24b485ec)]&amp#27;[0m Matched '/screenshot' to command name 'getScreenshot'
[debug] &amp#27;[38;5;32m[XCUITestDriver@55eb (24b485ec)]&amp#27;[0m Proxying [GET /screenshot] to [GET http://127.0.0.1:8100/session/56D70ACD-A8F3-4900-A498-C9E849921D48/screenshot] with no body
[debug] &amp#27;[38;5;32m[XCUITestDriver@55eb (24b485ec)]&amp#27;[0m Got response with status 200: {"value":"iVBORw0KGgoAAAANSUhEUgAABJIAAAnkCAYAAABWQUsDAAAAAXNSR0IArs4c6QAAADhlWElmTU0AKgAAAAgAAYdpAAQAAAABAAAAGgAAAAAAAqACAAQAAAABAAAEkqADAAQAAAABAAAJ5AAAAADoPni0AAAAHGlET1QAAAACAAAAAAAABPIAAAAoAAAE8gAABPIADVs6tbQxfAAAQABJREFUeAHs3QecdFlZJ+AZSRIkyJKzARFcd0EEQdRVkoKIyCoIEsdVV0RAEZCkwJCzEpewCwgsJlxQwkpcXETJQcFFkJzDDDBfd6W++76n69bcrq7qPlVd3V/1N8/9/eqr/qpv3br13FPVdf913nNOaywECBAgQIAAAQIECBAgQIAAAQIEKgROq1jHKgQIECBAgAABAgQIECBAgAABAgQaQZJGQIAAAQIECBAgQIAAAQIECBAgUCUgSKpishIBAgQIECBAgAABAgQIECBAgIAgSRsgQIAAAQIECBAgQIAAAQIECBCoEhAkVTFZiQABAgQIECBAgAABAgQIECBAQJCkDRAgQIAAAQIECBAgQIAAAQIECFQJCJKqmKxEgAABAgQIECBAgAABAgQIECAgSNIGCBAgQIAAAQIECBAgQIAAAQIEqgQESVVMViJAgAABAgQIECBAgAABAgQIEBAkaQMECBAgQIAAAQIECBAgQIAAAQJVAoKkKiYrESBAgAABAgQIECBAgAABAgQICJK0AQIECBAgQIAAAQIECBAgQIAAgSoBQVIVk5UIECBAgAABAgQIECBAgAABAgQESdoAAQIECBAgQIAAAQIECBAgQIBAlYAgqYrJSgQIECBAgAABAgQIECBAgAABAoIkbYAAAQIECBAgQIAAAQIECBAgQKBKQJBUxWQlAgQIECBAgAABAgQIECBAgAABQZI2QIAAAQIECBAgQIAAAQIECBAgUCUgSKpishIBAgQIECBAgAABAgQIECBAgIAgSRsgQIAAAQIECBAgQIAAAQI...
[debug] &amp#27;[38;5;32m[XCUITestDriver@55eb (24b485ec)]&amp#27;[0m Responding to client with driver.getScreenshot() result: "iVBORw0KGgoAAAANSUhEUgAABJIAAAnkCAYAAABWQUsDAAAAAXNSR0IArs4c6QAAADhlWElmTU0AKgAAAAgAAYdpAAQAAAABAAAAGgAAAAAAAqACAAQAAAABAAAEkqADAAQAAAABAAAJ5AAAAADoPni0AAAAHGlET1QAAAACAAAAAAAABPIAAAAoAAAE8gAABPIADVs6tbQxfAAAQABJREFUeAHs3QecdFlZJ+AZSRIkyJKzARFcd0EEQdRVkoKIyCoIEsdVV0RAEZCkwJCzEpewCwgsJlxQwkpcXETJQcFFkJzDDDBfd6W++76n69bcrq7qPlVd3V/1N8/9/eqr/qpv3br13FPVdf913nNOaywECBAgQIAAAQIECBAgQIAAAQIEKgROq1jHKgQIECBAgAABAgQIECBAgAABAgQaQZJGQIAAAQIECBAgQIAAAQIECBAgUCUgSKpishIBAgQIECBAgAABAgQIECBAgIAgSRsgQIAAAQIECBAgQIAAAQIECBCoEhAkVTFZiQABAgQIECBAgAABAgQIECBAQJCkDRAgQIAAAQIECBAgQIAAAQIECFQJCJKqmKxEgAABAgQIECBAgAABAgQIECAgSNIGCBAgQIAAAQIECBAgQIAAAQIEqgQESVVMViJAgAABAgQIECBAgAABAgQIEBAkaQMECBAgQIAAAQIECBAgQIAAAQJVAoKkKiYrESBAgAABAgQIECBAgAABAgQICJK0AQIECBAgQIAAAQIECBAgQIAAgSoBQVIVk5UIECBAgAABAgQIECBAgAABAgQESdoAAQIECBAgQIAAAQIECBAgQIBAlYAgqYrJSgQIECBAgAABAgQIECBAgAABAoIkbYAAAQIECBAgQIAAAQIECBAgQKBKQJBUxWQlAgQIECBAgAABAgQIECBAgAABQZI2QIAAAQIECBAgQIAAAQIECBAgUCUgSKpishIBAgQIECBAgAABAgQIECBAgIAgSRsgQIAAAQIECBAgQIAAAQIECBCoEhAk...
&amp#27;[38;5;0m[HTTP]&amp#27;[0m &amp#27;[37m<-- GET /session/24b485ec-92a7-408e-ba56-78682df800a3/screenshot &amp#27;[39m&amp#27;[32m200&amp#27;[39m &amp#27;[90m462 ms - 1857360&amp#27;[39m
&amp#27;[38;5;0m[HTTP]&amp#27;[0m &amp#27;[90m&amp#27;[39m

    Embedding screenshot [image/png 1393010 bytes]

]]></system-out>
  </testcase>
  <testcase name="runScenario[&quot;validate add to remove functionality&quot;, &quot;verify user able to add and remove product in cart in application&quot;](5)" classname="TestRunners.TestRunner" time="36.85">
    <system-out><![CDATA[
@Smoke @Product
Scenario: validate add to remove functionality # src/test/resources/Features/Product.feature:14
&amp#27;[38;5;0m[HTTP]&amp#27;[0m &amp#27;[37m-->&amp#27;[39m &amp#27;[37mPOST&amp#27;[39m &amp#27;[37m/session/24b485ec-92a7-408e-ba56-78682df800a3/element&amp#27;[39m
&amp#27;[38;5;0m[HTTP]&amp#27;[0m &amp#27;[90m{"using":"xpath","value":"//XCUIElementTypeButton[@name='tab bar option catalog']"}&amp#27;[39m
[debug] &amp#27;[38;5;32m[XCUITestDriver@55eb (24b485ec)]&amp#27;[0m Calling AppiumDriver.findElement() with args: ["xpath","//XCUIElementTypeButton[@name='tab bar option catalog']","24b485ec-92a7-408e-ba56-78682df800a3"]
[debug] &amp#27;[38;5;32m[XCUITestDriver@55eb (24b485ec)]&amp#27;[0m Executing command 'findElement'
[debug] &amp#27;[38;5;32m[XCUITestDriver@55eb (24b485ec)]&amp#27;[0m Valid locator strategies for this request: xpath, id, name, class name, -ios predicate string, -ios class chain, accessibility id, css selector
[debug] &amp#27;[38;5;32m[XCUITestDriver@55eb (24b485ec)]&amp#27;[0m Waiting up to 0 ms for condition
[debug] &amp#27;[38;5;32m[XCUITestDriver@55eb (24b485ec)]&amp#27;[0m Matched '/element' to command name 'findElement'
[debug] &amp#27;[38;5;32m[XCUITestDriver@55eb (24b485ec)]&amp#27;[0m Proxying [POST /element] to [POST http://127.0.0.1:8100/session/56D70ACD-A8F3-4900-A498-C9E849921D48/element] with body: {"using":"xpath","value":"//XCUIElementTypeButton[@name='tab bar option catalog']"}
[debug] &amp#27;[38;5;32m[XCUITestDriver@55eb (24b485ec)]&amp#27;[0m Got response with status 200: {"value":{"ELEMENT":"33000000-0000-0000-1421-010000000000","element-6066-11e4-a52e-4f735466cecf":"33000000-0000-0000-1421-010000000000"},"sessionId":"56D70ACD-A8F3-4900-A498-C9E849921D48"}
[debug] &amp#27;[38;5;32m[XCUITestDriver@55eb (24b485ec)]&amp#27;[0m Responding to client with driver.findElement() result: {"element-6066-11e4-a52e-4f735466cecf":"33000000-0000-0000-1421-010000000000","ELEMENT":"33000000-0000-0000-1421-010000000000"}
&amp#27;[38;5;0m[HTTP]&amp#27;[0m &amp#27;[37m<-- POST /session/24b485ec-92a7-408e-ba56-78682df800a3/element &amp#27;[39m&amp#27;[32m200&amp#27;[39m &amp#27;[90m1835 ms - 137&amp#27;[39m
&amp#27;[38;5;0m[HTTP]&amp#27;[0m &amp#27;[90m&amp#27;[39m
&amp#27;[38;5;0m[HTTP]&amp#27;[0m &amp#27;[37m-->&amp#27;[39m &amp#27;[37mGET&amp#27;[39m &amp#27;[37m/session/24b485ec-92a7-408e-ba56-78682df800a3/element/33000000-0000-0000-1421-010000000000/displayed&amp#27;[39m
&amp#27;[38;5;0m[HTTP]&amp#27;[0m &amp#27;[90m{}&amp#27;[39m
&amp#27;[38;5;32m[XCUITestDriver@55eb (24b485ec)]&amp#27;[0m Driver proxy active, passing request on via HTTP proxy
[debug] &amp#27;[38;5;32m[XCUITestDriver@55eb (24b485ec)]&amp#27;[0m Executing command 'proxyReqRes'
[debug] &amp#27;[38;5;32m[XCUITestDriver@55eb (24b485ec)]&amp#27;[0m Matched '/session/24b485ec-92a7-408e-ba56-78682df800a3/element/33000000-0000-0000-1421-010000000000/displayed' to command name 'elementDisplayed'
[debug] &amp#27;[38;5;32m[XCUITestDriver@55eb (24b485ec)]&amp#27;[0m Proxying [GET /session/24b485ec-92a7-408e-ba56-78682df800a3/element/33000000-0000-0000-1421-010000000000/displayed] to [GET http://127.0.0.1:8100/session/56D70ACD-A8F3-4900-A498-C9E849921D48/element/33000000-0000-0000-1421-010000000000/displayed] with no body
[debug] &amp#27;[38;5;32m[XCUITestDriver@55eb (24b485ec)]&amp#27;[0m Got response with status 200: {"value":true,"sessionId":"56D70ACD-A8F3-4900-A498-C9E849921D48"}
&amp#27;[38;5;32m[XCUITestDriver@55eb (24b485ec)]&amp#27;[0m Replacing sessionId 56D70ACD-A8F3-4900-A498-C9E849921D48 with 24b485ec-92a7-408e-ba56-78682df800a3
&amp#27;[38;5;0m[HTTP]&amp#27;[0m &amp#27;[37m<-- GET /session/24b485ec-92a7-408e-ba56-78682df800a3/element/33000000-0000-0000-1421-010000000000/displayed &amp#27;[39m&amp#27;[32m200&amp#27;[39m &amp#27;[90m112 ms - 65&amp#27;[39m
&amp#27;[38;5;0m[HTTP]&amp#27;[0m &amp#27;[90m&amp#27;[39m
&amp#27;[38;5;0m[HTTP]&amp#27;[0m &amp#27;[37m-->&amp#27;[39m &amp#27;[37mPOST&amp#27;[39m &amp#27;[37m/session/24b485ec-92a7-408e-ba56-78682df800a3/element&amp#27;[39m
&amp#27;[38;5;0m[HTTP]&amp#27;[0m &amp#27;[90m{"using":"xpath","value":"//XCUIElementTypeButton[@name='tab bar option catalog']"}&amp#27;[39m
[debug] &amp#27;[38;5;32m[XCUITestDriver@55eb (24b485ec)]&amp#27;[0m Calling AppiumDriver.findElement() with args: ["xpath","//XCUIElementTypeButton[@name='tab bar option catalog']","24b485ec-92a7-408e-ba56-78682df800a3"]
[debug] &amp#27;[38;5;32m[XCUITestDriver@55eb (24b485ec)]&amp#27;[0m Executing command 'findElement'
[debug] &amp#27;[38;5;32m[XCUITestDriver@55eb (24b485ec)]&amp#27;[0m Valid locator strategies for this request: xpath, id, name, class name, -ios predicate string, -ios class chain, accessibility id, css selector
[debug] &amp#27;[38;5;32m[XCUITestDriver@55eb (24b485ec)]&amp#27;[0m Waiting up to 0 ms for condition
[debug] &amp#27;[38;5;32m[XCUITestDriver@55eb (24b485ec)]&amp#27;[0m Matched '/element' to command name 'findElement'
[debug] &amp#27;[38;5;32m[XCUITestDriver@55eb (24b485ec)]&amp#27;[0m Proxying [POST /element] to [POST http://127.0.0.1:8100/session/56D70ACD-A8F3-4900-A498-C9E849921D48/element] with body: {"using":"xpath","value":"//XCUIElementTypeButton[@name='tab bar option catalog']"}
[debug] &amp#27;[38;5;32m[XCUITestDriver@55eb (24b485ec)]&amp#27;[0m Got response with status 200: {"value":{"ELEMENT":"33000000-0000-0000-1421-010000000000","element-6066-11e4-a52e-4f735466cecf":"33000000-0000-0000-1421-010000000000"},"sessionId":"56D70ACD-A8F3-4900-A498-C9E849921D48"}
[debug] &amp#27;[38;5;32m[XCUITestDriver@55eb (24b485ec)]&amp#27;[0m Responding to client with driver.findElement() result: {"element-6066-11e4-a52e-4f735466cecf":"33000000-0000-0000-1421-010000000000","ELEMENT":"33000000-0000-0000-1421-010000000000"}
&amp#27;[38;5;0m[HTTP]&amp#27;[0m &amp#27;[37m<-- POST /session/24b485ec-92a7-408e-ba56-78682df800a3/element &amp#27;[39m&amp#27;[32m200&amp#27;[39m &amp#27;[90m1788 ms - 137&amp#27;[39m
&amp#27;[38;5;0m[HTTP]&amp#27;[0m &amp#27;[90m&amp#27;[39m
&amp#27;[38;5;0m[HTTP]&amp#27;[0m &amp#27;[37m-->&amp#27;[39m &amp#27;[37mGET&amp#27;[39m &amp#27;[37m/session/24b485ec-92a7-408e-ba56-78682df800a3/element/33000000-0000-0000-1421-010000000000/rect&amp#27;[39m
&amp#27;[38;5;0m[HTTP]&amp#27;[0m &amp#27;[90m{}&amp#27;[39m
&amp#27;[38;5;32m[XCUITestDriver@55eb (24b485ec)]&amp#27;[0m Driver proxy active, passing request on via HTTP proxy
[debug] &amp#27;[38;5;32m[XCUITestDriver@55eb (24b485ec)]&amp#27;[0m Executing command 'proxyReqRes'
[debug] &amp#27;[38;5;32m[XCUITestDriver@55eb (24b485ec)]&amp#27;[0m Matched '/session/24b485ec-92a7-408e-ba56-78682df800a3/element/33000000-0000-0000-1421-010000000000/rect' to command name 'getElementRect'
[debug] &amp#27;[38;5;32m[XCUITestDriver@55eb (24b485ec)]&amp#27;[0m Proxying [GET /session/24b485ec-92a7-408e-ba56-78682df800a3/element/33000000-0000-0000-1421-010000000000/rect] to [GET http://127.0.0.1:8100/session/56D70ACD-A8F3-4900-A498-C9E849921D48/element/33000000-0000-0000-1421-010000000000/rect] with no body
[debug] &amp#27;[38;5;32m[XCUITestDriver@55eb (24b485ec)]&amp#27;[0m Got response with status 200: {"value":{"y":765,"x":0,"width":130,"height":50},"sessionId":"56D70ACD-A8F3-4900-A498-C9E849921D48"}
&amp#27;[38;5;32m[XCUITestDriver@55eb (24b485ec)]&amp#27;[0m Replacing sessionId 56D70ACD-A8F3-4900-A498-C9E849921D48 with 24b485ec-92a7-408e-ba56-78682df800a3
&amp#27;[38;5;0m[HTTP]&amp#27;[0m &amp#27;[37m<-- GET /session/24b485ec-92a7-408e-ba56-78682df800a3/element/33000000-0000-0000-1421-010000000000/rect &amp#27;[39m&amp#27;[32m200&amp#27;[39m &amp#27;[90m125 ms - 100&amp#27;[39m
&amp#27;[38;5;0m[HTTP]&amp#27;[0m &amp#27;[90m&amp#27;[39m
&amp#27;[38;5;0m[HTTP]&amp#27;[0m &amp#27;[37m-->&amp#27;[39m &amp#27;[37mGET&amp#27;[39m &amp#27;[37m/session/24b485ec-92a7-408e-ba56-78682df800a3/element/33000000-0000-0000-1421-010000000000/rect&amp#27;[39m
&amp#27;[38;5;0m[HTTP]&amp#27;[0m &amp#27;[90m{}&amp#27;[39m
&amp#27;[38;5;32m[XCUITestDriver@55eb (24b485ec)]&amp#27;[0m Driver proxy active, passing request on via HTTP proxy
[debug] &amp#27;[38;5;32m[XCUITestDriver@55eb (24b485ec)]&amp#27;[0m Executing command 'proxyReqRes'
[debug] &amp#27;[38;5;32m[XCUITestDriver@55eb (24b485ec)]&amp#27;[0m Matched '/session/24b485ec-92a7-408e-ba56-78682df800a3/element/33000000-0000-0000-1421-010000000000/rect' to command name 'getElementRect'
[debug] &amp#27;[38;5;32m[XCUITestDriver@55eb (24b485ec)]&amp#27;[0m Proxying [GET /session/24b485ec-92a7-408e-ba56-78682df800a3/element/33000000-0000-0000-1421-010000000000/rect] to [GET http://127.0.0.1:8100/session/56D70ACD-A8F3-4900-A498-C9E849921D48/element/33000000-0000-0000-1421-010000000000/rect] with no body
[debug] &amp#27;[38;5;32m[XCUITestDriver@55eb (24b485ec)]&amp#27;[0m Got response with status 200: {"value":{"y":765,"x":0,"width":130,"height":50},"sessionId":"56D70ACD-A8F3-4900-A498-C9E849921D48"}
&amp#27;[38;5;32m[XCUITestDriver@55eb (24b485ec)]&amp#27;[0m Replacing sessionId 56D70ACD-A8F3-4900-A498-C9E849921D48 with 24b485ec-92a7-408e-ba56-78682df800a3
&amp#27;[38;5;0m[HTTP]&amp#27;[0m &amp#27;[37m<-- GET /session/24b485ec-92a7-408e-ba56-78682df800a3/element/33000000-0000-0000-1421-010000000000/rect &amp#27;[39m&amp#27;[32m200&amp#27;[39m &amp#27;[90m135 ms - 100&amp#27;[39m
&amp#27;[38;5;0m[HTTP]&amp#27;[0m &amp#27;[90m&amp#27;[39m
&amp#27;[38;5;0m[HTTP]&amp#27;[0m &amp#27;[37m-->&amp#27;[39m &amp#27;[37mPOST&amp#27;[39m &amp#27;[37m/session/24b485ec-92a7-408e-ba56-78682df800a3/actions&amp#27;[39m
&amp#27;[38;5;0m[HTTP]&amp#27;[0m &amp#27;[90m{"actions":[{"id":"finger1","type":"pointer","parameters":{"pointerType":"touch"},"actions":[{"duration":0,"type":"pause"},{"duration":0,"x":65,"y":790,"type":"pointerMove","origin":"viewport"},{"button":0,"type":"pointerDown"},{"duration":200,"type":"pause"},{"button":0,"type":"pointerUp"}]}]}&amp#27;[39m
[debug] &amp#27;[38;5;32m[XCUITestDriver@55eb (24b485ec)]&amp#27;[0m Calling AppiumDriver.performActions() with args: [[{"id":"finger1","type":"pointer","parameters":{"pointerType":"touch"},"actions":[{"duration":0,"type":"pause"},{"duration":0,"x":65,"y":790,"type":"pointerMove","origin":"viewport"},{"button":0,"type":"pointerDown"},{"duration":200,"type":"pause"},{"button":0,"type":"pointerUp"}]}],"24b485ec-92a7-408e-ba56-78682df800a3"]
[debug] &amp#27;[38;5;32m[XCUITestDriver@55eb (24b485ec)]&amp#27;[0m Executing command 'performActions'
[debug] &amp#27;[38;5;32m[XCUITestDriver@55eb (24b485ec)]&amp#27;[0m Received the following W3C actions: [
[debug] &amp#27;[38;5;32m[XCUITestDriver@55eb (24b485ec)]&amp#27;[0m   {
[debug] &amp#27;[38;5;32m[XCUITestDriver@55eb (24b485ec)]&amp#27;[0m     "id": "finger1",
[debug] &amp#27;[38;5;32m[XCUITestDriver@55eb (24b485ec)]&amp#27;[0m     "type": "pointer",
[debug] &amp#27;[38;5;32m[XCUITestDriver@55eb (24b485ec)]&amp#27;[0m     "parameters": {
[debug] &amp#27;[38;5;32m[XCUITestDriver@55eb (24b485ec)]&amp#27;[0m       "pointerType": "touch"
[debug] &amp#27;[38;5;32m[XCUITestDriver@55eb (24b485ec)]&amp#27;[0m     },
[debug] &amp#27;[38;5;32m[XCUITestDriver@55eb (24b485ec)]&amp#27;[0m     "actions": [
[debug] &amp#27;[38;5;32m[XCUITestDriver@55eb (24b485ec)]&amp#27;[0m       {
[debug] &amp#27;[38;5;32m[XCUITestDriver@55eb (24b485ec)]&amp#27;[0m         "duration": 0,
[debug] &amp#27;[38;5;32m[XCUITestDriver@55eb (24b485ec)]&amp#27;[0m         "type": "pause"
[debug] &amp#27;[38;5;32m[XCUITestDriver@55eb (24b485ec)]&amp#27;[0m       },
[debug] &amp#27;[38;5;32m[XCUITestDriver@55eb (24b485ec)]&amp#27;[0m       {
[debug] &amp#27;[38;5;32m[XCUITestDriver@55eb (24b485ec)]&amp#27;[0m         "duration": 0,
[debug] &amp#27;[38;5;32m[XCUITestDriver@55eb (24b485ec)]&amp#27;[0m         "x": 65,
[debug] &amp#27;[38;5;32m[XCUITestDriver@55eb (24b485ec)]&amp#27;[0m         "y": 790,
[debug] &amp#27;[38;5;32m[XCUITestDriver@55eb (24b485ec)]&amp#27;[0m         "type": "pointerMove",
[debug] &amp#27;[38;5;32m[XCUITestDriver@55eb (24b485ec)]&amp#27;[0m         "origin": "viewport"
[debug] &amp#27;[38;5;32m[XCUITestDriver@55eb (24b485ec)]&amp#27;[0m       },
[debug] &amp#27;[38;5;32m[XCUITestDriver@55eb (24b485ec)]&amp#27;[0m       {
[debug] &amp#27;[38;5;32m[XCUITestDriver@55eb (24b485ec)]&amp#27;[0m         "button": 0,
[debug] &amp#27;[38;5;32m[XCUITestDriver@55eb (24b485ec)]&amp#27;[0m         "type": "pointerDown"
[debug] &amp#27;[38;5;32m[XCUITestDriver@55eb (24b485ec)]&amp#27;[0m       },
[debug] &amp#27;[38;5;32m[XCUITestDriver@55eb (24b485ec)]&amp#27;[0m       {
[debug] &amp#27;[38;5;32m[XCUITestDriver@55eb (24b485ec)]&amp#27;[0m         "duration": 200,
[debug] &amp#27;[38;5;32m[XCUITestDriver@55eb (24b485ec)]&amp#27;[0m         "type": "pause"
[debug] &amp#27;[38;5;32m[XCUITestDriver@55eb (24b485ec)]&amp#27;[0m       },
[debug] &amp#27;[38;5;32m[XCUITestDriver@55eb (24b485ec)]&amp#27;[0m       {
[debug] &amp#27;[38;5;32m[XCUITestDriver@55eb (24b485ec)]&amp#27;[0m         "button": 0,
[debug] &amp#27;[38;5;32m[XCUITestDriver@55eb (24b485ec)]&amp#27;[0m         "type": "pointerUp"
[debug] &amp#27;[38;5;32m[XCUITestDriver@55eb (24b485ec)]&amp#27;[0m       }
[debug] &amp#27;[38;5;32m[XCUITestDriver@55eb (24b485ec)]&amp#27;[0m     ]
[debug] &amp#27;[38;5;32m[XCUITestDriver@55eb (24b485ec)]&amp#27;[0m   }
[debug] &amp#27;[38;5;32m[XCUITestDriver@55eb (24b485ec)]&amp#27;[0m ]
[debug] &amp#27;[38;5;32m[XCUITestDriver@55eb (24b485ec)]&amp#27;[0m Preprocessed actions: [
[debug] &amp#27;[38;5;32m[XCUITestDriver@55eb (24b485ec)]&amp#27;[0m   {
[debug] &amp#27;[38;5;32m[XCUITestDriver@55eb (24b485ec)]&amp#27;[0m     "id": "finger1",
[debug] &amp#27;[38;5;32m[XCUITestDriver@55eb (24b485ec)]&amp#27;[0m     "type": "pointer",
[debug] &amp#27;[38;5;32m[XCUITestDriver@55eb (24b485ec)]&amp#27;[0m     "parameters": {
[debug] &amp#27;[38;5;32m[XCUITestDriver@55eb (24b485ec)]&amp#27;[0m       "pointerType": "touch"
[debug] &amp#27;[38;5;32m[XCUITestDriver@55eb (24b485ec)]&amp#27;[0m     },
[debug] &amp#27;[38;5;32m[XCUITestDriver@55eb (24b485ec)]&amp#27;[0m     "actions": [
[debug] &amp#27;[38;5;32m[XCUITestDriver@55eb (24b485ec)]&amp#27;[0m       {
[debug] &amp#27;[38;5;32m[XCUITestDriver@55eb (24b485ec)]&amp#27;[0m         "duration": 0,
[debug] &amp#27;[38;5;32m[XCUITestDriver@55eb (24b485ec)]&amp#27;[0m         "x": 65,
[debug] &amp#27;[38;5;32m[XCUITestDriver@55eb (24b485ec)]&amp#27;[0m         "y": 790,
[debug] &amp#27;[38;5;32m[XCUITestDriver@55eb (24b485ec)]&amp#27;[0m         "type": "pointerMove",
[debug] &amp#27;[38;5;32m[XCUITestDriver@55eb (24b485ec)]&amp#27;[0m         "origin": "viewport"
[debug] &amp#27;[38;5;32m[XCUITestDriver@55eb (24b485ec)]&amp#27;[0m       },
[debug] &amp#27;[38;5;32m[XCUITestDriver@55eb (24b485ec)]&amp#27;[0m       {
[debug] &amp#27;[38;5;32m[XCUITestDriver@55eb (24b485ec)]&amp#27;[0m         "button": 0,
[debug] &amp#27;[38;5;32m[XCUITestDriver@55eb (24b485ec)]&amp#27;[0m         "type": "pointerDown"
[debug] &amp#27;[38;5;32m[XCUITestDriver@55eb (24b485ec)]&amp#27;[0m       },
[debug] &amp#27;[38;5;32m[XCUITestDriver@55eb (24b485ec)]&amp#27;[0m       {
[debug] &amp#27;[38;5;32m[XCUITestDriver@55eb (24b485ec)]&amp#27;[0m         "duration": 200,
[debug] &amp#27;[38;5;32m[XCUITestDriver@55eb (24b485ec)]&amp#27;[0m         "type": "pause"
[debug] &amp#27;[38;5;32m[XCUITestDriver@55eb (24b485ec)]&amp#27;[0m       },
[debug] &amp#27;[38;5;32m[XCUITestDriver@55eb (24b485ec)]&amp#27;[0m       {
[debug] &amp#27;[38;5;32m[XCUITestDriver@55eb (24b485ec)]&amp#27;[0m         "button": 0,
[debug] &amp#27;[38;5;32m[XCUITestDriver@55eb (24b485ec)]&amp#27;[0m         "type": "pointerUp"
[debug] &amp#27;[38;5;32m[XCUITestDriver@55eb (24b485ec)]&amp#27;[0m       }
[debug] &amp#27;[38;5;32m[XCUITestDriver@55eb (24b485ec)]&amp#27;[0m     ]
[debug] &amp#27;[38;5;32m[XCUITestDriver@55eb (24b485ec)]&amp#27;[0m   }
[debug] &amp#27;[38;5;32m[XCUITestDriver@55eb (24b485ec)]&amp#27;[0m ]
[debug] &amp#27;[38;5;32m[XCUITestDriver@55eb (24b485ec)]&amp#27;[0m Matched '/actions' to command name 'performActions'
[debug] &amp#27;[38;5;32m[XCUITestDriver@55eb (24b485ec)]&amp#27;[0m Proxying [POST /actions] to [POST http://127.0.0.1:8100/session/56D70ACD-A8F3-4900-A498-C9E849921D48/actions] with body: {"actions":[{"id":"finger1","type":"pointer","parameters":{"pointerType":"touch"},"actions":[{"duration":0,"x":65,"y":790,"type":"pointerMove","origin":"viewport"},{"button":0,"type":"pointerDown"},{"duration":200,"type":"pause"},{"button":0,"type":"pointerUp"}]}]}
[debug] &amp#27;[38;5;32m[XCUITestDriver@55eb (24b485ec)]&amp#27;[0m Got response with status 200: {"value":null,"sessionId":"56D70ACD-A8F3-4900-A498-C9E849921D48"}
[debug] &amp#27;[38;5;32m[XCUITestDriver@55eb (24b485ec)]&amp#27;[0m Responding to client with driver.performActions() result: null
&amp#27;[38;5;0m[HTTP]&amp#27;[0m &amp#27;[37m<-- POST /session/24b485ec-92a7-408e-ba56-78682df800a3/actions &amp#27;[39m&amp#27;[32m200&amp#27;[39m &amp#27;[90m778 ms - 14&amp#27;[39m
&amp#27;[38;5;0m[HTTP]&amp#27;[0m &amp#27;[90m&amp#27;[39m
&amp#27;[38;5;0m[HTTP]&amp#27;[0m &amp#27;[37m-->&amp#27;[39m &amp#27;[37mPOST&amp#27;[39m &amp#27;[37m/session/24b485ec-92a7-408e-ba56-78682df800a3/element&amp#27;[39m
&amp#27;[38;5;0m[HTTP]&amp#27;[0m &amp#27;[90m{"using":"xpath","value":"//XCUIElementTypeStaticText[@name='Products']"}&amp#27;[39m
[debug] &amp#27;[38;5;32m[XCUITestDriver@55eb (24b485ec)]&amp#27;[0m Calling AppiumDriver.findElement() with args: ["xpath","//XCUIElementTypeStaticText[@name='Products']","24b485ec-92a7-408e-ba56-78682df800a3"]
[debug] &amp#27;[38;5;32m[XCUITestDriver@55eb (24b485ec)]&amp#27;[0m Executing command 'findElement'
[debug] &amp#27;[38;5;32m[XCUITestDriver@55eb (24b485ec)]&amp#27;[0m Valid locator strategies for this request: xpath, id, name, class name, -ios predicate string, -ios class chain, accessibility id, css selector
[debug] &amp#27;[38;5;32m[XCUITestDriver@55eb (24b485ec)]&amp#27;[0m Waiting up to 0 ms for condition
[debug] &amp#27;[38;5;32m[XCUITestDriver@55eb (24b485ec)]&amp#27;[0m Matched '/element' to command name 'findElement'
[debug] &amp#27;[38;5;32m[XCUITestDriver@55eb (24b485ec)]&amp#27;[0m Proxying [POST /element] to [POST http://127.0.0.1:8100/session/56D70ACD-A8F3-4900-A498-C9E849921D48/element] with body: {"using":"xpath","value":"//XCUIElementTypeStaticText[@name='Products']"}
[debug] &amp#27;[38;5;32m[XCUITestDriver@55eb (24b485ec)]&amp#27;[0m Got response with status 200: {"value":{"ELEMENT":"5B000000-0000-0000-1421-010000000000","element-6066-11e4-a52e-4f735466cecf":"5B000000-0000-0000-1421-010000000000"},"sessionId":"56D70ACD-A8F3-4900-A498-C9E849921D48"}
[debug] &amp#27;[38;5;32m[XCUITestDriver@55eb (24b485ec)]&amp#27;[0m Responding to client with driver.findElement() result: {"element-6066-11e4-a52e-4f735466cecf":"5B000000-0000-0000-1421-010000000000","ELEMENT":"5B000000-0000-0000-1421-010000000000"}
&amp#27;[38;5;0m[HTTP]&amp#27;[0m &amp#27;[37m<-- POST /session/24b485ec-92a7-408e-ba56-78682df800a3/element &amp#27;[39m&amp#27;[32m200&amp#27;[39m &amp#27;[90m2800 ms - 137&amp#27;[39m
&amp#27;[38;5;0m[HTTP]&amp#27;[0m &amp#27;[90m&amp#27;[39m
&amp#27;[38;5;0m[HTTP]&amp#27;[0m &amp#27;[37m-->&amp#27;[39m &amp#27;[37mGET&amp#27;[39m &amp#27;[37m/session/24b485ec-92a7-408e-ba56-78682df800a3/element/5B000000-0000-0000-1421-010000000000/displayed&amp#27;[39m
&amp#27;[38;5;0m[HTTP]&amp#27;[0m &amp#27;[90m{}&amp#27;[39m
&amp#27;[38;5;32m[XCUITestDriver@55eb (24b485ec)]&amp#27;[0m Driver proxy active, passing request on via HTTP proxy
[debug] &amp#27;[38;5;32m[XCUITestDriver@55eb (24b485ec)]&amp#27;[0m Executing command 'proxyReqRes'
[debug] &amp#27;[38;5;32m[XCUITestDriver@55eb (24b485ec)]&amp#27;[0m Matched '/session/24b485ec-92a7-408e-ba56-78682df800a3/element/5B000000-0000-0000-1421-010000000000/displayed' to command name 'elementDisplayed'
[debug] &amp#27;[38;5;32m[XCUITestDriver@55eb (24b485ec)]&amp#27;[0m Proxying [GET /session/24b485ec-92a7-408e-ba56-78682df800a3/element/5B000000-0000-0000-1421-010000000000/displayed] to [GET http://127.0.0.1:8100/session/56D70ACD-A8F3-4900-A498-C9E849921D48/element/5B000000-0000-0000-1421-010000000000/displayed] with no body
[debug] &amp#27;[38;5;32m[XCUITestDriver@55eb (24b485ec)]&amp#27;[0m Got response with status 200: {"value":false,"sessionId":"56D70ACD-A8F3-4900-A498-C9E849921D48"}
&amp#27;[38;5;32m[XCUITestDriver@55eb (24b485ec)]&amp#27;[0m Replacing sessionId 56D70ACD-A8F3-4900-A498-C9E849921D48 with 24b485ec-92a7-408e-ba56-78682df800a3
&amp#27;[38;5;0m[HTTP]&amp#27;[0m &amp#27;[37m<-- GET /session/24b485ec-92a7-408e-ba56-78682df800a3/element/5B000000-0000-0000-1421-010000000000/displayed &amp#27;[39m&amp#27;[32m200&amp#27;[39m &amp#27;[90m172 ms - 66&amp#27;[39m
&amp#27;[38;5;0m[HTTP]&amp#27;[0m &amp#27;[90m&amp#27;[39m
  Given User is on Cataloge page               # StepDefinations.NavigationSteps.user_is_on_cataloge_page()
&amp#27;[38;5;0m[HTTP]&amp#27;[0m &amp#27;[37m-->&amp#27;[39m &amp#27;[37mGET&amp#27;[39m &amp#27;[37m/session/24b485ec-92a7-408e-ba56-78682df800a3/screenshot&amp#27;[39m
&amp#27;[38;5;0m[HTTP]&amp#27;[0m &amp#27;[90m{}&amp#27;[39m
[debug] &amp#27;[38;5;32m[XCUITestDriver@55eb (24b485ec)]&amp#27;[0m Calling AppiumDriver.getScreenshot() with args: ["24b485ec-92a7-408e-ba56-78682df800a3"]
[debug] &amp#27;[38;5;32m[XCUITestDriver@55eb (24b485ec)]&amp#27;[0m Executing command 'getScreenshot'
[debug] &amp#27;[38;5;32m[XCUITestDriver@55eb (24b485ec)]&amp#27;[0m Taking screenshot with WDA
[debug] &amp#27;[38;5;32m[XCUITestDriver@55eb (24b485ec)]&amp#27;[0m Matched '/screenshot' to command name 'getScreenshot'
[debug] &amp#27;[38;5;32m[XCUITestDriver@55eb (24b485ec)]&amp#27;[0m Proxying [GET /screenshot] to [GET http://127.0.0.1:8100/session/56D70ACD-A8F3-4900-A498-C9E849921D48/screenshot] with no body
[debug] &amp#27;[38;5;32m[XCUITestDriver@55eb (24b485ec)]&amp#27;[0m Got response with status 200: {"value":"iVBORw0KGgoAAAANSUhEUgAABJIAAAnkCAYAAABWQUsDAAAAAXNSR0IArs4c6QAAADhlWElmTU0AKgAAAAgAAYdpAAQAAAABAAAAGgAAAAAAAqACAAQAAAABAAAEkqADAAQAAAABAAAJ5AAAAADoPni0AAAAHGlET1QAAAACAAAAAAAABPIAAAAoAAAE8gAABPIADXo2MJ1otAAAQABJREFUeAHs3QeYHPWZ5/H1+W5957uzb3dvvfY6YILJYHLGEXu93vU67dleB2yv12GNI7bJYEBCIkhIQiAJRE4iB4kgkkSQACEwOeecg4Q0nfu99/dOV1PT0z1T3dOT8Leep56e6amu8Knqlurt933/f2FMCCCAAAIIIIAAAggggAACCCCAAAIIZBD4iwzLsAgCCCCAAAIIIIAAAggggAACCCCAAAJGIImLAAEEEEAAAQQQQAABBBBAAAEEEEAgkwCBpExMLIQAAggggAACCCCAAAIIIIAAAgggQCCJawABBBBAAAEEEEAAAQQQQAABBBBAIJMAgaRMTCyEAAIIIIAAAggggAACCCCAAAIIIEAgiWsAAQQQQAABBBBAAAEEEEAAAQQQQCCTAIGkTEwshAACCCCAAAIIIIAAAggggAACCCBAIIlrAAEEEEAAAQQQQAABBBBAAAEEEEAgkwCBpExMLIQAAggggAACCCCAAAIIIIAAAgggQCCJawABBBBAAAEEEEAAAQQQQAABBBBAIJMAgaRMTCyEAAIIIIAAAggggAACCCCAAAIIIEAgiWsAAQQQQAABBBBAAAEEEEAAAQQQQCCTAIGkTEwshAACCCCAAAIIIIAAAggggAACCCBAIIlrAAEEEEAAAQQQQAABBBBAAAEEEEAgkwCBpExMLIQAAggggAACCCCAAAIIIIAAAgggQCCJawABBBBAAAEEEEAAAQQQQAABBBBAIJMAgaRMTCyEAAIIIIAAAggggAACCCCAAAIIIEAgiWsAAQQQQAABBBBAAAEEEEA...
[debug] &amp#27;[38;5;32m[XCUITestDriver@55eb (24b485ec)]&amp#27;[0m Responding to client with driver.getScreenshot() result: "iVBORw0KGgoAAAANSUhEUgAABJIAAAnkCAYAAABWQUsDAAAAAXNSR0IArs4c6QAAADhlWElmTU0AKgAAAAgAAYdpAAQAAAABAAAAGgAAAAAAAqACAAQAAAABAAAEkqADAAQAAAABAAAJ5AAAAADoPni0AAAAHGlET1QAAAACAAAAAAAABPIAAAAoAAAE8gAABPIADXo2MJ1otAAAQABJREFUeAHs3QeYHPWZ5/H1+W5957uzb3dvvfY6YILJYHLGEXu93vU67dleB2yv12GNI7bJYEBCIkhIQiAJRE4iB4kgkkSQACEwOeecg4Q0nfu99/dOV1PT0z1T3dOT8Leep56e6amu8Knqlurt933/f2FMCCCAAAIIIIAAAggggAACCCCAAAIIZBD4iwzLsAgCCCCAAAIIIIAAAggggAACCCCAAAJGIImLAAEEEEAAAQQQQAABBBBAAAEEEEAgkwCBpExMLIQAAggggAACCCCAAAIIIIAAAgggQCCJawABBBBAAAEEEEAAAQQQQAABBBBAIJMAgaRMTCyEAAIIIIAAAggggAACCCCAAAIIIEAgiWsAAQQQQAABBBBAAAEEEEAAAQQQQCCTAIGkTEwshAACCCCAAAIIIIAAAggggAACCCBAIIlrAAEEEEAAAQQQQAABBBBAAAEEEEAgkwCBpExMLIQAAggggAACCCCAAAIIIIAAAgggQCCJawABBBBAAAEEEEAAAQQQQAABBBBAIJMAgaRMTCyEAAIIIIAAAggggAACCCCAAAIIIEAgiWsAAQQQQAABBBBAAAEEEEAAAQQQQCCTAIGkTEwshAACCCCAAAIIIIAAAggggAACCCBAIIlrAAEEEEAAAQQQQAABBBBAAAEEEEAgkwCBpExMLIQAAggggAACCCCAAAIIIIAAAgggQCCJawABBBBAAAEEEEAAAQQQQAABBBBAIJMAgaRMTCyEAAIIIIAAAggggAACCCCAAAIIIEAgiWsAAQQQQAABBBBAAAEEEEAAAQQQQCCT...
&amp#27;[38;5;0m[HTTP]&amp#27;[0m &amp#27;[37m<-- GET /session/24b485ec-92a7-408e-ba56-78682df800a3/screenshot &amp#27;[39m&amp#27;[32m200&amp#27;[39m &amp#27;[90m487 ms - 1867480&amp#27;[39m
&amp#27;[38;5;0m[HTTP]&amp#27;[0m &amp#27;[90m&amp#27;[39m

    Embedding screenshot [image/png 1400600 bytes]

&amp#27;[38;5;0m[HTTP]&amp#27;[0m &amp#27;[37m-->&amp#27;[39m &amp#27;[37mPOST&amp#27;[39m &amp#27;[37m/session/24b485ec-92a7-408e-ba56-78682df800a3/element&amp#27;[39m
&amp#27;[38;5;0m[HTTP]&amp#27;[0m &amp#27;[90m{"using":"xpath","value":"//XCUIElementTypeButton[@name='tab bar option cart']"}&amp#27;[39m
[debug] &amp#27;[38;5;32m[XCUITestDriver@55eb (24b485ec)]&amp#27;[0m Calling AppiumDriver.findElement() with args: ["xpath","//XCUIElementTypeButton[@name='tab bar option cart']","24b485ec-92a7-408e-ba56-78682df800a3"]
[debug] &amp#27;[38;5;32m[XCUITestDriver@55eb (24b485ec)]&amp#27;[0m Executing command 'findElement'
[debug] &amp#27;[38;5;32m[XCUITestDriver@55eb (24b485ec)]&amp#27;[0m Valid locator strategies for this request: xpath, id, name, class name, -ios predicate string, -ios class chain, accessibility id, css selector
[debug] &amp#27;[38;5;32m[XCUITestDriver@55eb (24b485ec)]&amp#27;[0m Waiting up to 0 ms for condition
[debug] &amp#27;[38;5;32m[XCUITestDriver@55eb (24b485ec)]&amp#27;[0m Matched '/element' to command name 'findElement'
[debug] &amp#27;[38;5;32m[XCUITestDriver@55eb (24b485ec)]&amp#27;[0m Proxying [POST /element] to [POST http://127.0.0.1:8100/session/56D70ACD-A8F3-4900-A498-C9E849921D48/element] with body: {"using":"xpath","value":"//XCUIElementTypeButton[@name='tab bar option cart']"}
[debug] &amp#27;[38;5;32m[XCUITestDriver@55eb (24b485ec)]&amp#27;[0m Got response with status 200: {"value":{"ELEMENT":"34000000-0000-0000-1421-010000000000","element-6066-11e4-a52e-4f735466cecf":"34000000-0000-0000-1421-010000000000"},"sessionId":"56D70ACD-A8F3-4900-A498-C9E849921D48"}
[debug] &amp#27;[38;5;32m[XCUITestDriver@55eb (24b485ec)]&amp#27;[0m Responding to client with driver.findElement() result: {"element-6066-11e4-a52e-4f735466cecf":"34000000-0000-0000-1421-010000000000","ELEMENT":"34000000-0000-0000-1421-010000000000"}
&amp#27;[38;5;0m[HTTP]&amp#27;[0m &amp#27;[37m<-- POST /session/24b485ec-92a7-408e-ba56-78682df800a3/element &amp#27;[39m&amp#27;[32m200&amp#27;[39m &amp#27;[90m2582 ms - 137&amp#27;[39m
&amp#27;[38;5;0m[HTTP]&amp#27;[0m &amp#27;[90m&amp#27;[39m
&amp#27;[38;5;0m[HTTP]&amp#27;[0m &amp#27;[37m-->&amp#27;[39m &amp#27;[37mGET&amp#27;[39m &amp#27;[37m/session/24b485ec-92a7-408e-ba56-78682df800a3/element/34000000-0000-0000-1421-010000000000/displayed&amp#27;[39m
&amp#27;[38;5;0m[HTTP]&amp#27;[0m &amp#27;[90m{}&amp#27;[39m
&amp#27;[38;5;32m[XCUITestDriver@55eb (24b485ec)]&amp#27;[0m Driver proxy active, passing request on via HTTP proxy
[debug] &amp#27;[38;5;32m[XCUITestDriver@55eb (24b485ec)]&amp#27;[0m Executing command 'proxyReqRes'
[debug] &amp#27;[38;5;32m[XCUITestDriver@55eb (24b485ec)]&amp#27;[0m Matched '/session/24b485ec-92a7-408e-ba56-78682df800a3/element/34000000-0000-0000-1421-010000000000/displayed' to command name 'elementDisplayed'
[debug] &amp#27;[38;5;32m[XCUITestDriver@55eb (24b485ec)]&amp#27;[0m Proxying [GET /session/24b485ec-92a7-408e-ba56-78682df800a3/element/34000000-0000-0000-1421-010000000000/displayed] to [GET http://127.0.0.1:8100/session/56D70ACD-A8F3-4900-A498-C9E849921D48/element/34000000-0000-0000-1421-010000000000/displayed] with no body
[debug] &amp#27;[38;5;32m[XCUITestDriver@55eb (24b485ec)]&amp#27;[0m Got response with status 200: {"value":true,"sessionId":"56D70ACD-A8F3-4900-A498-C9E849921D48"}
&amp#27;[38;5;32m[XCUITestDriver@55eb (24b485ec)]&amp#27;[0m Replacing sessionId 56D70ACD-A8F3-4900-A498-C9E849921D48 with 24b485ec-92a7-408e-ba56-78682df800a3
&amp#27;[38;5;0m[HTTP]&amp#27;[0m &amp#27;[37m<-- GET /session/24b485ec-92a7-408e-ba56-78682df800a3/element/34000000-0000-0000-1421-010000000000/displayed &amp#27;[39m&amp#27;[32m200&amp#27;[39m &amp#27;[90m173 ms - 65&amp#27;[39m
&amp#27;[38;5;0m[HTTP]&amp#27;[0m &amp#27;[90m&amp#27;[39m
&amp#27;[38;5;0m[HTTP]&amp#27;[0m &amp#27;[37m-->&amp#27;[39m &amp#27;[37mPOST&amp#27;[39m &amp#27;[37m/session/24b485ec-92a7-408e-ba56-78682df800a3/element&amp#27;[39m
&amp#27;[38;5;0m[HTTP]&amp#27;[0m &amp#27;[90m{"using":"xpath","value":"//XCUIElementTypeButton[@name='tab bar option cart']"}&amp#27;[39m
[debug] &amp#27;[38;5;32m[XCUITestDriver@55eb (24b485ec)]&amp#27;[0m Calling AppiumDriver.findElement() with args: ["xpath","//XCUIElementTypeButton[@name='tab bar option cart']","24b485ec-92a7-408e-ba56-78682df800a3"]
[debug] &amp#27;[38;5;32m[XCUITestDriver@55eb (24b485ec)]&amp#27;[0m Executing command 'findElement'
[debug] &amp#27;[38;5;32m[XCUITestDriver@55eb (24b485ec)]&amp#27;[0m Valid locator strategies for this request: xpath, id, name, class name, -ios predicate string, -ios class chain, accessibility id, css selector
[debug] &amp#27;[38;5;32m[XCUITestDriver@55eb (24b485ec)]&amp#27;[0m Waiting up to 0 ms for condition
[debug] &amp#27;[38;5;32m[XCUITestDriver@55eb (24b485ec)]&amp#27;[0m Matched '/element' to command name 'findElement'
[debug] &amp#27;[38;5;32m[XCUITestDriver@55eb (24b485ec)]&amp#27;[0m Proxying [POST /element] to [POST http://127.0.0.1:8100/session/56D70ACD-A8F3-4900-A498-C9E849921D48/element] with body: {"using":"xpath","value":"//XCUIElementTypeButton[@name='tab bar option cart']"}
[debug] &amp#27;[38;5;32m[XCUITestDriver@55eb (24b485ec)]&amp#27;[0m Got response with status 200: {"value":{"ELEMENT":"34000000-0000-0000-1421-010000000000","element-6066-11e4-a52e-4f735466cecf":"34000000-0000-0000-1421-010000000000"},"sessionId":"56D70ACD-A8F3-4900-A498-C9E849921D48"}
[debug] &amp#27;[38;5;32m[XCUITestDriver@55eb (24b485ec)]&amp#27;[0m Responding to client with driver.findElement() result: {"element-6066-11e4-a52e-4f735466cecf":"34000000-0000-0000-1421-010000000000","ELEMENT":"34000000-0000-0000-1421-010000000000"}
&amp#27;[38;5;0m[HTTP]&amp#27;[0m &amp#27;[37m<-- POST /session/24b485ec-92a7-408e-ba56-78682df800a3/element &amp#27;[39m&amp#27;[32m200&amp#27;[39m &amp#27;[90m2484 ms - 137&amp#27;[39m
&amp#27;[38;5;0m[HTTP]&amp#27;[0m &amp#27;[90m&amp#27;[39m
&amp#27;[38;5;0m[HTTP]&amp#27;[0m &amp#27;[37m-->&amp#27;[39m &amp#27;[37mGET&amp#27;[39m &amp#27;[37m/session/24b485ec-92a7-408e-ba56-78682df800a3/element/34000000-0000-0000-1421-010000000000/rect&amp#27;[39m
&amp#27;[38;5;0m[HTTP]&amp#27;[0m &amp#27;[90m{}&amp#27;[39m
&amp#27;[38;5;32m[XCUITestDriver@55eb (24b485ec)]&amp#27;[0m Driver proxy active, passing request on via HTTP proxy
[debug] &amp#27;[38;5;32m[XCUITestDriver@55eb (24b485ec)]&amp#27;[0m Executing command 'proxyReqRes'
[debug] &amp#27;[38;5;32m[XCUITestDriver@55eb (24b485ec)]&amp#27;[0m Matched '/session/24b485ec-92a7-408e-ba56-78682df800a3/element/34000000-0000-0000-1421-010000000000/rect' to command name 'getElementRect'
[debug] &amp#27;[38;5;32m[XCUITestDriver@55eb (24b485ec)]&amp#27;[0m Proxying [GET /session/24b485ec-92a7-408e-ba56-78682df800a3/element/34000000-0000-0000-1421-010000000000/rect] to [GET http://127.0.0.1:8100/session/56D70ACD-A8F3-4900-A498-C9E849921D48/element/34000000-0000-0000-1421-010000000000/rect] with no body
[debug] &amp#27;[38;5;32m[XCUITestDriver@55eb (24b485ec)]&amp#27;[0m Got response with status 200: {"value":{"y":765,"x":130,"width":130,"height":50},"sessionId":"56D70ACD-A8F3-4900-A498-C9E849921D48"}
&amp#27;[38;5;32m[XCUITestDriver@55eb (24b485ec)]&amp#27;[0m Replacing sessionId 56D70ACD-A8F3-4900-A498-C9E849921D48 with 24b485ec-92a7-408e-ba56-78682df800a3
&amp#27;[38;5;0m[HTTP]&amp#27;[0m &amp#27;[37m<-- GET /session/24b485ec-92a7-408e-ba56-78682df800a3/element/34000000-0000-0000-1421-010000000000/rect &amp#27;[39m&amp#27;[32m200&amp#27;[39m &amp#27;[90m197 ms - 102&amp#27;[39m
&amp#27;[38;5;0m[HTTP]&amp#27;[0m &amp#27;[90m&amp#27;[39m
&amp#27;[38;5;0m[HTTP]&amp#27;[0m &amp#27;[37m-->&amp#27;[39m &amp#27;[37mGET&amp#27;[39m &amp#27;[37m/session/24b485ec-92a7-408e-ba56-78682df800a3/element/34000000-0000-0000-1421-010000000000/rect&amp#27;[39m
&amp#27;[38;5;0m[HTTP]&amp#27;[0m &amp#27;[90m{}&amp#27;[39m
&amp#27;[38;5;32m[XCUITestDriver@55eb (24b485ec)]&amp#27;[0m Driver proxy active, passing request on via HTTP proxy
[debug] &amp#27;[38;5;32m[XCUITestDriver@55eb (24b485ec)]&amp#27;[0m Executing command 'proxyReqRes'
[debug] &amp#27;[38;5;32m[XCUITestDriver@55eb (24b485ec)]&amp#27;[0m Matched '/session/24b485ec-92a7-408e-ba56-78682df800a3/element/34000000-0000-0000-1421-010000000000/rect' to command name 'getElementRect'
[debug] &amp#27;[38;5;32m[XCUITestDriver@55eb (24b485ec)]&amp#27;[0m Proxying [GET /session/24b485ec-92a7-408e-ba56-78682df800a3/element/34000000-0000-0000-1421-010000000000/rect] to [GET http://127.0.0.1:8100/session/56D70ACD-A8F3-4900-A498-C9E849921D48/element/34000000-0000-0000-1421-010000000000/rect] with no body
[debug] &amp#27;[38;5;32m[XCUITestDriver@55eb (24b485ec)]&amp#27;[0m Got response with status 200: {"value":{"y":765,"x":130,"width":130,"height":50},"sessionId":"56D70ACD-A8F3-4900-A498-C9E849921D48"}
&amp#27;[38;5;32m[XCUITestDriver@55eb (24b485ec)]&amp#27;[0m Replacing sessionId 56D70ACD-A8F3-4900-A498-C9E849921D48 with 24b485ec-92a7-408e-ba56-78682df800a3
&amp#27;[38;5;0m[HTTP]&amp#27;[0m &amp#27;[37m<-- GET /session/24b485ec-92a7-408e-ba56-78682df800a3/element/34000000-0000-0000-1421-010000000000/rect &amp#27;[39m&amp#27;[32m200&amp#27;[39m &amp#27;[90m176 ms - 102&amp#27;[39m
&amp#27;[38;5;0m[HTTP]&amp#27;[0m &amp#27;[90m&amp#27;[39m
&amp#27;[38;5;0m[HTTP]&amp#27;[0m &amp#27;[37m-->&amp#27;[39m &amp#27;[37mPOST&amp#27;[39m &amp#27;[37m/session/24b485ec-92a7-408e-ba56-78682df800a3/actions&amp#27;[39m
&amp#27;[38;5;0m[HTTP]&amp#27;[0m &amp#27;[90m{"actions":[{"id":"finger1","type":"pointer","parameters":{"pointerType":"touch"},"actions":[{"duration":0,"type":"pause"},{"duration":0,"x":195,"y":790,"type":"pointerMove","origin":"viewport"},{"button":0,"type":"pointerDown"},{"duration":200,"type":"pause"},{"button":0,"type":"pointerUp"}]}]}&amp#27;[39m
[debug] &amp#27;[38;5;32m[XCUITestDriver@55eb (24b485ec)]&amp#27;[0m Calling AppiumDriver.performActions() with args: [[{"id":"finger1","type":"pointer","parameters":{"pointerType":"touch"},"actions":[{"duration":0,"type":"pause"},{"duration":0,"x":195,"y":790,"type":"pointerMove","origin":"viewport"},{"button":0,"type":"pointerDown"},{"duration":200,"type":"pause"},{"button":0,"type":"pointerUp"}]}],"24b485ec-92a7-408e-ba56-78682df800a3"]
[debug] &amp#27;[38;5;32m[XCUITestDriver@55eb (24b485ec)]&amp#27;[0m Executing command 'performActions'
[debug] &amp#27;[38;5;32m[XCUITestDriver@55eb (24b485ec)]&amp#27;[0m Received the following W3C actions: [
[debug] &amp#27;[38;5;32m[XCUITestDriver@55eb (24b485ec)]&amp#27;[0m   {
[debug] &amp#27;[38;5;32m[XCUITestDriver@55eb (24b485ec)]&amp#27;[0m     "id": "finger1",
[debug] &amp#27;[38;5;32m[XCUITestDriver@55eb (24b485ec)]&amp#27;[0m     "type": "pointer",
[debug] &amp#27;[38;5;32m[XCUITestDriver@55eb (24b485ec)]&amp#27;[0m     "parameters": {
[debug] &amp#27;[38;5;32m[XCUITestDriver@55eb (24b485ec)]&amp#27;[0m       "pointerType": "touch"
[debug] &amp#27;[38;5;32m[XCUITestDriver@55eb (24b485ec)]&amp#27;[0m     },
[debug] &amp#27;[38;5;32m[XCUITestDriver@55eb (24b485ec)]&amp#27;[0m     "actions": [
[debug] &amp#27;[38;5;32m[XCUITestDriver@55eb (24b485ec)]&amp#27;[0m       {
[debug] &amp#27;[38;5;32m[XCUITestDriver@55eb (24b485ec)]&amp#27;[0m         "duration": 0,
[debug] &amp#27;[38;5;32m[XCUITestDriver@55eb (24b485ec)]&amp#27;[0m         "type": "pause"
[debug] &amp#27;[38;5;32m[XCUITestDriver@55eb (24b485ec)]&amp#27;[0m       },
[debug] &amp#27;[38;5;32m[XCUITestDriver@55eb (24b485ec)]&amp#27;[0m       {
[debug] &amp#27;[38;5;32m[XCUITestDriver@55eb (24b485ec)]&amp#27;[0m         "duration": 0,
[debug] &amp#27;[38;5;32m[XCUITestDriver@55eb (24b485ec)]&amp#27;[0m         "x": 195,
[debug] &amp#27;[38;5;32m[XCUITestDriver@55eb (24b485ec)]&amp#27;[0m         "y": 790,
[debug] &amp#27;[38;5;32m[XCUITestDriver@55eb (24b485ec)]&amp#27;[0m         "type": "pointerMove",
[debug] &amp#27;[38;5;32m[XCUITestDriver@55eb (24b485ec)]&amp#27;[0m         "origin": "viewport"
[debug] &amp#27;[38;5;32m[XCUITestDriver@55eb (24b485ec)]&amp#27;[0m       },
[debug] &amp#27;[38;5;32m[XCUITestDriver@55eb (24b485ec)]&amp#27;[0m       {
[debug] &amp#27;[38;5;32m[XCUITestDriver@55eb (24b485ec)]&amp#27;[0m         "button": 0,
[debug] &amp#27;[38;5;32m[XCUITestDriver@55eb (24b485ec)]&amp#27;[0m         "type": "pointerDown"
[debug] &amp#27;[38;5;32m[XCUITestDriver@55eb (24b485ec)]&amp#27;[0m       },
[debug] &amp#27;[38;5;32m[XCUITestDriver@55eb (24b485ec)]&amp#27;[0m       {
[debug] &amp#27;[38;5;32m[XCUITestDriver@55eb (24b485ec)]&amp#27;[0m         "duration": 200,
[debug] &amp#27;[38;5;32m[XCUITestDriver@55eb (24b485ec)]&amp#27;[0m         "type": "pause"
[debug] &amp#27;[38;5;32m[XCUITestDriver@55eb (24b485ec)]&amp#27;[0m       },
[debug] &amp#27;[38;5;32m[XCUITestDriver@55eb (24b485ec)]&amp#27;[0m       {
[debug] &amp#27;[38;5;32m[XCUITestDriver@55eb (24b485ec)]&amp#27;[0m         "button": 0,
[debug] &amp#27;[38;5;32m[XCUITestDriver@55eb (24b485ec)]&amp#27;[0m         "type": "pointerUp"
[debug] &amp#27;[38;5;32m[XCUITestDriver@55eb (24b485ec)]&amp#27;[0m       }
[debug] &amp#27;[38;5;32m[XCUITestDriver@55eb (24b485ec)]&amp#27;[0m     ]
[debug] &amp#27;[38;5;32m[XCUITestDriver@55eb (24b485ec)]&amp#27;[0m   }
[debug] &amp#27;[38;5;32m[XCUITestDriver@55eb (24b485ec)]&amp#27;[0m ]
[debug] &amp#27;[38;5;32m[XCUITestDriver@55eb (24b485ec)]&amp#27;[0m Preprocessed actions: [
[debug] &amp#27;[38;5;32m[XCUITestDriver@55eb (24b485ec)]&amp#27;[0m   {
[debug] &amp#27;[38;5;32m[XCUITestDriver@55eb (24b485ec)]&amp#27;[0m     "id": "finger1",
[debug] &amp#27;[38;5;32m[XCUITestDriver@55eb (24b485ec)]&amp#27;[0m     "type": "pointer",
[debug] &amp#27;[38;5;32m[XCUITestDriver@55eb (24b485ec)]&amp#27;[0m     "parameters": {
[debug] &amp#27;[38;5;32m[XCUITestDriver@55eb (24b485ec)]&amp#27;[0m       "pointerType": "touch"
[debug] &amp#27;[38;5;32m[XCUITestDriver@55eb (24b485ec)]&amp#27;[0m     },
[debug] &amp#27;[38;5;32m[XCUITestDriver@55eb (24b485ec)]&amp#27;[0m     "actions": [
[debug] &amp#27;[38;5;32m[XCUITestDriver@55eb (24b485ec)]&amp#27;[0m       {
[debug] &amp#27;[38;5;32m[XCUITestDriver@55eb (24b485ec)]&amp#27;[0m         "duration": 0,
[debug] &amp#27;[38;5;32m[XCUITestDriver@55eb (24b485ec)]&amp#27;[0m         "x": 195,
[debug] &amp#27;[38;5;32m[XCUITestDriver@55eb (24b485ec)]&amp#27;[0m         "y": 790,
[debug] &amp#27;[38;5;32m[XCUITestDriver@55eb (24b485ec)]&amp#27;[0m         "type": "pointerMove",
[debug] &amp#27;[38;5;32m[XCUITestDriver@55eb (24b485ec)]&amp#27;[0m         "origin": "viewport"
[debug] &amp#27;[38;5;32m[XCUITestDriver@55eb (24b485ec)]&amp#27;[0m       },
[debug] &amp#27;[38;5;32m[XCUITestDriver@55eb (24b485ec)]&amp#27;[0m       {
[debug] &amp#27;[38;5;32m[XCUITestDriver@55eb (24b485ec)]&amp#27;[0m         "button": 0,
[debug] &amp#27;[38;5;32m[XCUITestDriver@55eb (24b485ec)]&amp#27;[0m         "type": "pointerDown"
[debug] &amp#27;[38;5;32m[XCUITestDriver@55eb (24b485ec)]&amp#27;[0m       },
[debug] &amp#27;[38;5;32m[XCUITestDriver@55eb (24b485ec)]&amp#27;[0m       {
[debug] &amp#27;[38;5;32m[XCUITestDriver@55eb (24b485ec)]&amp#27;[0m         "duration": 200,
[debug] &amp#27;[38;5;32m[XCUITestDriver@55eb (24b485ec)]&amp#27;[0m         "type": "pause"
[debug] &amp#27;[38;5;32m[XCUITestDriver@55eb (24b485ec)]&amp#27;[0m       },
[debug] &amp#27;[38;5;32m[XCUITestDriver@55eb (24b485ec)]&amp#27;[0m       {
[debug] &amp#27;[38;5;32m[XCUITestDriver@55eb (24b485ec)]&amp#27;[0m         "button": 0,
[debug] &amp#27;[38;5;32m[XCUITestDriver@55eb (24b485ec)]&amp#27;[0m         "type": "pointerUp"
[debug] &amp#27;[38;5;32m[XCUITestDriver@55eb (24b485ec)]&amp#27;[0m       }
[debug] &amp#27;[38;5;32m[XCUITestDriver@55eb (24b485ec)]&amp#27;[0m     ]
[debug] &amp#27;[38;5;32m[XCUITestDriver@55eb (24b485ec)]&amp#27;[0m   }
[debug] &amp#27;[38;5;32m[XCUITestDriver@55eb (24b485ec)]&amp#27;[0m ]
[debug] &amp#27;[38;5;32m[XCUITestDriver@55eb (24b485ec)]&amp#27;[0m Matched '/actions' to command name 'performActions'
[debug] &amp#27;[38;5;32m[XCUITestDriver@55eb (24b485ec)]&amp#27;[0m Proxying [POST /actions] to [POST http://127.0.0.1:8100/session/56D70ACD-A8F3-4900-A498-C9E849921D48/actions] with body: {"actions":[{"id":"finger1","type":"pointer","parameters":{"pointerType":"touch"},"actions":[{"duration":0,"x":195,"y":790,"type":"pointerMove","origin":"viewport"},{"button":0,"type":"pointerDown"},{"duration":200,"type":"pause"},{"button":0,"type":"pointerUp"}]}]}
[debug] &amp#27;[38;5;32m[XCUITestDriver@55eb (24b485ec)]&amp#27;[0m Got response with status 200: {"value":null,"sessionId":"56D70ACD-A8F3-4900-A498-C9E849921D48"}
[debug] &amp#27;[38;5;32m[XCUITestDriver@55eb (24b485ec)]&amp#27;[0m Responding to client with driver.performActions() result: null
&amp#27;[38;5;0m[HTTP]&amp#27;[0m &amp#27;[37m<-- POST /session/24b485ec-92a7-408e-ba56-78682df800a3/actions &amp#27;[39m&amp#27;[32m200&amp#27;[39m &amp#27;[90m818 ms - 14&amp#27;[39m
&amp#27;[38;5;0m[HTTP]&amp#27;[0m &amp#27;[90m&amp#27;[39m
  When User navigates to cart page             # StepDefinations.ProductSteps.user_navigates_to_cart_page()
&amp#27;[38;5;0m[HTTP]&amp#27;[0m &amp#27;[37m-->&amp#27;[39m &amp#27;[37mGET&amp#27;[39m &amp#27;[37m/session/24b485ec-92a7-408e-ba56-78682df800a3/screenshot&amp#27;[39m
&amp#27;[38;5;0m[HTTP]&amp#27;[0m &amp#27;[90m{}&amp#27;[39m
[debug] &amp#27;[38;5;32m[XCUITestDriver@55eb (24b485ec)]&amp#27;[0m Calling AppiumDriver.getScreenshot() with args: ["24b485ec-92a7-408e-ba56-78682df800a3"]
[debug] &amp#27;[38;5;32m[XCUITestDriver@55eb (24b485ec)]&amp#27;[0m Executing command 'getScreenshot'
[debug] &amp#27;[38;5;32m[XCUITestDriver@55eb (24b485ec)]&amp#27;[0m Taking screenshot with WDA
[debug] &amp#27;[38;5;32m[XCUITestDriver@55eb (24b485ec)]&amp#27;[0m Matched '/screenshot' to command name 'getScreenshot'
[debug] &amp#27;[38;5;32m[XCUITestDriver@55eb (24b485ec)]&amp#27;[0m Proxying [GET /screenshot] to [GET http://127.0.0.1:8100/session/56D70ACD-A8F3-4900-A498-C9E849921D48/screenshot] with no body
[debug] &amp#27;[38;5;32m[XCUITestDriver@55eb (24b485ec)]&amp#27;[0m Got response with status 200: {"value":"iVBORw0KGgoAAAANSUhEUgAABJIAAAnkCAYAAABWQUsDAAAAAXNSR0IArs4c6QAAADhlWElmTU0AKgAAAAgAAYdpAAQAAAABAAAAGgAAAAAAAqACAAQAAAABAAAEkqADAAQAAAABAAAJ5AAAAADoPni0AAAAHGlET1QAAAACAAAAAAAABPIAAAAoAAAE8gAABPIABh7GgOTb6gAAQABJREFUeAHs3QmcLFtdH/CHiERECBERlFUQ0YcYRRFF3FhUFBQhogiIErfgwqIgKhLhCSKboKIEBeUZNtEQRRBF0IAGgsqqAgIKiOw73Ol1Kud3pqtfTd/umeqZnvv63vutz6fpuT3VtXzrdPPqN+d/zgWNhQABAgQIECBAgAABAgQIECBAgEAPgQt6rGMVAgQIECBAgAABAgQIECBAgAABAo0gSSMgQIAAAQIECBAgQIAAAQIECBDoJSBI6sVkJQIECBAgQIAAAQIECBAgQIAAAUGSNkCAAAECBAgQIECAAAECBAgQINBLQJDUi8lKBAgQIECAAAECBAgQIECAAAECgiRtgAABAgQIECBAgAABAgQIECBAoJeAIKkXk5UIECBAgAABAgQIECBAgAABAgQESdoAAQIECBAgQIAAAQIECBAgQIBALwFBUi8mKxEgQIAAAQIECBAgQIAAAQIECAiStAECBAgQIECAAAECBAgQIECAAIFeAoKkXkxWIkCAAAECBAgQIECAAAECBAgQECRpAwQIECBAgAABAgQIECBAgAABAr0EBEm9mKxEgAABAgQIECBAgAABAgQIECAgSNIGCBAgQIAAAQIECBAgQIAAAQIEegkIknoxWYkAAQIECBAgQIAAAQIECBAgQECQpA0QIECAAAECBAgQIECAAAECBAj0EhAk9WKyEgECBAgQIECAAAECBAgQIECAgCBJGyBAgAABAgQIECBAgAABAgQIEOglIEjqxWQlAgQIECBAgAABAgQIECBAgAABQZI2QIAAAQIECBAgQIA...
[debug] &amp#27;[38;5;32m[XCUITestDriver@55eb (24b485ec)]&amp#27;[0m Responding to client with driver.getScreenshot() result: "iVBORw0KGgoAAAANSUhEUgAABJIAAAnkCAYAAABWQUsDAAAAAXNSR0IArs4c6QAAADhlWElmTU0AKgAAAAgAAYdpAAQAAAABAAAAGgAAAAAAAqACAAQAAAABAAAEkqADAAQAAAABAAAJ5AAAAADoPni0AAAAHGlET1QAAAACAAAAAAAABPIAAAAoAAAE8gAABPIABh7GgOTb6gAAQABJREFUeAHs3QmcLFtdH/CHiERECBERlFUQ0YcYRRFF3FhUFBQhogiIErfgwqIgKhLhCSKboKIEBeUZNtEQRRBF0IAGgsqqAgIKiOw73Ol1Kud3pqtfTd/umeqZnvv63vutz6fpuT3VtXzrdPPqN+d/zgWNhQABAgQIECBAgAABAgQIECBAgEAPgQt6rGMVAgQIECBAgAABAgQIECBAgAABAo0gSSMgQIAAAQIECBAgQIAAAQIECBDoJSBI6sVkJQIECBAgQIAAAQIECBAgQIAAAUGSNkCAAAECBAgQIECAAAECBAgQINBLQJDUi8lKBAgQIECAAAECBAgQIECAAAECgiRtgAABAgQIECBAgAABAgQIECBAoJeAIKkXk5UIECBAgAABAgQIECBAgAABAgQESdoAAQIECBAgQIAAAQIECBAgQIBALwFBUi8mKxEgQIAAAQIECBAgQIAAAQIECAiStAECBAgQIECAAAECBAgQIECAAIFeAoKkXkxWIkCAAAECBAgQIECAAAECBAgQECRpAwQIECBAgAABAgQIECBAgAABAr0EBEm9mKxEgAABAgQIECBAgAABAgQIECAgSNIGCBAgQIAAAQIECBAgQIAAAQIEegkIknoxWYkAAQIECBAgQIAAAQIECBAgQECQpA0QIECAAAECBAgQIECAAAECBAj0EhAk9WKyEgECBAgQIECAAAECBAgQIECAgCBJGyBAgAABAgQIECBAgAABAgQIEOglIEjqxWQlAgQIECBAgAABAgQIECBAgAABQZI2QIAAAQIECBAgQIAAAQIECBAg...
&amp#27;[38;5;0m[HTTP]&amp#27;[0m &amp#27;[37m<-- GET /session/24b485ec-92a7-408e-ba56-78682df800a3/screenshot &amp#27;[39m&amp#27;[32m200&amp#27;[39m &amp#27;[90m325 ms - 648044&amp#27;[39m
&amp#27;[38;5;0m[HTTP]&amp#27;[0m &amp#27;[90m&amp#27;[39m

    Embedding screenshot [image/png 486022 bytes]

&amp#27;[38;5;0m[HTTP]&amp#27;[0m &amp#27;[37m-->&amp#27;[39m &amp#27;[37mPOST&amp#27;[39m &amp#27;[37m/session/24b485ec-92a7-408e-ba56-78682df800a3/element&amp#27;[39m
&amp#27;[38;5;0m[HTTP]&amp#27;[0m &amp#27;[90m{"using":"xpath","value":"//XCUIElementTypeOther[@name=\"counter amount\"]"}&amp#27;[39m
[debug] &amp#27;[38;5;32m[XCUITestDriver@55eb (24b485ec)]&amp#27;[0m Calling AppiumDriver.findElement() with args: ["xpath","//XCUIElementTypeOther[@name=\"counter amount\"]","24b485ec-92a7-408e-ba56-78682df800a3"]
[debug] &amp#27;[38;5;32m[XCUITestDriver@55eb (24b485ec)]&amp#27;[0m Executing command 'findElement'
[debug] &amp#27;[38;5;32m[XCUITestDriver@55eb (24b485ec)]&amp#27;[0m Valid locator strategies for this request: xpath, id, name, class name, -ios predicate string, -ios class chain, accessibility id, css selector
[debug] &amp#27;[38;5;32m[XCUITestDriver@55eb (24b485ec)]&amp#27;[0m Waiting up to 0 ms for condition
[debug] &amp#27;[38;5;32m[XCUITestDriver@55eb (24b485ec)]&amp#27;[0m Matched '/element' to command name 'findElement'
[debug] &amp#27;[38;5;32m[XCUITestDriver@55eb (24b485ec)]&amp#27;[0m Proxying [POST /element] to [POST http://127.0.0.1:8100/session/56D70ACD-A8F3-4900-A498-C9E849921D48/element] with body: {"using":"xpath","value":"//XCUIElementTypeOther[@name=\"counter amount\"]"}
[debug] &amp#27;[38;5;32m[XCUITestDriver@55eb (24b485ec)]&amp#27;[0m Got response with status 200: {"value":{"ELEMENT":"F1010000-0000-0000-1421-010000000000","element-6066-11e4-a52e-4f735466cecf":"F1010000-0000-0000-1421-010000000000"},"sessionId":"56D70ACD-A8F3-4900-A498-C9E849921D48"}
[debug] &amp#27;[38;5;32m[XCUITestDriver@55eb (24b485ec)]&amp#27;[0m Responding to client with driver.findElement() result: {"element-6066-11e4-a52e-4f735466cecf":"F1010000-0000-0000-1421-010000000000","ELEMENT":"F1010000-0000-0000-1421-010000000000"}
&amp#27;[38;5;0m[HTTP]&amp#27;[0m &amp#27;[37m<-- POST /session/24b485ec-92a7-408e-ba56-78682df800a3/element &amp#27;[39m&amp#27;[32m200&amp#27;[39m &amp#27;[90m2152 ms - 137&amp#27;[39m
&amp#27;[38;5;0m[HTTP]&amp#27;[0m &amp#27;[90m&amp#27;[39m
&amp#27;[38;5;0m[HTTP]&amp#27;[0m &amp#27;[37m-->&amp#27;[39m &amp#27;[37mGET&amp#27;[39m &amp#27;[37m/session/24b485ec-92a7-408e-ba56-78682df800a3/element/F1010000-0000-0000-1421-010000000000/text&amp#27;[39m
&amp#27;[38;5;0m[HTTP]&amp#27;[0m &amp#27;[90m{}&amp#27;[39m
&amp#27;[38;5;32m[XCUITestDriver@55eb (24b485ec)]&amp#27;[0m Driver proxy active, passing request on via HTTP proxy
[debug] &amp#27;[38;5;32m[XCUITestDriver@55eb (24b485ec)]&amp#27;[0m Executing command 'proxyReqRes'
[debug] &amp#27;[38;5;32m[XCUITestDriver@55eb (24b485ec)]&amp#27;[0m Matched '/session/24b485ec-92a7-408e-ba56-78682df800a3/element/F1010000-0000-0000-1421-010000000000/text' to command name 'getText'
[debug] &amp#27;[38;5;32m[XCUITestDriver@55eb (24b485ec)]&amp#27;[0m Proxying [GET /session/24b485ec-92a7-408e-ba56-78682df800a3/element/F1010000-0000-0000-1421-010000000000/text] to [GET http://127.0.0.1:8100/session/56D70ACD-A8F3-4900-A498-C9E849921D48/element/F1010000-0000-0000-1421-010000000000/text] with no body
[debug] &amp#27;[38;5;32m[XCUITestDriver@55eb (24b485ec)]&amp#27;[0m Got response with status 200: {"value":"2","sessionId":"56D70ACD-A8F3-4900-A498-C9E849921D48"}
&amp#27;[38;5;32m[XCUITestDriver@55eb (24b485ec)]&amp#27;[0m Replacing sessionId 56D70ACD-A8F3-4900-A498-C9E849921D48 with 24b485ec-92a7-408e-ba56-78682df800a3
&amp#27;[38;5;0m[HTTP]&amp#27;[0m &amp#27;[37m<-- GET /session/24b485ec-92a7-408e-ba56-78682df800a3/element/F1010000-0000-0000-1421-010000000000/text &amp#27;[39m&amp#27;[32m200&amp#27;[39m &amp#27;[90m163 ms - 64&amp#27;[39m
&amp#27;[38;5;0m[HTTP]&amp#27;[0m &amp#27;[90m&amp#27;[39m
&amp#27;[38;5;0m[HTTP]&amp#27;[0m &amp#27;[37m-->&amp#27;[39m &amp#27;[37mPOST&amp#27;[39m &amp#27;[37m/session/24b485ec-92a7-408e-ba56-78682df800a3/element&amp#27;[39m
&amp#27;[38;5;0m[HTTP]&amp#27;[0m &amp#27;[90m{"using":"xpath","value":"//XCUIElementTypeOther[@name=\"counter minus button\"]"}&amp#27;[39m
[debug] &amp#27;[38;5;32m[XCUITestDriver@55eb (24b485ec)]&amp#27;[0m Calling AppiumDriver.findElement() with args: ["xpath","//XCUIElementTypeOther[@name=\"counter minus button\"]","24b485ec-92a7-408e-ba56-78682df800a3"]
[debug] &amp#27;[38;5;32m[XCUITestDriver@55eb (24b485ec)]&amp#27;[0m Executing command 'findElement'
[debug] &amp#27;[38;5;32m[XCUITestDriver@55eb (24b485ec)]&amp#27;[0m Valid locator strategies for this request: xpath, id, name, class name, -ios predicate string, -ios class chain, accessibility id, css selector
[debug] &amp#27;[38;5;32m[XCUITestDriver@55eb (24b485ec)]&amp#27;[0m Waiting up to 0 ms for condition
[debug] &amp#27;[38;5;32m[XCUITestDriver@55eb (24b485ec)]&amp#27;[0m Matched '/element' to command name 'findElement'
[debug] &amp#27;[38;5;32m[XCUITestDriver@55eb (24b485ec)]&amp#27;[0m Proxying [POST /element] to [POST http://127.0.0.1:8100/session/56D70ACD-A8F3-4900-A498-C9E849921D48/element] with body: {"using":"xpath","value":"//XCUIElementTypeOther[@name=\"counter minus button\"]"}
[debug] &amp#27;[38;5;32m[XCUITestDriver@55eb (24b485ec)]&amp#27;[0m Got response with status 200: {"value":{"ELEMENT":"F0010000-0000-0000-1421-010000000000","element-6066-11e4-a52e-4f735466cecf":"F0010000-0000-0000-1421-010000000000"},"sessionId":"56D70ACD-A8F3-4900-A498-C9E849921D48"}
[debug] &amp#27;[38;5;32m[XCUITestDriver@55eb (24b485ec)]&amp#27;[0m Responding to client with driver.findElement() result: {"element-6066-11e4-a52e-4f735466cecf":"F0010000-0000-0000-1421-010000000000","ELEMENT":"F0010000-0000-0000-1421-010000000000"}
&amp#27;[38;5;0m[HTTP]&amp#27;[0m &amp#27;[37m<-- POST /session/24b485ec-92a7-408e-ba56-78682df800a3/element &amp#27;[39m&amp#27;[32m200&amp#27;[39m &amp#27;[90m1915 ms - 137&amp#27;[39m
&amp#27;[38;5;0m[HTTP]&amp#27;[0m &amp#27;[90m&amp#27;[39m
&amp#27;[38;5;0m[HTTP]&amp#27;[0m &amp#27;[37m-->&amp#27;[39m &amp#27;[37mGET&amp#27;[39m &amp#27;[37m/session/24b485ec-92a7-408e-ba56-78682df800a3/element/F0010000-0000-0000-1421-010000000000/displayed&amp#27;[39m
&amp#27;[38;5;0m[HTTP]&amp#27;[0m &amp#27;[90m{}&amp#27;[39m
&amp#27;[38;5;32m[XCUITestDriver@55eb (24b485ec)]&amp#27;[0m Driver proxy active, passing request on via HTTP proxy
[debug] &amp#27;[38;5;32m[XCUITestDriver@55eb (24b485ec)]&amp#27;[0m Executing command 'proxyReqRes'
[debug] &amp#27;[38;5;32m[XCUITestDriver@55eb (24b485ec)]&amp#27;[0m Matched '/session/24b485ec-92a7-408e-ba56-78682df800a3/element/F0010000-0000-0000-1421-010000000000/displayed' to command name 'elementDisplayed'
[debug] &amp#27;[38;5;32m[XCUITestDriver@55eb (24b485ec)]&amp#27;[0m Proxying [GET /session/24b485ec-92a7-408e-ba56-78682df800a3/element/F0010000-0000-0000-1421-010000000000/displayed] to [GET http://127.0.0.1:8100/session/56D70ACD-A8F3-4900-A498-C9E849921D48/element/F0010000-0000-0000-1421-010000000000/displayed] with no body
[debug] &amp#27;[38;5;32m[XCUITestDriver@55eb (24b485ec)]&amp#27;[0m Got response with status 200: {"value":true,"sessionId":"56D70ACD-A8F3-4900-A498-C9E849921D48"}
&amp#27;[38;5;32m[XCUITestDriver@55eb (24b485ec)]&amp#27;[0m Replacing sessionId 56D70ACD-A8F3-4900-A498-C9E849921D48 with 24b485ec-92a7-408e-ba56-78682df800a3
&amp#27;[38;5;0m[HTTP]&amp#27;[0m &amp#27;[37m<-- GET /session/24b485ec-92a7-408e-ba56-78682df800a3/element/F0010000-0000-0000-1421-010000000000/displayed &amp#27;[39m&amp#27;[32m200&amp#27;[39m &amp#27;[90m150 ms - 65&amp#27;[39m
&amp#27;[38;5;0m[HTTP]&amp#27;[0m &amp#27;[90m&amp#27;[39m
&amp#27;[38;5;0m[HTTP]&amp#27;[0m &amp#27;[37m-->&amp#27;[39m &amp#27;[37mPOST&amp#27;[39m &amp#27;[37m/session/24b485ec-92a7-408e-ba56-78682df800a3/element&amp#27;[39m
&amp#27;[38;5;0m[HTTP]&amp#27;[0m &amp#27;[90m{"using":"xpath","value":"//XCUIElementTypeOther[@name=\"counter minus button\"]"}&amp#27;[39m
[debug] &amp#27;[38;5;32m[XCUITestDriver@55eb (24b485ec)]&amp#27;[0m Calling AppiumDriver.findElement() with args: ["xpath","//XCUIElementTypeOther[@name=\"counter minus button\"]","24b485ec-92a7-408e-ba56-78682df800a3"]
[debug] &amp#27;[38;5;32m[XCUITestDriver@55eb (24b485ec)]&amp#27;[0m Executing command 'findElement'
[debug] &amp#27;[38;5;32m[XCUITestDriver@55eb (24b485ec)]&amp#27;[0m Valid locator strategies for this request: xpath, id, name, class name, -ios predicate string, -ios class chain, accessibility id, css selector
[debug] &amp#27;[38;5;32m[XCUITestDriver@55eb (24b485ec)]&amp#27;[0m Waiting up to 0 ms for condition
[debug] &amp#27;[38;5;32m[XCUITestDriver@55eb (24b485ec)]&amp#27;[0m Matched '/element' to command name 'findElement'
[debug] &amp#27;[38;5;32m[XCUITestDriver@55eb (24b485ec)]&amp#27;[0m Proxying [POST /element] to [POST http://127.0.0.1:8100/session/56D70ACD-A8F3-4900-A498-C9E849921D48/element] with body: {"using":"xpath","value":"//XCUIElementTypeOther[@name=\"counter minus button\"]"}
[debug] &amp#27;[38;5;32m[XCUITestDriver@55eb (24b485ec)]&amp#27;[0m Got response with status 200: {"value":{"ELEMENT":"F0010000-0000-0000-1421-010000000000","element-6066-11e4-a52e-4f735466cecf":"F0010000-0000-0000-1421-010000000000"},"sessionId":"56D70ACD-A8F3-4900-A498-C9E849921D48"}
[debug] &amp#27;[38;5;32m[XCUITestDriver@55eb (24b485ec)]&amp#27;[0m Responding to client with driver.findElement() result: {"element-6066-11e4-a52e-4f735466cecf":"F0010000-0000-0000-1421-010000000000","ELEMENT":"F0010000-0000-0000-1421-010000000000"}
&amp#27;[38;5;0m[HTTP]&amp#27;[0m &amp#27;[37m<-- POST /session/24b485ec-92a7-408e-ba56-78682df800a3/element &amp#27;[39m&amp#27;[32m200&amp#27;[39m &amp#27;[90m1964 ms - 137&amp#27;[39m
&amp#27;[38;5;0m[HTTP]&amp#27;[0m &amp#27;[90m&amp#27;[39m
&amp#27;[38;5;0m[HTTP]&amp#27;[0m &amp#27;[37m-->&amp#27;[39m &amp#27;[37mGET&amp#27;[39m &amp#27;[37m/session/24b485ec-92a7-408e-ba56-78682df800a3/element/F0010000-0000-0000-1421-010000000000/displayed&amp#27;[39m
&amp#27;[38;5;0m[HTTP]&amp#27;[0m &amp#27;[90m{}&amp#27;[39m
&amp#27;[38;5;32m[XCUITestDriver@55eb (24b485ec)]&amp#27;[0m Driver proxy active, passing request on via HTTP proxy
[debug] &amp#27;[38;5;32m[XCUITestDriver@55eb (24b485ec)]&amp#27;[0m Executing command 'proxyReqRes'
[debug] &amp#27;[38;5;32m[XCUITestDriver@55eb (24b485ec)]&amp#27;[0m Matched '/session/24b485ec-92a7-408e-ba56-78682df800a3/element/F0010000-0000-0000-1421-010000000000/displayed' to command name 'elementDisplayed'
[debug] &amp#27;[38;5;32m[XCUITestDriver@55eb (24b485ec)]&amp#27;[0m Proxying [GET /session/24b485ec-92a7-408e-ba56-78682df800a3/element/F0010000-0000-0000-1421-010000000000/displayed] to [GET http://127.0.0.1:8100/session/56D70ACD-A8F3-4900-A498-C9E849921D48/element/F0010000-0000-0000-1421-010000000000/displayed] with no body
[debug] &amp#27;[38;5;32m[XCUITestDriver@55eb (24b485ec)]&amp#27;[0m Got response with status 200: {"value":true,"sessionId":"56D70ACD-A8F3-4900-A498-C9E849921D48"}
&amp#27;[38;5;32m[XCUITestDriver@55eb (24b485ec)]&amp#27;[0m Replacing sessionId 56D70ACD-A8F3-4900-A498-C9E849921D48 with 24b485ec-92a7-408e-ba56-78682df800a3
&amp#27;[38;5;0m[HTTP]&amp#27;[0m &amp#27;[37m<-- GET /session/24b485ec-92a7-408e-ba56-78682df800a3/element/F0010000-0000-0000-1421-010000000000/displayed &amp#27;[39m&amp#27;[32m200&amp#27;[39m &amp#27;[90m149 ms - 65&amp#27;[39m
&amp#27;[38;5;0m[HTTP]&amp#27;[0m &amp#27;[90m&amp#27;[39m
&amp#27;[38;5;0m[HTTP]&amp#27;[0m &amp#27;[37m-->&amp#27;[39m &amp#27;[37mPOST&amp#27;[39m &amp#27;[37m/session/24b485ec-92a7-408e-ba56-78682df800a3/element&amp#27;[39m
&amp#27;[38;5;0m[HTTP]&amp#27;[0m &amp#27;[90m{"using":"xpath","value":"//XCUIElementTypeOther[@name=\"counter minus button\"]"}&amp#27;[39m
[debug] &amp#27;[38;5;32m[XCUITestDriver@55eb (24b485ec)]&amp#27;[0m Calling AppiumDriver.findElement() with args: ["xpath","//XCUIElementTypeOther[@name=\"counter minus button\"]","24b485ec-92a7-408e-ba56-78682df800a3"]
[debug] &amp#27;[38;5;32m[XCUITestDriver@55eb (24b485ec)]&amp#27;[0m Executing command 'findElement'
[debug] &amp#27;[38;5;32m[XCUITestDriver@55eb (24b485ec)]&amp#27;[0m Valid locator strategies for this request: xpath, id, name, class name, -ios predicate string, -ios class chain, accessibility id, css selector
[debug] &amp#27;[38;5;32m[XCUITestDriver@55eb (24b485ec)]&amp#27;[0m Waiting up to 0 ms for condition
[debug] &amp#27;[38;5;32m[XCUITestDriver@55eb (24b485ec)]&amp#27;[0m Matched '/element' to command name 'findElement'
[debug] &amp#27;[38;5;32m[XCUITestDriver@55eb (24b485ec)]&amp#27;[0m Proxying [POST /element] to [POST http://127.0.0.1:8100/session/56D70ACD-A8F3-4900-A498-C9E849921D48/element] with body: {"using":"xpath","value":"//XCUIElementTypeOther[@name=\"counter minus button\"]"}
[debug] &amp#27;[38;5;32m[XCUITestDriver@55eb (24b485ec)]&amp#27;[0m Got response with status 200: {"value":{"ELEMENT":"F0010000-0000-0000-1421-010000000000","element-6066-11e4-a52e-4f735466cecf":"F0010000-0000-0000-1421-010000000000"},"sessionId":"56D70ACD-A8F3-4900-A498-C9E849921D48"}
[debug] &amp#27;[38;5;32m[XCUITestDriver@55eb (24b485ec)]&amp#27;[0m Responding to client with driver.findElement() result: {"element-6066-11e4-a52e-4f735466cecf":"F0010000-0000-0000-1421-010000000000","ELEMENT":"F0010000-0000-0000-1421-010000000000"}
&amp#27;[38;5;0m[HTTP]&amp#27;[0m &amp#27;[37m<-- POST /session/24b485ec-92a7-408e-ba56-78682df800a3/element &amp#27;[39m&amp#27;[32m200&amp#27;[39m &amp#27;[90m1927 ms - 137&amp#27;[39m
&amp#27;[38;5;0m[HTTP]&amp#27;[0m &amp#27;[90m&amp#27;[39m
&amp#27;[38;5;0m[HTTP]&amp#27;[0m &amp#27;[37m-->&amp#27;[39m &amp#27;[37mGET&amp#27;[39m &amp#27;[37m/session/24b485ec-92a7-408e-ba56-78682df800a3/element/F0010000-0000-0000-1421-010000000000/rect&amp#27;[39m
&amp#27;[38;5;0m[HTTP]&amp#27;[0m &amp#27;[90m{}&amp#27;[39m
&amp#27;[38;5;32m[XCUITestDriver@55eb (24b485ec)]&amp#27;[0m Driver proxy active, passing request on via HTTP proxy
[debug] &amp#27;[38;5;32m[XCUITestDriver@55eb (24b485ec)]&amp#27;[0m Executing command 'proxyReqRes'
[debug] &amp#27;[38;5;32m[XCUITestDriver@55eb (24b485ec)]&amp#27;[0m Matched '/session/24b485ec-92a7-408e-ba56-78682df800a3/element/F0010000-0000-0000-1421-010000000000/rect' to command name 'getElementRect'
[debug] &amp#27;[38;5;32m[XCUITestDriver@55eb (24b485ec)]&amp#27;[0m Proxying [GET /session/24b485ec-92a7-408e-ba56-78682df800a3/element/F0010000-0000-0000-1421-010000000000/rect] to [GET http://127.0.0.1:8100/session/56D70ACD-A8F3-4900-A498-C9E849921D48/element/F0010000-0000-0000-1421-010000000000/rect] with no body
[debug] &amp#27;[38;5;32m[XCUITestDriver@55eb (24b485ec)]&amp#27;[0m Got response with status 200: {"value":{"y":338,"x":20,"width":40,"height":40},"sessionId":"56D70ACD-A8F3-4900-A498-C9E849921D48"}
&amp#27;[38;5;32m[XCUITestDriver@55eb (24b485ec)]&amp#27;[0m Replacing sessionId 56D70ACD-A8F3-4900-A498-C9E849921D48 with 24b485ec-92a7-408e-ba56-78682df800a3
&amp#27;[38;5;0m[HTTP]&amp#27;[0m &amp#27;[37m<-- GET /session/24b485ec-92a7-408e-ba56-78682df800a3/element/F0010000-0000-0000-1421-010000000000/rect &amp#27;[39m&amp#27;[32m200&amp#27;[39m &amp#27;[90m139 ms - 100&amp#27;[39m
&amp#27;[38;5;0m[HTTP]&amp#27;[0m &amp#27;[90m&amp#27;[39m
&amp#27;[38;5;0m[HTTP]&amp#27;[0m &amp#27;[37m-->&amp#27;[39m &amp#27;[37mGET&amp#27;[39m &amp#27;[37m/session/24b485ec-92a7-408e-ba56-78682df800a3/element/F0010000-0000-0000-1421-010000000000/rect&amp#27;[39m
&amp#27;[38;5;0m[HTTP]&amp#27;[0m &amp#27;[90m{}&amp#27;[39m
&amp#27;[38;5;32m[XCUITestDriver@55eb (24b485ec)]&amp#27;[0m Driver proxy active, passing request on via HTTP proxy
[debug] &amp#27;[38;5;32m[XCUITestDriver@55eb (24b485ec)]&amp#27;[0m Executing command 'proxyReqRes'
[debug] &amp#27;[38;5;32m[XCUITestDriver@55eb (24b485ec)]&amp#27;[0m Matched '/session/24b485ec-92a7-408e-ba56-78682df800a3/element/F0010000-0000-0000-1421-010000000000/rect' to command name 'getElementRect'
[debug] &amp#27;[38;5;32m[XCUITestDriver@55eb (24b485ec)]&amp#27;[0m Proxying [GET /session/24b485ec-92a7-408e-ba56-78682df800a3/element/F0010000-0000-0000-1421-010000000000/rect] to [GET http://127.0.0.1:8100/session/56D70ACD-A8F3-4900-A498-C9E849921D48/element/F0010000-0000-0000-1421-010000000000/rect] with no body
[debug] &amp#27;[38;5;32m[XCUITestDriver@55eb (24b485ec)]&amp#27;[0m Got response with status 200: {"value":{"y":338,"x":20,"width":40,"height":40},"sessionId":"56D70ACD-A8F3-4900-A498-C9E849921D48"}
&amp#27;[38;5;32m[XCUITestDriver@55eb (24b485ec)]&amp#27;[0m Replacing sessionId 56D70ACD-A8F3-4900-A498-C9E849921D48 with 24b485ec-92a7-408e-ba56-78682df800a3
&amp#27;[38;5;0m[HTTP]&amp#27;[0m &amp#27;[37m<-- GET /session/24b485ec-92a7-408e-ba56-78682df800a3/element/F0010000-0000-0000-1421-010000000000/rect &amp#27;[39m&amp#27;[32m200&amp#27;[39m &amp#27;[90m138 ms - 100&amp#27;[39m
&amp#27;[38;5;0m[HTTP]&amp#27;[0m &amp#27;[90m&amp#27;[39m
&amp#27;[38;5;0m[HTTP]&amp#27;[0m &amp#27;[37m-->&amp#27;[39m &amp#27;[37mPOST&amp#27;[39m &amp#27;[37m/session/24b485ec-92a7-408e-ba56-78682df800a3/actions&amp#27;[39m
&amp#27;[38;5;0m[HTTP]&amp#27;[0m &amp#27;[90m{"actions":[{"id":"finger1","type":"pointer","parameters":{"pointerType":"touch"},"actions":[{"duration":0,"type":"pause"},{"duration":0,"x":40,"y":358,"type":"pointerMove","origin":"viewport"},{"button":0,"type":"pointerDown"},{"duration":200,"type":"pause"},{"button":0,"type":"pointerUp"}]}]}&amp#27;[39m
[debug] &amp#27;[38;5;32m[XCUITestDriver@55eb (24b485ec)]&amp#27;[0m Calling AppiumDriver.performActions() with args: [[{"id":"finger1","type":"pointer","parameters":{"pointerType":"touch"},"actions":[{"duration":0,"type":"pause"},{"duration":0,"x":40,"y":358,"type":"pointerMove","origin":"viewport"},{"button":0,"type":"pointerDown"},{"duration":200,"type":"pause"},{"button":0,"type":"pointerUp"}]}],"24b485ec-92a7-408e-ba56-78682df800a3"]
[debug] &amp#27;[38;5;32m[XCUITestDriver@55eb (24b485ec)]&amp#27;[0m Executing command 'performActions'
[debug] &amp#27;[38;5;32m[XCUITestDriver@55eb (24b485ec)]&amp#27;[0m Received the following W3C actions: [
[debug] &amp#27;[38;5;32m[XCUITestDriver@55eb (24b485ec)]&amp#27;[0m   {
[debug] &amp#27;[38;5;32m[XCUITestDriver@55eb (24b485ec)]&amp#27;[0m     "id": "finger1",
[debug] &amp#27;[38;5;32m[XCUITestDriver@55eb (24b485ec)]&amp#27;[0m     "type": "pointer",
[debug] &amp#27;[38;5;32m[XCUITestDriver@55eb (24b485ec)]&amp#27;[0m     "parameters": {
[debug] &amp#27;[38;5;32m[XCUITestDriver@55eb (24b485ec)]&amp#27;[0m       "pointerType": "touch"
[debug] &amp#27;[38;5;32m[XCUITestDriver@55eb (24b485ec)]&amp#27;[0m     },
[debug] &amp#27;[38;5;32m[XCUITestDriver@55eb (24b485ec)]&amp#27;[0m     "actions": [
[debug] &amp#27;[38;5;32m[XCUITestDriver@55eb (24b485ec)]&amp#27;[0m       {
[debug] &amp#27;[38;5;32m[XCUITestDriver@55eb (24b485ec)]&amp#27;[0m         "duration": 0,
[debug] &amp#27;[38;5;32m[XCUITestDriver@55eb (24b485ec)]&amp#27;[0m         "type": "pause"
[debug] &amp#27;[38;5;32m[XCUITestDriver@55eb (24b485ec)]&amp#27;[0m       },
[debug] &amp#27;[38;5;32m[XCUITestDriver@55eb (24b485ec)]&amp#27;[0m       {
[debug] &amp#27;[38;5;32m[XCUITestDriver@55eb (24b485ec)]&amp#27;[0m         "duration": 0,
[debug] &amp#27;[38;5;32m[XCUITestDriver@55eb (24b485ec)]&amp#27;[0m         "x": 40,
[debug] &amp#27;[38;5;32m[XCUITestDriver@55eb (24b485ec)]&amp#27;[0m         "y": 358,
[debug] &amp#27;[38;5;32m[XCUITestDriver@55eb (24b485ec)]&amp#27;[0m         "type": "pointerMove",
[debug] &amp#27;[38;5;32m[XCUITestDriver@55eb (24b485ec)]&amp#27;[0m         "origin": "viewport"
[debug] &amp#27;[38;5;32m[XCUITestDriver@55eb (24b485ec)]&amp#27;[0m       },
[debug] &amp#27;[38;5;32m[XCUITestDriver@55eb (24b485ec)]&amp#27;[0m       {
[debug] &amp#27;[38;5;32m[XCUITestDriver@55eb (24b485ec)]&amp#27;[0m         "button": 0,
[debug] &amp#27;[38;5;32m[XCUITestDriver@55eb (24b485ec)]&amp#27;[0m         "type": "pointerDown"
[debug] &amp#27;[38;5;32m[XCUITestDriver@55eb (24b485ec)]&amp#27;[0m       },
[debug] &amp#27;[38;5;32m[XCUITestDriver@55eb (24b485ec)]&amp#27;[0m       {
[debug] &amp#27;[38;5;32m[XCUITestDriver@55eb (24b485ec)]&amp#27;[0m         "duration": 200,
[debug] &amp#27;[38;5;32m[XCUITestDriver@55eb (24b485ec)]&amp#27;[0m         "type": "pause"
[debug] &amp#27;[38;5;32m[XCUITestDriver@55eb (24b485ec)]&amp#27;[0m       },
[debug] &amp#27;[38;5;32m[XCUITestDriver@55eb (24b485ec)]&amp#27;[0m       {
[debug] &amp#27;[38;5;32m[XCUITestDriver@55eb (24b485ec)]&amp#27;[0m         "button": 0,
[debug] &amp#27;[38;5;32m[XCUITestDriver@55eb (24b485ec)]&amp#27;[0m         "type": "pointerUp"
[debug] &amp#27;[38;5;32m[XCUITestDriver@55eb (24b485ec)]&amp#27;[0m       }
[debug] &amp#27;[38;5;32m[XCUITestDriver@55eb (24b485ec)]&amp#27;[0m     ]
[debug] &amp#27;[38;5;32m[XCUITestDriver@55eb (24b485ec)]&amp#27;[0m   }
[debug] &amp#27;[38;5;32m[XCUITestDriver@55eb (24b485ec)]&amp#27;[0m ]
[debug] &amp#27;[38;5;32m[XCUITestDriver@55eb (24b485ec)]&amp#27;[0m Preprocessed actions: [
[debug] &amp#27;[38;5;32m[XCUITestDriver@55eb (24b485ec)]&amp#27;[0m   {
[debug] &amp#27;[38;5;32m[XCUITestDriver@55eb (24b485ec)]&amp#27;[0m     "id": "finger1",
[debug] &amp#27;[38;5;32m[XCUITestDriver@55eb (24b485ec)]&amp#27;[0m     "type": "pointer",
[debug] &amp#27;[38;5;32m[XCUITestDriver@55eb (24b485ec)]&amp#27;[0m     "parameters": {
[debug] &amp#27;[38;5;32m[XCUITestDriver@55eb (24b485ec)]&amp#27;[0m       "pointerType": "touch"
[debug] &amp#27;[38;5;32m[XCUITestDriver@55eb (24b485ec)]&amp#27;[0m     },
[debug] &amp#27;[38;5;32m[XCUITestDriver@55eb (24b485ec)]&amp#27;[0m     "actions": [
[debug] &amp#27;[38;5;32m[XCUITestDriver@55eb (24b485ec)]&amp#27;[0m       {
[debug] &amp#27;[38;5;32m[XCUITestDriver@55eb (24b485ec)]&amp#27;[0m         "duration": 0,
[debug] &amp#27;[38;5;32m[XCUITestDriver@55eb (24b485ec)]&amp#27;[0m         "x": 40,
[debug] &amp#27;[38;5;32m[XCUITestDriver@55eb (24b485ec)]&amp#27;[0m         "y": 358,
[debug] &amp#27;[38;5;32m[XCUITestDriver@55eb (24b485ec)]&amp#27;[0m         "type": "pointerMove",
[debug] &amp#27;[38;5;32m[XCUITestDriver@55eb (24b485ec)]&amp#27;[0m         "origin": "viewport"
[debug] &amp#27;[38;5;32m[XCUITestDriver@55eb (24b485ec)]&amp#27;[0m       },
[debug] &amp#27;[38;5;32m[XCUITestDriver@55eb (24b485ec)]&amp#27;[0m       {
[debug] &amp#27;[38;5;32m[XCUITestDriver@55eb (24b485ec)]&amp#27;[0m         "button": 0,
[debug] &amp#27;[38;5;32m[XCUITestDriver@55eb (24b485ec)]&amp#27;[0m         "type": "pointerDown"
[debug] &amp#27;[38;5;32m[XCUITestDriver@55eb (24b485ec)]&amp#27;[0m       },
[debug] &amp#27;[38;5;32m[XCUITestDriver@55eb (24b485ec)]&amp#27;[0m       {
[debug] &amp#27;[38;5;32m[XCUITestDriver@55eb (24b485ec)]&amp#27;[0m         "duration": 200,
[debug] &amp#27;[38;5;32m[XCUITestDriver@55eb (24b485ec)]&amp#27;[0m         "type": "pause"
[debug] &amp#27;[38;5;32m[XCUITestDriver@55eb (24b485ec)]&amp#27;[0m       },
[debug] &amp#27;[38;5;32m[XCUITestDriver@55eb (24b485ec)]&amp#27;[0m       {
[debug] &amp#27;[38;5;32m[XCUITestDriver@55eb (24b485ec)]&amp#27;[0m         "button": 0,
[debug] &amp#27;[38;5;32m[XCUITestDriver@55eb (24b485ec)]&amp#27;[0m         "type": "pointerUp"
[debug] &amp#27;[38;5;32m[XCUITestDriver@55eb (24b485ec)]&amp#27;[0m       }
[debug] &amp#27;[38;5;32m[XCUITestDriver@55eb (24b485ec)]&amp#27;[0m     ]
[debug] &amp#27;[38;5;32m[XCUITestDriver@55eb (24b485ec)]&amp#27;[0m   }
[debug] &amp#27;[38;5;32m[XCUITestDriver@55eb (24b485ec)]&amp#27;[0m ]
[debug] &amp#27;[38;5;32m[XCUITestDriver@55eb (24b485ec)]&amp#27;[0m Matched '/actions' to command name 'performActions'
[debug] &amp#27;[38;5;32m[XCUITestDriver@55eb (24b485ec)]&amp#27;[0m Proxying [POST /actions] to [POST http://127.0.0.1:8100/session/56D70ACD-A8F3-4900-A498-C9E849921D48/actions] with body: {"actions":[{"id":"finger1","type":"pointer","parameters":{"pointerType":"touch"},"actions":[{"duration":0,"x":40,"y":358,"type":"pointerMove","origin":"viewport"},{"button":0,"type":"pointerDown"},{"duration":200,"type":"pause"},{"button":0,"type":"pointerUp"}]}]}
[debug] &amp#27;[38;5;32m[XCUITestDriver@55eb (24b485ec)]&amp#27;[0m Got response with status 200: {"value":null,"sessionId":"56D70ACD-A8F3-4900-A498-C9E849921D48"}
[debug] &amp#27;[38;5;32m[XCUITestDriver@55eb (24b485ec)]&amp#27;[0m Responding to client with driver.performActions() result: null
&amp#27;[38;5;0m[HTTP]&amp#27;[0m &amp#27;[37m<-- POST /session/24b485ec-92a7-408e-ba56-78682df800a3/actions &amp#27;[39m&amp#27;[32m200&amp#27;[39m &amp#27;[90m795 ms - 14&amp#27;[39m
&amp#27;[38;5;0m[HTTP]&amp#27;[0m &amp#27;[90m&amp#27;[39m
&amp#27;[38;5;0m[HTTP]&amp#27;[0m &amp#27;[37m-->&amp#27;[39m &amp#27;[37mPOST&amp#27;[39m &amp#27;[37m/session/24b485ec-92a7-408e-ba56-78682df800a3/element&amp#27;[39m
&amp#27;[38;5;0m[HTTP]&amp#27;[0m &amp#27;[90m{"using":"xpath","value":"//XCUIElementTypeOther[@name=\"counter minus button\"]"}&amp#27;[39m
[debug] &amp#27;[38;5;32m[XCUITestDriver@55eb (24b485ec)]&amp#27;[0m Calling AppiumDriver.findElement() with args: ["xpath","//XCUIElementTypeOther[@name=\"counter minus button\"]","24b485ec-92a7-408e-ba56-78682df800a3"]
[debug] &amp#27;[38;5;32m[XCUITestDriver@55eb (24b485ec)]&amp#27;[0m Executing command 'findElement'
[debug] &amp#27;[38;5;32m[XCUITestDriver@55eb (24b485ec)]&amp#27;[0m Valid locator strategies for this request: xpath, id, name, class name, -ios predicate string, -ios class chain, accessibility id, css selector
[debug] &amp#27;[38;5;32m[XCUITestDriver@55eb (24b485ec)]&amp#27;[0m Waiting up to 0 ms for condition
[debug] &amp#27;[38;5;32m[XCUITestDriver@55eb (24b485ec)]&amp#27;[0m Matched '/element' to command name 'findElement'
[debug] &amp#27;[38;5;32m[XCUITestDriver@55eb (24b485ec)]&amp#27;[0m Proxying [POST /element] to [POST http://127.0.0.1:8100/session/56D70ACD-A8F3-4900-A498-C9E849921D48/element] with body: {"using":"xpath","value":"//XCUIElementTypeOther[@name=\"counter minus button\"]"}
[debug] &amp#27;[38;5;32m[XCUITestDriver@55eb (24b485ec)]&amp#27;[0m Got response with status 200: {"value":{"ELEMENT":"F0010000-0000-0000-1421-010000000000","element-6066-11e4-a52e-4f735466cecf":"F0010000-0000-0000-1421-010000000000"},"sessionId":"56D70ACD-A8F3-4900-A498-C9E849921D48"}
[debug] &amp#27;[38;5;32m[XCUITestDriver@55eb (24b485ec)]&amp#27;[0m Responding to client with driver.findElement() result: {"element-6066-11e4-a52e-4f735466cecf":"F0010000-0000-0000-1421-010000000000","ELEMENT":"F0010000-0000-0000-1421-010000000000"}
&amp#27;[38;5;0m[HTTP]&amp#27;[0m &amp#27;[37m<-- POST /session/24b485ec-92a7-408e-ba56-78682df800a3/element &amp#27;[39m&amp#27;[32m200&amp#27;[39m &amp#27;[90m2127 ms - 137&amp#27;[39m
&amp#27;[38;5;0m[HTTP]&amp#27;[0m &amp#27;[90m&amp#27;[39m
&amp#27;[38;5;0m[HTTP]&amp#27;[0m &amp#27;[37m-->&amp#27;[39m &amp#27;[37mGET&amp#27;[39m &amp#27;[37m/session/24b485ec-92a7-408e-ba56-78682df800a3/element/F0010000-0000-0000-1421-010000000000/displayed&amp#27;[39m
&amp#27;[38;5;0m[HTTP]&amp#27;[0m &amp#27;[90m{}&amp#27;[39m
&amp#27;[38;5;32m[XCUITestDriver@55eb (24b485ec)]&amp#27;[0m Driver proxy active, passing request on via HTTP proxy
[debug] &amp#27;[38;5;32m[XCUITestDriver@55eb (24b485ec)]&amp#27;[0m Executing command 'proxyReqRes'
[debug] &amp#27;[38;5;32m[XCUITestDriver@55eb (24b485ec)]&amp#27;[0m Matched '/session/24b485ec-92a7-408e-ba56-78682df800a3/element/F0010000-0000-0000-1421-010000000000/displayed' to command name 'elementDisplayed'
[debug] &amp#27;[38;5;32m[XCUITestDriver@55eb (24b485ec)]&amp#27;[0m Proxying [GET /session/24b485ec-92a7-408e-ba56-78682df800a3/element/F0010000-0000-0000-1421-010000000000/displayed] to [GET http://127.0.0.1:8100/session/56D70ACD-A8F3-4900-A498-C9E849921D48/element/F0010000-0000-0000-1421-010000000000/displayed] with no body
[debug] &amp#27;[38;5;32m[XCUITestDriver@55eb (24b485ec)]&amp#27;[0m Got response with status 200: {"value":true,"sessionId":"56D70ACD-A8F3-4900-A498-C9E849921D48"}
&amp#27;[38;5;32m[XCUITestDriver@55eb (24b485ec)]&amp#27;[0m Replacing sessionId 56D70ACD-A8F3-4900-A498-C9E849921D48 with 24b485ec-92a7-408e-ba56-78682df800a3
&amp#27;[38;5;0m[HTTP]&amp#27;[0m &amp#27;[37m<-- GET /session/24b485ec-92a7-408e-ba56-78682df800a3/element/F0010000-0000-0000-1421-010000000000/displayed &amp#27;[39m&amp#27;[32m200&amp#27;[39m &amp#27;[90m229 ms - 65&amp#27;[39m
&amp#27;[38;5;0m[HTTP]&amp#27;[0m &amp#27;[90m&amp#27;[39m
&amp#27;[38;5;0m[HTTP]&amp#27;[0m &amp#27;[37m-->&amp#27;[39m &amp#27;[37mPOST&amp#27;[39m &amp#27;[37m/session/24b485ec-92a7-408e-ba56-78682df800a3/element&amp#27;[39m
&amp#27;[38;5;0m[HTTP]&amp#27;[0m &amp#27;[90m{"using":"xpath","value":"//XCUIElementTypeOther[@name=\"counter minus button\"]"}&amp#27;[39m
[debug] &amp#27;[38;5;32m[XCUITestDriver@55eb (24b485ec)]&amp#27;[0m Calling AppiumDriver.findElement() with args: ["xpath","//XCUIElementTypeOther[@name=\"counter minus button\"]","24b485ec-92a7-408e-ba56-78682df800a3"]
[debug] &amp#27;[38;5;32m[XCUITestDriver@55eb (24b485ec)]&amp#27;[0m Executing command 'findElement'
[debug] &amp#27;[38;5;32m[XCUITestDriver@55eb (24b485ec)]&amp#27;[0m Valid locator strategies for this request: xpath, id, name, class name, -ios predicate string, -ios class chain, accessibility id, css selector
[debug] &amp#27;[38;5;32m[XCUITestDriver@55eb (24b485ec)]&amp#27;[0m Waiting up to 0 ms for condition
[debug] &amp#27;[38;5;32m[XCUITestDriver@55eb (24b485ec)]&amp#27;[0m Matched '/element' to command name 'findElement'
[debug] &amp#27;[38;5;32m[XCUITestDriver@55eb (24b485ec)]&amp#27;[0m Proxying [POST /element] to [POST http://127.0.0.1:8100/session/56D70ACD-A8F3-4900-A498-C9E849921D48/element] with body: {"using":"xpath","value":"//XCUIElementTypeOther[@name=\"counter minus button\"]"}
[debug] &amp#27;[38;5;32m[XCUITestDriver@55eb (24b485ec)]&amp#27;[0m Got response with status 200: {"value":{"ELEMENT":"F0010000-0000-0000-1421-010000000000","element-6066-11e4-a52e-4f735466cecf":"F0010000-0000-0000-1421-010000000000"},"sessionId":"56D70ACD-A8F3-4900-A498-C9E849921D48"}
[debug] &amp#27;[38;5;32m[XCUITestDriver@55eb (24b485ec)]&amp#27;[0m Responding to client with driver.findElement() result: {"element-6066-11e4-a52e-4f735466cecf":"F0010000-0000-0000-1421-010000000000","ELEMENT":"F0010000-0000-0000-1421-010000000000"}
&amp#27;[38;5;0m[HTTP]&amp#27;[0m &amp#27;[37m<-- POST /session/24b485ec-92a7-408e-ba56-78682df800a3/element &amp#27;[39m&amp#27;[32m200&amp#27;[39m &amp#27;[90m4320 ms - 137&amp#27;[39m
&amp#27;[38;5;0m[HTTP]&amp#27;[0m &amp#27;[90m&amp#27;[39m
&amp#27;[38;5;0m[HTTP]&amp#27;[0m &amp#27;[37m-->&amp#27;[39m &amp#27;[37mGET&amp#27;[39m &amp#27;[37m/session/24b485ec-92a7-408e-ba56-78682df800a3/element/F0010000-0000-0000-1421-010000000000/rect&amp#27;[39m
&amp#27;[38;5;0m[HTTP]&amp#27;[0m &amp#27;[90m{}&amp#27;[39m
&amp#27;[38;5;32m[XCUITestDriver@55eb (24b485ec)]&amp#27;[0m Driver proxy active, passing request on via HTTP proxy
[debug] &amp#27;[38;5;32m[XCUITestDriver@55eb (24b485ec)]&amp#27;[0m Executing command 'proxyReqRes'
[debug] &amp#27;[38;5;32m[XCUITestDriver@55eb (24b485ec)]&amp#27;[0m Matched '/session/24b485ec-92a7-408e-ba56-78682df800a3/element/F0010000-0000-0000-1421-010000000000/rect' to command name 'getElementRect'
[debug] &amp#27;[38;5;32m[XCUITestDriver@55eb (24b485ec)]&amp#27;[0m Proxying [GET /session/24b485ec-92a7-408e-ba56-78682df800a3/element/F0010000-0000-0000-1421-010000000000/rect] to [GET http://127.0.0.1:8100/session/56D70ACD-A8F3-4900-A498-C9E849921D48/element/F0010000-0000-0000-1421-010000000000/rect] with no body
[debug] &amp#27;[38;5;32m[XCUITestDriver@55eb (24b485ec)]&amp#27;[0m Got response with status 200: {"value":{"y":338,"x":20,"width":40,"height":40},"sessionId":"56D70ACD-A8F3-4900-A498-C9E849921D48"}
&amp#27;[38;5;32m[XCUITestDriver@55eb (24b485ec)]&amp#27;[0m Replacing sessionId 56D70ACD-A8F3-4900-A498-C9E849921D48 with 24b485ec-92a7-408e-ba56-78682df800a3
&amp#27;[38;5;0m[HTTP]&amp#27;[0m &amp#27;[37m<-- GET /session/24b485ec-92a7-408e-ba56-78682df800a3/element/F0010000-0000-0000-1421-010000000000/rect &amp#27;[39m&amp#27;[32m200&amp#27;[39m &amp#27;[90m331 ms - 100&amp#27;[39m
&amp#27;[38;5;0m[HTTP]&amp#27;[0m &amp#27;[90m&amp#27;[39m
&amp#27;[38;5;0m[HTTP]&amp#27;[0m &amp#27;[37m-->&amp#27;[39m &amp#27;[37mGET&amp#27;[39m &amp#27;[37m/session/24b485ec-92a7-408e-ba56-78682df800a3/element/F0010000-0000-0000-1421-010000000000/rect&amp#27;[39m
&amp#27;[38;5;0m[HTTP]&amp#27;[0m &amp#27;[90m{}&amp#27;[39m
&amp#27;[38;5;32m[XCUITestDriver@55eb (24b485ec)]&amp#27;[0m Driver proxy active, passing request on via HTTP proxy
[debug] &amp#27;[38;5;32m[XCUITestDriver@55eb (24b485ec)]&amp#27;[0m Executing command 'proxyReqRes'
[debug] &amp#27;[38;5;32m[XCUITestDriver@55eb (24b485ec)]&amp#27;[0m Matched '/session/24b485ec-92a7-408e-ba56-78682df800a3/element/F0010000-0000-0000-1421-010000000000/rect' to command name 'getElementRect'
[debug] &amp#27;[38;5;32m[XCUITestDriver@55eb (24b485ec)]&amp#27;[0m Proxying [GET /session/24b485ec-92a7-408e-ba56-78682df800a3/element/F0010000-0000-0000-1421-010000000000/rect] to [GET http://127.0.0.1:8100/session/56D70ACD-A8F3-4900-A498-C9E849921D48/element/F0010000-0000-0000-1421-010000000000/rect] with no body
[debug] &amp#27;[38;5;32m[XCUITestDriver@55eb (24b485ec)]&amp#27;[0m Got response with status 200: {"value":{"y":338,"x":20,"width":40,"height":40},"sessionId":"56D70ACD-A8F3-4900-A498-C9E849921D48"}
&amp#27;[38;5;32m[XCUITestDriver@55eb (24b485ec)]&amp#27;[0m Replacing sessionId 56D70ACD-A8F3-4900-A498-C9E849921D48 with 24b485ec-92a7-408e-ba56-78682df800a3
&amp#27;[38;5;0m[HTTP]&amp#27;[0m &amp#27;[37m<-- GET /session/24b485ec-92a7-408e-ba56-78682df800a3/element/F0010000-0000-0000-1421-010000000000/rect &amp#27;[39m&amp#27;[32m200&amp#27;[39m &amp#27;[90m439 ms - 100&amp#27;[39m
&amp#27;[38;5;0m[HTTP]&amp#27;[0m &amp#27;[90m&amp#27;[39m
&amp#27;[38;5;0m[HTTP]&amp#27;[0m &amp#27;[37m-->&amp#27;[39m &amp#27;[37mPOST&amp#27;[39m &amp#27;[37m/session/24b485ec-92a7-408e-ba56-78682df800a3/actions&amp#27;[39m
&amp#27;[38;5;0m[HTTP]&amp#27;[0m &amp#27;[90m{"actions":[{"id":"finger1","type":"pointer","parameters":{"pointerType":"touch"},"actions":[{"duration":0,"type":"pause"},{"duration":0,"x":40,"y":358,"type":"pointerMove","origin":"viewport"},{"button":0,"type":"pointerDown"},{"duration":200,"type":"pause"},{"button":0,"type":"pointerUp"}]}]}&amp#27;[39m
[debug] &amp#27;[38;5;32m[XCUITestDriver@55eb (24b485ec)]&amp#27;[0m Calling AppiumDriver.performActions() with args: [[{"id":"finger1","type":"pointer","parameters":{"pointerType":"touch"},"actions":[{"duration":0,"type":"pause"},{"duration":0,"x":40,"y":358,"type":"pointerMove","origin":"viewport"},{"button":0,"type":"pointerDown"},{"duration":200,"type":"pause"},{"button":0,"type":"pointerUp"}]}],"24b485ec-92a7-408e-ba56-78682df800a3"]
[debug] &amp#27;[38;5;32m[XCUITestDriver@55eb (24b485ec)]&amp#27;[0m Executing command 'performActions'
[debug] &amp#27;[38;5;32m[XCUITestDriver@55eb (24b485ec)]&amp#27;[0m Received the following W3C actions: [
[debug] &amp#27;[38;5;32m[XCUITestDriver@55eb (24b485ec)]&amp#27;[0m   {
[debug] &amp#27;[38;5;32m[XCUITestDriver@55eb (24b485ec)]&amp#27;[0m     "id": "finger1",
[debug] &amp#27;[38;5;32m[XCUITestDriver@55eb (24b485ec)]&amp#27;[0m     "type": "pointer",
[debug] &amp#27;[38;5;32m[XCUITestDriver@55eb (24b485ec)]&amp#27;[0m     "parameters": {
[debug] &amp#27;[38;5;32m[XCUITestDriver@55eb (24b485ec)]&amp#27;[0m       "pointerType": "touch"
[debug] &amp#27;[38;5;32m[XCUITestDriver@55eb (24b485ec)]&amp#27;[0m     },
[debug] &amp#27;[38;5;32m[XCUITestDriver@55eb (24b485ec)]&amp#27;[0m     "actions": [
[debug] &amp#27;[38;5;32m[XCUITestDriver@55eb (24b485ec)]&amp#27;[0m       {
[debug] &amp#27;[38;5;32m[XCUITestDriver@55eb (24b485ec)]&amp#27;[0m         "duration": 0,
[debug] &amp#27;[38;5;32m[XCUITestDriver@55eb (24b485ec)]&amp#27;[0m         "type": "pause"
[debug] &amp#27;[38;5;32m[XCUITestDriver@55eb (24b485ec)]&amp#27;[0m       },
[debug] &amp#27;[38;5;32m[XCUITestDriver@55eb (24b485ec)]&amp#27;[0m       {
[debug] &amp#27;[38;5;32m[XCUITestDriver@55eb (24b485ec)]&amp#27;[0m         "duration": 0,
[debug] &amp#27;[38;5;32m[XCUITestDriver@55eb (24b485ec)]&amp#27;[0m         "x": 40,
[debug] &amp#27;[38;5;32m[XCUITestDriver@55eb (24b485ec)]&amp#27;[0m         "y": 358,
[debug] &amp#27;[38;5;32m[XCUITestDriver@55eb (24b485ec)]&amp#27;[0m         "type": "pointerMove",
[debug] &amp#27;[38;5;32m[XCUITestDriver@55eb (24b485ec)]&amp#27;[0m         "origin": "viewport"
[debug] &amp#27;[38;5;32m[XCUITestDriver@55eb (24b485ec)]&amp#27;[0m       },
[debug] &amp#27;[38;5;32m[XCUITestDriver@55eb (24b485ec)]&amp#27;[0m       {
[debug] &amp#27;[38;5;32m[XCUITestDriver@55eb (24b485ec)]&amp#27;[0m         "button": 0,
[debug] &amp#27;[38;5;32m[XCUITestDriver@55eb (24b485ec)]&amp#27;[0m         "type": "pointerDown"
[debug] &amp#27;[38;5;32m[XCUITestDriver@55eb (24b485ec)]&amp#27;[0m       },
[debug] &amp#27;[38;5;32m[XCUITestDriver@55eb (24b485ec)]&amp#27;[0m       {
[debug] &amp#27;[38;5;32m[XCUITestDriver@55eb (24b485ec)]&amp#27;[0m         "duration": 200,
[debug] &amp#27;[38;5;32m[XCUITestDriver@55eb (24b485ec)]&amp#27;[0m         "type": "pause"
[debug] &amp#27;[38;5;32m[XCUITestDriver@55eb (24b485ec)]&amp#27;[0m       },
[debug] &amp#27;[38;5;32m[XCUITestDriver@55eb (24b485ec)]&amp#27;[0m       {
[debug] &amp#27;[38;5;32m[XCUITestDriver@55eb (24b485ec)]&amp#27;[0m         "button": 0,
[debug] &amp#27;[38;5;32m[XCUITestDriver@55eb (24b485ec)]&amp#27;[0m         "type": "pointerUp"
[debug] &amp#27;[38;5;32m[XCUITestDriver@55eb (24b485ec)]&amp#27;[0m       }
[debug] &amp#27;[38;5;32m[XCUITestDriver@55eb (24b485ec)]&amp#27;[0m     ]
[debug] &amp#27;[38;5;32m[XCUITestDriver@55eb (24b485ec)]&amp#27;[0m   }
[debug] &amp#27;[38;5;32m[XCUITestDriver@55eb (24b485ec)]&amp#27;[0m ]
[debug] &amp#27;[38;5;32m[XCUITestDriver@55eb (24b485ec)]&amp#27;[0m Preprocessed actions: [
[debug] &amp#27;[38;5;32m[XCUITestDriver@55eb (24b485ec)]&amp#27;[0m   {
[debug] &amp#27;[38;5;32m[XCUITestDriver@55eb (24b485ec)]&amp#27;[0m     "id": "finger1",
[debug] &amp#27;[38;5;32m[XCUITestDriver@55eb (24b485ec)]&amp#27;[0m     "type": "pointer",
[debug] &amp#27;[38;5;32m[XCUITestDriver@55eb (24b485ec)]&amp#27;[0m     "parameters": {
[debug] &amp#27;[38;5;32m[XCUITestDriver@55eb (24b485ec)]&amp#27;[0m       "pointerType": "touch"
[debug] &amp#27;[38;5;32m[XCUITestDriver@55eb (24b485ec)]&amp#27;[0m     },
[debug] &amp#27;[38;5;32m[XCUITestDriver@55eb (24b485ec)]&amp#27;[0m     "actions": [
[debug] &amp#27;[38;5;32m[XCUITestDriver@55eb (24b485ec)]&amp#27;[0m       {
[debug] &amp#27;[38;5;32m[XCUITestDriver@55eb (24b485ec)]&amp#27;[0m         "duration": 0,
[debug] &amp#27;[38;5;32m[XCUITestDriver@55eb (24b485ec)]&amp#27;[0m         "x": 40,
[debug] &amp#27;[38;5;32m[XCUITestDriver@55eb (24b485ec)]&amp#27;[0m         "y": 358,
[debug] &amp#27;[38;5;32m[XCUITestDriver@55eb (24b485ec)]&amp#27;[0m         "type": "pointerMove",
[debug] &amp#27;[38;5;32m[XCUITestDriver@55eb (24b485ec)]&amp#27;[0m         "origin": "viewport"
[debug] &amp#27;[38;5;32m[XCUITestDriver@55eb (24b485ec)]&amp#27;[0m       },
[debug] &amp#27;[38;5;32m[XCUITestDriver@55eb (24b485ec)]&amp#27;[0m       {
[debug] &amp#27;[38;5;32m[XCUITestDriver@55eb (24b485ec)]&amp#27;[0m         "button": 0,
[debug] &amp#27;[38;5;32m[XCUITestDriver@55eb (24b485ec)]&amp#27;[0m         "type": "pointerDown"
[debug] &amp#27;[38;5;32m[XCUITestDriver@55eb (24b485ec)]&amp#27;[0m       },
[debug] &amp#27;[38;5;32m[XCUITestDriver@55eb (24b485ec)]&amp#27;[0m       {
[debug] &amp#27;[38;5;32m[XCUITestDriver@55eb (24b485ec)]&amp#27;[0m         "duration": 200,
[debug] &amp#27;[38;5;32m[XCUITestDriver@55eb (24b485ec)]&amp#27;[0m         "type": "pause"
[debug] &amp#27;[38;5;32m[XCUITestDriver@55eb (24b485ec)]&amp#27;[0m       },
[debug] &amp#27;[38;5;32m[XCUITestDriver@55eb (24b485ec)]&amp#27;[0m       {
[debug] &amp#27;[38;5;32m[XCUITestDriver@55eb (24b485ec)]&amp#27;[0m         "button": 0,
[debug] &amp#27;[38;5;32m[XCUITestDriver@55eb (24b485ec)]&amp#27;[0m         "type": "pointerUp"
[debug] &amp#27;[38;5;32m[XCUITestDriver@55eb (24b485ec)]&amp#27;[0m       }
[debug] &amp#27;[38;5;32m[XCUITestDriver@55eb (24b485ec)]&amp#27;[0m     ]
[debug] &amp#27;[38;5;32m[XCUITestDriver@55eb (24b485ec)]&amp#27;[0m   }
[debug] &amp#27;[38;5;32m[XCUITestDriver@55eb (24b485ec)]&amp#27;[0m ]
[debug] &amp#27;[38;5;32m[XCUITestDriver@55eb (24b485ec)]&amp#27;[0m Matched '/actions' to command name 'performActions'
[debug] &amp#27;[38;5;32m[XCUITestDriver@55eb (24b485ec)]&amp#27;[0m Proxying [POST /actions] to [POST http://127.0.0.1:8100/session/56D70ACD-A8F3-4900-A498-C9E849921D48/actions] with body: {"actions":[{"id":"finger1","type":"pointer","parameters":{"pointerType":"touch"},"actions":[{"duration":0,"x":40,"y":358,"type":"pointerMove","origin":"viewport"},{"button":0,"type":"pointerDown"},{"duration":200,"type":"pause"},{"button":0,"type":"pointerUp"}]}]}
[debug] &amp#27;[38;5;32m[XCUITestDriver@55eb (24b485ec)]&amp#27;[0m Got response with status 200: {"value":null,"sessionId":"56D70ACD-A8F3-4900-A498-C9E849921D48"}
[debug] &amp#27;[38;5;32m[XCUITestDriver@55eb (24b485ec)]&amp#27;[0m Responding to client with driver.performActions() result: null
&amp#27;[38;5;0m[HTTP]&amp#27;[0m &amp#27;[37m<-- POST /session/24b485ec-92a7-408e-ba56-78682df800a3/actions &amp#27;[39m&amp#27;[32m200&amp#27;[39m &amp#27;[90m1095 ms - 14&amp#27;[39m
&amp#27;[38;5;0m[HTTP]&amp#27;[0m &amp#27;[90m&amp#27;[39m
  And user clicks on the remove items button   # StepDefinations.ProductSteps.user_clicks_on_the_remove_items_button()
&amp#27;[38;5;0m[HTTP]&amp#27;[0m &amp#27;[37m-->&amp#27;[39m &amp#27;[37mGET&amp#27;[39m &amp#27;[37m/session/24b485ec-92a7-408e-ba56-78682df800a3/screenshot&amp#27;[39m
&amp#27;[38;5;0m[HTTP]&amp#27;[0m &amp#27;[90m{}&amp#27;[39m
[debug] &amp#27;[38;5;32m[XCUITestDriver@55eb (24b485ec)]&amp#27;[0m Calling AppiumDriver.getScreenshot() with args: ["24b485ec-92a7-408e-ba56-78682df800a3"]
[debug] &amp#27;[38;5;32m[XCUITestDriver@55eb (24b485ec)]&amp#27;[0m Executing command 'getScreenshot'
[debug] &amp#27;[38;5;32m[XCUITestDriver@55eb (24b485ec)]&amp#27;[0m Taking screenshot with WDA
[debug] &amp#27;[38;5;32m[XCUITestDriver@55eb (24b485ec)]&amp#27;[0m Matched '/screenshot' to command name 'getScreenshot'
[debug] &amp#27;[38;5;32m[XCUITestDriver@55eb (24b485ec)]&amp#27;[0m Proxying [GET /screenshot] to [GET http://127.0.0.1:8100/session/56D70ACD-A8F3-4900-A498-C9E849921D48/screenshot] with no body
[debug] &amp#27;[38;5;32m[XCUITestDriver@55eb (24b485ec)]&amp#27;[0m Got response with status 200: {"value":"iVBORw0KGgoAAAANSUhEUgAABJIAAAnkCAYAAABWQUsDAAAAAXNSR0IArs4c6QAAADhlWElmTU0AKgAAAAgAAYdpAAQAAAABAAAAGgAAAAAAAqACAAQAAAABAAAEkqADAAQAAAABAAAJ5AAAAADoPni0AAAAHGlET1QAAAACAAAAAAAABPIAAAAoAAAE8gAABPIAAVoOhAEN7AAAQABJREFUeAHs3QmYbNtZFuAbUVDURERCgIRZpiDKIJOAAmEQCKMCT5hBQQ1TAJlBIWEIUwgzMigJEhlUZI5AAEEEAQkBGZRE5iRkTsjprqm3/7e6dt3qOlXdq/p0n1vn3nc/T6X6dO+u2vXuvyp3f73+te4abAQIECBAgAABAgQIECBAgAABAgQ6BO7q2McuBAgQIECAAAECBAgQIECAAAECBAZBkiIgQIAAAQIECBAgQIAAAQIECBDoEhAkdTHZiQABAgQIECBAgAABAgQIECBAQJCkBggQIECAAAECBAgQIECAAAECBLoEBEldTHYiQIAAAQIECBAgQIAAAQIECBAQJKkBAgQIECBAgAABAgQIECBAgACBLgFBUheTnQgQIECAAAECBAgQIECAAAECBARJaoAAAQIECBAgQIAAAQIECBAgQKBLQJDUxWQnAgQIECBAgAABAgQIECBAgAABQZIaIECAAAECBAgQIECAAAECBAgQ6BIQJHUx2YkAAQIECBAgQIAAAQIECBAgQECQpAYIECBAgAABAgQIECBAgAABAgS6BARJXUx2IkCAAAECBAgQIECAAAECBAgQECSpAQIECBAgQIAAAQIECBAgQIAAgS4BQVIXk50IECBAgAABAgQIECBAgAABAgQESWqAAAECBAgQIECAAAECBAgQIECgS0CQ1MVkJwIECBAgQIAAAQIECBAgQIAAAUGSGiBAgAABAgQIECBAgAABAgQIEOgSECR1MdmJAAECBAgQIECAAAECBAgQIEBAkKQGCBAgQIAAAQIECBAgQIA...
[debug] &amp#27;[38;5;32m[XCUITestDriver@55eb (24b485ec)]&amp#27;[0m Responding to client with driver.getScreenshot() result: "iVBORw0KGgoAAAANSUhEUgAABJIAAAnkCAYAAABWQUsDAAAAAXNSR0IArs4c6QAAADhlWElmTU0AKgAAAAgAAYdpAAQAAAABAAAAGgAAAAAAAqACAAQAAAABAAAEkqADAAQAAAABAAAJ5AAAAADoPni0AAAAHGlET1QAAAACAAAAAAAABPIAAAAoAAAE8gAABPIAAVoOhAEN7AAAQABJREFUeAHs3QmYbNtZFuAbUVDURERCgIRZpiDKIJOAAmEQCKMCT5hBQQ1TAJlBIWEIUwgzMigJEhlUZI5AAEEEAQkBGZRE5iRkTsjprqm3/7e6dt3qOlXdq/p0n1vn3nc/T6X6dO+u2vXuvyp3f73+te4abAQIECBAgAABAgQIECBAgAABAgQ6BO7q2McuBAgQIECAAAECBAgQIECAAAECBAZBkiIgQIAAAQIECBAgQIAAAQIECBDoEhAkdTHZiQABAgQIECBAgAABAgQIECBAQJCkBggQIECAAAECBAgQIECAAAECBLoEBEldTHYiQIAAAQIECBAgQIAAAQIECBAQJKkBAgQIECBAgAABAgQIECBAgACBLgFBUheTnQgQIECAAAECBAgQIECAAAECBARJaoAAAQIECBAgQIAAAQIECBAgQKBLQJDUxWQnAgQIECBAgAABAgQIECBAgAABQZIaIECAAAECBAgQIECAAAECBAgQ6BIQJHUx2YkAAQIECBAgQIAAAQIECBAgQECQpAYIECBAgAABAgQIECBAgAABAgS6BARJXUx2IkCAAAECBAgQIECAAAECBAgQECSpAQIECBAgQIAAAQIECBAgQIAAgS4BQVIXk50IECBAgAABAgQIECBAgAABAgQESWqAAAECBAgQIECAAAECBAgQIECgS0CQ1MVkJwIECBAgQIAAAQIECBAgQIAAAUGSGiBAgAABAgQIECBAgAABAgQIEOgSECR1MdmJAAECBAgQIECAAAECBAgQIEBAkKQGCBAgQIAAAQIECBAgQIAAAQIEugQE...
&amp#27;[38;5;0m[HTTP]&amp#27;[0m &amp#27;[37m<-- GET /session/24b485ec-92a7-408e-ba56-78682df800a3/screenshot &amp#27;[39m&amp#27;[32m200&amp#27;[39m &amp#27;[90m315 ms - 191852&amp#27;[39m
&amp#27;[38;5;0m[HTTP]&amp#27;[0m &amp#27;[90m&amp#27;[39m

    Embedding screenshot [image/png 143879 bytes]

&amp#27;[38;5;0m[HTTP]&amp#27;[0m &amp#27;[37m-->&amp#27;[39m &amp#27;[37mPOST&amp#27;[39m &amp#27;[37m/session/24b485ec-92a7-408e-ba56-78682df800a3/element&amp#27;[39m
&amp#27;[38;5;0m[HTTP]&amp#27;[0m &amp#27;[90m{"using":"xpath","value":"//XCUIElementTypeStaticText[@name='No Items']"}&amp#27;[39m
[debug] &amp#27;[38;5;32m[XCUITestDriver@55eb (24b485ec)]&amp#27;[0m Calling AppiumDriver.findElement() with args: ["xpath","//XCUIElementTypeStaticText[@name='No Items']","24b485ec-92a7-408e-ba56-78682df800a3"]
[debug] &amp#27;[38;5;32m[XCUITestDriver@55eb (24b485ec)]&amp#27;[0m Executing command 'findElement'
[debug] &amp#27;[38;5;32m[XCUITestDriver@55eb (24b485ec)]&amp#27;[0m Valid locator strategies for this request: xpath, id, name, class name, -ios predicate string, -ios class chain, accessibility id, css selector
[debug] &amp#27;[38;5;32m[XCUITestDriver@55eb (24b485ec)]&amp#27;[0m Waiting up to 0 ms for condition
[debug] &amp#27;[38;5;32m[XCUITestDriver@55eb (24b485ec)]&amp#27;[0m Matched '/element' to command name 'findElement'
[debug] &amp#27;[38;5;32m[XCUITestDriver@55eb (24b485ec)]&amp#27;[0m Proxying [POST /element] to [POST http://127.0.0.1:8100/session/56D70ACD-A8F3-4900-A498-C9E849921D48/element] with body: {"using":"xpath","value":"//XCUIElementTypeStaticText[@name='No Items']"}
[debug] &amp#27;[38;5;32m[XCUITestDriver@55eb (24b485ec)]&amp#27;[0m Got response with status 200: {"value":{"ELEMENT":"A7010000-0000-0000-1421-010000000000","element-6066-11e4-a52e-4f735466cecf":"A7010000-0000-0000-1421-010000000000"},"sessionId":"56D70ACD-A8F3-4900-A498-C9E849921D48"}
[debug] &amp#27;[38;5;32m[XCUITestDriver@55eb (24b485ec)]&amp#27;[0m Responding to client with driver.findElement() result: {"element-6066-11e4-a52e-4f735466cecf":"A7010000-0000-0000-1421-010000000000","ELEMENT":"A7010000-0000-0000-1421-010000000000"}
&amp#27;[38;5;0m[HTTP]&amp#27;[0m &amp#27;[37m<-- POST /session/24b485ec-92a7-408e-ba56-78682df800a3/element &amp#27;[39m&amp#27;[32m200&amp#27;[39m &amp#27;[90m2234 ms - 137&amp#27;[39m
&amp#27;[38;5;0m[HTTP]&amp#27;[0m &amp#27;[90m&amp#27;[39m
&amp#27;[38;5;0m[HTTP]&amp#27;[0m &amp#27;[37m-->&amp#27;[39m &amp#27;[37mGET&amp#27;[39m &amp#27;[37m/session/24b485ec-92a7-408e-ba56-78682df800a3/element/A7010000-0000-0000-1421-010000000000/displayed&amp#27;[39m
&amp#27;[38;5;0m[HTTP]&amp#27;[0m &amp#27;[90m{}&amp#27;[39m
&amp#27;[38;5;32m[XCUITestDriver@55eb (24b485ec)]&amp#27;[0m Driver proxy active, passing request on via HTTP proxy
[debug] &amp#27;[38;5;32m[XCUITestDriver@55eb (24b485ec)]&amp#27;[0m Executing command 'proxyReqRes'
[debug] &amp#27;[38;5;32m[XCUITestDriver@55eb (24b485ec)]&amp#27;[0m Matched '/session/24b485ec-92a7-408e-ba56-78682df800a3/element/A7010000-0000-0000-1421-010000000000/displayed' to command name 'elementDisplayed'
[debug] &amp#27;[38;5;32m[XCUITestDriver@55eb (24b485ec)]&amp#27;[0m Proxying [GET /session/24b485ec-92a7-408e-ba56-78682df800a3/element/A7010000-0000-0000-1421-010000000000/displayed] to [GET http://127.0.0.1:8100/session/56D70ACD-A8F3-4900-A498-C9E849921D48/element/A7010000-0000-0000-1421-010000000000/displayed] with no body
[debug] &amp#27;[38;5;32m[XCUITestDriver@55eb (24b485ec)]&amp#27;[0m Got response with status 200: {"value":true,"sessionId":"56D70ACD-A8F3-4900-A498-C9E849921D48"}
&amp#27;[38;5;32m[XCUITestDriver@55eb (24b485ec)]&amp#27;[0m Replacing sessionId 56D70ACD-A8F3-4900-A498-C9E849921D48 with 24b485ec-92a7-408e-ba56-78682df800a3
&amp#27;[38;5;0m[HTTP]&amp#27;[0m &amp#27;[37m<-- GET /session/24b485ec-92a7-408e-ba56-78682df800a3/element/A7010000-0000-0000-1421-010000000000/displayed &amp#27;[39m&amp#27;[32m200&amp#27;[39m &amp#27;[90m186 ms - 65&amp#27;[39m
user is on cart page
  Then cart page become empty.                 # StepDefinations.ProductSteps.cart_page_become_empty()
&amp#27;[38;5;0m[HTTP]&amp#27;[0m &amp#27;[90m&amp#27;[39m
&amp#27;[38;5;0m[HTTP]&amp#27;[0m &amp#27;[37m-->&amp#27;[39m &amp#27;[37mGET&amp#27;[39m &amp#27;[37m/session/24b485ec-92a7-408e-ba56-78682df800a3/screenshot&amp#27;[39m
&amp#27;[38;5;0m[HTTP]&amp#27;[0m &amp#27;[90m{}&amp#27;[39m
[debug] &amp#27;[38;5;32m[XCUITestDriver@55eb (24b485ec)]&amp#27;[0m Calling AppiumDriver.getScreenshot() with args: ["24b485ec-92a7-408e-ba56-78682df800a3"]
[debug] &amp#27;[38;5;32m[XCUITestDriver@55eb (24b485ec)]&amp#27;[0m Executing command 'getScreenshot'
[debug] &amp#27;[38;5;32m[XCUITestDriver@55eb (24b485ec)]&amp#27;[0m Taking screenshot with WDA
[debug] &amp#27;[38;5;32m[XCUITestDriver@55eb (24b485ec)]&amp#27;[0m Matched '/screenshot' to command name 'getScreenshot'
[debug] &amp#27;[38;5;32m[XCUITestDriver@55eb (24b485ec)]&amp#27;[0m Proxying [GET /screenshot] to [GET http://127.0.0.1:8100/session/56D70ACD-A8F3-4900-A498-C9E849921D48/screenshot] with no body
[debug] &amp#27;[38;5;32m[XCUITestDriver@55eb (24b485ec)]&amp#27;[0m Got response with status 200: {"value":"iVBORw0KGgoAAAANSUhEUgAABJIAAAnkCAYAAABWQUsDAAAAAXNSR0IArs4c6QAAADhlWElmTU0AKgAAAAgAAYdpAAQAAAABAAAAGgAAAAAAAqACAAQAAAABAAAEkqADAAQAAAABAAAJ5AAAAADoPni0AAAAHGlET1QAAAACAAAAAAAABPIAAAAoAAAE8gAABPIAAVoOhAEN7AAAQABJREFUeAHs3QmYbNtZFuAbUVDURERCgIRZpiDKIJOAAmEQCKMCT5hBQQ1TAJlBIWEIUwgzMigJEhlUZI5AAEEEAQkBGZRE5iRkTsjprqm3/7e6dt3qOlXdq/p0n1vn3nc/T6X6dO+u2vXuvyp3f73+te4abAQIECBAgAABAgQIECBAgAABAgQ6BO7q2McuBAgQIECAAAECBAgQIECAAAECBAZBkiIgQIAAAQIECBAgQIAAAQIECBDoEhAkdTHZiQABAgQIECBAgAABAgQIECBAQJCkBggQIECAAAECBAgQIECAAAECBLoEBEldTHYiQIAAAQIECBAgQIAAAQIECBAQJKkBAgQIECBAgAABAgQIECBAgACBLgFBUheTnQgQIECAAAECBAgQIECAAAECBARJaoAAAQIECBAgQIAAAQIECBAgQKBLQJDUxWQnAgQIECBAgAABAgQIECBAgAABQZIaIECAAAECBAgQIECAAAECBAgQ6BIQJHUx2YkAAQIECBAgQIAAAQIECBAgQECQpAYIECBAgAABAgQIECBAgAABAgS6BARJXUx2IkCAAAECBAgQIECAAAECBAgQECSpAQIECBAgQIAAAQIECBAgQIAAgS4BQVIXk50IECBAgAABAgQIECBAgAABAgQESWqAAAECBAgQIECAAAECBAgQIECgS0CQ1MVkJwIECBAgQIAAAQIECBAgQIAAAUGSGiBAgAABAgQIECBAgAABAgQIEOgSECR1MdmJAAECBAgQIECAAAECBAgQIEBAkKQGCBAgQIAAAQIECBAgQIA...
[debug] &amp#27;[38;5;32m[XCUITestDriver@55eb (24b485ec)]&amp#27;[0m Responding to client with driver.getScreenshot() result: "iVBORw0KGgoAAAANSUhEUgAABJIAAAnkCAYAAABWQUsDAAAAAXNSR0IArs4c6QAAADhlWElmTU0AKgAAAAgAAYdpAAQAAAABAAAAGgAAAAAAAqACAAQAAAABAAAEkqADAAQAAAABAAAJ5AAAAADoPni0AAAAHGlET1QAAAACAAAAAAAABPIAAAAoAAAE8gAABPIAAVoOhAEN7AAAQABJREFUeAHs3QmYbNtZFuAbUVDURERCgIRZpiDKIJOAAmEQCKMCT5hBQQ1TAJlBIWEIUwgzMigJEhlUZI5AAEEEAQkBGZRE5iRkTsjprqm3/7e6dt3qOlXdq/p0n1vn3nc/T6X6dO+u2vXuvyp3f73+te4abAQIECBAgAABAgQIECBAgAABAgQ6BO7q2McuBAgQIECAAAECBAgQIECAAAECBAZBkiIgQIAAAQIECBAgQIAAAQIECBDoEhAkdTHZiQABAgQIECBAgAABAgQIECBAQJCkBggQIECAAAECBAgQIECAAAECBLoEBEldTHYiQIAAAQIECBAgQIAAAQIECBAQJKkBAgQIECBAgAABAgQIECBAgACBLgFBUheTnQgQIECAAAECBAgQIECAAAECBARJaoAAAQIECBAgQIAAAQIECBAgQKBLQJDUxWQnAgQIECBAgAABAgQIECBAgAABQZIaIECAAAECBAgQIECAAAECBAgQ6BIQJHUx2YkAAQIECBAgQIAAAQIECBAgQECQpAYIECBAgAABAgQIECBAgAABAgS6BARJXUx2IkCAAAECBAgQIECAAAECBAgQECSpAQIECBAgQIAAAQIECBAgQIAAgS4BQVIXk50IECBAgAABAgQIECBAgAABAgQESWqAAAECBAgQIECAAAECBAgQIECgS0CQ1MVkJwIECBAgQIAAAQIECBAgQIAAAUGSGiBAgAABAgQIECBAgAABAgQIEOgSECR1MdmJAAECBAgQIECAAAECBAgQIEBAkKQGCBAgQIAAAQIECBAgQIAAAQIEugQE...
&amp#27;[38;5;0m[HTTP]&amp#27;[0m &amp#27;[37m<-- GET /session/24b485ec-92a7-408e-ba56-78682df800a3/screenshot &amp#27;[39m&amp#27;[32m200&amp#27;[39m &amp#27;[90m327 ms - 191852&amp#27;[39m
&amp#27;[38;5;0m[HTTP]&amp#27;[0m &amp#27;[90m&amp#27;[39m

    Embedding screenshot [image/png 143879 bytes]

&amp#27;[38;5;0m[HTTP]&amp#27;[0m &amp#27;[37m-->&amp#27;[39m &amp#27;[37mGET&amp#27;[39m &amp#27;[37m/session/24b485ec-92a7-408e-ba56-78682df800a3/screenshot&amp#27;[39m
&amp#27;[38;5;0m[HTTP]&amp#27;[0m &amp#27;[90m{}&amp#27;[39m
[debug] &amp#27;[38;5;32m[XCUITestDriver@55eb (24b485ec)]&amp#27;[0m Calling AppiumDriver.getScreenshot() with args: ["24b485ec-92a7-408e-ba56-78682df800a3"]
[debug] &amp#27;[38;5;32m[XCUITestDriver@55eb (24b485ec)]&amp#27;[0m Executing command 'getScreenshot'
[debug] &amp#27;[38;5;32m[XCUITestDriver@55eb (24b485ec)]&amp#27;[0m Taking screenshot with WDA
[debug] &amp#27;[38;5;32m[XCUITestDriver@55eb (24b485ec)]&amp#27;[0m Matched '/screenshot' to command name 'getScreenshot'
[debug] &amp#27;[38;5;32m[XCUITestDriver@55eb (24b485ec)]&amp#27;[0m Proxying [GET /screenshot] to [GET http://127.0.0.1:8100/session/56D70ACD-A8F3-4900-A498-C9E849921D48/screenshot] with no body
[debug] &amp#27;[38;5;32m[XCUITestDriver@55eb (24b485ec)]&amp#27;[0m Got response with status 200: {"value":"iVBORw0KGgoAAAANSUhEUgAABJIAAAnkCAYAAABWQUsDAAAAAXNSR0IArs4c6QAAADhlWElmTU0AKgAAAAgAAYdpAAQAAAABAAAAGgAAAAAAAqACAAQAAAABAAAEkqADAAQAAAABAAAJ5AAAAADoPni0AAAAHGlET1QAAAACAAAAAAAABPIAAAAoAAAE8gAABPIAAVoOhAEN7AAAQABJREFUeAHs3QmYbNtZFuAbUVDURERCgIRZpiDKIJOAAmEQCKMCT5hBQQ1TAJlBIWEIUwgzMigJEhlUZI5AAEEEAQkBGZRE5iRkTsjprqm3/7e6dt3qOlXdq/p0n1vn3nc/T6X6dO+u2vXuvyp3f73+te4abAQIECBAgAABAgQIECBAgAABAgQ6BO7q2McuBAgQIECAAAECBAgQIECAAAECBAZBkiIgQIAAAQIECBAgQIAAAQIECBDoEhAkdTHZiQABAgQIECBAgAABAgQIECBAQJCkBggQIECAAAECBAgQIECAAAECBLoEBEldTHYiQIAAAQIECBAgQIAAAQIECBAQJKkBAgQIECBAgAABAgQIECBAgACBLgFBUheTnQgQIECAAAECBAgQIECAAAECBARJaoAAAQIECBAgQIAAAQIECBAgQKBLQJDUxWQnAgQIECBAgAABAgQIECBAgAABQZIaIECAAAECBAgQIECAAAECBAgQ6BIQJHUx2YkAAQIECBAgQIAAAQIECBAgQECQpAYIECBAgAABAgQIECBAgAABAgS6BARJXUx2IkCAAAECBAgQIECAAAECBAgQECSpAQIECBAgQIAAAQIECBAgQIAAgS4BQVIXk50IECBAgAABAgQIECBAgAABAgQESWqAAAECBAgQIECAAAECBAgQIECgS0CQ1MVkJwIECBAgQIAAAQIECBAgQIAAAUGSGiBAgAABAgQIECBAgAABAgQIEOgSECR1MdmJAAECBAgQIECAAAECBAgQIEBAkKQGCBAgQIAAAQIECBAgQIA...
[debug] &amp#27;[38;5;32m[XCUITestDriver@55eb (24b485ec)]&amp#27;[0m Responding to client with driver.getScreenshot() result: "iVBORw0KGgoAAAANSUhEUgAABJIAAAnkCAYAAABWQUsDAAAAAXNSR0IArs4c6QAAADhlWElmTU0AKgAAAAgAAYdpAAQAAAABAAAAGgAAAAAAAqACAAQAAAABAAAEkqADAAQAAAABAAAJ5AAAAADoPni0AAAAHGlET1QAAAACAAAAAAAABPIAAAAoAAAE8gAABPIAAVoOhAEN7AAAQABJREFUeAHs3QmYbNtZFuAbUVDURERCgIRZpiDKIJOAAmEQCKMCT5hBQQ1TAJlBIWEIUwgzMigJEhlUZI5AAEEEAQkBGZRE5iRkTsjprqm3/7e6dt3qOlXdq/p0n1vn3nc/T6X6dO+u2vXuvyp3f73+te4abAQIECBAgAABAgQIECBAgAABAgQ6BO7q2McuBAgQIECAAAECBAgQIECAAAECBAZBkiIgQIAAAQIECBAgQIAAAQIECBDoEhAkdTHZiQABAgQIECBAgAABAgQIECBAQJCkBggQIECAAAECBAgQIECAAAECBLoEBEldTHYiQIAAAQIECBAgQIAAAQIECBAQJKkBAgQIECBAgAABAgQIECBAgACBLgFBUheTnQgQIECAAAECBAgQIECAAAECBARJaoAAAQIECBAgQIAAAQIECBAgQKBLQJDUxWQnAgQIECBAgAABAgQIECBAgAABQZIaIECAAAECBAgQIECAAAECBAgQ6BIQJHUx2YkAAQIECBAgQIAAAQIECBAgQECQpAYIECBAgAABAgQIECBAgAABAgS6BARJXUx2IkCAAAECBAgQIECAAAECBAgQECSpAQIECBAgQIAAAQIECBAgQIAAgS4BQVIXk50IECBAgAABAgQIECBAgAABAgQESWqAAAECBAgQIECAAAECBAgQIECgS0CQ1MVkJwIECBAgQIAAAQIECBAgQIAAAUGSGiBAgAABAgQIECBAgAABAgQIEOgSECR1MdmJAAECBAgQIECAAAECBAgQIEBAkKQGCBAgQIAAAQIECBAgQIAAAQIEugQE...
&amp#27;[38;5;0m[HTTP]&amp#27;[0m &amp#27;[37m<-- GET /session/24b485ec-92a7-408e-ba56-78682df800a3/screenshot &amp#27;[39m&amp#27;[32m200&amp#27;[39m &amp#27;[90m321 ms - 191852&amp#27;[39m
&amp#27;[38;5;0m[HTTP]&amp#27;[0m &amp#27;[90m&amp#27;[39m

    Embedding screenshot [image/png 143879 bytes]

]]></system-out>
  </testcase>
</testsuite>