<?xml version="1.0" encoding="UTF-8"?>
<!-- Generated by org.testng.reporters.JUnitReportReporter -->
<testsuite hostname="FULL553-PRO.local" failures="0" tests="5" name="TestRunners.TestRunner" time="258.686" errors="0" timestamp="2023-07-20T13:24:51 IST" skipped="0">
  <testcase classname="TestRunners.TestRunner" name="runScenario" time="48.147"/>
  <testcase classname="TestRunners.TestRunner" name="runScenario" time="66.808"/>
  <testcase classname="TestRunners.TestRunner" name="runScenario" time="27.072"/>
  <testcase classname="TestRunners.TestRunner" name="runScenario" time="36.847"/>
  <testcase classname="TestRunners.TestRunner" name="runScenario" time="79.812"/>
</testsuite> <!-- TestRunners.TestRunner -->
